## size=1200
PING PRIVATE_IP_022 (PRIVATE_IP_022) 1200(1228) bytes of data.
1208 bytes from PRIVATE_IP_022: icmp_seq=1 ttl=63 time=51.3 ms
1208 bytes from PRIVATE_IP_022: icmp_seq=2 ttl=63 time=21.2 ms
1208 bytes from PRIVATE_IP_022: icmp_seq=3 ttl=63 time=8.06 ms

--- PRIVATE_IP_022 ping statistics ---
3 packets transmitted, 3 received, 0% packet loss, time 2002ms
rtt min/avg/max/mdev = 8.060/26.851/51.285/18.091 ms

## size=1280
PING PRIVATE_IP_022 (PRIVATE_IP_022) 1280(1308) bytes of data.
1288 bytes from PRIVATE_IP_022: icmp_seq=1 ttl=63 time=8.72 ms
1288 bytes from PRIVATE_IP_022: icmp_seq=2 ttl=63 time=9.53 ms
1288 bytes from PRIVATE_IP_022: icmp_seq=3 ttl=63 time=8.89 ms

--- PRIVATE_IP_022 ping statistics ---
3 packets transmitted, 3 received, 0% packet loss, time 2004ms
rtt min/avg/max/mdev = 8.720/9.048/9.532/0.349 ms

## size=1320
PING PRIVATE_IP_022 (PRIVATE_IP_022) 1320(1348) bytes of data.
1328 bytes from PRIVATE_IP_022: icmp_seq=1 ttl=63 time=11.0 ms
1328 bytes from PRIVATE_IP_022: icmp_seq=2 ttl=63 time=9.98 ms
1328 bytes from PRIVATE_IP_022: icmp_seq=3 ttl=63 time=8.44 ms

--- PRIVATE_IP_022 ping statistics ---
3 packets transmitted, 3 received, 0% packet loss, time 2002ms
rtt min/avg/max/mdev = 8.444/9.801/10.982/1.043 ms

## size=1360
PING PRIVATE_IP_022 (PRIVATE_IP_022) 1360(1388) bytes of data.
1368 bytes from PRIVATE_IP_022: icmp_seq=1 ttl=63 time=11.0 ms
1368 bytes from PRIVATE_IP_022: icmp_seq=2 ttl=63 time=8.98 ms
1368 bytes from PRIVATE_IP_022: icmp_seq=3 ttl=63 time=9.15 ms

--- PRIVATE_IP_022 ping statistics ---
3 packets transmitted, 3 received, 0% packet loss, time 2002ms
rtt min/avg/max/mdev = 8.980/9.700/10.972/0.901 ms

## size=1380
PING PRIVATE_IP_022 (PRIVATE_IP_022) 1380(1408) bytes of data.
1388 bytes from PRIVATE_IP_022: icmp_seq=1 ttl=63 time=9.19 ms
1388 bytes from PRIVATE_IP_022: icmp_seq=2 ttl=63 time=8.78 ms
1388 bytes from PRIVATE_IP_022: icmp_seq=3 ttl=63 time=9.83 ms

--- PRIVATE_IP_022 ping statistics ---
3 packets transmitted, 3 received, 0% packet loss, time 2002ms
rtt min/avg/max/mdev = 8.775/9.264/9.831/0.434 ms

## size=1400
PING PRIVATE_IP_022 (PRIVATE_IP_022) 1400(1428) bytes of data.
1408 bytes from PRIVATE_IP_022: icmp_seq=1 ttl=63 time=8.77 ms
1408 bytes from PRIVATE_IP_022: icmp_seq=2 ttl=63 time=10.9 ms
1408 bytes from PRIVATE_IP_022: icmp_seq=3 ttl=63 time=9.36 ms

--- PRIVATE_IP_022 ping statistics ---
3 packets transmitted, 3 received, 0% packet loss, time 2003ms
rtt min/avg/max/mdev = 8.767/9.668/10.880/0.890 ms

## size=1420
PING PRIVATE_IP_022 (PRIVATE_IP_022) 1420(1448) bytes of data.
1428 bytes from PRIVATE_IP_022: icmp_seq=1 ttl=63 time=9.58 ms
1428 bytes from PRIVATE_IP_022: icmp_seq=2 ttl=63 time=8.77 ms
1428 bytes from PRIVATE_IP_022: icmp_seq=3 ttl=63 time=8.83 ms

--- PRIVATE_IP_022 ping statistics ---
3 packets transmitted, 3 received, 0% packet loss, time 2003ms
rtt min/avg/max/mdev = 8.770/9.059/9.575/0.365 ms

## size=1440
PING PRIVATE_IP_022 (PRIVATE_IP_022) 1440(1468) bytes of data.
1448 bytes from PRIVATE_IP_022: icmp_seq=1 ttl=63 time=9.38 ms
1448 bytes from PRIVATE_IP_022: icmp_seq=2 ttl=63 time=9.92 ms
1448 bytes from PRIVATE_IP_022: icmp_seq=3 ttl=63 time=9.82 ms

--- PRIVATE_IP_022 ping statistics ---
3 packets transmitted, 3 received, 0% packet loss, time 2003ms
rtt min/avg/max/mdev = 9.378/9.708/9.924/0.237 ms

## size=1460
PING PRIVATE_IP_022 (PRIVATE_IP_022) 1460(1488) bytes of data.
ping: local error: message too long, mtu=1468
ping: local error: message too long, mtu=1468
ping: local error: message too long, mtu=1468

--- PRIVATE_IP_022 ping statistics ---
3 packets transmitted, 0 received, +3 errors, 100% packet loss, time 2065ms


## size=1472
PING PRIVATE_IP_022 (PRIVATE_IP_022) 1472(1500) bytes of data.
ping: local error: message too long, mtu=1468
ping: local error: message too long, mtu=1468
ping: local error: message too long, mtu=1468

--- PRIVATE_IP_022 ping statistics ---
3 packets transmitted, 0 received, +3 errors, 100% packet loss, time 2036ms


