Linux 6.8.0-55-generic (ubuntu) 	18/06/26 	_x86_64_	(8 CPU)

12:11:02        CPU      %usr     %nice      %sys   %iowait    %steal      %irq     %soft    %guest    %gnice     %idle
12:11:03        all      7,31      0,00      6,05      0,00      0,00      0,00      0,38      0,00      0,00     86,25
12:11:04        all      5,54      0,00      3,27      0,25      0,00      0,00      0,38      0,00      0,00     90,55
12:11:05        all      9,31      0,00      2,77      0,00      0,00      0,00      0,25      0,00      0,00     87,67
12:11:06        all      4,53      0,00      2,14      0,00      0,00      0,00      0,13      0,00      0,00     93,21
12:11:07        all      4,53      0,00      2,14      0,25      0,00      0,00      0,13      0,00      0,00     92,95
12:11:08        all      4,03      0,00      1,64      0,00      0,00      0,00      0,38      0,00      0,00     93,96
12:11:09        all      5,40      0,00      3,52      0,25      0,00      0,00      0,38      0,00      0,00     90,45
12:11:10        all      4,66      0,00      2,27      0,00      0,00      0,00      0,38      0,00      0,00     92,70
12:11:11        all      4,29      0,00      1,89      0,00      0,00      0,00      0,38      0,00      0,00     93,44
12:11:12        all      4,41      0,00      1,64      0,25      0,00      0,00      0,25      0,00      0,00     93,45
12:11:13        all      4,91      0,00      1,89      0,13      0,00      0,00      0,25      0,00      0,00     92,83
12:11:14        all      5,30      0,00      2,65      0,25      0,00      0,00      0,13      0,00      0,00     91,67
12:11:15        all      6,44      0,00      4,42      0,00      0,00      0,00      0,63      0,00      0,00     88,51
12:11:16        all      9,34      0,00      2,78      0,00      0,00      0,00      0,25      0,00      0,00     87,63
12:11:17        all      4,03      0,00      2,14      0,13      0,00      0,00      0,25      0,00      0,00     93,46
12:11:18        all      4,64      0,00      2,01      0,00      0,00      0,00      0,63      0,00      0,00     92,72
12:11:19        all      4,66      0,00      2,14      0,13      0,00      0,00      0,00      0,00      0,00     93,07
12:11:20        all      5,92      0,00      3,65      0,00      0,00      0,00      0,50      0,00      0,00     89,92
12:11:21        all      4,67      0,00      1,51      0,25      0,00      0,00      0,25      0,00      0,00     93,32
12:11:22        all      4,28      0,00      2,27      0,13      0,00      0,00      0,25      0,00      0,00     93,07
12:11:23        all      4,14      0,00      1,63      0,13      0,00      0,00      0,38      0,00      0,00     93,73
12:11:24        all      5,06      0,00      2,78      0,00      0,00      0,00      0,13      0,00      0,00     92,04
12:11:25        all      6,17      0,00      3,02      0,25      0,00      0,00      0,25      0,00      0,00     90,30
12:11:26        all      5,79      0,00      2,77      0,13      0,00      0,00      0,63      0,00      0,00     90,68
12:11:27        all      8,58      0,00      1,89      0,13      0,00      0,00      0,25      0,00      0,00     89,16
12:11:28        all      4,28      0,00      2,14      0,00      0,00      0,00      0,38      0,00      0,00     93,21
12:11:29        all      5,18      0,00      2,02      0,00      0,00      0,00      0,13      0,00      0,00     92,68
12:11:30        all      5,93      0,00      3,78      0,13      0,00      0,00      0,13      0,00      0,00     90,04
12:11:31        all      4,76      0,00      2,01      0,25      0,00      0,00      0,50      0,00      0,00     92,48
12:11:32        all      4,79      0,00      2,52      0,13      0,00      0,00      0,13      0,00      0,00     92,43
12:11:33        all      5,42      0,00      2,90      0,13      0,00      0,00      0,38      0,00      0,00     91,18
12:11:34        all      4,16      0,00      1,89      0,00      0,00      0,00      0,38      0,00      0,00     93,57
12:11:35        all      4,53      0,00      1,89      0,13      0,00      0,00      0,38      0,00      0,00     93,08
12:11:36        all      5,65      0,00      4,52      0,13      0,00      0,00      0,25      0,00      0,00     89,45
12:11:37        all      9,43      0,00      1,89      0,00      0,00      0,00      0,38      0,00      0,00     88,30
12:11:38        all      4,15      0,00      1,64      0,13      0,00      0,00      0,13      0,00      0,00     93,96
12:11:39        all      4,29      0,00      2,15      0,00      0,00      0,00      0,00      0,00      0,00     93,56
12:11:40        all      4,03      0,00      1,64      0,13      0,00      0,00      0,50      0,00      0,00     93,71
12:11:41        all      5,63      0,00      3,50      0,13      0,00      0,00      0,38      0,00      0,00     90,36
12:11:42        all      4,66      0,00      2,14      0,00      0,00      0,00      0,13      0,00      0,00     93,07
12:11:43        all      4,90      0,00      1,76      0,13      0,00      0,00      0,38      0,00      0,00     92,84
12:11:44        all      4,68      0,00      2,41      0,00      0,00      0,00      0,25      0,00      0,00     92,66
12:11:45        all      4,15      0,00      2,01      0,13      0,00      0,00      0,13      0,00      0,00     93,59
12:11:46        all      6,72      0,00      4,18      0,00      0,00      0,00      0,51      0,00      0,00     88,59
12:11:47        all      8,26      0,00      2,00      0,13      0,00      0,00      0,25      0,00      0,00     89,36
12:11:48        all      4,91      0,00      2,26      0,13      0,00      0,00      0,38      0,00      0,00     92,33
12:11:49        all      4,66      0,00      2,27      0,13      0,00      0,00      0,25      0,00      0,00     92,70
12:11:50        all      4,52      0,00      2,26      0,13      0,00      0,00      0,25      0,00      0,00     92,84
12:11:51        all      5,56      0,00      3,67      0,25      0,00      0,00      0,38      0,00      0,00     90,14
12:11:52        all      4,52      0,00      2,39      0,00      0,00      0,00      0,25      0,00      0,00     92,84
12:11:53        all      4,02      0,00      1,88      0,00      0,00      0,00      0,38      0,00      0,00     93,72
12:11:54        all      5,20      0,00      2,79      0,00      0,00      0,00      0,00      0,00      0,00     92,02
12:11:55        all      4,40      0,00      1,76      0,13      0,00      0,00      0,38      0,00      0,00     93,34
12:11:56        all      5,30      0,00      2,90      0,13      0,00      0,00      0,38      0,00      0,00     91,29
12:11:57        all      5,90      0,00      3,76      0,13      0,00      0,00      0,38      0,00      0,00     89,84
12:11:58        all      5,42      0,00      2,52      0,13      0,00      0,00      0,25      0,00      0,00     91,68
12:11:59        all      8,63      0,00      2,03      0,00      0,00      0,00      0,25      0,00      0,00     89,09
12:12:00        all      4,36      0,00      2,00      0,25      0,00      0,00      0,37      0,00      0,00     93,02
12:12:01        all      4,55      0,00      1,77      0,13      0,00      0,00      0,13      0,00      0,00     93,43
12:12:02        all      6,68      0,00      4,29      0,13      0,00      0,00      0,50      0,00      0,00     88,40
12:12:03        all      5,56      0,00      2,78      0,00      0,00      0,00      0,25      0,00      0,00     91,41
12:12:04        all      5,28      0,00      3,02      0,13      0,00      0,00      0,25      0,00      0,00     91,32
12:12:05        all      4,28      0,00      2,52      0,00      0,00      0,00      0,13      0,00      0,00     93,08
12:12:06        all      4,76      0,00      2,26      0,00      0,00      0,00      0,63      0,00      0,00     92,36
12:12:07        all      5,54      0,00      3,40      0,13      0,00      0,00      0,13      0,00      0,00     90,81
12:12:08        all      5,06      0,00      2,78      0,25      0,00      0,00      0,13      0,00      0,00     91,77
12:12:09        all      4,77      0,00      2,01      0,25      0,00      0,00      0,38      0,00      0,00     92,59
12:12:10        all      4,16      0,00      1,89      0,00      0,00      0,00      0,25      0,00      0,00     93,69
12:12:11        all      8,17      0,00      1,76      0,25      0,00      0,00      0,25      0,00      0,00     89,57
12:12:12        all      5,53      0,00      3,27      0,00      0,00      0,00      0,38      0,00      0,00     90,82
12:12:13        all      4,01      0,00      1,50      0,13      0,00      0,00      0,50      0,00      0,00     93,86
12:12:14        all      5,58      0,00      2,79      0,00      0,00      0,00      0,13      0,00      0,00     91,51
12:12:15        all      4,66      0,00      1,89      0,00      0,00      0,00      0,25      0,00      0,00     93,20
12:12:16        all      8,70      0,00      4,16      0,00      0,00      0,00      0,25      0,00      0,00     86,89
12:12:17        all      4,28      0,00      2,27      0,25      0,00      0,00      0,63      0,00      0,00     92,57
12:12:18        all      6,16      0,00      3,64      0,00      0,00      0,00      0,25      0,00      0,00     89,95
12:12:19        all      4,29      0,00      1,89      0,13      0,00      0,00      0,13      0,00      0,00     93,56
12:12:20        all      3,90      0,00      1,51      0,00      0,00      0,00      0,13      0,00      0,00     94,47
12:12:21        all      3,65      0,00      2,01      0,13      0,00      0,00      0,13      0,00      0,00     94,09
12:12:22        all     10,18      0,00      2,76      0,00      0,00      0,00      0,38      0,00      0,00     86,68
12:12:23        all      5,76      0,00      3,88      0,25      0,00      0,00      0,75      0,00      0,00     89,35
12:12:24        all      5,93      0,00      3,03      0,25      0,00      0,00      0,13      0,00      0,00     90,66
12:12:25        all      4,18      0,00      2,15      0,00      0,00      0,00      0,13      0,00      0,00     93,54
12:12:26        all      4,90      0,00      2,89      0,13      0,00      0,00      0,25      0,00      0,00     91,83
12:12:27        all      4,53      0,00      2,26      0,13      0,00      0,00      0,25      0,00      0,00     92,83
12:12:28        all      5,40      0,00      3,52      0,00      0,00      0,00      0,25      0,00      0,00     90,83
12:12:29        all      4,55      0,00      1,89      0,00      0,00      0,00      0,13      0,00      0,00     93,43
12:12:30        all      4,17      0,00      1,64      0,00      0,00      0,00      0,13      0,00      0,00     94,06
12:12:31        all      4,16      0,00      2,27      0,25      0,00      0,00      0,25      0,00      0,00     93,07
12:12:32        all      4,27      0,00      1,88      0,00      0,00      0,00      0,25      0,00      0,00     93,59
12:12:33        all     11,08      0,00      4,28      0,13      0,00      0,00      0,38      0,00      0,00     84,13
12:12:34        all      4,88      0,00      2,63      0,13      0,00      0,00      0,25      0,00      0,00     92,12
12:12:35        all      3,66      0,00      1,64      0,25      0,00      0,00      0,13      0,00      0,00     94,32
12:12:36        all      4,53      0,00      2,27      0,00      0,00      0,00      0,38      0,00      0,00     92,82
12:12:37        all      4,04      0,00      2,02      0,13      0,00      0,00      0,00      0,00      0,00     93,81
12:12:38        all      3,91      0,00      1,77      0,00      0,00      0,00      0,25      0,00      0,00     94,07
12:12:39        all      5,03      0,00      3,39      0,25      0,00      0,00      0,25      0,00      0,00     91,08
12:12:40        all      4,54      0,00      2,27      0,00      0,00      0,00      0,25      0,00      0,00     92,94
12:12:41        all      4,14      0,00      2,01      0,13      0,00      0,00      0,50      0,00      0,00     93,22
12:12:42        all      4,03      0,00      2,01      0,00      0,00      0,00      0,00      0,00      0,00     93,96
12:12:43        all      4,03      0,00      1,76      0,13      0,00      0,00      0,25      0,00      0,00     93,83
12:12:44        all      6,20      0,00      4,30      0,25      0,00      0,00      0,38      0,00      0,00     88,86
12:12:45        all      8,92      0,00      1,88      0,00      0,00      0,00      0,25      0,00      0,00     88,94
12:12:46        all      5,43      0,00      3,03      0,00      0,00      0,00      0,25      0,00      0,00     91,29
12:12:47        all      4,29      0,25      2,02      0,00      0,00      0,00      0,13      0,00      0,00     93,31
12:12:48        all      4,27      0,00      2,01      0,00      0,00      0,00      0,25      0,00      0,00     93,47
12:12:49        all      5,77      0,00      3,64      0,25      0,00      0,00      0,50      0,00      0,00     89,84
12:12:50        all      5,04      0,00      2,14      0,13      0,00      0,00      0,25      0,00      0,00     92,44
12:12:51        all      4,28      0,00      2,14      0,13      0,00      0,00      0,13      0,00      0,00     93,33
12:12:52        all      4,27      0,00      1,76      0,00      0,00      0,00      0,50      0,00      0,00     93,48
12:12:53        all      4,04      0,00      1,64      0,13      0,00      0,00      0,13      0,00      0,00     94,07
12:12:54        all      6,52      0,00      3,89      0,25      0,00      0,00      0,38      0,00      0,00     88,96
12:12:55        all      4,67      0,00      2,14      0,00      0,00      0,00      0,00      0,00      0,00     93,19
12:12:56        all      4,55      0,00      2,53      0,00      0,00      0,00      0,38      0,00      0,00     92,55
12:12:57        all     10,09      0,00      2,65      0,00      0,00      0,00      0,13      0,00      0,00     87,14
12:12:58        all      3,77      0,00      1,64      0,25      0,00      0,00      0,75      0,00      0,00     93,58
12:12:59        all      5,40      0,00      2,51      0,13      0,00      0,00      0,13      0,00      0,00     91,83
12:13:00        all      5,61      0,00      4,08      0,00      0,00      0,00      0,00      0,00      0,00     90,32
12:13:01        all      5,27      0,00      2,13      0,00      0,00      0,00      0,38      0,00      0,00     92,22
12:13:02        all      3,91      0,00      1,77      0,13      0,00      0,00      0,25      0,00      0,00     93,94
12:13:03        all      5,27      0,00      2,38      0,13      0,00      0,00      0,25      0,00      0,00     91,97
12:13:04        all      4,65      0,00      2,14      0,25      0,00      0,00      0,38      0,00      0,00     92,58
12:13:05        all      6,42      0,00      3,90      0,25      0,00      0,00      0,38      0,00      0,00     89,04
12:13:06        all      4,68      0,00      2,15      0,00      0,00      0,00      0,13      0,00      0,00     93,05
12:13:07        all      4,68      0,00      2,28      0,00      0,00      0,00      0,25      0,00      0,00     92,79
12:13:08        all      8,69      0,00      2,39      0,00      0,00      0,00      0,25      0,00      0,00     88,66
12:13:09        all      4,29      0,00      1,89      0,00      0,00      0,00      0,13      0,00      0,00     93,69
12:13:10        all      4,67      0,00      3,16      0,13      0,00      0,00      0,38      0,00      0,00     91,67
12:13:11        all      4,66      0,00      2,27      0,25      0,00      0,00      0,13      0,00      0,00     92,70
12:13:12        all      4,78      0,00      2,52      0,13      0,00      0,00      0,25      0,00      0,00     92,33
12:13:13        all      4,39      0,00      1,88      0,25      0,00      0,00      0,50      0,00      0,00     92,98
12:13:14        all      5,28      0,00      2,51      0,00      0,00      0,00      0,25      0,00      0,00     91,96
12:13:15        all      5,92      0,00      3,78      0,00      0,00      0,00      0,25      0,00      0,00     90,05
12:13:16        all      6,08      0,00      3,17      0,00      0,00      0,00      0,38      0,00      0,00     90,37
12:13:17        all      3,89      0,00      1,51      0,13      0,00      0,00      0,25      0,00      0,00     94,22
12:13:18        all      3,77      0,00      1,76      0,13      0,00      0,00      0,13      0,00      0,00     94,21
12:13:19        all      7,54      0,00      1,63      0,00      0,00      0,00      0,50      0,00      0,00     90,33
12:13:20        all      4,90      0,00      2,26      0,13      0,00      0,00      0,38      0,00      0,00     92,34
12:13:21        all      5,28      0,00      3,77      0,13      0,00      0,00      0,38      0,00      0,00     90,45
12:13:22        all      4,64      0,00      2,26      0,13      0,00      0,00      0,38      0,00      0,00     92,61
12:13:23        all      3,91      0,00      1,77      0,00      0,00      0,00      0,51      0,00      0,00     93,81
12:13:24        all      5,04      0,00      2,27      0,13      0,00      0,00      0,13      0,00      0,00     92,43
12:13:25        all      4,14      0,00      1,63      0,25      0,00      0,00      0,38      0,00      0,00     93,61
12:13:26        all      6,58      0,00      3,67      0,00      0,00      0,00      0,13      0,00      0,00     89,62
12:13:27        all      5,93      0,00      3,03      0,00      0,00      0,00      0,50      0,00      0,00     90,54
12:13:28        all      4,39      0,00      1,88      0,13      0,00      0,00      0,25      0,00      0,00     93,35
12:13:29        all      4,67      0,00      1,89      0,25      0,00      0,00      0,13      0,00      0,00     93,06
12:13:30        all      3,40      0,00      2,01      0,13      0,00      0,00      0,50      0,00      0,00     93,96
12:13:31        all      9,49      0,00      3,67      0,00      0,00      0,00      0,25      0,00      0,00     86,58
12:13:32        all      4,86      0,00      2,24      0,12      0,00      0,00      0,50      0,00      0,00     92,27
12:13:33        all      5,55      0,00      2,65      0,13      0,00      0,00      0,13      0,00      0,00     91,55
12:13:34        all      3,92      0,00      2,02      0,00      0,00      0,00      0,13      0,00      0,00     93,93
12:13:35        all      4,28      0,00      2,01      0,13      0,00      0,00      0,38      0,00      0,00     93,21
12:13:36        all      5,79      0,00      3,53      0,00      0,00      0,00      0,13      0,00      0,00     90,55
12:13:37        all      4,15      0,00      1,88      0,13      0,00      0,00      0,50      0,00      0,00     93,34
12:13:38        all      4,39      0,00      2,13      0,13      0,00      0,00      0,25      0,00      0,00     93,10
12:13:39        all      4,17      0,00      2,15      0,13      0,00      0,00      0,51      0,00      0,00     93,06
12:13:40        all      4,52      0,00      1,76      0,00      0,00      0,00      0,13      0,00      0,00     93,59
12:13:41        all      4,64      0,00      2,26      0,25      0,00      0,00      0,13      0,00      0,00     92,72
12:13:42        all      9,94      0,00      4,15      0,00      0,00      0,00      0,25      0,00      0,00     85,66
12:13:43        all      4,28      0,00      1,89      0,00      0,00      0,00      0,38      0,00      0,00     93,45
12:13:44        all      4,82      0,00      2,16      0,13      0,00      0,00      0,00      0,00      0,00     92,89
12:13:45        all      4,28      0,00      2,01      0,25      0,00      0,00      0,50      0,00      0,00     92,96
12:13:46        all      5,67      0,00      2,65      0,00      0,00      0,00      0,25      0,00      0,00     91,42
12:13:47        all      6,43      0,00      4,29      0,13      0,00      0,00      0,38      0,00      0,00     88,78
12:13:48        all      4,52      0,00      2,13      0,13      0,00      0,00      0,38      0,00      0,00     92,85
12:13:49        all      4,28      0,00      1,64      0,25      0,00      0,00      0,13      0,00      0,00     93,70
12:13:50        all      4,16      0,00      1,89      0,00      0,00      0,00      0,25      0,00      0,00     93,70
12:13:51        all      4,93      0,00      2,02      0,00      0,00      0,00      0,00      0,00      0,00     93,05
12:13:52        all      5,42      0,00      3,78      0,13      0,00      0,00      0,38      0,00      0,00     90,29
12:13:53        all      8,67      0,00      2,26      0,13      0,00      0,00      0,25      0,00      0,00     88,69
12:13:54        all      4,55      0,00      2,53      0,13      0,00      0,00      0,13      0,00      0,00     92,68
12:13:55        all      4,15      0,00      2,01      0,25      0,00      0,00      0,25      0,00      0,00     93,34
12:13:56        all      4,88      0,00      2,00      0,25      0,00      0,00      0,13      0,00      0,00     92,74
12:13:57        all      6,57      0,00      4,17      0,00      0,00      0,00      0,63      0,00      0,00     88,64
12:13:58        all      4,78      0,00      1,89      0,00      0,00      0,00      0,25      0,00      0,00     93,08
12:13:59        all      4,05      0,00      1,65      0,00      0,00      0,00      0,25      0,00      0,00     94,05
12:14:00        all      4,51      0,00      1,88      0,13      0,00      0,00      0,38      0,00      0,00     93,12
12:14:01        all      4,66      0,00      2,27      0,00      0,00      0,00      0,38      0,00      0,00     92,70
12:14:02        all      4,67      0,00      2,40      0,13      0,00      0,00      0,00      0,00      0,00     92,81
12:14:03        all      5,93      0,00      3,79      0,13      0,00      0,00      0,51      0,00      0,00     89,65
12:14:04        all      8,56      0,00      2,14      0,00      0,00      0,00      0,13      0,00      0,00     89,17
12:14:05        all      4,02      0,00      1,63      0,13      0,00      0,00      0,25      0,00      0,00     93,97
12:14:06        all      4,75      0,00      2,25      0,12      0,00      0,00      0,25      0,00      0,00     92,62
12:14:07        all      4,16      0,00      2,02      0,13      0,00      0,00      0,25      0,00      0,00     93,44
12:14:08        all      6,27      0,00      4,14      0,13      0,00      0,00      0,50      0,00      0,00     88,97
12:14:09        all      4,41      0,00      1,77      0,13      0,00      0,00      0,25      0,00      0,00     93,44
12:14:10        all      4,40      0,00      2,14      0,13      0,00      0,00      0,25      0,00      0,00     93,09
12:14:11        all      4,79      0,00      1,77      0,00      0,00      0,00      0,25      0,00      0,00     93,19
12:14:12        all      3,89      0,00      1,88      0,00      0,00      0,00      0,25      0,00      0,00     93,98
12:14:13        all      5,40      0,00      3,26      0,25      0,00      0,00      0,50      0,00      0,00     90,59
12:14:14        all      9,18      0,00      3,14      0,00      0,00      0,00      0,38      0,00      0,00     87,30
12:14:15        all      5,05      0,00      2,27      0,25      0,00      0,00      0,00      0,00      0,00     92,42
12:14:16        all      7,33      0,00      3,29      0,00      0,00      0,00      0,51      0,00      0,00     88,87
12:14:17        all      4,51      0,00      2,00      0,38      0,00      0,00      0,13      0,00      0,00     92,99
12:14:18        all      5,68      0,00      3,03      0,13      0,00      0,00      0,38      0,00      0,00     90,78
12:14:19        all      3,90      0,00      1,89      0,00      0,00      0,00      0,38      0,00      0,00     93,83
12:14:20        all      4,67      0,00      2,65      0,00      0,00      0,00      0,25      0,00      0,00     92,42
12:14:21        all      4,26      0,00      1,38      0,13      0,00      0,00      0,00      0,00      0,00     94,24
12:14:22        all      4,28      0,00      1,89      0,13      0,00      0,00      0,50      0,00      0,00     93,21
12:14:23        all      4,64      0,00      2,38      0,13      0,00      0,00      0,25      0,00      0,00     92,60
12:14:24        all      5,19      0,00      3,42      0,00      0,00      0,00      0,38      0,00      0,00     91,01
12:14:25        all      8,31      0,00      2,02      0,13      0,00      0,00      0,38      0,00      0,00     89,17
12:14:26        all      4,16      0,00      1,64      0,13      0,00      0,00      0,00      0,00      0,00     94,08
12:14:27        all      5,04      0,00      2,90      0,00      0,00      0,00      0,25      0,00      0,00     91,80
12:14:28        all      4,27      0,00      1,63      0,13      0,00      0,00      0,50      0,00      0,00     93,47
12:14:29        all      5,95      0,00      3,80      0,13      0,00      0,00      0,00      0,00      0,00     90,13
12:14:30        all      4,39      0,00      2,01      0,00      0,00      0,00      0,50      0,00      0,00     93,11
12:14:31        all      4,29      0,00      1,89      0,13      0,00      0,00      0,13      0,00      0,00     93,56
12:14:32        all      3,89      0,00      1,51      0,13      0,00      0,00      0,38      0,00      0,00     94,10
12:14:33        all      5,16      0,00      2,02      0,13      0,00      0,00      0,25      0,00      0,00     92,44
12:14:34        all      6,16      0,00      4,40      0,00      0,00      0,00      0,63      0,00      0,00     88,82
12:14:35        all      4,52      0,00      1,88      0,13      0,00      0,00      0,13      0,00      0,00     93,34
12:14:36        all      8,44      0,00      2,14      0,13      0,00      0,00      0,50      0,00      0,00     88,79
12:14:37        all      4,51      0,00      2,01      0,25      0,00      0,00      0,38      0,00      0,00     92,86
12:14:38        all      3,79      0,00      1,64      0,00      0,00      0,00      0,13      0,00      0,00     94,44
12:14:39        all      6,53      0,00      3,39      0,13      0,00      0,00      0,38      0,00      0,00     89,57
12:14:40        all      4,65      0,00      2,26      0,13      0,00      0,00      0,25      0,00      0,00     92,70
12:14:41        all      4,42      0,00      1,89      0,25      0,00      0,00      0,13      0,00      0,00     93,31
12:14:42        all      4,26      0,00      2,13      0,00      0,00      0,00      0,25      0,00      0,00     93,37
12:14:43        all      4,17      0,00      2,15      0,00      0,00      0,00      0,00      0,00      0,00     93,69
12:14:44        all      4,91      0,00      2,39      0,13      0,00      0,00      0,63      0,00      0,00     91,95
12:14:45        all      5,43      0,00      2,90      0,00      0,00      0,00      0,25      0,00      0,00     91,41
12:14:46        all      5,70      0,00      3,54      0,13      0,00      0,00      0,25      0,00      0,00     90,38
12:14:47        all      9,17      0,00      2,01      0,00      0,00      0,00      0,13      0,00      0,00     88,69
12:14:48        all      4,78      0,00      2,14      0,13      0,00      0,00      0,38      0,00      0,00     92,58
12:14:49        all      4,28      0,00      2,01      0,13      0,00      0,00      0,38      0,00      0,00     93,21
12:14:50        all      6,70      0,00      4,05      0,13      0,00      0,00      0,25      0,00      0,00     88,87
12:14:51        all      3,78      0,00      1,39      0,00      0,00      0,00      0,25      0,00      0,00     94,58
12:14:52        all      4,39      0,00      1,88      0,13      0,00      0,00      0,38      0,00      0,00     93,22
12:14:53        all      3,90      0,00      1,76      0,13      0,00      0,00      0,25      0,00      0,00     93,96
12:14:54        all      4,41      0,00      1,77      0,00      0,00      0,00      0,38      0,00      0,00     93,44
12:14:55        all      6,57      0,00      3,91      0,13      0,00      0,00      0,51      0,00      0,00     88,89
12:14:56        all      9,05      0,00      2,51      0,25      0,00      0,00      0,25      0,00      0,00     87,94
12:14:57        all      5,82      0,00      2,78      0,00      0,00      0,00      0,25      0,00      0,00     91,15
12:14:58        all      4,28      0,00      1,76      0,00      0,00      0,00      0,38      0,00      0,00     93,58
12:14:59        all      4,78      0,00      1,76      0,25      0,00      0,00      0,25      0,00      0,00     92,96
12:15:00        all      6,31      0,00      3,79      0,00      0,00      0,00      0,13      0,00      0,00     89,77
12:15:01        all      5,04      0,00      2,27      0,13      0,00      0,00      0,38      0,00      0,00     92,19
12:15:02        all      5,65      0,00      2,51      0,38      0,00      0,00      0,50      0,00      0,00     90,97
12:15:03        all      5,18      0,00      3,16      0,00      0,00      0,00      0,13      0,00      0,00     91,53
12:15:04        all      4,38      0,00      2,00      0,00      0,00      0,00      0,38      0,00      0,00     93,24
12:15:05        all      5,06      0,00      2,15      0,13      0,00      0,00      0,25      0,00      0,00     92,41
12:15:06        all      9,37      0,00      3,80      0,00      0,00      0,00      0,25      0,00      0,00     86,58
12:15:07        all      4,77      0,00      2,26      0,13      0,00      0,00      0,50      0,00      0,00     92,34
12:15:08        all      4,26      0,00      1,75      0,13      0,00      0,00      0,38      0,00      0,00     93,49
12:15:09        all      4,28      0,00      2,02      0,25      0,00      0,00      0,13      0,00      0,00     93,32
12:15:10        all      3,78      0,00      1,64      0,13      0,00      0,00      0,13      0,00      0,00     94,33
12:15:11        all      6,29      0,00      3,77      0,13      0,00      0,00      0,38      0,00      0,00     89,43
12:15:12        all      4,28      0,00      2,52      0,13      0,00      0,00      0,25      0,00      0,00     92,83
12:15:13        all      4,52      0,00      1,51      0,13      0,00      0,00      0,25      0,00      0,00     93,59
12:15:14        all      4,29      0,00      2,27      0,13      0,00      0,00      0,25      0,00      0,00     93,06
12:15:15        all      4,40      0,00      1,51      0,00      0,00      0,00      0,50      0,00      0,00     93,59
12:15:16        all      6,84      0,00      4,31      0,00      0,00      0,00      0,25      0,00      0,00     88,59
12:15:17        all      6,39      0,00      1,88      0,13      0,00      0,00      0,38      0,00      0,00     91,23
12:15:18        all      6,69      0,00      2,15      0,00      0,00      0,00      0,13      0,00      0,00     91,04
12:15:19        all      4,16      0,00      1,64      0,00      0,00      0,00      0,13      0,00      0,00     94,08
12:15:20        all      3,89      0,00      1,63      0,13      0,00      0,00      0,38      0,00      0,00     93,97
12:15:21        all      5,16      0,00      3,02      0,13      0,00      0,00      0,38      0,00      0,00     91,32
12:15:22        all      4,41      0,00      1,76      0,13      0,00      0,00      0,00      0,00      0,00     93,70
12:15:23        all      5,03      0,00      2,14      0,13      0,00      0,00      0,25      0,00      0,00     92,45
12:15:24        all      4,15      0,00      1,89      0,13      0,00      0,00      0,38      0,00      0,00     93,46
12:15:25        all      5,30      0,00      2,40      0,00      0,00      0,00      0,38      0,00      0,00     91,92
12:15:26        all      4,53      0,00      2,02      0,25      0,00      0,00      0,25      0,00      0,00     92,95
12:15:27        all     10,35      0,00      3,54      0,13      0,00      0,00      0,51      0,00      0,00     85,48
12:15:28        all      3,88      0,00      1,88      0,00      0,00      0,00      0,13      0,00      0,00     94,11
12:15:29        all      4,41      0,00      1,89      0,13      0,00      0,00      0,38      0,00      0,00     93,20
12:15:30        all      3,65      0,00      1,39      0,25      0,00      0,00      0,38      0,00      0,00     94,33
12:15:31        all      4,52      0,00      2,13      0,00      0,00      0,00      0,25      0,00      0,00     93,10
12:15:32        all      5,67      0,00      4,28      0,13      0,00      0,00      0,25      0,00      0,00     89,67
12:15:33        all      5,05      0,00      2,27      0,13      0,00      0,00      0,13      0,00      0,00     92,42
12:15:34        all      4,28      0,00      2,27      0,00      0,00      0,00      0,38      0,00      0,00     93,07
12:15:35        all      4,76      0,00      2,26      0,00      0,00      0,00      0,38      0,00      0,00     92,61
12:15:36        all      3,91      0,00      1,64      0,00      0,00      0,00      0,38      0,00      0,00     94,07
12:15:37        all      9,41      0,00      3,51      0,25      0,00      0,00      0,13      0,00      0,00     86,70
12:15:38        all      4,41      0,00      2,02      0,13      0,00      0,00      0,50      0,00      0,00     92,95
12:15:39        all      4,39      0,00      2,01      0,00      0,00      0,00      0,25      0,00      0,00     93,35
12:15:40        all      4,28      0,00      2,14      0,00      0,00      0,00      0,13      0,00      0,00     93,45
12:15:41        all      3,92      0,00      1,65      0,00      0,00      0,00      0,38      0,00      0,00     94,05
12:15:42        all      5,77      0,00      3,51      0,13      0,00      0,00      0,25      0,00      0,00     90,34
12:15:43        all      3,90      0,00      2,02      0,25      0,00      0,00      0,38      0,00      0,00     93,45
12:15:44        all      4,40      0,00      1,88      0,13      0,00      0,00      0,50      0,00      0,00     93,09
12:15:45        all      5,07      0,00      2,41      0,00      0,00      0,00      0,13      0,00      0,00     92,40
12:15:46        all      5,55      0,00      3,03      0,00      0,00      0,00      0,25      0,00      0,00     91,17
12:15:47        all      6,45      0,00      2,28      0,00      0,00      0,00      0,13      0,00      0,00     91,15
12:15:48        all      8,42      0,00      3,39      0,25      0,00      0,00      0,38      0,00      0,00     87,56
12:15:49        all      4,28      0,00      1,89      0,13      0,00      0,00      0,25      0,00      0,00     93,46
12:15:50        all      4,55      0,00      1,89      0,00      0,00      0,00      0,13      0,00      0,00     93,43
12:15:51        all      4,26      0,00      1,88      0,13      0,00      0,00      0,50      0,00      0,00     93,23
12:15:52        all      4,16      0,00      2,27      0,13      0,00      0,00      0,25      0,00      0,00     93,20
12:15:53        all      6,19      0,00      3,66      0,13      0,00      0,00      0,00      0,00      0,00     90,03
12:15:54        all      4,41      0,00      2,14      0,13      0,00      0,00      0,25      0,00      0,00     93,07
12:15:55        all      5,30      0,00      2,14      0,13      0,00      0,00      0,38      0,00      0,00     92,06
12:15:56        all      3,77      0,00      1,88      0,00      0,00      0,00      0,38      0,00      0,00     93,97
12:15:57        all      5,69      0,00      2,40      0,00      0,00      0,00      0,25      0,00      0,00     91,66
12:15:58        all      9,99      0,00      4,17      0,13      0,00      0,00      0,13      0,00      0,00     85,59
12:15:59        all      4,87      0,00      2,37      0,12      0,00      0,00      0,87      0,00      0,00     91,76
12:16:00        all      4,05      0,00      1,64      0,00      0,00      0,00      0,00      0,00      0,00     94,31
12:16:01        all      5,13      0,00      2,50      0,13      0,00      0,00      0,25      0,00      0,00     91,99
12:16:02        all      4,05      0,00      1,77      0,25      0,00      0,00      0,25      0,00      0,00     93,68
Average:        all      5,23      0,00      2,44      0,10      0,00      0,00      0,29      0,00      0,00     91,94
