[2026-06-16T15:59:37-0500] ip -s link show dev tun0 > LOCAL_PATH_REDACTEDl/tesis/resultados_scada/baseline_PRIVATE_IP_021_20260616_155932/raw/ip_s_link_before.log 2>&1
[2026-06-16T15:59:37-0500] ss -ti dst PRIVATE_IP_021 > LOCAL_PATH_REDACTEDl/tesis/resultados_scada/baseline_PRIVATE_IP_021_20260616_155932/raw/ss_before.log 2>&1
[2026-06-16T15:59:37-0500] nstat -az > LOCAL_PATH_REDACTEDl/tesis/resultados_scada/baseline_PRIVATE_IP_021_20260616_155932/raw/nstat_before.log 2>&1
[2026-06-16T15:59:37-0500] sar -n DEV,EDEV,TCP,ETCP 1 300 > LOCAL_PATH_REDACTEDl/tesis/resultados_scada/baseline_PRIVATE_IP_021_20260616_155932/raw/sar_net_dev.log 2>&1 &
[2026-06-16T15:59:37-0500] sar -u ALL 1 300 > LOCAL_PATH_REDACTEDl/tesis/resultados_scada/baseline_PRIVATE_IP_021_20260616_155932/raw/sar_cpu.log 2>&1 &
[2026-06-16T15:59:37-0500] sar -q 1 300 > LOCAL_PATH_REDACTEDl/tesis/resultados_scada/baseline_PRIVATE_IP_021_20260616_155932/raw/sar_load.log 2>&1 &
[2026-06-16T15:59:37-0500] mpstat -P ALL 1 300 > LOCAL_PATH_REDACTEDl/tesis/resultados_scada/baseline_PRIVATE_IP_021_20260616_155932/raw/mpstat_all.log 2>&1 &
[2026-06-16T15:59:37-0500] vmstat 1 300 > LOCAL_PATH_REDACTEDl/tesis/resultados_scada/baseline_PRIVATE_IP_021_20260616_155932/raw/vmstat.log 2>&1 &
[2026-06-16T15:59:37-0500] pidstat -rudw 1 300 > LOCAL_PATH_REDACTEDl/tesis/resultados_scada/baseline_PRIVATE_IP_021_20260616_155932/raw/pidstat_all.log 2>&1 &
[2026-06-16T15:59:37-0500] timeout 300 tshark -i tun0 -f 'host PRIVATE_IP_021 or tcp port 502 or udp port 502 or icmp' -w LOCAL_PATH_REDACTEDl/tesis/resultados_scada/baseline_PRIVATE_IP_021_20260616_155932/pcap/baseline_PRIVATE_IP_021_502_tun0.pcapng
[2026-06-16T15:59:39-0500] systemctl status openvpn --no-pager > LOCAL_PATH_REDACTEDl/tesis/resultados_scada/baseline_PRIVATE_IP_021_20260616_155932/raw/openvpn_systemctl_status.log 2>&1
[2026-06-16T15:59:39-0500] tracepath PRIVATE_IP_021 > LOCAL_PATH_REDACTEDl/tesis/resultados_scada/baseline_PRIVATE_IP_021_20260616_155932/raw/tracepath_PRIVATE_IP_021.log 2>&1
[2026-06-16T15:59:39-0500] mtr -r -c 100 PRIVATE_IP_021 > LOCAL_PATH_REDACTEDl/tesis/resultados_scada/baseline_PRIVATE_IP_021_20260616_155932/raw/mtr_PRIVATE_IP_021.log 2>&1
[2026-06-16T16:01:24-0500] ping -M do -s 1200 -c 3 PRIVATE_IP_021 >> LOCAL_PATH_REDACTEDl/tesis/resultados_scada/baseline_PRIVATE_IP_021_20260616_155932/raw/pmtu_ping_M_do.log
[2026-06-16T16:01:26-0500] ping -M do -s 1280 -c 3 PRIVATE_IP_021 >> LOCAL_PATH_REDACTEDl/tesis/resultados_scada/baseline_PRIVATE_IP_021_20260616_155932/raw/pmtu_ping_M_do.log
[2026-06-16T16:01:28-0500] ping -M do -s 1320 -c 3 PRIVATE_IP_021 >> LOCAL_PATH_REDACTEDl/tesis/resultados_scada/baseline_PRIVATE_IP_021_20260616_155932/raw/pmtu_ping_M_do.log
[2026-06-16T16:01:30-0500] ping -M do -s 1360 -c 3 PRIVATE_IP_021 >> LOCAL_PATH_REDACTEDl/tesis/resultados_scada/baseline_PRIVATE_IP_021_20260616_155932/raw/pmtu_ping_M_do.log
[2026-06-16T16:01:32-0500] ping -M do -s 1380 -c 3 PRIVATE_IP_021 >> LOCAL_PATH_REDACTEDl/tesis/resultados_scada/baseline_PRIVATE_IP_021_20260616_155932/raw/pmtu_ping_M_do.log
[2026-06-16T16:01:34-0500] ping -M do -s 1400 -c 3 PRIVATE_IP_021 >> LOCAL_PATH_REDACTEDl/tesis/resultados_scada/baseline_PRIVATE_IP_021_20260616_155932/raw/pmtu_ping_M_do.log
[2026-06-16T16:01:36-0500] ping -M do -s 1420 -c 3 PRIVATE_IP_021 >> LOCAL_PATH_REDACTEDl/tesis/resultados_scada/baseline_PRIVATE_IP_021_20260616_155932/raw/pmtu_ping_M_do.log
[2026-06-16T16:01:38-0500] ping -M do -s 1440 -c 3 PRIVATE_IP_021 >> LOCAL_PATH_REDACTEDl/tesis/resultados_scada/baseline_PRIVATE_IP_021_20260616_155932/raw/pmtu_ping_M_do.log
[2026-06-16T16:01:40-0500] ping -M do -s 1460 -c 3 PRIVATE_IP_021 >> LOCAL_PATH_REDACTEDl/tesis/resultados_scada/baseline_PRIVATE_IP_021_20260616_155932/raw/pmtu_ping_M_do.log
[2026-06-16T16:01:42-0500] ping -M do -s 1472 -c 3 PRIVATE_IP_021 >> LOCAL_PATH_REDACTEDl/tesis/resultados_scada/baseline_PRIVATE_IP_021_20260616_155932/raw/pmtu_ping_M_do.log
[2026-06-16T16:01:44-0500] ping -D -i 0.2 -s 56 -c 1500 PRIVATE_IP_021 > LOCAL_PATH_REDACTEDl/tesis/resultados_scada/baseline_PRIVATE_IP_021_20260616_155932/raw/ping_PRIVATE_IP_021.log 2>&1
[2026-06-16T16:06:45-0500] python3 tcp_connect inline > LOCAL_PATH_REDACTEDl/tesis/resultados_scada/baseline_PRIVATE_IP_021_20260616_155932/csv/tcp_connect_PRIVATE_IP_021_502.csv
[2026-06-16T16:07:47-0500] nping --tcp -p 502 --rate 5 -c 1000 PRIVATE_IP_021 > LOCAL_PATH_REDACTEDl/tesis/resultados_scada/baseline_PRIVATE_IP_021_20260616_155932/raw/nping_tcp_PRIVATE_IP_021_502.log 2>&1
[2026-06-16T16:07:47-0500] openssl speed -seconds 3 -evp aes-128-gcm > LOCAL_PATH_REDACTEDl/tesis/resultados_scada/baseline_PRIVATE_IP_021_20260616_155932/raw/openssl_speed_aes_128_gcm.log 2>&1
[2026-06-16T16:08:05-0500] openssl speed -seconds 3 -evp aes-256-gcm > LOCAL_PATH_REDACTEDl/tesis/resultados_scada/baseline_PRIVATE_IP_021_20260616_155932/raw/openssl_speed_aes_256_gcm.log 2>&1
[2026-06-16T16:08:23-0500] openssl speed -seconds 3 -evp chacha20-poly1305 > LOCAL_PATH_REDACTEDl/tesis/resultados_scada/baseline_PRIVATE_IP_021_20260616_155932/raw/openssl_speed_chacha20_poly1305.log 2>&1
[2026-06-16T16:08:44-0500] ip -s link show dev tun0 > LOCAL_PATH_REDACTEDl/tesis/resultados_scada/baseline_PRIVATE_IP_021_20260616_155932/raw/ip_s_link_after.log 2>&1
[2026-06-16T16:08:44-0500] ss -ti dst PRIVATE_IP_021 > LOCAL_PATH_REDACTEDl/tesis/resultados_scada/baseline_PRIVATE_IP_021_20260616_155932/raw/ss_after.log 2>&1
[2026-06-16T16:08:44-0500] nstat -az > LOCAL_PATH_REDACTEDl/tesis/resultados_scada/baseline_PRIVATE_IP_021_20260616_155932/raw/nstat_after.log 2>&1
[2026-06-16T16:08:44-0500] tshark -r LOCAL_PATH_REDACTEDl/tesis/resultados_scada/baseline_PRIVATE_IP_021_20260616_155932/pcap/baseline_PRIVATE_IP_021_502_tun0.pcapng -Y tcp.port==502 -T fields -e tcp.payload > LOCAL_PATH_REDACTEDl/tesis/resultados_scada/baseline_PRIVATE_IP_021_20260616_155932/raw/tcp_payload_502.hex
[2026-06-16T16:08:46-0500] capinfos LOCAL_PATH_REDACTEDl/tesis/resultados_scada/baseline_PRIVATE_IP_021_20260616_155932/pcap/baseline_PRIVATE_IP_021_502_tun0.pcapng > LOCAL_PATH_REDACTEDl/tesis/resultados_scada/baseline_PRIVATE_IP_021_20260616_155932/raw/capinfos.log 2>&1
