File name:           LOCAL_PATH_REDACTEDl/tesis/resultados_scada/baseline_PRIVATE_IP_022_20260616_155932/pcap/baseline_PRIVATE_IP_022_502_tun0.pcapng
File type:           Wireshark/... - pcapng
File encapsulation:  Raw IP
File timestamp precision:  nanoseconds (9)
Packet size limit:   file hdr: (not set)
Number of packets:   35 k
File size:           3.702 kB
Data size:           2.555 kB
Capture duration:    299,300169235 seconds
First packet time:   2026-06-16 15:59:37,783932057
Last packet time:    2026-06-16 16:04:37,084101292
Data byte rate:      8.537 bytes/s
Data bit rate:       68 kbps
Average packet size: 72,14 bytes
Average packet rate: 118 packets/s
SHA256:              REDACTED_LONG_HEX
SHA1:                53c097093aab9319ee51f766cd3fbb5d540d1c83
Strict time order:   False
Capture hardware:    Intel(R) Xeon(R) Silver 4216 CPU @ 2.10GHz (with SSE4.2)
Capture oper-sys:    Linux 6.8.0-55-generic
Capture application: Dumpcap (Wireshark) 4.2.2 (Git v4.2.2 packaged as 4.2.2-1.1build3)
Number of interfaces in file: 1
Interface #0 info:
                     Name = tun0
                     Encapsulation = Raw IP (7 - rawip)
                     Capture length = 262144
                     Time precision = nanoseconds (9)
                     Time ticks per second = 1000000000
                     Time resolution = 0x09
                     Filter string = host PRIVATE_IP_022 or tcp port 502 or udp port 502 or icmp
                     Operating system = Linux 6.8.0-55-generic
                     Number of stat entries = 1
                     Number of packets = 35422
[exit_code=0]
