Linux 6.8.0-55-generic (ubuntu) 	16/06/26 	_x86_64_	(8 CPU)

15:59:37      runq-sz  plist-sz   ldavg-1   ldavg-5  ldavg-15   blocked
15:59:38            3       704      0,76      0,58      0,56         0
15:59:39            4       705      0,76      0,58      0,56         0
15:59:40            3       707      0,76      0,58      0,56         0
15:59:41            2       706      0,78      0,59      0,57         0
15:59:42            2       706      0,78      0,59      0,57         0
15:59:43            2       708      0,78      0,59      0,57         0
15:59:44            1       707      0,78      0,59      0,57         0
15:59:45            2       708      0,78      0,59      0,57         0
15:59:46            1       707      0,79      0,59      0,57         0
15:59:47            1       706      0,79      0,59      0,57         0
15:59:48            1       705      0,79      0,59      0,57         0
15:59:49            1       711      0,79      0,59      0,57         0
15:59:50            2       708      0,79      0,59      0,57         0
15:59:51            1       709      0,81      0,60      0,57         0
15:59:52            1       707      0,81      0,60      0,57         0
15:59:53            2       706      0,81      0,60      0,57         0
15:59:54            1       708      0,81      0,60      0,57         0
15:59:55            1       709      0,81      0,60      0,57         0
15:59:56            1       708      0,83      0,61      0,57         0
15:59:57            1       708      0,83      0,61      0,57         0
15:59:58            1       706      0,83      0,61      0,57         0
15:59:59            1       710      0,83      0,61      0,57         0
16:00:00            1       709      0,83      0,61      0,57         0
16:00:01            1       708      0,84      0,61      0,58         0
16:00:02            1       706      0,84      0,61      0,58         0
16:00:03            1       705      0,84      0,61      0,58         0
16:00:04            2       708      0,84      0,61      0,58         0
16:00:05            2       707      0,84      0,61      0,58         0
16:00:06            1       706      0,85      0,62      0,58         0
16:00:07            1       706      0,85      0,62      0,58         0
16:00:08            3       704      0,85      0,62      0,58         0
16:00:09            1       706      0,85      0,62      0,58         0
16:00:10            3       707      0,85      0,62      0,58         1
16:00:11            1       707      0,87      0,63      0,58         0
16:00:12            2       707      0,87      0,63      0,58         0
16:00:13            1       706      0,87      0,63      0,58         0
16:00:14            1       705      0,87      0,63      0,58         0
16:00:15            2       707      0,87      0,63      0,58         1
16:00:16            1       707      0,80      0,62      0,58         0
16:00:17            2       707      0,80      0,62      0,58         0
16:00:18            2       705      0,80      0,62      0,58         0
16:00:19            4       705      0,80      0,62      0,58         0
16:00:20            2       707      0,80      0,62      0,58         0
16:00:21            3       706      0,73      0,61      0,57         0
16:00:22            2       706      0,73      0,61      0,57         0
16:00:23            2       705      0,73      0,61      0,57         0
16:00:24            2       705      0,73      0,61      0,57         0
16:00:25            1       707      0,73      0,61      0,57         1
16:00:26            1       708      0,75      0,61      0,58         0
16:00:27            2       706      0,75      0,61      0,58         0
16:00:28            2       706      0,75      0,61      0,58         0
16:00:29            3       706      0,75      0,61      0,58         0
16:00:30            1       704      0,75      0,61      0,58         0
16:00:31            2       706      0,69      0,60      0,57         0
16:00:32            1       706      0,69      0,60      0,57         0
16:00:33            1       708      0,69      0,60      0,57         0
16:00:34            2       703      0,69      0,60      0,57         0
16:00:35            1       705      0,69      0,60      0,57         0
16:00:36            4       706      0,64      0,59      0,57         0
16:00:37            1       706      0,64      0,59      0,57         0
16:00:38            2       705      0,64      0,59      0,57         0
16:00:39            2       704      0,64      0,59      0,57         0
16:00:40            1       704      0,64      0,59      0,57         0
16:00:41            1       706      0,59      0,58      0,57         0
16:00:42            1       706      0,59      0,58      0,57         0
16:00:43            1       706      0,59      0,58      0,57         0
16:00:44            2       704      0,59      0,58      0,57         0
16:00:45            8       704      0,59      0,58      0,57         1
16:00:46            1       705      0,62      0,59      0,57         0
16:00:47            2       705      0,62      0,59      0,57         0
16:00:48            2       705      0,62      0,59      0,57         0
16:00:49            1       706      0,62      0,59      0,57         0
16:00:50            2       703      0,62      0,59      0,57         0
16:00:51            1       704      0,65      0,60      0,57         0
16:00:52            1       706      0,65      0,60      0,57         0
16:00:53            4       706      0,65      0,60      0,57         0
16:00:54            2       706      0,65      0,60      0,57         0
16:00:55            1       705      0,65      0,60      0,57         0
16:00:56            1       704      0,68      0,60      0,57         0
16:00:57            1       707      0,68      0,60      0,57         0
16:00:58            1       706      0,68      0,60      0,57         0
16:00:59            1       705      0,68      0,60      0,57         0
16:01:00            1       703      0,68      0,60      0,57         1
16:01:01            1       703      0,70      0,61      0,58         0
16:01:02            1       705      0,70      0,61      0,58         0
16:01:03            1       705      0,70      0,61      0,58         0
16:01:04            2       704      0,70      0,61      0,58         0
16:01:05            4       703      0,70      0,61      0,58         1
16:01:06            1       703      0,65      0,60      0,57         0
16:01:07            2       707      0,65      0,60      0,57         0
16:01:08            2       704      0,65      0,60      0,57         0
16:01:09            2       704      0,65      0,60      0,57         0
16:01:10            2       704      0,65      0,60      0,57         1
16:01:11            1       703      0,60      0,59      0,57         0
16:01:12            1       703      0,60      0,59      0,57         0
16:01:13            1       707      0,60      0,59      0,57         0
16:01:14            2       705      0,60      0,59      0,57         0
16:01:15            2       704      0,60      0,59      0,57         1
16:01:16            2       703      0,55      0,58      0,56         0
16:01:17            2       703      0,55      0,58      0,56         0
16:01:18            1       704      0,55      0,58      0,56         0
16:01:19            4       704      0,55      0,58      0,56         0
16:01:20            2       705      0,55      0,58      0,56         0
16:01:21            3       704      0,58      0,59      0,57         0
16:01:22            2       704      0,58      0,59      0,57         0
16:01:23            3       705      0,58      0,59      0,57         0
16:01:24            2       705      0,58      0,59      0,57         0
16:01:25            2       703      0,58      0,59      0,57         1
16:01:26            2       700      0,70      0,61      0,58         0
16:01:27            4       702      0,70      0,61      0,58         0
16:01:28            1       704      0,70      0,61      0,58         0
16:01:29            2       705      0,70      0,61      0,58         0
16:01:30            3       704      0,70      0,61      0,58         1
16:01:31            4       705      0,72      0,62      0,58         0
16:01:32            2       702      0,72      0,62      0,58         0
16:01:33            1       702      0,72      0,62      0,58         0
16:01:34            1       704      0,72      0,62      0,58         0
16:01:35            1       704      0,72      0,62      0,58         1
16:01:36            2       704      0,75      0,62      0,58         0
16:01:37            2       701      0,75      0,62      0,58         0
16:01:38            2       702      0,75      0,62      0,58         0
16:01:39            2       705      0,75      0,62      0,58         0
16:01:40            3       705      0,75      0,62      0,58         0
16:01:41            2       704      0,68      0,61      0,58         0
16:01:42            2       703      0,68      0,61      0,58         0
16:01:43            2       703      0,68      0,61      0,58         0
16:01:44            2       705      0,68      0,61      0,58         0
16:01:45            3       705      0,68      0,61      0,58         0
16:01:46            3       705      0,63      0,60      0,57         0
16:01:47            2       703      0,63      0,60      0,57         0
16:01:48            3       702      0,63      0,60      0,57         0
16:01:49            2       704      0,63      0,60      0,57         0
16:01:50            2       705      0,63      0,60      0,57         0
16:01:51            2       705      0,58      0,59      0,57         0
16:01:52            2       705      0,58      0,59      0,57         0
16:01:53            2       703      0,58      0,59      0,57         0
16:01:54            2       703      0,58      0,59      0,57         0
16:01:55            3       705      0,58      0,59      0,57         0
16:01:56            3       705      0,53      0,58      0,57         0
16:01:57            2       705      0,53      0,58      0,57         0
16:01:58            2       702      0,53      0,58      0,57         0
16:01:59            2       702      0,53      0,58      0,57         0
16:02:00            2       705      0,53      0,58      0,57         0
16:02:01            2       705      0,49      0,57      0,56         0
16:02:02            2       704      0,49      0,57      0,56         0
16:02:03            3       703      0,49      0,57      0,56         0
16:02:04            2       702      0,49      0,57      0,56         0
16:02:05            2       705      0,49      0,57      0,56         0
16:02:06            2       705      0,45      0,56      0,56         0
16:02:07            1       705      0,45      0,56      0,56         0
16:02:08            1       703      0,45      0,56      0,56         0
16:02:09            1       704      0,45      0,56      0,56         0
16:02:10            1       705      0,45      0,56      0,56         0
16:02:11            2       705      0,41      0,55      0,56         0
16:02:12            1       704      0,41      0,55      0,56         0
16:02:13            1       705      0,41      0,55      0,56         0
16:02:14            2       703      0,41      0,55      0,56         0
16:02:15            3       703      0,41      0,55      0,56         0
16:02:16            2       704      0,46      0,56      0,56         0
16:02:17            3       704      0,46      0,56      0,56         0
16:02:18            2       705      0,46      0,56      0,56         0
16:02:19            1       703      0,46      0,56      0,56         0
16:02:20            2       702      0,46      0,56      0,56         0
16:02:21            1       706      0,50      0,57      0,56         0
16:02:22            0       705      0,50      0,57      0,56         0
16:02:23            0       705      0,50      0,57      0,56         0
16:02:24            0       702      0,50      0,57      0,56         0
16:02:25            3       703      0,50      0,57      0,56         0
16:02:26            3       704      0,46      0,56      0,56         0
16:02:27            4       703      0,46      0,56      0,56         0
16:02:28            1       703      0,46      0,56      0,56         0
16:02:29            1       701      0,46      0,56      0,56         0
16:02:30            1       701      0,46      0,56      0,56         0
16:02:31            2       720      0,59      0,58      0,57         0
16:02:32            0       702      0,59      0,58      0,57         0
16:02:33            0       703      0,59      0,58      0,57         0
16:02:34            0       702      0,59      0,58      0,57         0
16:02:35            1       700      0,59      0,58      0,57         0
16:02:36            0       700      0,54      0,57      0,56         0
16:02:37            1       702      0,54      0,57      0,56         0
16:02:38            1       702      0,54      0,57      0,56         0
16:02:39            1       704      0,54      0,57      0,56         0
16:02:40            1       701      0,54      0,57      0,56         0
16:02:41            1       700      0,58      0,58      0,56         0
16:02:42            2       701      0,58      0,58      0,56         0
16:02:43            1       702      0,58      0,58      0,56         0
16:02:44            3       702      0,58      0,58      0,56         0
16:02:45            1       701      0,58      0,58      0,56         0
16:02:46            1       699      0,53      0,57      0,56         0
16:02:47            3       705      0,53      0,57      0,56         0
16:02:48            2       703      0,53      0,57      0,56         0
16:02:49            2       704      0,53      0,57      0,56         0
16:02:50            2       701      0,53      0,57      0,56         0
16:02:51            3       700      0,57      0,58      0,56         0
16:02:52            3       718      0,57      0,58      0,56         0
16:02:53            2       702      0,57      0,58      0,56         0
16:02:54            2       702      0,57      0,58      0,56         0
16:02:55            2       702      0,57      0,58      0,56         0
16:02:56            2       700      0,52      0,57      0,56         0
16:02:57            3       702      0,52      0,57      0,56         0
16:02:58            1       703      0,52      0,57      0,56         0
16:02:59            1       705      0,52      0,57      0,56         0
16:03:00            1       703      0,52      0,57      0,56         0
16:03:01            1       703      0,48      0,56      0,56         0
16:03:02            1       701      0,48      0,56      0,56         0
16:03:03            2       704      0,48      0,56      0,56         0
16:03:04            1       703      0,48      0,56      0,56         0
16:03:05            2       703      0,48      0,56      0,56         0
16:03:06            1       702      0,44      0,55      0,55         0
16:03:07            2       702      0,44      0,55      0,55         0
16:03:08            1       703      0,44      0,55      0,55         0
16:03:09            3       704      0,44      0,55      0,55         0
16:03:10            2       704      0,44      0,55      0,55         0
16:03:11            2       701      0,41      0,54      0,55         0
16:03:12            2       701      0,41      0,54      0,55         0
16:03:13            2       703      0,41      0,54      0,55         0
16:03:14            2       703      0,41      0,54      0,55         0
16:03:15            1       704      0,41      0,54      0,55         0
16:03:16            2       703      0,37      0,53      0,55         0
16:03:17            1       701      0,37      0,53      0,55         0
16:03:18            1       701      0,37      0,53      0,55         0
16:03:19            2       704      0,37      0,53      0,55         0
16:03:20            2       704      0,37      0,53      0,55         0
16:03:21            3       711      0,42      0,54      0,55         0
16:03:22            1       702      0,42      0,54      0,55         0
16:03:23            1       702      0,42      0,54      0,55         0
16:03:24            1       703      0,42      0,54      0,55         0
16:03:25            1       704      0,42      0,54      0,55         0
16:03:26            3       702      0,39      0,53      0,55         1
16:03:27            1       701      0,39      0,53      0,55         0
16:03:28            2       701      0,39      0,53      0,55         0
16:03:29            2       702      0,39      0,53      0,55         0
16:03:30            1       702      0,39      0,53      0,55         0
16:03:31            3       702      0,44      0,54      0,55         1
16:03:32            1       700      0,44      0,54      0,55         0
16:03:33            1       702      0,44      0,54      0,55         0
16:03:34            3       704      0,44      0,54      0,55         0
16:03:35            3       704      0,44      0,54      0,55         0
16:03:36            4       703      0,40      0,53      0,54         0
16:03:37            0       706      0,40      0,53      0,54         0
16:03:38            2       702      0,40      0,53      0,54         0
16:03:39            3       703      0,40      0,53      0,54         0
16:03:40            2       704      0,40      0,53      0,54         0
16:03:41            2       706      0,37      0,52      0,54         0
16:03:42            1       704      0,37      0,52      0,54         0
16:03:43            1       703      0,37      0,52      0,54         0
16:03:44            2       701      0,37      0,52      0,54         0
16:03:45            1       705      0,37      0,52      0,54         0
16:03:46            2       704      0,42      0,53      0,54         1
16:03:47            1       705      0,42      0,53      0,54         0
16:03:48            1       701      0,42      0,53      0,54         0
16:03:49            2       702      0,42      0,53      0,54         0
16:03:50            2       703      0,42      0,53      0,54         0
16:03:51            1       704      0,39      0,52      0,54         0
16:03:52            1       703      0,39      0,52      0,54         0
16:03:53            1       704      0,39      0,52      0,54         0
16:03:54            1       702      0,39      0,52      0,54         0
16:03:55            1       705      0,39      0,52      0,54         0
16:03:56            2       705      0,44      0,53      0,54         0
16:03:57            3       705      0,44      0,53      0,54         0
16:03:58            1       704      0,44      0,53      0,54         0
16:03:59            1       704      0,44      0,53      0,54         0
16:04:00            2       702      0,44      0,53      0,54         0
16:04:01            3       705      0,48      0,54      0,55         0
16:04:02            1       704      0,48      0,54      0,55         0
16:04:03            2       705      0,48      0,54      0,55         0
16:04:04            8       702      0,48      0,54      0,55         0
16:04:05            3       705      0,48      0,54      0,55         0
16:04:06            3       704      0,44      0,53      0,54         0
16:04:07            2       705      0,44      0,53      0,54         0
16:04:08            2       705      0,44      0,53      0,54         0
16:04:09            2       703      0,44      0,53      0,54         0
16:04:10            4       702      0,44      0,53      0,54         0
16:04:11            3       704      0,49      0,53      0,55         0
16:04:12            3       704      0,49      0,53      0,55         0
16:04:13            2       706      0,49      0,53      0,55         0
16:04:14            2       702      0,49      0,53      0,55         0
16:04:15            9       702      0,49      0,53      0,55         0
16:04:16            3       705      0,69      0,58      0,56         0
16:04:17            2       705      0,69      0,58      0,56         0
16:04:18            3       706      0,69      0,58      0,56         0
16:04:19            2       705      0,69      0,58      0,56         0
16:04:20            3       703      0,69      0,58      0,56         0
16:04:21            2       704      0,63      0,57      0,56         0
16:04:22            2       706      0,63      0,57      0,56         0
16:04:23            1       706      0,63      0,57      0,56         0
16:04:24            1       706      0,63      0,57      0,56         0
16:04:25            3       706      0,63      0,57      0,56         0
16:04:26            2       705      0,74      0,59      0,56         0
16:04:27            1       708      0,74      0,59      0,56         0
16:04:28            2       706      0,74      0,59      0,56         0
16:04:29            1       707      0,74      0,59      0,56         0
16:04:30            1       705      0,74      0,59      0,56         0
16:04:31            2       705      0,68      0,58      0,56         0
16:04:32            3       707      0,68      0,58      0,56         0
16:04:33            1       707      0,68      0,58      0,56         0
16:04:34            1       706      0,68      0,58      0,56         0
16:04:35            5       705      0,68      0,58      0,56         0
16:04:36            1       704      0,63      0,57      0,56         0
16:04:37            4       703      0,63      0,57      0,56         0
Average:            2       704      0,59      0,58      0,56         0
