## size=1200
PING PRIVATE_IP_021 (PRIVATE_IP_021) 1200(1228) bytes of data.
1208 bytes from PRIVATE_IP_021: icmp_seq=1 ttl=63 time=7.56 ms
1208 bytes from PRIVATE_IP_021: icmp_seq=2 ttl=63 time=7.66 ms
1208 bytes from PRIVATE_IP_021: icmp_seq=3 ttl=63 time=8.01 ms

--- PRIVATE_IP_021 ping statistics ---
3 packets transmitted, 3 received, 0% packet loss, time 2004ms
rtt min/avg/max/mdev = 7.562/7.742/8.006/0.190 ms

## size=1280
PING PRIVATE_IP_021 (PRIVATE_IP_021) 1280(1308) bytes of data.
1288 bytes from PRIVATE_IP_021: icmp_seq=1 ttl=63 time=7.71 ms
1288 bytes from PRIVATE_IP_021: icmp_seq=2 ttl=63 time=8.78 ms
1288 bytes from PRIVATE_IP_021: icmp_seq=3 ttl=63 time=7.61 ms

--- PRIVATE_IP_021 ping statistics ---
3 packets transmitted, 3 received, 0% packet loss, time 2003ms
rtt min/avg/max/mdev = 7.612/8.034/8.778/0.527 ms

## size=1320
PING PRIVATE_IP_021 (PRIVATE_IP_021) 1320(1348) bytes of data.
1328 bytes from PRIVATE_IP_021: icmp_seq=1 ttl=63 time=7.50 ms
1328 bytes from PRIVATE_IP_021: icmp_seq=2 ttl=63 time=19.6 ms
1328 bytes from PRIVATE_IP_021: icmp_seq=3 ttl=63 time=7.77 ms

--- PRIVATE_IP_021 ping statistics ---
3 packets transmitted, 3 received, 0% packet loss, time 2004ms
rtt min/avg/max/mdev = 7.495/11.608/19.562/5.625 ms

## size=1360
PING PRIVATE_IP_021 (PRIVATE_IP_021) 1360(1388) bytes of data.
1368 bytes from PRIVATE_IP_021: icmp_seq=1 ttl=63 time=17.6 ms
1368 bytes from PRIVATE_IP_021: icmp_seq=2 ttl=63 time=13.8 ms
1368 bytes from PRIVATE_IP_021: icmp_seq=3 ttl=63 time=8.83 ms

--- PRIVATE_IP_021 ping statistics ---
3 packets transmitted, 3 received, 0% packet loss, time 2004ms
rtt min/avg/max/mdev = 8.833/13.400/17.589/3.584 ms

## size=1380
PING PRIVATE_IP_021 (PRIVATE_IP_021) 1380(1408) bytes of data.
1388 bytes from PRIVATE_IP_021: icmp_seq=1 ttl=63 time=7.76 ms
1388 bytes from PRIVATE_IP_021: icmp_seq=2 ttl=63 time=7.60 ms
1388 bytes from PRIVATE_IP_021: icmp_seq=3 ttl=63 time=7.51 ms

--- PRIVATE_IP_021 ping statistics ---
3 packets transmitted, 3 received, 0% packet loss, time 2002ms
rtt min/avg/max/mdev = 7.514/7.627/7.764/0.103 ms

## size=1400
PING PRIVATE_IP_021 (PRIVATE_IP_021) 1400(1428) bytes of data.
1408 bytes from PRIVATE_IP_021: icmp_seq=1 ttl=63 time=8.56 ms
1408 bytes from PRIVATE_IP_021: icmp_seq=2 ttl=63 time=17.5 ms
1408 bytes from PRIVATE_IP_021: icmp_seq=3 ttl=63 time=7.75 ms

--- PRIVATE_IP_021 ping statistics ---
3 packets transmitted, 3 received, 0% packet loss, time 2003ms
rtt min/avg/max/mdev = 7.753/11.266/17.491/4.413 ms

## size=1420
PING PRIVATE_IP_021 (PRIVATE_IP_021) 1420(1448) bytes of data.
1428 bytes from PRIVATE_IP_021: icmp_seq=1 ttl=63 time=8.80 ms
1428 bytes from PRIVATE_IP_021: icmp_seq=2 ttl=63 time=8.09 ms
1428 bytes from PRIVATE_IP_021: icmp_seq=3 ttl=63 time=7.62 ms

--- PRIVATE_IP_021 ping statistics ---
3 packets transmitted, 3 received, 0% packet loss, time 2003ms
rtt min/avg/max/mdev = 7.615/8.166/8.799/0.486 ms

## size=1440
PING PRIVATE_IP_021 (PRIVATE_IP_021) 1440(1468) bytes of data.
1448 bytes from PRIVATE_IP_021: icmp_seq=1 ttl=63 time=9.16 ms
1448 bytes from PRIVATE_IP_021: icmp_seq=2 ttl=63 time=16.7 ms
1448 bytes from PRIVATE_IP_021: icmp_seq=3 ttl=63 time=8.66 ms

--- PRIVATE_IP_021 ping statistics ---
3 packets transmitted, 3 received, 0% packet loss, time 2003ms
rtt min/avg/max/mdev = 8.657/11.497/16.678/3.668 ms

## size=1460
PING PRIVATE_IP_021 (PRIVATE_IP_021) 1460(1488) bytes of data.
1468 bytes from PRIVATE_IP_021: icmp_seq=1 ttl=63 time=8.92 ms
1468 bytes from PRIVATE_IP_021: icmp_seq=2 ttl=63 time=8.84 ms
1468 bytes from PRIVATE_IP_021: icmp_seq=3 ttl=63 time=8.99 ms

--- PRIVATE_IP_021 ping statistics ---
3 packets transmitted, 3 received, 0% packet loss, time 2003ms
rtt min/avg/max/mdev = 8.841/8.916/8.988/0.060 ms

## size=1472
PING PRIVATE_IP_021 (PRIVATE_IP_021) 1472(1500) bytes of data.
1480 bytes from PRIVATE_IP_021: icmp_seq=1 ttl=63 time=8.11 ms
1480 bytes from PRIVATE_IP_021: icmp_seq=2 ttl=63 time=9.17 ms
1480 bytes from PRIVATE_IP_021: icmp_seq=3 ttl=63 time=8.72 ms

--- PRIVATE_IP_021 ping statistics ---
3 packets transmitted, 3 received, 0% packet loss, time 2003ms
rtt min/avg/max/mdev = 8.114/8.669/9.169/0.432 ms

