procs -----------memory---------- ---swap-- -----io---- -system-- -------cpu-------
 r  b   swpd   free   buff  cache   si   so    bi    bo   in   cs us sy id wa st gu
 2  3   4132 2383980 402268 20327076    0    0    59   222 1654    1  2  1 97  0  0  0
 0  0   4132 2316940 402268 20328316    0    0   992   156 5801 3644  9  7 84  0  0  0
 0  0   4132 2316940 402268 20328348    0    0     0   212 3302 2318  5  2 94  0  0  0
 0  0   4132 2315708 402268 20328396    0    0     0   176 4007 2810  5  3 92  0  0  0
 0  0   4132 2315872 402268 20328424    0    0     0   280 3399 2379  5  3 92  0  0  0
 1  0   4132 2314140 402268 20328448    0    0     0    72 2993 2073  4  2 94  0  0  0
 1  0   4132 2314624 402268 20328488    0    0     0  1272 4476 3143  7  5 89  0  0  0
 0  0   4132 2315280 402268 20328512    0    0     0   184 3464 2367  5  2 93  0  0  0
 0  0   4132 2312748 402268 20328544    0    0     0   128 3560 2488  5  3 92  0  0  0
 1  0   4132 2305304 402268 20328556    0    0     0   340 3309 2292  4  4 92  0  0  0
 0  0   4132 2305056 402268 20328584    0    0     0   104 3665 2368 10  2 88  0  0  0
 0  0   4132 2310480 402268 20328624    0    0     0   840 3078 2041  4  2 94  0  0  0
 0  0   4132 2319396 402268 20328664    0    0     0   164 5447 5030  7  5 87  0  0  0
 2  0   4132 2325472 402268 20328708    0    0     0   100 3602 2515  5  3 92  0  0  0
 2  0   4132 2322524 402268 20328740    0    0     0   288 4895 4404  6  3 90  0  0  0
 1  0   4132 2313244 402268 20328792    0    0     0    72 7444 8548  7  5 88  0  0  0
 2  0   4132 2323124 402268 20328816    0    0     0   112 3376 2302  5  2 93  0  0  0
 2  0   4132 2325212 402268 20328840    0    0     0  1068 4608 3120  6  4 90  0  0  0
 2  0   4132 2334524 402268 20328880    0    0     0   132 3393 2419  5  3 92  0  0  0
 1  0   4132 2342084 402268 20328892    0    0     0   364 3360 2492  5  2 93  0  0  0
 4  0   4132 2338084 402268 20328924    0    0     0   112 3999 2703 10  3 87  0  0  0
procs -----------memory---------- ---swap-- -----io---- -system-- -------cpu-------
 r  b   swpd   free   buff  cache   si   so    bi    bo   in   cs us sy id wa st gu
 1  0   4132 2341860 402268 20328952    0    0     0    80 3117 2086  4  2 93  0  0  0
 0  0   4132 2334220 402268 20328976    0    0     0   156 4478 3552  7  4 89  0  0  0
 0  0   4132 2332724 402268 20329012    0    0     0    96 3482 2486  5  2 93  0  0  0
 0  0   4132 2332916 402268 20329040    0    0     0   220 4695 4271  5  3 92  0  0  0
 0  0   4132 2331932 402268 20329076    0    0     0    92 2962 2044  4  2 94  0  0  0
 0  0   4132 2338560 402268 20329068    0    0     0   112 3736 2721  5  3 92  0  0  0
 3  0   4132 2335028 402268 20329096    0    0     0   968 4319 2965  6  4 90  0  0  0
 1  0   4132 2333768 402268 20329120    0    0     0   120 3213 2176  5  2 93  0  0  0
 0  0   4132 2336960 402268 20329152    0    0     0   292 3316 2346  4  2 93  0  0  0
 0  0   4132 2334220 402268 20329168    0    0     0   112 3025 1982  4  2 93  0  0  0
 2  0   4132 2332208 402268 20329208    0    0     0    88 3112 2072  4  2 94  0  0  0
 0  0   4132 2328680 402268 20329220    0    0     0   928 3348 2185  5  2 93  0  0  0
 2  0   4132 2328652 402268 20329400    0    0     0   144 4927 3452 10  4 86  0  0  0
 0  0   4132 2328036 402268 20329428    0    0     0   288 3111 2219  5  2 93  0  0  0
 5  0   4132 2327032 402268 20329448    0    0     0    72 2865 1916  4  2 94  0  0  0
 0  0   4132 2323532 402268 20329484    0    0     0   140 3120 2163  5  2 93  0  0  0
 0  0   4132 2321516 402268 20329504    0    0     0   864 3034 2103  4  2 94  0  0  0
 0  0   4132 2319036 402268 20329540    0    0     0  1044 4546 3134  6  4 90  0  0  0
 0  0   4132 2318784 402268 20329568    0    0     0   344 3431 2315  5  3 92  0  0  0
 0  0   4132 2323596 402268 20329596    0    0     0   104 3202 2226  5  2 93  0  0  0
 1  0   4132 2317348 402268 20329612    0    0     0    80 3037 2039  5  3 93  0  0  0
procs -----------memory---------- ---swap-- -----io---- -system-- -------cpu-------
 r  b   swpd   free   buff  cache   si   so    bi    bo   in   cs us sy id wa st gu
 0  0   4132 2314636 402268 20329640    0    0     0   104 3021 2059  5  2 94  0  0  0
 0  0   4132 2312872 402268 20329660    0    0     0   152 4147 3029  5  4 91  0  0  0
 1  0   4132 2310996 402268 20329684    0    0     0   232 4357 3996  5  3 92  0  0  0
 1  0   4132 2312184 402268 20329720    0    0     0    76 7613 8509 12  4 84  0  0  0
 0  0   4132 2311264 402268 20329756    0    0     0   112 3143 2184  5  2 93  0  0  0
 0  0   4132 2316076 402268 20329788    0    0     0    72 3193 2317  4  2 93  0  0  0
 1  0   4132 2315048 402268 20329812    0    0     0   920 4857 3385  6  4 89  0  0  0
 0  0   4132 2314908 402268 20329852    0    0     0   232 3713 2700  5  2 92  0  0  0
 3  0   4132 2329516 402268 20329872    0    0     0   116 3156 2421  4  2 94  0  0  0
 0  0   4132 2328004 402268 20329920    0    0     0    76 3059 2096  4  2 94  0  0  0
 0  0   4132 2325488 402268 20329936    0    0     0   112 3395 2402  5  3 92  0  0  0
 1  0   4132 2327036 402268 20329960    0    0     0   904 3571 2362  5  2 93  0  0  0
 0  0   4132 2332504 402268 20329992    0    0     0   352 5816 5011  7  5 88  0  0  0
 2  0   4132 2328248 402268 20330024    0    0     0    80 3506 2565  5  2 93  0  0  0
 8  0   4132 2328924 402268 20330056    0    0     0   108 3849 3051  6  3 91  0  0  0
 1  0   4132 2332508 402268 20330096    0    0     0   104 3565 2321  9  2 89  0  0  0
 1  0   4132 2330448 402268 20330100    0    0     0   120 3212 2216  5  2 93  0  0  0
 1  0   4132 2332068 402268 20330148    0    0     0  1296 4912 3360  6  4 89  0  0  0
 1  0   4132 2330332 402268 20330172    0    0     0   104 3132 1990  5  2 93  0  0  0
 1  0   4132 2338004 402268 20330184    0    0     0    80 3044 2145  4  2 94  0  0  0
 2  0   4132 2338456 402268 20330220    0    0     0   104 3124 2222  4  2 94  0  0  0
procs -----------memory---------- ---swap-- -----io---- -system-- -------cpu-------
 r  b   swpd   free   buff  cache   si   so    bi    bo   in   cs us sy id wa st gu
 1  0   4132 2337956 402268 20330236    0    0     0    88 2959 2127  4  2 94  0  0  0
 1  0   4132 2335216 402268 20330292    0    0     0   336 4455 3209  5  4 91  0  0  0
 1  0   4132 2333956 402268 20330316    0    0     0    72 3230 2322  5  3 93  0  0  0
 1  0   4132 2331744 402268 20330332    0    0     0   104 2942 1912  4  2 94  0  0  0
 1  0   4132 2329980 402268 20330356    0    0     0    72 3051 2068  4  2 93  0  0  0
 9  0   4132 2337352 402268 20330388    0    0     0   896 3698 2470  6  3 91  0  0  0
 2  0   4132 2330816 402268 20330420    0    0     0  1188 4694 3103  9  4 87  0  0  0
 2  0   4132 2327820 402268 20330452    0    0     0   116 2969 2029  4  2 94  0  0  0
 2  0   4132 2326564 402268 20330468    0    0     0    72 3156 2204  4  2 93  0  0  0
 1  0   4132 2324924 402268 20330504    0    0     0   112 3384 2446  5  2 93  0  0  0
 1  0   4132 2321560 402268 20330524    0    0     0    88 3304 2459  4  2 93  0  0  0
 1  0   4132 2321072 402268 20330552    0    0     0   264 4434 3915  5  3 92  0  0  0
 1  0   4132 2320052 402268 20330576    0    0     0  1008 7710 8737  8  5 87  0  0  0
 2  0   4132 2320108 402268 20330612    0    0     0   108 3306 2401  5  2 93  0  0  0
 3  0   4132 2320108 402268 20330632    0    0     0    88 2972 2133  4  2 94  0  0  0
 1  0   4132 2322348 402268 20330660    0    0     0   120 3385 2393  5  2 93  0  0  0
 1  0   4132 2325772 402268 20330700    0    0     0   312 3699 2472  9  2 89  0  0  0
 1  0   4132 2318508 402268 20330708    0    0     0   836 4677 3226  6  4 90  0  0  0
 1  0   4132 2319684 402268 20330772    0    0     0    80 3174 2184  5  2 93  0  0  0
 2  0   4132 2324672 402268 20330800    0    0     0   116 3352 2356  4  2 93  0  0  0
 2  0   4132 2321352 402268 20330824    0    0     0    88 3072 2034  5  2 93  0  0  0
procs -----------memory---------- ---swap-- -----io---- -system-- -------cpu-------
 r  b   swpd   free   buff  cache   si   so    bi    bo   in   cs us sy id wa st gu
 1  0   4132 2326168 402268 20330852    0    0     0   256 4939 4225  6  3 91  0  0  0
 1  0   4132 2324936 402268 20330908    0    0     0   140 3986 2666  6  4 91  0  0  0
 3  0   4132 2332528 402268 20330924    0    0     0   136 3272 2068  5  3 93  0  0  0
 1  0   4132 2330548 402268 20330940    0    0     0    72 3186 2223  4  2 94  0  0  0
 1  0   4132 2328784 402268 20330976    0    0     0   128 3206 2195  4  2 93  0  0  0
 1  0   4132 2326796 402268 20331000    0    0     0   344 3015 2074  4  2 93  0  0  0
 1  0   4132 2322524 402268 20331044    0    0     0   912 4947 3476 11  4 85  0  0  0
 2  0   4132 2323852 402268 20331080    0    0     0   104 3384 2485  4  2 94  0  0  0
 1  0   4132 2322592 402268 20331096    0    0     0   112 2976 2109  4  2 94  0  0  0
 2  0   4132 2319820 402268 20331124    0    0     0   104 3111 2290  4  2 94  0  0  0
 1  0   4132 2316944 402268 20331140    0    0     0   268 3394 2386  5  2 93  0  0  0
 2  0   4132 2316692 402268 20331172    0    0     0    76 2869 1937  4  2 94  0  0  0
 2  0   4132 2313388 402268 20331188    0    0     0  1100 5270 4342  7  5 88  0  0  0
 1  0   4132 2314816 402268 20331224    0    0     0    80 3411 2277  5  3 93  0  0  0
 1  0   4132 2316088 402268 20331252    0    0     0   128 3455 2436  5  2 93  0  0  0
 1  0   4132 2315676 402268 20331288    0    0     0  1068 3347 2326  4  2 94  0  0  0
 2  0   4132 2317732 402268 20331308    0    0     0   132 3373 2292  5  3 93  0  0  0
 2  0   4132 2322964 402268 20331476    0    0     0  1000 4516 3199  6  4 90  0  0  0
 1  0   4132 2320948 402268 20331488    0    0     0   340 3623 2328 10  2 88  0  0  0
 1  0   4132 2320476 402268 20331536    0    0     0   136 3243 2337  5  2 93  0  0  0
 2  0   4132 2320012 402268 20331556    0    0     0   308 4819 4254  6  4 90  0  0  0
procs -----------memory---------- ---swap-- -----io---- -system-- -------cpu-------
 r  b   swpd   free   buff  cache   si   so    bi    bo   in   cs us sy id wa st gu
 1  0   4132 2315388 402268 20331572    0    0     0    56 6772 7664  7  4 89  0  0  0
 1  0   4132 2316660 402268 20331592    0    0     0   328 4201 3041  6  4 90  0  0  0
 1  0   4132 2318512 402268 20331632    0    0     0   240 3490 2435  5  3 93  0  0  0
 4  0   4132 2316252 402268 20331648    0    0     0   396 3381 2266  5  2 93  0  0  0
 2  0   4132 2323412 402268 20331684    0    0     0    92 3009 2201  4  2 93  0  0  0
 2  0   4132 2322556 402268 20331708    0    0     0   112 3657 2879  6  3 92  0  0  0
 1  0   4132 2328904 402268 20331744    0    0     0  1220 4380 2989  6  4 90  0  0  0
 1  0   4132 2332348 402268 20331768    0    0     0   112 3341 2121  5  3 92  0  0  0
 0  0   4132 2335232 402268 20331812    0    0     0    88 3927 2629  9  3 88  0  0  0
 4  0   4132 2330392 402268 20331860    0    0     0   384 4887 4330  6  3 91  0  0  0
 1  0   4132 2332660 402268 20331876    0    0     0    80 3032 2081  4  2 94  0  0  0
 2  0   4132 2329948 402268 20331916    0    0     0   232 3420 2264  5  2 92  0  0  0
 1  0   4132 2326900 402268 20331944    0    0     0  1352 4723 3219  6  4 90  0  0  0
 3  0   4132 2325136 402268 20331960    0    0     0   124 3798 2665  5  3 92  0  0  0
 1  0   4132 2325136 402268 20332008    0    0     0    76 3087 2154  4  2 93  0  0  0
 3  0   4132 2339408 402268 20332020    0    0     0   668 3449 2388  5  2 93  0  0  0
 1  0   4132 2337116 402268 20332076    0    0     0   224 3078 2164  5  2 93  0  0  0
 1  0   4132 2330264 402268 20332096    0    0     0   844 4581 3121  6  4 90  0  0  0
 1  0   4132 2330328 402268 20332152    0    0     0    96 3384 2421  5  2 93  0  0  0
 0  0   4132 2334712 402268 20332164    0    0     0   112 3189 2083  4  2 94  0  0  0
 0  0   4132 2330404 402268 20332212    0    0     0    80 3387 2139  9  2 89  0  0  0
procs -----------memory---------- ---swap-- -----io---- -system-- -------cpu-------
 r  b   swpd   free   buff  cache   si   so    bi    bo   in   cs us sy id wa st gu
 0  0   4132 2330936 402268 20332232    0    0     0   228 3445 2314  5  3 92  0  0  0
 0  0   4132 2325940 402268 20332296    0    0     0   128 4082 2990  5  4 91  0  0  0
 0  0   4132 2332020 402268 20332348    0    0     0   148 3839 2687  5  3 92  0  0  0
 1  0   4132 2332020 402268 20332352    0    0     0   100 2996 2037  4  2 93  0  0  0
 0  0   4132 2330256 402268 20332384    0    0     0   940 3091 2078  4  2 93  0  0  0
 0  0   4132 2333632 402268 20332400    0    0     0   316 3042 2186  4  2 94  0  0  0
 0  0   4132 2329948 402268 20332452    0    0     0   880 4426 3103  6  4 90  0  0  0
 2  0   4132 2328184 402268 20332496    0    0     0   188 3522 2626  5  3 93  0  0  0
 0  0   4132 2324164 402268 20332512    0    0     0   124 4701 4339  5  3 92  0  0  0
 0  0   4132 2323104 402268 20332548    0    0     0   120 7377 8427  7  5 88  0  0  0
 0  0   4132 2328680 402268 20332548    0    0     0   284 3652 2367 10  2 88  0  0  0
 1  0   4132 2332172 402268 20332600    0    0     0    84 3039 2159  5  2 93  0  0  0
 0  0   4132 2326276 402268 20332628    0    0     0  1092 4801 3258  6  4 90  0  0  0
 0  0   4132 2324080 402272 20332652    0    0     0   100 3420 2447  5  3 92  0  0  0
 0  0   4132 2322284 402272 20332680    0    0     0   120 3355 2454  4  2 93  0  0  0
 1  0   4132 2327764 402272 20332704    0    0     0   380 3147 2174  4  2 94  0  0  0
 0  0   4132 2323488 402272 20332712    0    0     0   112 3154 2245  4  2 93  0  0  0
 1  0   4132 2326912 402272 20332764    0    0     0   760 4561 3383  6  4 90  0  0  0
 0  0   4132 2330476 402272 20332788    0    0     0   136 4915 4476  5  3 92  0  0  0
 0  0   4132 2336004 402272 20332820    0    0     0    72 2962 2100  4  2 94  0  0  0
 0  0   4132 2334240 402272 20332820    0    0     0   228 3534 2334 10  2 88  0  0  0
procs -----------memory---------- ---swap-- -----io---- -system-- -------cpu-------
 r  b   swpd   free   buff  cache   si   so    bi    bo   in   cs us sy id wa st gu
 0  0   4132 2338224 402272 20332872    0    0     0    72 3222 2345  4  2 94  0  0  0
 0  0   4132 2330856 402272 20332896    0    0     0   180 4216 3046  6  4 90  0  0  0
 0  0   4132 2331824 402272 20332940    0    0     0    84 3360 2336  4  2 93  0  0  0
 0  0   4132 2330060 402272 20332940    0    0     0   112 3235 2344  5  2 93  0  0  0
 0  0   4132 2328048 402272 20332992    0    0     0    72 2905 1997  4  2 94  0  0  0
 0  0   4132 2326464 402272 20333004    0    0     0   224 3790 2653  6  3 92  0  0  0
 0  0   4132 2328296 402272 20333044    0    0     0   840 4460 3212  6  4 90  0  0  0
 0  0   4132 2332108 402272 20333080    0    0     0   120 3377 2338  5  2 93  0  0  0
 0  0   4132 2338804 402272 20333108    0    0     0    84 3273 2272  4  2 93  0  0  0
 0  0   4132 2335812 402272 20333140    0    0     0   104 3533 2322  9  2 89  0  0  0
 0  0   4132 2333796 402272 20333148    0    0     0   288 3039 2193  4  2 94  0  0  0
 0  0   4132 2331808 402272 20333180    0    0     0   136 3530 2590  5  3 93  0  0  0
 0  0   4132 2331928 402272 20333212    0    0     0  1016 4462 2947  6  4 90  0  0  0
 2  0   4132 2329916 402272 20333236    0    0     0   108 3142 2235  4  2 94  0  0  0
 1  0   4132 2329160 402272 20333264    0    0     0   880 2971 2202  4  2 94  0  0  0
 1  0   4132 2328908 402272 20333296    0    0     0   220 3011 2111  4  2 93  1  0  0
 0  0   4132 2333508 402272 20333296    0    0     0   140 3183 2378  4  2 94  0  0  0
 0  0   4132 2320712 402272 20333348    0    0     0   860 6303 5337  7  5 88  0  0  0
 0  0   4132 2323172 402272 20333392    0    0     0    92 7627 8607  7  4 88  0  0  0
 1  0   4132 2320428 402272 20333436    0    0     0   112 3593 2188  9  2 88  0  0  0
 0  0   4132 2326896 402272 20333488    0    0     0   332 3188 2293  4  2 94  0  0  0
procs -----------memory---------- ---swap-- -----io---- -system-- -------cpu-------
 r  b   swpd   free   buff  cache   si   so    bi    bo   in   cs us sy id wa st gu
 1  0   4132 2323984 402272 20333504    0    0     0   224 3343 2337  5  2 93  0  0  0
 1  0   4132 2327956 402272 20333672    0    0     0   168 4579 3312  6  4 90  0  0  0
 0  0   4132 2322340 402272 20333684    0    0     0   112 3476 2506  5  3 93  0  0  0
 0  0   4132 2321060 402272 20333732    0    0     0    72 3006 2143  4  2 94  0  0  0
 0  0   4132 2321108 402272 20333740    0    0     0   320 3596 2635  5  2 93  0  0  0
 2  0   4132 2321048 402272 20333784    0    0     0    80 3063 2053  4  2 94  0  0  0
 1  0   4132 2319796 402272 20333784    0    0     0   948 6201 5236  7  5 88  0  0  0
 1  0   4132 2326896 402272 20333828    0    0     0    88 3465 2362  5  3 93  0  0  0
 1  0   4132 2333024 402272 20333836    0    0     0   104 3190 2185  4  2 93  0  0  0
 0  0   4132 2332340 402272 20333884    0    0     0   384 3289 2054  9  2 89  0  0  0
 0  0   4132 2330072 402272 20333888    0    0     0   104 3035 2054  5  2 93  0  0  0
 0  0   4132 2327808 402272 20333944    0    0     0   124 2973 2010  4  2 94  0  0  0
 1  0   4132 2321356 402272 20333948    0    0     0  1100 4484 2993  6  4 90  0  0  0
 0  0   4132 2320752 402272 20333992    0    0     0    76 3368 2271  5  3 92  0  0  0
 0  0   4132 2319280 402272 20333996    0    0     0   224 3371 2301  5  2 93  0  0  0
 1  0   4132 2324428 402272 20334052    0    0     0    80 3150 2204  4  2 94  0  0  0
 1  0   4132 2325512 402272 20334060    0    0     0   132 3382 2275  5  3 92  0  0  0
 1  0   4132 2325800 402272 20334104    0    0     0   804 4818 3305  6  5 89  0  0  0
 0  0   4132 2319080 402272 20334120    0    0     0   108 3174 2200  5  3 93  0  0  0
 0  0   4132 2319080 402272 20334164    0    0     0   312 3386 2004  9  3 88  0  0  0
 0  0   4132 2319696 402272 20334204    0    0     0   112 3665 2790  5  3 92  0  0  0
procs -----------memory---------- ---swap-- -----io---- -system-- -------cpu-------
 r  b   swpd   free   buff  cache   si   so    bi    bo   in   cs us sy id wa st gu
 0  0   4132 2319180 402272 20334240    0    0     0   100 3129 2131  4  3 93  0  0  0
 0  0   4132 2314732 402272 20334264    0    0     0   160 4440 3494  6  4 90  0  0  0
 1  0   4132 2323128 402276 20334300    0    0     0   880 3486 2339  5  3 92  0  0  0
 0  0   4132 2316064 402276 20334332    0    0     0   204 3178 2187  5  3 93  0  0  0
 0  0   4132 2321100 402276 20334348    0    0     0    72 3019 2167  4  2 94  0  0  0
 2  0   4132 2321772 402276 20334372    0    0     0   212 4779 4122  5  3 91  0  0  0
 0  0   4132 2310512 402276 20334420    0    0     0   928 8196 8811  9  6 85  0  0  0
 1  0   4132 2308420 402276 20334440    0    0     0   112 3172 2155  4  2 93  0  0  0
 1  0   4132 2308100 402276 20334468    0    0     0   436 3454 2423  5  3 93  0  0  0
 0  0   4132 2307160 402276 20334500    0    0     0   112 3764 2450  9  2 88  0  0  0
 0  0   4132 2310728 402276 20334540    0    0     0    92 3121 2113  4  2 94  0  0  0
 2  0   4132 2308900 402276 20334556    0    0     0   196 3701 2722  5  3 91  0  0  0
 0  0   4132 2324116 402276 20334604    0    0     0  1144 4709 3139  6  4 89  0  0  0
 0  0   4132 2315920 402276 20334620    0    0     0   112 3537 2479  5  3 92  0  0  0
 1  0   4132 2327316 402276 20334672    0    0     0    80 3149 2177  4  2 93  0  0  0
 5  0   4132 2322164 402276 20334680    0    0     0   128 4651 3872  8  3 89  0  0  0
 0  0   4132 2322964 402276 20334716    0    0     0    92 3599 2711  5  2 93  0  0  0
 0  0   4132 2317148 402276 20334740    0    0     0   844 4478 2940  7  4 89  0  0  0
 0  0   4132 2324400 402276 20334768    0    0     0   164 3431 2259  5  3 93  0  0  0
 0  0   4132 2322280 402276 20334784    0    0     0   104 3561 2317 10  2 88  0  0  0
 0  0   4132 2320292 402276 20334824    0    0     0   100 3184 2329  4  2 94  0  0  0
procs -----------memory---------- ---swap-- -----io---- -system-- -------cpu-------
 r  b   swpd   free   buff  cache   si   so    bi    bo   in   cs us sy id wa st gu
 1  0   4132 2318528 402276 20334840    0    0     0   144 3129 2088  4  2 94  0  0  0
 0  0   4132 2317176 402276 20334876    0    0     0   276 4308 3320  5  4 90  0  0  0
 0  0   4132 2316864 402276 20334900    0    0     0   108 3166 2132  4  2 94  0  0  0
 0  0   4132 2316108 402276 20334936    0    0     0    80 3180 2247  4  3 93  0  0  0
 0  0   4132 2317100 402276 20334944    0    0     0   124 3202 2211  5  2 93  0  0  0
 1  0   4132 2315136 402276 20334980    0    0     0    80 3019 2205  4  2 94  0  0  0
 0  0   4132 2310628 402276 20334988    0    0     0  1104 4516 3160  6  4 91  0  0  0
 0  0   4132 2308388 402276 20335056    0    0     0    80 3048 1836  4  3 93  0  0  0
 2  0   4132 2305868 402276 20335068    0    0     0   124 3269 2153  5  2 93  0  0  0
 0  0   4132 2306032 402276 20335116    0    0     0   104 3105 2132  4  2 93  0  0  0
 1  0   4132 2306032 402276 20335132    0    0     0   112 3555 2133  9  2 88  0  0  0
 1  0   4132 2304268 402276 20335156    0    0     0   276 3111 2146  4  2 94  0  0  0
 0  0   4132 2301788 402280 20335184    0    0     0  1708 4600 3154  6  4 90  0  0  0
 0  0   4132 2301580 402280 20335228    0    0     0    76 3621 2666  4  2 93  0  0  0
 1  0   4132 2299360 402280 20335280    0    0     0   164 4989 4138  6  3 91  0  0  0
 4  0   4132 2314664 402280 20335316    0    0     0   108 6347 7092  6  4 90  0  0  0
 1  0   4132 2317900 402280 20335332    0    0     0   428 4506 3757  6  3 91  0  0  0
 0  0   4132 2313972 402280 20335396    0    0     0   848 4560 3085  6  4 90  0  0  0
 1  0   4132 2312208 402280 20335400    0    0     0   120 3288 2332  5  2 93  0  0  0
 0  0   4132 2323656 402280 20335452    0    0     0   124 3191 2344  4  2 93  0  0  0
 1  0   4132 2327304 402280 20335456    0    0     0   112 3325 2384  4  2 93  0  0  0
procs -----------memory---------- ---swap-- -----io---- -system-- -------cpu-------
 r  b   swpd   free   buff  cache   si   so    bi    bo   in   cs us sy id wa st gu
 0  0   4132 2324564 402280 20335512    0    0     0    72 3071 2122  4  2 94  0  0  0
 0  0   4132 2323308 402280 20335524    0    0     0   372 4622 3334 10  4 86  0  0  0
 1  0   4132 2322368 402280 20335696    0    0     0    72 3471 2348  4  3 93  0  0  0
 1  0   4132 2316208 402280 20335704    0    0     0   192 3398 2378  5  3 93  0  0  0
 0  0   4132 2317024 402280 20335764    0    0     0    84 4242 3599  5  3 93  0  0  0
 1  0   4132 2322096 402280 20335764    0    0     0   112 3566 2577  5  3 91  0  0  0
 0  0   4132 2319884 402280 20335832    0    0     0  1256 4601 3163  6  4 90  0  0  0
 0  0   4132 2322592 402280 20335840    0    0     0   116 3138 2178  5  2 93  0  0  0
 0  0   4132 2328952 402280 20335884    0    0     0   100 3053 2046  4  2 94  0  0  0
 0  0   4132 2325452 402280 20335908    0    0     0   104 4970 5344  6  3 91  0  0  0
 0  0   4132 2329152 402280 20335928    0    0     0    88 2973 1989  4  2 93  0  0  0
 1  0   4132 2326504 402280 20335960    0    0     0   272 3755 2637  5  3 91  0  0  0
 1  0   4132 2332640 402280 20335984    0    0     0   948 7138 3332 10  4 86  0  0  0
 0  0   4132 2328088 402280 20336016    0    0     0   128 4909 5170  6  3 91  0  0  0
 0  0   4132 2331076 402280 20336028    0    0     0    80 3072 2137  4  2 94  0  0  0
 0  0   4132 2335056 402280 20336056    0    0     0   104 3393 2359  5  2 92  0  0  0
 1  0   4132 2338972 402280 20336092    0    0     0   240 3050 2105  4  2 94  0  0  0
 0  0   4132 2327792 402280 20336108    0    0     0   848 5046 3570  8  4 88  0  0  0
 0  0   4132 2332932 402280 20336164    0    0     0   116 3473 2479  5  3 93  0  0  0
 0  0   4132 2329212 402280 20336188    0    0     0   104 3211 2178  5  2 93  0  0  0
 0  0   4132 2336516 402280 20336200    0    0     0    80 3132 2133  4  2 94  0  0  0
procs -----------memory---------- ---swap-- -----io---- -system-- -------cpu-------
 r  b   swpd   free   buff  cache   si   so    bi    bo   in   cs us sy id wa st gu
 0  0   4132 2332824 402280 20336240    0    0     0   392 3230 2273  5  2 93  0  0  0
 0  0   4132 2332276 402284 20336280    0    0     0   896 4438 3428  6  4 90  0  0  0
 1  0   4132 2327492 402284 20336320    0    0     0   232 4098 3481  5  3 92  0  0  0
 0  0   4132 2311432 402284 20336364    0    0     0    80 6476 7116  6  4 90  0  0  0
 0  0   4132 2307544 402284 20336392    0    0     0   104 6970 7771 11  3 85  0  0  0
 1  0   4132 2314428 402284 20336420    0    0     0   256 3091 2269  4  2 93  0  0  0
 0  0   4132 2313580 402284 20336428    0    0     0   968 4343 3157  6  3 91  0  0  0
 0  0   4132 2314072 402284 20336492    0    0     0   112 3648 2614  5  3 93  0  0  0
 1  0   4132 2318628 402284 20336492    0    0     0   144 3464 2507  5  2 92  0  0  0
 1  0   4132 2316476 402284 20336544    0    0     0    72 3035 2100  4  2 94  0  0  0
 1  0   4132 2319476 402284 20336548    0    0     0   152 3424 2400  5  3 92  0  0  0
 3  0   4132 2327824 402284 20336612    0    0     0   280 3353 2215  5  3 92  0  0  0
 0  0   4132 2323796 402284 20336620    0    0     0  1072 4508 3106  6  4 90  0  0  0
 0  0   4132 2321024 402284 20336648    0    0     0   100 5095 4770  5  3 93  0  0  0
 1  0   4132 2322476 402284 20336680    0    0     0   112 3099 2205  4  2 93  0  0  0
 1  0   4132 2314872 402284 20336704    0    0     0    72 3686 2277  9  3 88  0  0  0
 0  0   4132 2312856 402284 20336732    0    0     0   364 3376 2471  6  3 92  0  0  0
 5  0   4132 2317372 402284 20336772    0    0     0   152 4348 3013  6  4 89  0  0  0
 0  0   4132 2315608 402284 20336772    0    0     0   112 3122 2173  5  2 93  0  0  0
 0  0   4132 2313340 402284 20336816    0    0     0    84 3028 2051  4  3 93  0  0  0
 0  0   4132 2316584 402284 20336828    0    0     0   124 3146 2114  4  2 94  0  0  0
procs -----------memory---------- ---swap-- -----io---- -system-- -------cpu-------
 r  b   swpd   free   buff  cache   si   so    bi    bo   in   cs us sy id wa st gu
 1  0   4132 2315368 402284 20336868    0    0     0   192 3421 2357  5  2 93  0  0  0
 0  0   4132 2315640 402284 20336868    0    0     0   184 4250 3278  6  4 90  0  0  0
 2  0   4132 2313428 402284 20336936    0    0     0   116 3280 2278  4  3 93  0  0  0
 1  0   4132 2312968 402284 20336936    0    0     0   104 3546 2571  5  3 92  0  0  0
 0  0   4132 2319132 402284 20336988    0    0     0    80 3125 2067  5  2 93  0  0  0
 0  0   4132 2349168 402284 20336988    0    0     0   272 3935 3175  5  3 92  0  0  0
 1  0   4132 2339632 402284 20337048    0    0     0   148 4795 3261 11  4 85  0  0  0
 1  0   4132 2337648 402284 20337056    0    0     0   112 3372 2280  5  2 93  0  0  0
 0  0   4132 2334652 402284 20337100    0    0     0    92 3148 2284  5  2 93  0  0  0
 3  0   4132 2335560 402284 20337112    0    0     0   124 3182 2149  5  2 93  0  0  0
 0  0   4132 2334580 402284 20337152    0    0     0   384 3454 2413  5  2 93  0  0  0
 7  0   4132 2331000 402284 20337172    0    0     0   964 3664 2424  5  3 92  0  0  0
 0  0   4132 2327980 402284 20337216    0    0     0   104 7918 9088  8  5 87  0  0  0
 0  0   4132 2327144 402284 20337260    0    0     0   112 4693 4156  5  3 92  0  0  0
 0  0   4132 2325380 402284 20337276    0    0     0    72 3045 2238  4  2 94  0  0  0
 0  0   4132 2326908 402284 20337300    0    0     0   220 3367 2478  5  3 93  0  0  0
 1  0   4132 2328060 402284 20337332    0    0     0   172 3227 2286  4  2 93  0  0  0
 1  0   4132 2326804 402284 20337360    0    0     0  1460 4922 3526  6  5 89  0  0  0
 0  0   4132 2324536 402284 20337376    0    0     0   104 3334 2298  5  3 93  0  0  0
 0  0   4132 2319572 402284 20337416    0    0     0   104 9791 2748 10  2 88  0  0  0
 0  0   4132 2317304 402284 20337416    0    0     0   368 3114 2181  4  2 93  0  0  0
procs -----------memory---------- ---swap-- -----io---- -system-- -------cpu-------
 r  b   swpd   free   buff  cache   si   so    bi    bo   in   cs us sy id wa st gu
 1  0   4132 2313832 402284 20337476    0    0     0   108 3207 2278  4  2 93  0  0  0
 0  0   4132 2312416 402284 20337504    0    0     0   728 5972 5203  7  5 89  0  0  0
 0  0   4132 2313684 402284 20337540    0    0     0   116 3183 2121  4  2 93  0  0  0
 1  0   4132 2311740 402284 20337580    0    0     0    72 3137 2227  4  2 94  0  0  0
 0  0   4132 2310128 402284 20337624    0    0     0   228 3318 2326  4  2 93  0  0  0
 0  0   4132 2313776 402284 20337644    0    0     0    76 3335 2202  4  2 93  0  0  0
