[2026-05-29T15:48:54-0500] ip -s link show dev tun0 > ./scada_vpn_probe_results/baseline_PRIVATE_IP_022_20260529_154853/raw/ip_s_link_before.log 2>&1
[2026-05-29T15:48:54-0500] ss -ti dst PRIVATE_IP_022 > ./scada_vpn_probe_results/baseline_PRIVATE_IP_022_20260529_154853/raw/ss_before.log 2>&1
[2026-05-29T15:48:54-0500] nstat -az > ./scada_vpn_probe_results/baseline_PRIVATE_IP_022_20260529_154853/raw/nstat_before.log 2>&1
[2026-05-29T15:48:54-0500] sar -n DEV,EDEV,TCP,ETCP 1 500 > ./scada_vpn_probe_results/baseline_PRIVATE_IP_022_20260529_154853/raw/sar_net_dev.log 2>&1 &
[2026-05-29T15:48:54-0500] sar -u ALL 1 500 > ./scada_vpn_probe_results/baseline_PRIVATE_IP_022_20260529_154853/raw/sar_cpu.log 2>&1 &
[2026-05-29T15:48:54-0500] sar -q 1 500 > ./scada_vpn_probe_results/baseline_PRIVATE_IP_022_20260529_154853/raw/sar_load.log 2>&1 &
[2026-05-29T15:48:54-0500] mpstat -P ALL 1 500 > ./scada_vpn_probe_results/baseline_PRIVATE_IP_022_20260529_154853/raw/mpstat_all.log 2>&1 &
[2026-05-29T15:48:54-0500] vmstat 1 500 > ./scada_vpn_probe_results/baseline_PRIVATE_IP_022_20260529_154853/raw/vmstat.log 2>&1 &
[2026-05-29T15:48:54-0500] pidstat -rudw 1 500 > ./scada_vpn_probe_results/baseline_PRIVATE_IP_022_20260529_154853/raw/pidstat_all.log 2>&1 &
[2026-05-29T15:48:54-0500] timeout 500 tshark -i tun0 -f 'host PRIVATE_IP_022 or tcp port 502 or udp port 502 or icmp' -w ./scada_vpn_probe_results/baseline_PRIVATE_IP_022_20260529_154853/pcap/baseline_PRIVATE_IP_022_502_tun0.pcapng
[2026-05-29T15:48:56-0500] systemctl status openvpn --no-pager > ./scada_vpn_probe_results/baseline_PRIVATE_IP_022_20260529_154853/raw/openvpn_systemctl_status.log 2>&1
[2026-05-29T15:48:56-0500] tracepath PRIVATE_IP_022 > ./scada_vpn_probe_results/baseline_PRIVATE_IP_022_20260529_154853/raw/tracepath_PRIVATE_IP_022.log 2>&1
[2026-05-29T15:48:57-0500] mtr -r -c 100 PRIVATE_IP_022 > ./scada_vpn_probe_results/baseline_PRIVATE_IP_022_20260529_154853/raw/mtr_PRIVATE_IP_022.log 2>&1
[2026-05-29T15:50:41-0500] ping -M do -s 1200 -c 3 PRIVATE_IP_022 >> ./scada_vpn_probe_results/baseline_PRIVATE_IP_022_20260529_154853/raw/pmtu_ping_M_do.log
[2026-05-29T15:50:43-0500] ping -M do -s 1280 -c 3 PRIVATE_IP_022 >> ./scada_vpn_probe_results/baseline_PRIVATE_IP_022_20260529_154853/raw/pmtu_ping_M_do.log
[2026-05-29T15:50:45-0500] ping -M do -s 1320 -c 3 PRIVATE_IP_022 >> ./scada_vpn_probe_results/baseline_PRIVATE_IP_022_20260529_154853/raw/pmtu_ping_M_do.log
[2026-05-29T15:50:47-0500] ping -M do -s 1360 -c 3 PRIVATE_IP_022 >> ./scada_vpn_probe_results/baseline_PRIVATE_IP_022_20260529_154853/raw/pmtu_ping_M_do.log
[2026-05-29T15:50:49-0500] ping -M do -s 1380 -c 3 PRIVATE_IP_022 >> ./scada_vpn_probe_results/baseline_PRIVATE_IP_022_20260529_154853/raw/pmtu_ping_M_do.log
[2026-05-29T15:50:51-0500] ping -M do -s 1400 -c 3 PRIVATE_IP_022 >> ./scada_vpn_probe_results/baseline_PRIVATE_IP_022_20260529_154853/raw/pmtu_ping_M_do.log
[2026-05-29T15:50:53-0500] ping -M do -s 1420 -c 3 PRIVATE_IP_022 >> ./scada_vpn_probe_results/baseline_PRIVATE_IP_022_20260529_154853/raw/pmtu_ping_M_do.log
[2026-05-29T15:50:55-0500] ping -M do -s 1440 -c 3 PRIVATE_IP_022 >> ./scada_vpn_probe_results/baseline_PRIVATE_IP_022_20260529_154853/raw/pmtu_ping_M_do.log
[2026-05-29T15:50:57-0500] ping -M do -s 1460 -c 3 PRIVATE_IP_022 >> ./scada_vpn_probe_results/baseline_PRIVATE_IP_022_20260529_154853/raw/pmtu_ping_M_do.log
[2026-05-29T15:50:59-0500] ping -M do -s 1472 -c 3 PRIVATE_IP_022 >> ./scada_vpn_probe_results/baseline_PRIVATE_IP_022_20260529_154853/raw/pmtu_ping_M_do.log
[2026-05-29T15:51:01-0500] ping -D -i 0.2 -s 56 -c 2500 PRIVATE_IP_022 > ./scada_vpn_probe_results/baseline_PRIVATE_IP_022_20260529_154853/raw/ping_PRIVATE_IP_022.log 2>&1
[2026-05-29T15:59:24-0500] python3 tcp_connect inline > ./scada_vpn_probe_results/baseline_PRIVATE_IP_022_20260529_154853/csv/tcp_connect_PRIVATE_IP_022_502.csv
[2026-05-29T16:01:06-0500] nping --tcp -p 502 --rate 5 -c 1000 PRIVATE_IP_022 > ./scada_vpn_probe_results/baseline_PRIVATE_IP_022_20260529_154853/raw/nping_tcp_PRIVATE_IP_022_502.log 2>&1
[2026-05-29T16:01:06-0500] openssl speed -seconds 3 -evp aes-128-gcm > ./scada_vpn_probe_results/baseline_PRIVATE_IP_022_20260529_154853/raw/openssl_speed_aes_128_gcm.log 2>&1
[2026-05-29T16:01:24-0500] openssl speed -seconds 3 -evp aes-256-gcm > ./scada_vpn_probe_results/baseline_PRIVATE_IP_022_20260529_154853/raw/openssl_speed_aes_256_gcm.log 2>&1
[2026-05-29T16:01:42-0500] openssl speed -seconds 3 -evp chacha20-poly1305 > ./scada_vpn_probe_results/baseline_PRIVATE_IP_022_20260529_154853/raw/openssl_speed_chacha20_poly1305.log 2>&1
[2026-05-29T16:02:03-0500] ip -s link show dev tun0 > ./scada_vpn_probe_results/baseline_PRIVATE_IP_022_20260529_154853/raw/ip_s_link_after.log 2>&1
[2026-05-29T16:02:03-0500] ss -ti dst PRIVATE_IP_022 > ./scada_vpn_probe_results/baseline_PRIVATE_IP_022_20260529_154853/raw/ss_after.log 2>&1
[2026-05-29T16:02:03-0500] nstat -az > ./scada_vpn_probe_results/baseline_PRIVATE_IP_022_20260529_154853/raw/nstat_after.log 2>&1
[2026-05-29T16:02:03-0500] tshark -r ./scada_vpn_probe_results/baseline_PRIVATE_IP_022_20260529_154853/pcap/baseline_PRIVATE_IP_022_502_tun0.pcapng -Y tcp.port==502 -T fields -e tcp.payload > ./scada_vpn_probe_results/baseline_PRIVATE_IP_022_20260529_154853/raw/tcp_payload_502.hex
[2026-05-29T16:02:06-0500] capinfos ./scada_vpn_probe_results/baseline_PRIVATE_IP_022_20260529_154853/pcap/baseline_PRIVATE_IP_022_502_tun0.pcapng > ./scada_vpn_probe_results/baseline_PRIVATE_IP_022_20260529_154853/raw/capinfos.log 2>&1
