Linux 6.8.0-55-generic (ubuntu) 	29/05/26 	_x86_64_	(8 CPU)

15:48:54      runq-sz  plist-sz   ldavg-1   ldavg-5  ldavg-15   blocked
15:48:55            0       772      0,17      0,09      0,24         1
15:48:56            0       769      0,17      0,09      0,24         0
15:48:57            1       772      0,17      0,09      0,24         0
15:48:58            0       771      0,17      0,09      0,24         0
15:48:59            1       771      0,17      0,09      0,24         1
15:49:00            0       771      0,24      0,11      0,24         0
15:49:01            0       773      0,24      0,11      0,24         0
15:49:02            0       772      0,24      0,11      0,24         0
15:49:03            0       773      0,24      0,11      0,24         1
15:49:04            1       770      0,24      0,11      0,24         0
15:49:05            0       770      0,22      0,11      0,24         0
15:49:06            0       771      0,22      0,11      0,24         0
15:49:07            1       772      0,22      0,11      0,24         1
15:49:08            1       772      0,22      0,11      0,24         0
15:49:09            1       770      0,22      0,11      0,24         0
15:49:10            0       768      0,28      0,12      0,24         0
15:49:11            0       770      0,28      0,12      0,24         0
15:49:12            1       771      0,28      0,12      0,24         0
15:49:13            5       772      0,28      0,12      0,24         0
15:49:14            1       771      0,28      0,12      0,24         0
15:49:15            1       769      0,26      0,12      0,24         0
15:49:16            1       771      0,26      0,12      0,24         0
15:49:17            2       771      0,26      0,12      0,24         0
15:49:18            2       770      0,26      0,12      0,24         0
15:49:19            1       770      0,26      0,12      0,24         0
15:49:20            0       769      0,24      0,12      0,24         0
15:49:21            1       774      0,24      0,12      0,24         0
15:49:22            0       772      0,24      0,12      0,24         0
15:49:23            0       773      0,24      0,12      0,24         0
15:49:24            0       769      0,24      0,12      0,24         1
15:49:25            0       767      0,22      0,11      0,24         0
15:49:26            0       767      0,22      0,11      0,24         0
15:49:27            0       771      0,22      0,11      0,24         1
15:49:28            0       770      0,22      0,11      0,24         0
15:49:29            2       771      0,22      0,11      0,24         0
15:49:30            0       767      0,20      0,11      0,24         0
15:49:31            1       767      0,20      0,11      0,24         0
15:49:32            0       769      0,20      0,11      0,24         0
15:49:33            1       769      0,20      0,11      0,24         0
15:49:34            1       766      0,20      0,11      0,24         0
15:49:35            2       768      0,19      0,11      0,24         0
15:49:36            1       765      0,19      0,11      0,24         0
15:49:37            2       769      0,19      0,11      0,24         0
15:49:38            0       766      0,19      0,11      0,24         1
15:49:39            1       767      0,19      0,11      0,24         1
15:49:40            2       767      0,17      0,11      0,24         0
15:49:41            1       765      0,17      0,11      0,24         0
15:49:42            3       768      0,17      0,11      0,24         0
15:49:43            1       769      0,17      0,11      0,24         0
15:49:44            2       768      0,17      0,11      0,24         0
15:49:45            2       771      0,24      0,12      0,24         1
15:49:46            1       765      0,24      0,12      0,24         1
15:49:47            7       766      0,24      0,12      0,24         0
15:49:48            3       767      0,24      0,12      0,24         1
15:49:49            2       768      0,24      0,12      0,24         0
15:49:50            1       767      0,22      0,12      0,24         0
15:49:51            2       767      0,22      0,12      0,24         0
15:49:52            5       765      0,22      0,12      0,24         0
15:49:53            3       769      0,22      0,12      0,24         0
15:49:54            2       768      0,22      0,12      0,24         0
15:49:55            2       768      0,28      0,14      0,24         1
15:49:56            2       768      0,28      0,14      0,24         0
15:49:57            3       767      0,28      0,14      0,24         0
15:49:58            1       767      0,28      0,14      0,24         1
15:49:59            1       769      0,28      0,14      0,24         0
15:50:00            2       768      0,26      0,13      0,24         0
15:50:01            1       768      0,26      0,13      0,24         0
15:50:02            1       765      0,26      0,13      0,24         0
15:50:03            2       769      0,26      0,13      0,24         0
15:50:04            4       767      0,26      0,13      0,24         0
15:50:05            1       769      0,40      0,16      0,25         0
15:50:06            1       767      0,40      0,16      0,25         0
15:50:07            1       765      0,40      0,16      0,25         0
15:50:08            2       765      0,40      0,16      0,25         0
15:50:09            1       770      0,40      0,16      0,25         0
15:50:10            1       768      0,37      0,16      0,25         0
15:50:11            1       770      0,37      0,16      0,25         0
15:50:12            4       798      0,37      0,16      0,25         0
15:50:13            1       769      0,37      0,16      0,25         0
15:50:14            1       768      0,37      0,16      0,25         0
15:50:15            1       770      0,34      0,16      0,25         0
15:50:16            1       769      0,34      0,16      0,25         0
15:50:17            1       771      0,34      0,16      0,25         0
15:50:18            1       767      0,34      0,16      0,25         0
15:50:19            1       769      0,34      0,16      0,25         0
15:50:20            2       769      0,31      0,16      0,25         0
15:50:21            0       769      0,31      0,16      0,25         0
15:50:22            0       772      0,31      0,16      0,25         0
15:50:23            0       768      0,31      0,16      0,25         0
15:50:24            0       768      0,31      0,16      0,25         0
15:50:25            0       769      0,28      0,15      0,25         0
15:50:26            0       769      0,28      0,15      0,25         0
15:50:27            0       770      0,28      0,15      0,25         0
15:50:28            4       767      0,28      0,15      0,25         0
15:50:29            0       767      0,28      0,15      0,25         0
15:50:30            0       768      0,26      0,15      0,24         0
15:50:31            0       770      0,26      0,15      0,24         0
15:50:32            0       769      0,26      0,15      0,24         0
15:50:33            0       769      0,26      0,15      0,24         0
15:50:34            0       767      0,26      0,15      0,24         0
15:50:35            0       769      0,32      0,16      0,25         0
15:50:36            0       769      0,32      0,16      0,25         0
15:50:37            0       770      0,32      0,16      0,25         0
15:50:38            0       769      0,32      0,16      0,25         0
15:50:39            0       766      0,32      0,16      0,25         0
15:50:40            1       767      0,29      0,16      0,25         0
15:50:41            1       766      0,29      0,16      0,25         0
15:50:42            0       766      0,29      0,16      0,25         0
15:50:43            1       766      0,29      0,16      0,25         0
15:50:44            2       762      0,29      0,16      0,25         0
15:50:45            1       766      0,27      0,16      0,25         0
15:50:46            0       765      0,27      0,16      0,25         0
15:50:47            1       765      0,27      0,16      0,25         0
15:50:48            1       765      0,27      0,16      0,25         0
15:50:49            1       764      0,27      0,16      0,25         0
15:50:50            1       763      0,25      0,16      0,24         0
15:50:51            0       766      0,25      0,16      0,24         0
15:50:52            0       765      0,25      0,16      0,24         0
15:50:53            1       768      0,25      0,16      0,24         0
15:50:54            1       764      0,25      0,16      0,24         0
15:50:55            1       765      0,23      0,15      0,24         0
15:50:56            0       767      0,23      0,15      0,24         0
15:50:57            0       769      0,23      0,15      0,24         0
15:50:58            0       767      0,23      0,15      0,24         0
15:50:59            0       767      0,23      0,15      0,24         0
15:51:00            2       764      0,21      0,15      0,24         0
15:51:01            0       769      0,21      0,15      0,24         0
15:51:02            0       766      0,21      0,15      0,24         0
15:51:03            1       767      0,21      0,15      0,24         0
15:51:04            1       767      0,21      0,15      0,24         0
15:51:05            1       765      0,19      0,15      0,24         0
15:51:06            2       767      0,19      0,15      0,24         0
15:51:07            0       768      0,19      0,15      0,24         0
15:51:08            0       766      0,19      0,15      0,24         0
15:51:09            0       766      0,19      0,15      0,24         0
15:51:10            0       764      0,18      0,14      0,24         0
15:51:11            0       765      0,18      0,14      0,24         0
15:51:12            0       765      0,18      0,14      0,24         0
15:51:13            0       768      0,18      0,14      0,24         0
15:51:14            1       765      0,18      0,14      0,24         0
15:51:15            1       764      0,16      0,14      0,24         0
15:51:16            1       763      0,16      0,14      0,24         0
15:51:17            1       768      0,16      0,14      0,24         0
15:51:18            0       766      0,16      0,14      0,24         0
15:51:19            0       769      0,16      0,14      0,24         0
15:51:20            1       766      0,15      0,14      0,23         0
15:51:21            1       765      0,15      0,14      0,23         0
15:51:22            2       766      0,15      0,14      0,23         0
15:51:23            1       766      0,15      0,14      0,23         0
15:51:24            1       766      0,15      0,14      0,23         0
15:51:25            1       767      0,14      0,14      0,23         2
15:51:26            1       764      0,14      0,14      0,23         0
15:51:27            1       769      0,14      0,14      0,23         0
15:51:28            0       766      0,14      0,14      0,23         0
15:51:29            0       769      0,14      0,14      0,23         0
15:51:30            1       766      0,13      0,13      0,23         0
15:51:31            1       766      0,13      0,13      0,23         0
15:51:32            0       765      0,13      0,13      0,23         0
15:51:33            0       766      0,13      0,13      0,23         0
15:51:34            1       766      0,13      0,13      0,23         0
15:51:35            0       767      0,12      0,13      0,23         2
15:51:36            0       765      0,12      0,13      0,23         0
15:51:37            0       765      0,12      0,13      0,23         0
15:51:38            2       766      0,12      0,13      0,23         0
15:51:39            0       767      0,12      0,13      0,23         0
15:51:40            0       766      0,11      0,13      0,23         1
15:51:41            0       767      0,11      0,13      0,23         0
15:51:42            0       764      0,11      0,13      0,23         0
15:51:43            0       766      0,11      0,13      0,23         0
15:51:44            0       766      0,11      0,13      0,23         0
15:51:45            0       767      0,10      0,13      0,23         0
15:51:46            0       766      0,10      0,13      0,23         0
15:51:47            1       766      0,10      0,13      0,23         0
15:51:48            1       766      0,10      0,13      0,23         0
15:51:49            0       768      0,10      0,13      0,23         0
15:51:50            0       766      0,09      0,12      0,23         0
15:51:51            0       768      0,09      0,12      0,23         0
15:51:52            0       764      0,09      0,12      0,23         0
15:51:53            0       766      0,09      0,12      0,23         0
15:51:54            0       766      0,09      0,12      0,23         0
15:51:55            0       767      0,08      0,12      0,22         0
15:51:56            0       766      0,08      0,12      0,22         0
15:51:57            0       765      0,08      0,12      0,22         0
15:51:58            3       764      0,08      0,12      0,22         0
15:51:59            0       767      0,08      0,12      0,22         0
15:52:00            0       766      0,08      0,12      0,22         0
15:52:01            0       766      0,08      0,12      0,22         0
15:52:02            0       766      0,08      0,12      0,22         0
15:52:03            0       765      0,08      0,12      0,22         0
15:52:04            1       766      0,08      0,12      0,22         0
15:52:05            0       767      0,07      0,12      0,22         0
15:52:06            0       766      0,07      0,12      0,22         0
15:52:07            0       767      0,07      0,12      0,22         0
15:52:08            1       764      0,07      0,12      0,22         0
15:52:09            5       771      0,07      0,12      0,22         0
15:52:10            0       766      0,06      0,12      0,22         0
15:52:11            0       767      0,06      0,12      0,22         0
15:52:12            0       766      0,06      0,12      0,22         0
15:52:13            0       766      0,06      0,12      0,22         0
15:52:14            0       764      0,06      0,12      0,22         0
15:52:15            0       766      0,06      0,11      0,22         0
15:52:16            0       767      0,06      0,11      0,22         0
15:52:17            0       768      0,06      0,11      0,22         0
15:52:18            0       764      0,06      0,11      0,22         0
15:52:19            0       765      0,06      0,11      0,22         0
15:52:20            0       767      0,37      0,18      0,24         0
15:52:21            0       767      0,37      0,18      0,24         0
15:52:22            1       782      0,37      0,18      0,24         0
15:52:23            0       767      0,37      0,18      0,24         0
15:52:24            0       764      0,37      0,18      0,24         0
15:52:25            1       767      0,34      0,17      0,24         0
15:52:26            0       766      0,34      0,17      0,24         0
15:52:27            0       768      0,34      0,17      0,24         0
15:52:28            0       766      0,34      0,17      0,24         0
15:52:29            0       765      0,34      0,17      0,24         0
15:52:30            0       766      0,32      0,17      0,24         0
15:52:31            0       766      0,32      0,17      0,24         0
15:52:32            0       767      0,32      0,17      0,24         0
15:52:33            0       766      0,32      0,17      0,24         0
15:52:34            1       764      0,32      0,17      0,24         0
15:52:35            1       764      0,29      0,17      0,23         0
15:52:36            0       766      0,29      0,17      0,23         0
15:52:37            0       767      0,29      0,17      0,23         0
15:52:38            0       766      0,29      0,17      0,23         0
15:52:39            0       766      0,29      0,17      0,23         0
15:52:40            0       765      0,27      0,17      0,23         0
15:52:41            0       768      0,27      0,17      0,23         0
15:52:42            0       766      0,27      0,17      0,23         0
15:52:43            0       767      0,27      0,17      0,23         0
15:52:44            0       767      0,27      0,17      0,23         0
15:52:45            1       780      0,25      0,16      0,23         0
15:52:46            1       767      0,25      0,16      0,23         0
15:52:47            0       766      0,25      0,16      0,23         0
15:52:48            0       766      0,25      0,16      0,23         0
15:52:49            0       766      0,25      0,16      0,23         0
15:52:50            0       764      0,22      0,16      0,23         0
15:52:51            0       767      0,22      0,16      0,23         0
15:52:52            0       766      0,22      0,16      0,23         0
15:52:53            0       768      0,22      0,16      0,23         0
15:52:54            0       767      0,22      0,16      0,23         0
15:52:55            0       765      0,21      0,16      0,23         0
15:52:56            0       763      0,21      0,16      0,23         0
15:52:57            0       767      0,21      0,16      0,23         0
15:52:58            1       766      0,21      0,16      0,23         0
15:52:59            1       767      0,21      0,16      0,23         0
15:53:00            0       764      0,19      0,15      0,23         0
15:53:01            0       764      0,19      0,15      0,23         0
15:53:02            0       766      0,19      0,15      0,23         0
15:53:03            0       763      0,19      0,15      0,23         0
15:53:04            0       763      0,19      0,15      0,23         0
15:53:05            0       763      0,17      0,15      0,23         0
15:53:06            0       761      0,17      0,15      0,23         0
15:53:07            0       764      0,17      0,15      0,23         0
15:53:08            3       764      0,17      0,15      0,23         0
15:53:09            0       765      0,17      0,15      0,23         0
15:53:10            0       763      0,24      0,17      0,23         0
15:53:11            0       762      0,24      0,17      0,23         0
15:53:12            0       764      0,24      0,17      0,23         0
15:53:13            0       766      0,24      0,17      0,23         0
15:53:14            0       765      0,24      0,17      0,23         0
15:53:15            0       765      0,22      0,16      0,23         0
15:53:16            0       763      0,22      0,16      0,23         0
15:53:17            0       764      0,22      0,16      0,23         0
15:53:18            0       765      0,22      0,16      0,23         0
15:53:19            1       767      0,22      0,16      0,23         0
15:53:20            2       765      0,20      0,16      0,23         0
15:53:21            0       764      0,20      0,16      0,23         0
15:53:22            0       763      0,20      0,16      0,23         0
15:53:23            0       766      0,20      0,16      0,23         0
15:53:24            1       766      0,20      0,16      0,23         0
15:53:25            0       765      0,19      0,16      0,23         0
15:53:26            0       765      0,19      0,16      0,23         0
15:53:27            0       765      0,19      0,16      0,23         0
15:53:28            0       765      0,19      0,16      0,23         0
15:53:29            1       767      0,19      0,16      0,23         0
15:53:30            0       766      0,17      0,15      0,22         0
15:53:31            0       765      0,17      0,15      0,22         3
15:53:32            0       764      0,17      0,15      0,22         0
15:53:33            0       767      0,17      0,15      0,22         0
15:53:34            0       766      0,17      0,15      0,22         0
15:53:35            1       766      0,16      0,15      0,22         0
15:53:36            1       765      0,16      0,15      0,22         0
15:53:37            0       763      0,16      0,15      0,22         0
15:53:38            0       763      0,16      0,15      0,22         0
15:53:39            0       765      0,16      0,15      0,22         0
15:53:40            0       765      0,14      0,15      0,22         0
15:53:41            0       765      0,14      0,15      0,22         0
15:53:42            0       763      0,14      0,15      0,22         0
15:53:43            0       764      0,14      0,15      0,22         0
15:53:44            0       765      0,14      0,15      0,22         0
15:53:45            0       766      0,13      0,14      0,22         0
15:53:46            2       765      0,13      0,14      0,22         0
15:53:47            0       767      0,13      0,14      0,22         0
15:53:48            0       763      0,13      0,14      0,22         0
15:53:49            0       767      0,13      0,14      0,22         0
15:53:50            0       766      0,12      0,14      0,22         0
15:53:51            4       767      0,12      0,14      0,22         0
15:53:52            0       766      0,12      0,14      0,22         0
15:53:53            0       766      0,12      0,14      0,22         0
15:53:54            0       766      0,12      0,14      0,22         0
15:53:55            1       768      0,11      0,14      0,22         0
15:53:56            1       765      0,11      0,14      0,22         0
15:53:57            1       767      0,11      0,14      0,22         0
15:53:58            1       764      0,11      0,14      0,22         0
15:53:59            1       764      0,11      0,14      0,22         0
15:54:00            0       764      0,10      0,14      0,22         0
15:54:01            0       766      0,10      0,14      0,22         0
15:54:02            0       764      0,10      0,14      0,22         0
15:54:03            1       764      0,10      0,14      0,22         0
15:54:04            0       763      0,10      0,14      0,22         0
15:54:05            2       765      0,26      0,17      0,23         0
15:54:06            0       764      0,26      0,17      0,23         0
15:54:07            0       765      0,26      0,17      0,23         0
15:54:08            1       764      0,26      0,17      0,23         0
15:54:09            1       763      0,26      0,17      0,23         0
15:54:10            0       764      0,23      0,17      0,22         0
15:54:11            2       767      0,23      0,17      0,22         0
15:54:12            1       765      0,23      0,17      0,22         0
15:54:13            0       766      0,23      0,17      0,22         0
15:54:14            0       763      0,23      0,17      0,22         0
15:54:15            0       767      0,22      0,16      0,22         0
15:54:16            0       767      0,22      0,16      0,22         0
15:54:17            0       766      0,22      0,16      0,22         0
15:54:18            0       766      0,22      0,16      0,22         0
15:54:19            0       766      0,22      0,16      0,22         0
15:54:20            0       764      0,20      0,16      0,22         0
15:54:21            1       767      0,20      0,16      0,22         0
15:54:22            0       765      0,20      0,16      0,22         0
15:54:23            0       765      0,20      0,16      0,22         0
15:54:24            2       764      0,20      0,16      0,22         0
15:54:25            0       765      0,18      0,16      0,22         0
15:54:26            1       765      0,18      0,16      0,22         0
15:54:27            1       766      0,18      0,16      0,22         0
15:54:28            1       766      0,18      0,16      0,22         0
15:54:29            0       767      0,18      0,16      0,22         0
15:54:30            0       764      0,17      0,15      0,22         0
15:54:31            2       767      0,17      0,15      0,22         1
15:54:32            1       765      0,17      0,15      0,22         0
15:54:33            0       765      0,17      0,15      0,22         0
15:54:34            0       765      0,17      0,15      0,22         0
15:54:35            0       765      0,47      0,22      0,24         0
15:54:36            0       764      0,47      0,22      0,24         0
15:54:37            1       767      0,47      0,22      0,24         0
15:54:38            0       764      0,47      0,22      0,24         0
15:54:39            0       767      0,47      0,22      0,24         0
15:54:40            0       762      0,44      0,21      0,24         0
15:54:41            1       765      0,44      0,21      0,24         0
15:54:42            1       764      0,44      0,21      0,24         0
15:54:43            0       766      0,44      0,21      0,24         0
15:54:44            1       764      0,44      0,21      0,24         0
15:54:45            1       763      0,40      0,21      0,24         0
15:54:46            1       762      0,40      0,21      0,24         0
15:54:47            1       775      0,40      0,21      0,24         0
15:54:48            1       765      0,40      0,21      0,24         0
15:54:49            0       765      0,40      0,21      0,24         0
15:54:50            0       764      0,53      0,24      0,25         0
15:54:51            1       765      0,53      0,24      0,25         0
15:54:52            1       765      0,53      0,24      0,25         0
15:54:53            0       765      0,53      0,24      0,25         0
15:54:54            0       766      0,53      0,24      0,25         0
15:54:55            0       767      0,49      0,24      0,24         0
15:54:56            2       763      0,49      0,24      0,24         1
15:54:57            0       767      0,49      0,24      0,24         0
15:54:58            0       766      0,49      0,24      0,24         0
15:54:59            0       767      0,49      0,24      0,24         0
15:55:00            0       765      0,45      0,23      0,24         0
15:55:01            1       764      0,45      0,23      0,24         0
15:55:02            0       763      0,45      0,23      0,24         0
15:55:03            1       766      0,45      0,23      0,24         0
15:55:04            1       765      0,45      0,23      0,24         0
15:55:05            0       767      0,41      0,23      0,24         0
15:55:06            5       763      0,41      0,23      0,24         1
15:55:07            1       763      0,41      0,23      0,24         0
15:55:08            1       766      0,41      0,23      0,24         0
15:55:09            0       765      0,41      0,23      0,24         0
15:55:10            0       766      0,38      0,22      0,24         0
15:55:11            1       766      0,38      0,22      0,24         1
15:55:12            6       763      0,38      0,22      0,24         0
15:55:13            2       766      0,38      0,22      0,24         0
15:55:14            0       766      0,38      0,22      0,24         0
15:55:15            1       766      0,35      0,22      0,24         0
15:55:16            1       766      0,35      0,22      0,24         1
15:55:17            0       765      0,35      0,22      0,24         0
15:55:18            1       766      0,35      0,22      0,24         0
15:55:19            0       767      0,35      0,22      0,24         0
15:55:20            0       766      0,32      0,22      0,24         0
15:55:21            0       768      0,32      0,22      0,24         3
15:55:22            0       764      0,32      0,22      0,24         0
15:55:23            1       765      0,32      0,22      0,24         0
15:55:24            0       766      0,32      0,22      0,24         0
15:55:25            0       768      0,29      0,21      0,24         0
15:55:26            0       766      0,29      0,21      0,24         3
15:55:27            0       765      0,29      0,21      0,24         0
15:55:28            1       764      0,29      0,21      0,24         0
15:55:29            0       766      0,29      0,21      0,24         0
15:55:30            0       766      0,27      0,21      0,23         0
15:55:31            0       765      0,27      0,21      0,23         0
15:55:32            0       767      0,27      0,21      0,23         0
15:55:33            1       764      0,27      0,21      0,23         0
15:55:34            1       767      0,27      0,21      0,23         0
15:55:35            0       767      0,25      0,20      0,23         0
15:55:36            1       766      0,25      0,20      0,23         1
15:55:37            1       767      0,25      0,20      0,23         0
15:55:38            1       764      0,25      0,20      0,23         0
15:55:39            1       767      0,25      0,20      0,23         0
15:55:40            1       766      0,23      0,20      0,23         0
15:55:41            0       768      0,23      0,20      0,23         3
15:55:42            1       767      0,23      0,20      0,23         0
15:55:43            2       764      0,23      0,20      0,23         0
15:55:44            1       764      0,23      0,20      0,23         0
15:55:45            0       768      0,21      0,20      0,23         0
15:55:46            0       766      0,21      0,20      0,23         0
15:55:47            0       769      0,21      0,20      0,23         0
15:55:48            0       764      0,21      0,20      0,23         0
15:55:49            0       766      0,21      0,20      0,23         0
15:55:50            0       767      0,35      0,23      0,24         0
15:55:51            0       768      0,35      0,23      0,24         0
15:55:52            1       766      0,35      0,23      0,24         0
15:55:53            0       767      0,35      0,23      0,24         0
15:55:54            1       764      0,35      0,23      0,24         0
15:55:55            0       766      0,32      0,22      0,24         0
15:55:56            1       766      0,32      0,22      0,24         1
15:55:57            0       766      0,32      0,22      0,24         0
15:55:58            0       765      0,32      0,22      0,24         0
15:55:59            1       764      0,32      0,22      0,24         0
15:56:00            0       766      0,30      0,22      0,24         0
15:56:01            2       767      0,30      0,22      0,24         0
15:56:02            0       766      0,30      0,22      0,24         0
15:56:03            0       766      0,30      0,22      0,24         0
15:56:04            1       763      0,30      0,22      0,24         0
15:56:05            0       765      0,27      0,22      0,23         0
15:56:06            2       766      0,27      0,22      0,23         0
15:56:07            0       766      0,27      0,22      0,23         0
15:56:08            2       766      0,27      0,22      0,23         0
15:56:09            0       764      0,27      0,22      0,23         0
15:56:10            1       764      0,25      0,21      0,23         0
15:56:11            0       766      0,25      0,21      0,23         2
15:56:12            1       765      0,25      0,21      0,23         0
15:56:13            0       765      0,25      0,21      0,23         0
15:56:14            0       765      0,25      0,21      0,23         0
15:56:15            0       763      0,23      0,21      0,23         0
15:56:16            0       765      0,23      0,21      0,23         3
15:56:17            0       763      0,23      0,21      0,23         0
15:56:18            0       764      0,23      0,21      0,23         0
15:56:19            0       764      0,23      0,21      0,23         0
15:56:20            1       761      0,21      0,20      0,23         0
15:56:21            2       764      0,21      0,20      0,23         0
15:56:22            0       763      0,21      0,20      0,23         0
15:56:23            0       764      0,21      0,20      0,23         0
15:56:24            1       764      0,21      0,20      0,23         0
15:56:25            0       762      0,20      0,20      0,23         0
15:56:26            0       762      0,20      0,20      0,23         0
15:56:27            0       764      0,20      0,20      0,23         0
15:56:28            0       763      0,20      0,20      0,23         0
15:56:29            0       763      0,20      0,20      0,23         0
15:56:30            0       762      0,18      0,20      0,23         0
15:56:31            1       762      0,18      0,20      0,23         1
15:56:32            1       764      0,18      0,20      0,23         0
15:56:33            0       764      0,18      0,20      0,23         0
15:56:34            0       764      0,18      0,20      0,23         0
15:56:35            0       764      0,16      0,19      0,23         0
15:56:36            0       761      0,16      0,19      0,23         0
15:56:37            0       764      0,16      0,19      0,23         0
15:56:38            0       764      0,16      0,19      0,23         0
15:56:39            0       765      0,16      0,19      0,23         0
15:56:40            1       764      0,15      0,19      0,22         0
15:56:41            0       764      0,15      0,19      0,22         0
15:56:42            0       764      0,15      0,19      0,22         0
15:56:43            0       764      0,15      0,19      0,22         0
15:56:44            0       763      0,15      0,19      0,22         0
15:56:45            0       765      0,14      0,19      0,22         0
15:56:46            0       760      0,14      0,19      0,22         0
15:56:47            0       761      0,14      0,19      0,22         0
15:56:48            0       763      0,14      0,19      0,22         0
15:56:49            0       763      0,14      0,19      0,22         0
15:56:50            0       762      0,13      0,18      0,22         0
15:56:51            1       760      0,13      0,18      0,22         0
15:56:52            0       760      0,13      0,18      0,22         0
15:56:53            0       764      0,13      0,18      0,22         0
15:56:54            2       764      0,13      0,18      0,22         0
15:56:55            0       767      0,20      0,20      0,23         0
15:56:56            1       764      0,20      0,20      0,23         1
15:56:57            1       762      0,20      0,20      0,23         0
15:56:58            0       764      0,20      0,20      0,23         0
15:56:59            0       765      0,20      0,20      0,23         0
15:57:00            0       764      0,18      0,19      0,22         0
15:57:01            0       764      0,18      0,19      0,22         0
15:57:02            0       761      0,18      0,19      0,22         0
15:57:03            0       766      0,18      0,19      0,22         0
15:57:04            1       764      0,18      0,19      0,22         0
15:57:05            0       765      0,17      0,19      0,22         0
15:57:06            0       765      0,17      0,19      0,22         0
15:57:07            0       763      0,17      0,19      0,22         0
15:57:08            1       762      0,17      0,19      0,22         0
15:57:09            0       764      0,17      0,19      0,22         0
15:57:10            0       764      0,23      0,20      0,23         0
15:57:11            3       766      0,23      0,20      0,23         0
15:57:12            0       762      0,23      0,20      0,23         0
15:57:13            0       763      0,23      0,20      0,23         0
15:57:14            4       762      0,23      0,20      0,23         0
Average:            1       766      0,23      0,16      0,23         0
