[2026-06-18T12:11:02-0500] ip -s link show dev tun0 > LOCAL_PATH_REDACTEDl/Res_MACSec/scada_probe/scada_probe_macsec_tun0_20260618_121100/macsec_PRIVATE_IP_022_20260618_121101/raw/ip_s_link_before.log 2>&1
[2026-06-18T12:11:02-0500] ss -ti dst PRIVATE_IP_022 > LOCAL_PATH_REDACTEDl/Res_MACSec/scada_probe/scada_probe_macsec_tun0_20260618_121100/macsec_PRIVATE_IP_022_20260618_121101/raw/ss_before.log 2>&1
[2026-06-18T12:11:02-0500] nstat -az > LOCAL_PATH_REDACTEDl/Res_MACSec/scada_probe/scada_probe_macsec_tun0_20260618_121100/macsec_PRIVATE_IP_022_20260618_121101/raw/nstat_before.log 2>&1
[2026-06-18T12:11:02-0500] sar -n DEV,EDEV,TCP,ETCP 1 300 > LOCAL_PATH_REDACTEDl/Res_MACSec/scada_probe/scada_probe_macsec_tun0_20260618_121100/macsec_PRIVATE_IP_022_20260618_121101/raw/sar_net_dev.log 2>&1 &
[2026-06-18T12:11:02-0500] sar -u ALL 1 300 > LOCAL_PATH_REDACTEDl/Res_MACSec/scada_probe/scada_probe_macsec_tun0_20260618_121100/macsec_PRIVATE_IP_022_20260618_121101/raw/sar_cpu.log 2>&1 &
[2026-06-18T12:11:02-0500] sar -q 1 300 > LOCAL_PATH_REDACTEDl/Res_MACSec/scada_probe/scada_probe_macsec_tun0_20260618_121100/macsec_PRIVATE_IP_022_20260618_121101/raw/sar_load.log 2>&1 &
[2026-06-18T12:11:02-0500] mpstat -P ALL 1 300 > LOCAL_PATH_REDACTEDl/Res_MACSec/scada_probe/scada_probe_macsec_tun0_20260618_121100/macsec_PRIVATE_IP_022_20260618_121101/raw/mpstat_all.log 2>&1 &
[2026-06-18T12:11:02-0500] vmstat 1 300 > LOCAL_PATH_REDACTEDl/Res_MACSec/scada_probe/scada_probe_macsec_tun0_20260618_121100/macsec_PRIVATE_IP_022_20260618_121101/raw/vmstat.log 2>&1 &
[2026-06-18T12:11:02-0500] pidstat -rudw 1 300 > LOCAL_PATH_REDACTEDl/Res_MACSec/scada_probe/scada_probe_macsec_tun0_20260618_121100/macsec_PRIVATE_IP_022_20260618_121101/raw/pidstat_all.log 2>&1 &
[2026-06-18T12:11:02-0500] timeout 300 tshark -i tun0 -f 'host PRIVATE_IP_022 or tcp port 502 or udp port 502 or icmp' -w LOCAL_PATH_REDACTEDl/Res_MACSec/scada_probe/scada_probe_macsec_tun0_20260618_121100/macsec_PRIVATE_IP_022_20260618_121101/pcap/macsec_PRIVATE_IP_022_502_tun0.pcapng
[2026-06-18T12:11:04-0500] systemctl status openvpn --no-pager > LOCAL_PATH_REDACTEDl/Res_MACSec/scada_probe/scada_probe_macsec_tun0_20260618_121100/macsec_PRIVATE_IP_022_20260618_121101/raw/openvpn_systemctl_status.log 2>&1
[2026-06-18T12:11:04-0500] tracepath PRIVATE_IP_022 > LOCAL_PATH_REDACTEDl/Res_MACSec/scada_probe/scada_probe_macsec_tun0_20260618_121100/macsec_PRIVATE_IP_022_20260618_121101/raw/tracepath_PRIVATE_IP_022.log 2>&1
[2026-06-18T12:11:04-0500] mtr -r -c 100 PRIVATE_IP_022 > LOCAL_PATH_REDACTEDl/Res_MACSec/scada_probe/scada_probe_macsec_tun0_20260618_121100/macsec_PRIVATE_IP_022_20260618_121101/raw/mtr_PRIVATE_IP_022.log 2>&1
[2026-06-18T12:12:49-0500] ping -M do -s 1200 -c 3 PRIVATE_IP_022 >> LOCAL_PATH_REDACTEDl/Res_MACSec/scada_probe/scada_probe_macsec_tun0_20260618_121100/macsec_PRIVATE_IP_022_20260618_121101/raw/pmtu_ping_M_do.log
[2026-06-18T12:12:51-0500] ping -M do -s 1280 -c 3 PRIVATE_IP_022 >> LOCAL_PATH_REDACTEDl/Res_MACSec/scada_probe/scada_probe_macsec_tun0_20260618_121100/macsec_PRIVATE_IP_022_20260618_121101/raw/pmtu_ping_M_do.log
[2026-06-18T12:12:53-0500] ping -M do -s 1320 -c 3 PRIVATE_IP_022 >> LOCAL_PATH_REDACTEDl/Res_MACSec/scada_probe/scada_probe_macsec_tun0_20260618_121100/macsec_PRIVATE_IP_022_20260618_121101/raw/pmtu_ping_M_do.log
[2026-06-18T12:12:55-0500] ping -M do -s 1360 -c 3 PRIVATE_IP_022 >> LOCAL_PATH_REDACTEDl/Res_MACSec/scada_probe/scada_probe_macsec_tun0_20260618_121100/macsec_PRIVATE_IP_022_20260618_121101/raw/pmtu_ping_M_do.log
[2026-06-18T12:12:57-0500] ping -M do -s 1380 -c 3 PRIVATE_IP_022 >> LOCAL_PATH_REDACTEDl/Res_MACSec/scada_probe/scada_probe_macsec_tun0_20260618_121100/macsec_PRIVATE_IP_022_20260618_121101/raw/pmtu_ping_M_do.log
[2026-06-18T12:12:59-0500] ping -M do -s 1400 -c 3 PRIVATE_IP_022 >> LOCAL_PATH_REDACTEDl/Res_MACSec/scada_probe/scada_probe_macsec_tun0_20260618_121100/macsec_PRIVATE_IP_022_20260618_121101/raw/pmtu_ping_M_do.log
[2026-06-18T12:13:01-0500] ping -M do -s 1420 -c 3 PRIVATE_IP_022 >> LOCAL_PATH_REDACTEDl/Res_MACSec/scada_probe/scada_probe_macsec_tun0_20260618_121100/macsec_PRIVATE_IP_022_20260618_121101/raw/pmtu_ping_M_do.log
[2026-06-18T12:13:03-0500] ping -M do -s 1440 -c 3 PRIVATE_IP_022 >> LOCAL_PATH_REDACTEDl/Res_MACSec/scada_probe/scada_probe_macsec_tun0_20260618_121100/macsec_PRIVATE_IP_022_20260618_121101/raw/pmtu_ping_M_do.log
[2026-06-18T12:13:05-0500] ping -M do -s 1460 -c 3 PRIVATE_IP_022 >> LOCAL_PATH_REDACTEDl/Res_MACSec/scada_probe/scada_probe_macsec_tun0_20260618_121100/macsec_PRIVATE_IP_022_20260618_121101/raw/pmtu_ping_M_do.log
[2026-06-18T12:13:08-0500] ping -M do -s 1472 -c 3 PRIVATE_IP_022 >> LOCAL_PATH_REDACTEDl/Res_MACSec/scada_probe/scada_probe_macsec_tun0_20260618_121100/macsec_PRIVATE_IP_022_20260618_121101/raw/pmtu_ping_M_do.log
[2026-06-18T12:13:11-0500] ping -D -i 0.2 -s 56 -c 1500 PRIVATE_IP_022 > LOCAL_PATH_REDACTEDl/Res_MACSec/scada_probe/scada_probe_macsec_tun0_20260618_121100/macsec_PRIVATE_IP_022_20260618_121101/raw/ping_PRIVATE_IP_022.log 2>&1
[2026-06-18T12:18:12-0500] python3 tcp_connect inline > LOCAL_PATH_REDACTEDl/Res_MACSec/scada_probe/scada_probe_macsec_tun0_20260618_121100/macsec_PRIVATE_IP_022_20260618_121101/csv/tcp_connect_PRIVATE_IP_022_502.csv
[2026-06-18T12:19:14-0500] nping --tcp -p 502 --rate 5 -c 1000 PRIVATE_IP_022 > LOCAL_PATH_REDACTEDl/Res_MACSec/scada_probe/scada_probe_macsec_tun0_20260618_121100/macsec_PRIVATE_IP_022_20260618_121101/raw/nping_tcp_PRIVATE_IP_022_502.log 2>&1
[2026-06-18T12:19:14-0500] openssl speed -seconds 3 -evp aes-128-gcm > LOCAL_PATH_REDACTEDl/Res_MACSec/scada_probe/scada_probe_macsec_tun0_20260618_121100/macsec_PRIVATE_IP_022_20260618_121101/raw/openssl_speed_aes_128_gcm.log 2>&1
[2026-06-18T12:19:32-0500] openssl speed -seconds 3 -evp aes-256-gcm > LOCAL_PATH_REDACTEDl/Res_MACSec/scada_probe/scada_probe_macsec_tun0_20260618_121100/macsec_PRIVATE_IP_022_20260618_121101/raw/openssl_speed_aes_256_gcm.log 2>&1
[2026-06-18T12:19:50-0500] openssl speed -seconds 3 -evp chacha20-poly1305 > LOCAL_PATH_REDACTEDl/Res_MACSec/scada_probe/scada_probe_macsec_tun0_20260618_121100/macsec_PRIVATE_IP_022_20260618_121101/raw/openssl_speed_chacha20_poly1305.log 2>&1
[2026-06-18T12:20:11-0500] ip -s link show dev tun0 > LOCAL_PATH_REDACTEDl/Res_MACSec/scada_probe/scada_probe_macsec_tun0_20260618_121100/macsec_PRIVATE_IP_022_20260618_121101/raw/ip_s_link_after.log 2>&1
[2026-06-18T12:20:11-0500] ss -ti dst PRIVATE_IP_022 > LOCAL_PATH_REDACTEDl/Res_MACSec/scada_probe/scada_probe_macsec_tun0_20260618_121100/macsec_PRIVATE_IP_022_20260618_121101/raw/ss_after.log 2>&1
[2026-06-18T12:20:11-0500] nstat -az > LOCAL_PATH_REDACTEDl/Res_MACSec/scada_probe/scada_probe_macsec_tun0_20260618_121100/macsec_PRIVATE_IP_022_20260618_121101/raw/nstat_after.log 2>&1
[2026-06-18T12:20:11-0500] tshark -r LOCAL_PATH_REDACTEDl/Res_MACSec/scada_probe/scada_probe_macsec_tun0_20260618_121100/macsec_PRIVATE_IP_022_20260618_121101/pcap/macsec_PRIVATE_IP_022_502_tun0.pcapng -Y tcp.port==502 -T fields -e tcp.payload > LOCAL_PATH_REDACTEDl/Res_MACSec/scada_probe/scada_probe_macsec_tun0_20260618_121100/macsec_PRIVATE_IP_022_20260618_121101/raw/tcp_payload_502.hex
[2026-06-18T12:20:13-0500] capinfos LOCAL_PATH_REDACTEDl/Res_MACSec/scada_probe/scada_probe_macsec_tun0_20260618_121100/macsec_PRIVATE_IP_022_20260618_121101/pcap/macsec_PRIVATE_IP_022_502_tun0.pcapng > LOCAL_PATH_REDACTEDl/Res_MACSec/scada_probe/scada_probe_macsec_tun0_20260618_121100/macsec_PRIVATE_IP_022_20260618_121101/raw/capinfos.log 2>&1
