## size=1200
PING PRIVATE_IP_022 (PRIVATE_IP_022) 1200(1228) bytes of data.
1208 bytes from PRIVATE_IP_022: icmp_seq=1 ttl=63 time=16.0 ms
1208 bytes from PRIVATE_IP_022: icmp_seq=2 ttl=63 time=8.70 ms
1208 bytes from PRIVATE_IP_022: icmp_seq=3 ttl=63 time=8.65 ms

--- PRIVATE_IP_022 ping statistics ---
3 packets transmitted, 3 received, 0% packet loss, time 2003ms
rtt min/avg/max/mdev = 8.649/11.129/16.034/3.468 ms

## size=1280
PING PRIVATE_IP_022 (PRIVATE_IP_022) 1280(1308) bytes of data.
1288 bytes from PRIVATE_IP_022: icmp_seq=1 ttl=63 time=8.46 ms
1288 bytes from PRIVATE_IP_022: icmp_seq=2 ttl=63 time=8.91 ms
1288 bytes from PRIVATE_IP_022: icmp_seq=3 ttl=63 time=8.24 ms

--- PRIVATE_IP_022 ping statistics ---
3 packets transmitted, 3 received, 0% packet loss, time 2003ms
rtt min/avg/max/mdev = 8.239/8.534/8.905/0.277 ms

## size=1320
PING PRIVATE_IP_022 (PRIVATE_IP_022) 1320(1348) bytes of data.
1328 bytes from PRIVATE_IP_022: icmp_seq=1 ttl=63 time=8.64 ms
1328 bytes from PRIVATE_IP_022: icmp_seq=2 ttl=63 time=8.80 ms
1328 bytes from PRIVATE_IP_022: icmp_seq=3 ttl=63 time=9.26 ms

--- PRIVATE_IP_022 ping statistics ---
3 packets transmitted, 3 received, 0% packet loss, time 2004ms
rtt min/avg/max/mdev = 8.637/8.895/9.255/0.262 ms

## size=1360
PING PRIVATE_IP_022 (PRIVATE_IP_022) 1360(1388) bytes of data.
1368 bytes from PRIVATE_IP_022: icmp_seq=1 ttl=63 time=9.07 ms
1368 bytes from PRIVATE_IP_022: icmp_seq=2 ttl=63 time=9.53 ms
1368 bytes from PRIVATE_IP_022: icmp_seq=3 ttl=63 time=9.56 ms

--- PRIVATE_IP_022 ping statistics ---
3 packets transmitted, 3 received, 0% packet loss, time 2003ms
rtt min/avg/max/mdev = 9.072/9.384/9.556/0.221 ms

## size=1380
PING PRIVATE_IP_022 (PRIVATE_IP_022) 1380(1408) bytes of data.
1388 bytes from PRIVATE_IP_022: icmp_seq=1 ttl=63 time=9.67 ms
1388 bytes from PRIVATE_IP_022: icmp_seq=2 ttl=63 time=9.61 ms
1388 bytes from PRIVATE_IP_022: icmp_seq=3 ttl=63 time=9.56 ms

--- PRIVATE_IP_022 ping statistics ---
3 packets transmitted, 3 received, 0% packet loss, time 2003ms
rtt min/avg/max/mdev = 9.560/9.611/9.669/0.044 ms

## size=1400
PING PRIVATE_IP_022 (PRIVATE_IP_022) 1400(1428) bytes of data.
1408 bytes from PRIVATE_IP_022: icmp_seq=1 ttl=63 time=8.51 ms
1408 bytes from PRIVATE_IP_022: icmp_seq=2 ttl=63 time=10.3 ms
1408 bytes from PRIVATE_IP_022: icmp_seq=3 ttl=63 time=9.68 ms

--- PRIVATE_IP_022 ping statistics ---
3 packets transmitted, 3 received, 0% packet loss, time 2003ms
rtt min/avg/max/mdev = 8.512/9.491/10.281/0.734 ms

## size=1420
PING PRIVATE_IP_022 (PRIVATE_IP_022) 1420(1448) bytes of data.
1428 bytes from PRIVATE_IP_022: icmp_seq=1 ttl=63 time=10.4 ms
1428 bytes from PRIVATE_IP_022: icmp_seq=2 ttl=63 time=9.94 ms
1428 bytes from PRIVATE_IP_022: icmp_seq=3 ttl=63 time=10.0 ms

--- PRIVATE_IP_022 ping statistics ---
3 packets transmitted, 3 received, 0% packet loss, time 2003ms
rtt min/avg/max/mdev = 9.944/10.118/10.377/0.186 ms

## size=1440
PING PRIVATE_IP_022 (PRIVATE_IP_022) 1440(1468) bytes of data.
1448 bytes from PRIVATE_IP_022: icmp_seq=1 ttl=63 time=9.79 ms
1448 bytes from PRIVATE_IP_022: icmp_seq=2 ttl=63 time=9.62 ms
1448 bytes from PRIVATE_IP_022: icmp_seq=3 ttl=63 time=9.39 ms

--- PRIVATE_IP_022 ping statistics ---
3 packets transmitted, 3 received, 0% packet loss, time 2002ms
rtt min/avg/max/mdev = 9.392/9.599/9.786/0.161 ms

## size=1460
PING PRIVATE_IP_022 (PRIVATE_IP_022) 1460(1488) bytes of data.
ping: local error: message too long, mtu=1468
ping: local error: message too long, mtu=1468
ping: local error: message too long, mtu=1468

--- PRIVATE_IP_022 ping statistics ---
3 packets transmitted, 0 received, +3 errors, 100% packet loss, time 2077ms


## size=1472
PING PRIVATE_IP_022 (PRIVATE_IP_022) 1472(1500) bytes of data.
ping: local error: message too long, mtu=1468
ping: local error: message too long, mtu=1468
ping: local error: message too long, mtu=1468

--- PRIVATE_IP_022 ping statistics ---
3 packets transmitted, 0 received, +3 errors, 100% packet loss, time 2037ms


