[INFO] SCADA VPN Probe v1.0
[INFO] Resultados en: LOCAL_PATH_REDACTEDl/Res_MACSec/scada_probe/scada_probe_macsec_tun0_20260618_121100/macsec_PRIVATE_IP_021_20260618_121101
[INFO] Iniciando monitores por 300s...
[INFO] Intentando captura con tshark en tun0...
[INFO] Ejecutando prueba PMTU aproximada con ping -M do...
[INFO] Ejecutando ping: count=1500, interval=0.2, size=56
[INFO] Midiendo latencia TCP connect contra PRIVATE_IP_021:502 con 300 muestras...
[INFO] Ejecutando nping TCP SYN hacia PRIVATE_IP_021:502...
[INFO] Ejecutando openssl speed corto...
[INFO] Esperando cierre de monitores/captura...
[INFO] Extrayendo payload TCP de puerto 502 para entropía aproximada...
payload_bytes=728614
shannon_entropy_bits_per_byte=2.180193
[INFO] Generando resumen CSV...
[INFO] Generando CSV consolidado, metricas interpretadas y graficos HTML...
[INFO] Finalizado.
[INFO] Resumen: LOCAL_PATH_REDACTEDl/Res_MACSec/scada_probe/scada_probe_macsec_tun0_20260618_121100/macsec_PRIVATE_IP_021_20260618_121101/csv/summary.csv
[INFO] CSV consolidado: LOCAL_PATH_REDACTEDl/Res_MACSec/scada_probe/scada_probe_macsec_tun0_20260618_121100/macsec_PRIVATE_IP_021_20260618_121101/csv/probe_dataset.csv
[INFO] CSV interpretado: LOCAL_PATH_REDACTEDl/Res_MACSec/scada_probe/scada_probe_macsec_tun0_20260618_121100/macsec_PRIVATE_IP_021_20260618_121101/csv/probe_interpretation.csv
[INFO] Informe HTML: LOCAL_PATH_REDACTEDl/Res_MACSec/scada_probe/scada_probe_macsec_tun0_20260618_121100/macsec_PRIVATE_IP_021_20260618_121101/probe_report.html
[INFO] Carpeta: LOCAL_PATH_REDACTEDl/Res_MACSec/scada_probe/scada_probe_macsec_tun0_20260618_121100/macsec_PRIVATE_IP_021_20260618_121101
