## size=1200
PING PRIVATE_IP_022 (PRIVATE_IP_022) 1200(1228) bytes of data.
1208 bytes from PRIVATE_IP_022: icmp_seq=1 ttl=63 time=8.13 ms
1208 bytes from PRIVATE_IP_022: icmp_seq=2 ttl=63 time=9.01 ms
1208 bytes from PRIVATE_IP_022: icmp_seq=3 ttl=63 time=8.32 ms

--- PRIVATE_IP_022 ping statistics ---
3 packets transmitted, 3 received, 0% packet loss, time 2003ms
rtt min/avg/max/mdev = 8.131/8.486/9.007/0.376 ms

## size=1280
PING PRIVATE_IP_022 (PRIVATE_IP_022) 1280(1308) bytes of data.
1288 bytes from PRIVATE_IP_022: icmp_seq=1 ttl=63 time=8.27 ms
1288 bytes from PRIVATE_IP_022: icmp_seq=2 ttl=63 time=9.16 ms
1288 bytes from PRIVATE_IP_022: icmp_seq=3 ttl=63 time=8.41 ms

--- PRIVATE_IP_022 ping statistics ---
3 packets transmitted, 3 received, 0% packet loss, time 2003ms
rtt min/avg/max/mdev = 8.273/8.612/9.155/0.387 ms

## size=1320
PING PRIVATE_IP_022 (PRIVATE_IP_022) 1320(1348) bytes of data.
1328 bytes from PRIVATE_IP_022: icmp_seq=1 ttl=63 time=9.00 ms
1328 bytes from PRIVATE_IP_022: icmp_seq=2 ttl=63 time=8.98 ms
1328 bytes from PRIVATE_IP_022: icmp_seq=3 ttl=63 time=8.90 ms

--- PRIVATE_IP_022 ping statistics ---
3 packets transmitted, 3 received, 0% packet loss, time 2003ms
rtt min/avg/max/mdev = 8.899/8.959/9.001/0.043 ms

## size=1360
PING PRIVATE_IP_022 (PRIVATE_IP_022) 1360(1388) bytes of data.
1368 bytes from PRIVATE_IP_022: icmp_seq=1 ttl=63 time=9.07 ms
1368 bytes from PRIVATE_IP_022: icmp_seq=2 ttl=63 time=8.63 ms
1368 bytes from PRIVATE_IP_022: icmp_seq=3 ttl=63 time=8.84 ms

--- PRIVATE_IP_022 ping statistics ---
3 packets transmitted, 3 received, 0% packet loss, time 2003ms
rtt min/avg/max/mdev = 8.629/8.844/9.067/0.178 ms

## size=1380
PING PRIVATE_IP_022 (PRIVATE_IP_022) 1380(1408) bytes of data.
1388 bytes from PRIVATE_IP_022: icmp_seq=1 ttl=63 time=8.98 ms
1388 bytes from PRIVATE_IP_022: icmp_seq=2 ttl=63 time=9.87 ms
1388 bytes from PRIVATE_IP_022: icmp_seq=3 ttl=63 time=8.77 ms

--- PRIVATE_IP_022 ping statistics ---
3 packets transmitted, 3 received, 0% packet loss, time 2002ms
rtt min/avg/max/mdev = 8.774/9.208/9.872/0.476 ms

## size=1400
PING PRIVATE_IP_022 (PRIVATE_IP_022) 1400(1428) bytes of data.
1408 bytes from PRIVATE_IP_022: icmp_seq=1 ttl=63 time=9.31 ms
1408 bytes from PRIVATE_IP_022: icmp_seq=2 ttl=63 time=8.77 ms
1408 bytes from PRIVATE_IP_022: icmp_seq=3 ttl=63 time=9.09 ms

--- PRIVATE_IP_022 ping statistics ---
3 packets transmitted, 3 received, 0% packet loss, time 2003ms
rtt min/avg/max/mdev = 8.768/9.053/9.307/0.221 ms

## size=1420
PING PRIVATE_IP_022 (PRIVATE_IP_022) 1420(1448) bytes of data.
1428 bytes from PRIVATE_IP_022: icmp_seq=1 ttl=63 time=9.88 ms
1428 bytes from PRIVATE_IP_022: icmp_seq=2 ttl=63 time=9.29 ms
1428 bytes from PRIVATE_IP_022: icmp_seq=3 ttl=63 time=9.66 ms

--- PRIVATE_IP_022 ping statistics ---
3 packets transmitted, 3 received, 0% packet loss, time 2003ms
rtt min/avg/max/mdev = 9.293/9.609/9.875/0.240 ms

## size=1440
PING PRIVATE_IP_022 (PRIVATE_IP_022) 1440(1468) bytes of data.
1448 bytes from PRIVATE_IP_022: icmp_seq=1 ttl=63 time=33.6 ms
1448 bytes from PRIVATE_IP_022: icmp_seq=2 ttl=63 time=11.2 ms
1448 bytes from PRIVATE_IP_022: icmp_seq=3 ttl=63 time=9.96 ms

--- PRIVATE_IP_022 ping statistics ---
3 packets transmitted, 3 received, 0% packet loss, time 2004ms
rtt min/avg/max/mdev = 9.964/18.270/33.608/10.857 ms

## size=1460
PING PRIVATE_IP_022 (PRIVATE_IP_022) 1460(1488) bytes of data.
1468 bytes from PRIVATE_IP_022: icmp_seq=1 ttl=63 time=9.35 ms
1468 bytes from PRIVATE_IP_022: icmp_seq=2 ttl=63 time=10.1 ms
1468 bytes from PRIVATE_IP_022: icmp_seq=3 ttl=63 time=9.38 ms

--- PRIVATE_IP_022 ping statistics ---
3 packets transmitted, 3 received, 0% packet loss, time 2003ms
rtt min/avg/max/mdev = 9.354/9.608/10.086/0.338 ms

## size=1472
PING PRIVATE_IP_022 (PRIVATE_IP_022) 1472(1500) bytes of data.
1480 bytes from PRIVATE_IP_022: icmp_seq=1 ttl=63 time=9.35 ms
1480 bytes from PRIVATE_IP_022: icmp_seq=2 ttl=63 time=10.2 ms
1480 bytes from PRIVATE_IP_022: icmp_seq=3 ttl=63 time=9.63 ms

--- PRIVATE_IP_022 ping statistics ---
3 packets transmitted, 3 received, 0% packet loss, time 2003ms
rtt min/avg/max/mdev = 9.347/9.726/10.203/0.356 ms

