procs -----------memory---------- ---swap-- -----io---- -system-- -------cpu-------
 r  b   swpd   free   buff  cache   si   so    bi    bo   in   cs us sy id wa st gu
 2  1   4132 2219212 402964 20441880    0    0    59   222 1656    1  2  1 97  0  0  0
 1  0   4132 2153592 402964 20442064    0    0     0   180 5677 3638  8  7 85  0  0  0
 3  0   4132 2164088 402964 20442084    0    0     0   100 3909 3380  6  3 91  0  0  0
 0  0   4132 2172240 402964 20442128    0    0     0   112 3545 2347  5  3 92  0  0  0
 0  0   4132 2171788 402964 20442148    0    0     0   104 3286 2163  5  3 93  0  0  0
 1  0   4132 2172032 402964 20442180    0    0     0   592 3232 2220  5  3 92  0  0  0
 0  0   4132 2177196 402964 20442216    0    0     0   212 4403 3130 10  4 86  0  0  0
 0  0   4132 2183052 402964 20442240    0    0     0  1124 3557 2423  5  2 93  0  0  0
 0  0   4132 2185260 402964 20442272    0    0     0   116 3631 2646  5  2 93  0  0  0
 0  0   4132 2187320 402964 20442296    0    0     0    72 2989 1983  4  2 93  0  0  0
 0  0   4132 2190552 402964 20442312    0    0     0   380 3499 2544  5  3 92  0  0  0
 0  0   4132 2188060 402964 20442348    0    0     0   248 3264 2116  5  2 93  0  0  0
 3  0   4132 2187772 402964 20442380    0    0     0   820 5087 3508  7  5 88  0  0  0
 3  0   4132 2185352 402964 20442396    0    0     0   108 6831 7725  8  4 89  0  0  0
 0  0   4132 2184860 402964 20442456    0    0     0   112 2770 1703  4  2 94  0  0  0
 0  0   4132 2191080 402964 20442476    0    0     0   392 2887 1781  4  2 93  0  0  0
 2  0   4132 2193308 402964 20442508    0    0     0   112 3037 1746  5  3 93  0  0  0
 5  0   4132 2192980 402964 20442540    0    0     0   892 4342 2543 10  4 86  0  0  0
 1  0   4132 2192112 402964 20442584    0    0     0   116 3272 2036  6  3 91  0  0  0
 0  0   4132 2198032 402964 20442604    0    0     0    72 2695 1655  4  2 94  0  0  0
 0  0   4132 2195768 402964 20442628    0    0     0   228 3041 1877  5  2 93  0  0  0
procs -----------memory---------- ---swap-- -----io---- -system-- -------cpu-------
 r  b   swpd   free   buff  cache   si   so    bi    bo   in   cs us sy id wa st gu
 0  0   4132 2206312 402964 20442676    0    0     0   100 4117 3376  5  3 92  0  0  0
 0  0   4132 2205568 402964 20442692    0    0     0   448 4561 3039  6  5 89  0  0  0
 0  0   4132 2205900 402964 20442744    0    0     0    88 3065 2061  4  2 94  0  0  0
 0  0   4132 2201872 402964 20442760    0    0     0   108 3056 2200  5  2 93  0  0  0
 0  0   4132 2202972 402964 20442784    0    0     0   332 4665 4353  5  3 92  0  0  0
 0  0   4132 2204132 402964 20442804    0    0     0   112 3534 2671  5  3 92  0  0  0
 0  0   4132 2205716 402964 20442828    0    0     0   940 4200 3060  5  4 91  0  0  0
 1  0   4132 2205548 402964 20442848    0    0     0   116 3317 2345  5  2 93  0  0  0
 0  0   4132 2203312 402964 20442884    0    0     0    72 3508 2438  8  2 89  0  0  0
 0  0   4132 2206892 402964 20442896    0    0     0   356 3737 2591  5  3 92  0  0  0
 0  0   4132 2212588 402964 20442916    0    0     0    92 3252 2366  5  2 93  0  0  0
 0  0   4132 2208332 402964 20442932    0    0     0   868 3988 2893  6  3 91  0  0  0
 0  0   4132 2202056 402964 20442976    0    0     0   164 4415 3045  6  4 89  0  0  0
 0  0   4132 2208384 402964 20442992    0    0     0   104 3614 2500  5  3 92  0  0  0
 0  0   4132 2206872 402964 20443040    0    0     0   440 3004 2199  4  2 94  0  0  0
 0  0   4132 2208680 402964 20443060    0    0     0   108 3378 2389  4  2 93  0  0  0
 2  0   4132 2206664 402964 20443104    0    0     0   120 3000 2265  5  2 93  0  0  0
 1  0   4132 2203092 402964 20443256    0    0     0  1144 5046 3709  6  5 89  0  0  0
 1  0   4132 2200852 402964 20443284    0    0     0    84 3011 1999  4  2 94  0  0  0
 0  0   4132 2210652 402964 20443308    0    0     0   284 4747 2759 10  3 87  0  0  0
 3  0   4132 2216844 402964 20443368    0    0     0    72 3175 2178  4  2 94  0  0  0
procs -----------memory---------- ---swap-- -----io---- -system-- -------cpu-------
 r  b   swpd   free   buff  cache   si   so    bi    bo   in   cs us sy id wa st gu
 0  0   4132 2212744 402964 20443380    0    0     0   120 3090 2230  4  2 93  0  0  0
 0  0   4132 2189136 402964 20443432    0    0     0   140 7004 8413  7  4 88  0  0  0
 0  0   4132 2192424 402964 20443468    0    0     0   152 3700 2615  5  3 91  0  0  0
 0  0   4132 2197272 402964 20443492    0    0     0   240 3123 2164  4  2 94  0  0  0
 0  0   4132 2195032 402964 20443516    0    0     0   292 3318 2268  4  3 93  0  0  0
 0  0   4132 2197944 402964 20443532    0    0     0    72 3031 2012  4  2 94  0  0  0
 0  0   4132 2194024 402964 20443540    0    0     0   976 4425 3178  6  4 90  0  0  0
 0  0   4132 2197560 402964 20443592    0    0     0    72 3045 2027  4  2 94  0  0  0
 0  0   4132 2196832 402964 20443600    0    0     0   256 3480 2516  4  2 94  0  0  0
 1  0   4132 2192044 402964 20443644    0    0     0    80 4693 4016 10  2 87  0  0  0
 0  0   4132 2190280 402964 20443660    0    0     0   104 3290 2431  4  2 93  0  0  0
 1  0   4132 2195048 402964 20443700    0    0     0  1596 3085 2165  4  2 94  0  0  0
 1  0   4132 2190808 402964 20443720    0    0     0   168 4700 3415  7  4 89  0  0  0
 1  0   4132 2195516 402964 20443756    0    0     0   112 4443 4026  5  3 93  0  0  0
 2  0   4132 2194424 402964 20443764    0    0     0   252 3462 2621  4  3 93  0  0  0
 1  0   4132 2194424 402964 20443804    0    0     0    80 3075 2097  4  2 94  0  0  0
 2  0   4132 2193668 402964 20443816    0    0     0   116 3230 2250  4  2 93  0  0  0
 1  0   4132 2195284 402964 20443868    0    0     0  1060 4628 3041  7  4 89  0  0  0
 2  0   4132 2190500 402964 20443888    0    0     0   124 3618 2570  5  3 92  0  0  0
 1  0   4132 2207812 402964 20443916    0    0     0   252 3223 2314  4  2 94  0  0  0
 2  0   4132 2203308 402964 20443928    0    0     0   112 3701 2292 10  3 87  0  0  0
procs -----------memory---------- ---swap-- -----io---- -system-- -------cpu-------
 r  b   swpd   free   buff  cache   si   so    bi    bo   in   cs us sy id wa st gu
 2  0   4132 2201040 402964 20443964    0    0     0   340 3119 2059  4  2 93  0  0  0
 1  0   4132 2206324 402964 20443980    0    0     0   448 4623 3423  7  5 89  0  0  0
 1  0   4132 2203856 402964 20444016    0    0     0   116 3080 2158  5  3 93  0  0  0
 1  0   4132 2207672 402964 20444040    0    0     0   416 3320 2185  5  3 92  0  0  0
 1  0   4132 2206692 402964 20444060    0    0     0    72 3345 2555  5  2 93  0  0  0
 2  0   4132 2208016 402964 20444088    0    0     0   116 3353 2327  5  3 93  0  0  0
 1  0   4132 2202840 402964 20444112    0    0     0   968 4070 2897  5  4 91  0  0  0
 3  0   4132 2202084 402964 20444152    0    0     0   160 3271 2467  4  3 93  0  0  0
 1  0   4132 2202084 402964 20444180    0    0     0   252 3176 2225  5  2 93  0  0  0
 1  0   4132 2200080 402964 20444212    0    0     0   108 3048 2137  4  2 93  0  0  0
 1  0   4132 2186484 402964 20444244    0    0     0    88 7019 7879  7  4 89  0  0  0
 1  0   4132 2184760 402964 20444276    0    0     0   108 3233 2213  4  2 93  0  0  0
 1  0   4132 2188112 402964 20444324    0    0     0  1072 4203 2813 10  4 87  0  0  0
 1  0   4132 2187328 402964 20444364    0    0     0   272 3462 2386  5  2 93  0  0  0
 1  0   4132 2184836 402964 20444396    0    0     0   240 3175 2129  4  2 93  0  0  0
 1  0   4132 2191300 402964 20444416    0    0     0   120 3433 2478  5  3 92  0  0  0
 2  0   4132 2191200 402964 20444440    0    0     0   344 2901 1949  4  2 93  0  0  0
 1  0   4132 2188652 402964 20444452    0    0     0  1016 5055 3588  6  5 88  0  0  0
 1  0   4132 2194368 402964 20444500    0    0     0   264 4606 3876  6  3 91  0  0  0
 1  0   4132 2192488 402964 20444528    0    0     0   112 3596 2531  5  3 92  0  0  0
 1  0   4132 2196988 402964 20444564    0    0     0    80 3352 2244  5  2 93  0  0  0
procs -----------memory---------- ---swap-- -----io---- -system-- -------cpu-------
 r  b   swpd   free   buff  cache   si   so    bi    bo   in   cs us sy id wa st gu
 4  0   4132 2195980 402964 20444584    0    0     0    88 4720 4267  5  3 92  0  0  0
 1  0   4132 2190620 402964 20444604    0    0     0   288 6248 6007  7  5 87  0  0  0
 4  0   4132 2205688 402964 20444652    0    0     0   888 5393 5008 11  4 85  0  0  0
 2  0   4132 2206720 402964 20444672    0    0     0    96 3475 2607  5  3 93  0  0  0
 1  0   4132 2202800 402964 20444696    0    0     0   120 3496 2429  5  3 92  0  0  0
 1  0   4132 2207784 402964 20444708    0    0     0    72 2956 1963  5  2 93  0  0  0
 2  0   4132 2202208 402964 20444748    0    0     0   324 4235 3044  6  4 90  0  0  0
 1  0   4132 2202272 402964 20444776    0    0     0   108 3152 2273  4  2 94  0  0  0
 3  0   4132 2198772 402964 20444784    0    0     0   112 3159 2227  5  2 93  0  0  0
 1  0   4132 2198772 402964 20444812    0    0     0    76 3004 2022  4  2 94  0  0  0
 1  0   4132 2196760 402964 20444840    0    0     0   108 3126 2155  5  2 93  0  0  0
 2  0   4132 2203596 402964 20444860    0    0     0  1124 3279 2151  4  2 93  0  0  0
 1  0   4132 2201348 402964 20444896    0    0     0   204 4570 3271  6  4 89  0  0  0
 1  0   4132 2197568 402964 20444916    0    0     0    72 3447 2541  9  2 89  0  0  0
 1  0   4132 2197316 402964 20444944    0    0     0   120 3091 2336  4  2 94  0  0  0
 1  0   4132 2195552 402964 20444964    0    0     0    80 2903 1995  4  2 94  0  0  0
 1  0   4132 2192812 402964 20444996    0    0     0   252 3346 2481  5  2 93  0  0  0
 1  0   4132 2192516 402964 20445032    0    0     0  1040 4293 2917  6  4 90  0  0  0
 2  0   4132 2192948 402964 20445048    0    0     0   104 3673 2493  6  3 91  0  0  0
 3  0   4132 2191944 402964 20445100    0    0     0   108 6327 7076  7  4 89  0  0  0
 1  0   4132 2190380 402964 20445108    0    0     0   104 4069 3239  5  3 92  0  0  0
procs -----------memory---------- ---swap-- -----io---- -system-- -------cpu-------
 r  b   swpd   free   buff  cache   si   so    bi    bo   in   cs us sy id wa st gu
 4  0   4132 2190012 402964 20445144    0    0     0   400 2981 2071  4  2 94  0  0  0
 1  0   4132 2191300 402964 20445168    0    0     0   204 4245 3060  6  4 89  0  0  0
 2  0   4132 2191300 402964 20445336    0    0     0   100 3300 2207  5  2 93  0  0  0
 1  0   4132 2197296 402964 20445356    0    0     0   108 3311 2332  5  3 93  0  0  0
 1  0   4132 2195028 402964 20445392    0    0     0    80 3445 2173  9  2 89  0  0  0
 3  0   4132 2191024 402964 20445440    0    0     0  1000 3413 2392  5  3 92  0  0  0
 1  0   4132 2193992 402964 20445484    0    0     0   916 5610 4849  7  4 89  0  0  0
 0  0   4132 2197312 402964 20445528    0    0     0   156 3739 2761  5  3 92  0  0  0
 1  0   4132 2198932 402964 20445544    0    0     0    80 2934 1960  5  3 93  0  0  0
 1  0   4132 2198384 402964 20445588    0    0     0   112 3037 2133  4  2 93  0  0  0
 1  0   4132 2201128 402964 20445612    0    0     0   236 4303 3916  5  3 92  0  0  0
 1  0   4132 2198892 402964 20445652    0    0     0   308 3377 2380  4  3 93  0  0  0
 1  0   4132 2201628 402964 20445684    0    0     0  1084 4232 3053  6  4 90  0  0  0
 1  0   4132 2201980 402964 20445700    0    0     0   152 3597 2414  5  3 92  0  0  0
 1  0   4132 2201480 402964 20445740    0    0     0    72 3125 1894  9  2 89  0  0  0
 2  0   4132 2207280 402964 20445752    0    0     0   596 3402 2320  5  2 93  0  0  0
 0  0   4132 2206776 402964 20445796    0    0     0   108 2977 2208  4  2 94  0  0  0
 2  0   4132 2203028 402964 20445820    0    0     0   844 4540 3072  7  4 89  1  0  0
 1  0   4132 2206904 402964 20445836    0    0     0   100 3044 2094  4  2 93  0  0  0
 1  0   4132 2199568 402964 20445876    0    0     0   100 3714 2823  5  3 92  0  0  0
 1  0   4132 2197804 402964 20445904    0    0     0   368 3399 2360  5  3 93  0  0  0
procs -----------memory---------- ---swap-- -----io---- -system-- -------cpu-------
 r  b   swpd   free   buff  cache   si   so    bi    bo   in   cs us sy id wa st gu
 1  0   4132 2201368 402964 20445924    0    0     0   144 3381 2235  5  3 93  0  0  0
 0  0   4132 2202588 402964 20445980    0    0     0   140 4061 3112  6  4 91  0  0  0
 0  0   4132 2198584 402964 20446004    0    0     0   108 3779 2758  5  3 92  0  0  0
 2  0   4132 2197896 402964 20446028    0    0     0    80 3125 2000  8  2 90  0  0  0
 0  0   4132 2196916 402964 20446048    0    0     0   220 3200 2422  5  2 93  0  0  0
 0  0   4132 2201972 402964 20446088    0    0     0   100 3088 2158  4  2 94  0  0  0
 1  0   4132 2206108 402964 20446096    0    0     0   900 4767 3428  6  5 89  0  0  0
 0  0   4132 2197420 402964 20446160    0    0     0    84 6025 6223  6  3 90  0  0  0
 1  0   4132 2195328 402964 20446164    0    0     0   128 4491 3851  6  3 92  0  0  0
 1  0   4132 2194440 402964 20446212    0    0     0   256 2767 1679  4  2 94  0  0  0
 0  0   4132 2194440 402964 20446232    0    0     0   280 3059 1827  4  2 93  0  0  0
 1  0   4132 2191420 402964 20446292    0    0     0    96 2947 1824  4  2 94  0  0  0
 0  0   4132 2188184 402964 20446336    0    0     0  1224 4524 2921  6  4 91  0  0  0
 0  0   4132 2190280 402964 20446352    0    0     0    80 3131 2111  5  2 93  0  0  0
 0  0   4132 2193280 402964 20446388    0    0     0   236 3418 2173  9  2 89  0  0  0
 5  0   4132 2184344 402964 20446412    0    0     0    92 4303 3691  5  3 92  0  0  0
 0  0   4132 2182592 402964 20446452    0    0     0   112 3052 2133  5  2 93  0  0  0
 0  0   4132 2183032 402964 20446500    0    0     0   892 4224 2867  6  3 91  0  0  0
 1  0   4132 2182820 402964 20446508    0    0     0   112 3384 2500  5  2 93  0  0  0
 0  0   4132 2180936 402964 20446548    0    0     0   188 4462 4047  5  3 92  0  0  0
 0  0   4132 2177780 402964 20446564    0    0     0   272 3616 2594  5  3 92  0  0  0
procs -----------memory---------- ---swap-- -----io---- -system-- -------cpu-------
 r  b   swpd   free   buff  cache   si   so    bi    bo   in   cs us sy id wa st gu
 1  0   4132 2181100 402964 20446648    0    0     0    72 2905 2044  4  2 94  0  0  0
 4  0   4132 2179164 402964 20446660    0    0     0   184 4426 3367  6  5 89  0  0  0
 0  0   4132 2179620 402964 20446732    0    0     0    76 3220 2421  4  3 93  0  0  0
 1  0   4132 2179620 402964 20446740    0    0     0   124 3499 2273  9  2 89  0  0  0
 0  0   4132 2180040 402968 20446772    0    0     0  1064 3334 2456  4  2 93  0  0  0
 0  0   4132 2180040 402968 20446780    0    0     0   112 2986 2161  4  2 94  0  0  0
 0  0   4132 2178780 402968 20446820    0    0     0   884 3989 2651  6  3 91  0  0  0
 1  0   4132 2184100 402968 20446844    0    0     0   104 3368 2328  5  3 93  0  0  0
 0  0   4132 2181860 402968 20446868    0    0     0   224 3240 2334  5  2 93  0  0  0
 1  0   4132 2196268 402968 20446880    0    0     0   556 3594 2467  5  3 92  0  0  0
 0  0   4132 2203324 402968 20446920    0    0     0   100 3267 2355  5  2 93  0  0  0
 1  0   4132 2202352 402968 20446932    0    0     0   164 3347 2420  5  2 93  0  0  0
 1  0   4132 2202332 402968 20446972    0    0     0  1028 4412 3004  6  4 90  0  0  0
 0  0   4132 2207812 402968 20446992    0    0     0   112 3562 2219  9  2 88  0  0  0
 0  0   4132 2203824 402968 20447024    0    0     0   228 3352 2366  5  3 93  0  0  0
 0  1   4132 2199792 402968 20447048    0    0     0   108 3364 2279  5  3 93  0  0  0
 0  0   4132 2185720 402968 20447060    0    0     0    76 5615 6058  6  3 91  0  0  0
 1  0   4132 2187744 402968 20447104    0    0     0   936 6144 5167  7  5 88  0  0  0
 1  0   4132 2185980 402968 20447120    0    0     0    80 3281 2368  5  2 93  0  0  0
 0  0   4132 2185980 402968 20447144    0    0     0   340 3003 2085  4  2 94  0  0  0
 0  0   4132 2193400 402968 20447160    0    0     0    80 3122 2089  5  2 93  0  0  0
procs -----------memory---------- ---swap-- -----io---- -system-- -------cpu-------
 r  b   swpd   free   buff  cache   si   so    bi    bo   in   cs us sy id wa st gu
 0  0   4132 2193760 402968 20447216    0    0     0   120 3062 2183  5  2 93  0  0  0
 0  0   4132 2188540 402968 20447236    0    0     0   140 4205 2975  6  4 90  0  0  0
 0  0   4132 2186840 402968 20447404    0    0     0   144 3169 2163  5  3 93  0  0  0
 1  0   4132 2184288 402968 20447440    0    0     0   224 4970 4114 10  3 87  0  0  0
 0  0   4132 2195212 402968 20447472    0    0     0   112 3423 2503  4  2 93  0  0  0
 0  0   4132 2194820 402968 20447496    0    0     0    76 2978 2031  4  2 94  0  0  0
 1  0   4132 2191492 402968 20447528    0    0     0   920 4134 2781  6  4 90  0  0  0
 2  0   4132 2197100 402968 20447568    0    0     0    76 3945 3129  5  3 93  0  0  0
 0  0   4132 2195116 402968 20447580    0    0     0   428 4144 3435  5  3 92  0  0  0
 0  0   4132 2192652 402968 20447632    0    0     0    72 2984 2062  5  2 93  0  0  0
 0  0   4132 2195696 402968 20447644    0    0     0   116 3152 2229  4  3 93  0  0  0
 0  0   4132 2195448 402968 20447688    0    0     0   124 2987 2111  4  2 93  0  0  0
 0  0   4132 2202212 402968 20447700    0    0     0   972 4041 2679  5  3 91  0  0  0
 5  0   4132 2207104 402968 20447760    0    0     0   252 3541 2360  8  3 90  0  0  0
 0  0   4132 2203356 402980 20447768    0    0     0   920 3335 2311  6  3 91  0  0  0
 0  0   4132 2206564 402980 20447832    0    0     0    92 3234 2051  4  3 93  0  0  0
 0  0   4132 2202312 402980 20447844    0    0     0   104 3476 2324  5  3 93  0  0  0
 1  0   4132 2197316 402980 20447904    0    0     0   876 4335 3099  6  4 89  0  0  0
 0  0   4132 2195048 402980 20447928    0    0     0   320 3407 2396  4  2 93  0  0  0
 3  0   4132 2200896 402980 20447960    0    0     0   232 3368 2532  4  2 93  0  0  0
 0  0   4132 2199664 402980 20447976    0    0     0   116 3388 2531  5  2 92  0  0  0
procs -----------memory---------- ---swap-- -----io---- -system-- -------cpu-------
 r  b   swpd   free   buff  cache   si   so    bi    bo   in   cs us sy id wa st gu
 0  0   4132 2201004 402980 20447992    0    0     0    80 2964 2070  4  2 93  0  0  0
 0  0   4132 2202656 402980 20448020    0    0     0   180 4395 3193  6  4 89  0  0  0
 0  0   4132 2200484 402980 20448044    0    0     0   264 3256 2226  5  3 92  0  0  0
 1  0   4132 2207352 402980 20448072    0    0     0   128 3153 2203  5  2 93  0  0  0
 4  0   4132 2110904 402980 20448100    0    0     0    92 7930 8445 22 18 60  0  0  0
 4  0   4132 1983152 402980 20448140    0    0     4   380 8350 6270 27 31 42  0  0  0
 4  0   4132 1878492 402980 20448172    0    0     0   896 7864 5013 27 31 42  0  0  0
 6  0   4132 1557600 402980 20465424    0    0     8   240 7335 4272 30 28 42  0  0  0
 9  0   4132 1024796 402980 20519296    0    0     4   252 9953 4010 84 15  1  0  0  0
12  0   4132 1020688 402980 20519384    0    0     0   108 10471 4837 92  8  0  0  0  0
 9  0   4132 1041836 402980 20519440    0    0     0   104 9961 3764 86 13  1  0  0  0
 9  0   4132 1042284 402980 20519464    0    0     0  1184 10249 3398 79 20  1  0  0  0
 6  0   4132 1280620 402980 20503096    0    0     4  1344 10837 5432 74 20  7  0  0  0
 8  0   4132 1776396 402980 20469768    0    0     4  1056 6021 2563 29  9 62  0  0  0
 1  0   4132 1859820 402980 20469612    0    0     0    92 4170 2158 18  5 77  0  0  0
 3  0   4132 1861044 402980 20469440    0    0     0   608 3887 2001 15  5 81  0  0  0
 1  0   4132 1860392 402980 20469468    0    0     0    72 3579 1786 14  5 81  0  0  0
 1  0   4132 1864960 402980 20469508    0    0     0   996 6601 5297 16  8 75  0  0  0
 1  0   4132 1863100 402980 20469544    0    0     0   408 3883 1970 15  5 80  0  0  0
 0  0   4132 2097168 402980 20448768    0    0     4   428 3420 1986  7  3 90  0  0  0
 0  0   4132 2095552 402980 20448816    0    0     0    80 2738 1585  4  2 93  0  0  0
procs -----------memory---------- ---swap-- -----io---- -system-- -------cpu-------
 r  b   swpd   free   buff  cache   si   so    bi    bo   in   cs us sy id wa st gu
 0  0   4132 2100700 402980 20448860    0    0     0   384 3307 2093  5  3 91  0  0  0
 0  0   4132 2183536 402980 20448700    0    0     0   172 4296 3224  6  4 90  0  0  0
 0  0   4132 2184192 402984 20448752    0    0     0   892 3310 2400  5  3 92  0  0  0
 0  0   4132 2191144 402984 20448772    0    0     0   836 3244 2317  4  2 94  0  0  0
 5  0   4132 2190220 402984 20448792    0    0     0 11852 3756 2465  8  2 89  1  0  0
 0  0   4132 2188436 402984 20448828    0    0     0    72 2960 2075  5  2 93  0  0  0
 0  0   4132 2184672 402984 20448884    0    0     0  1188 4592 3073  6  4 90  0  0  0
 2  0   4132 2185424 402984 20448904    0    0     0    80 3256 2427  5  2 93  0  0  0
 0  0   4132 2184680 402984 20448936    0    0     0   116 3420 2557  4  2 93  0  0  0
 0  0   4132 2184412 402984 20448964    0    0     0   220 2916 2056  4  2 94  0  0  0
 0  0   4132 2183632 402984 20448980    0    0     0   104 3240 2364  4  2 94  0  0  0
 2  0   4132 2180164 402984 20449020    0    0     0   148 2867 1968  4  2 94  0  0  0
 0  0   4132 2180336 402984 20449056    0    0     0  1080 4641 3178  6  4 90  0  0  0
 0  0   4132 2183956 402984 20449076    0    0     0   100 5499 6255  6  3 92  0  0  0
 6  0   4132 2192288 402984 20449112    0    0     0   376 5111 4675  6  3 90  0  0  0
 0  0   4132 2191704 402984 20449140    0    0     0    96 3443 2188  9  2 89  0  0  0
 3  0   4132 2187992 402984 20449168    0    0     0   100 5096 5582  6  3 91  0  0  0
 1  0   4132 2196704 402984 20449200    0    0     0   896 4382 3008  6  4 90  0  0  0
 1  0   4132 2194356 402984 20449236    0    0     0   144 3317 2313  4  2 93  0  0  0
 0  0   4132 2192340 402984 20449260    0    0     0   220 3189 2375  4  2 93  0  0  0
 1  0   4132 2188560 402984 20449272    0    0     0   112 3614 2482  5  2 93  0  0  0
procs -----------memory---------- ---swap-- -----io---- -system-- -------cpu-------
 r  b   swpd   free   buff  cache   si   so    bi    bo   in   cs us sy id wa st gu
 2  0   4132 2185296 402984 20449300    0    0     0    84 3968 3451  5  2 93  0  0  0
 0  0   4132 2182088 402984 20449332    0    0     0   196 4915 3868  6  4 90  0  0  0
 0  0   4132 2182088 402984 20449388    0    0     0    96 3383 2304  4  2 93  0  0  0
 0  0   4132 2179820 402984 20449396    0    0     0   352 3220 2240  5  2 93  0  0  0
 0  0   4132 2178840 402984 20449432    0    0     0    80 3377 2159  9  2 89  0  0  0
 1  0   4132 2176572 402984 20449456    0    0     0   132 4884 4492  6  3 91  0  0  0
 0  0   4132 2181020 402984 20449624    0    0     0   836 4382 3015  6  4 90  0  0  0
 2  0   4132 2177316 402984 20449640    0    0     0   100 4920 5108  6  3 91  0  0  0
 1  0   4132 2185924 402984 20449672    0    0     0   212 3264 2207  5  2 93  0  0  0
 2  0   4132 2186292 402984 20449676    0    0     0   124 2778 1723  4  2 94  0  0  0
 0  0   4132 2185144 402984 20449728    0    0     0    84 3100 2156  4  2 93  0  0  0
 2  0   4132 2183068 402984 20449740    0    0     0   188 3418 2369  5  3 92  0  0  0
 0  0   4132 2184000 402984 20449812    0    0     0  1620 4441 3091  6  3 91  0  0  0
 0  0   4132 2185656 402984 20449816    0    0     0   284 3321 2393  5  3 93  0  0  0
 5  0   4132 2184172 402984 20449888    0    0     0   188 3082 2178  5  2 93  0  0  0
 0  0   4132 2183164 402984 20449888    0    0     0   112 3800 2644 10  3 87  0  0  0
 0  0   4132 2189548 402984 20449952    0    0     0   120 3284 2417  4  3 93  0  0  0
 3  0   4132 2182904 402984 20449964    0    0     0  1124 6285 6266  8  5 88  0  0  0
 0  0   4132 2193556 402984 20449996    0    0     0   120 3370 2248  5  3 92  0  0  0
 0  0   4132 2193276 402984 20450024    0    0     0   252 3148 2265  4  2 93  0  0  0
 1  0   4132 2190040 402984 20450052    0    0     0    84 3173 2238  5  2 93  0  0  0
procs -----------memory---------- ---swap-- -----io---- -system-- -------cpu-------
 r  b   swpd   free   buff  cache   si   so    bi    bo   in   cs us sy id wa st gu
 0  0   4132 2187272 402984 20450056    0    0     0   148 3004 2101  4  2 94  0  0  0
 4  0   4132 2184916 402984 20450108    0    0     0   176 6615 6868  8  5 87  0  0  0
 1  0   4132 2185272 402984 20450116    0    0     0   236 4564 3746  6  3 91  0  0  0
 1  0   4132 2182440 402984 20450156    0    0     0   304 2848 1745  5  2 93  0  0  0
 0  0   4132 2186004 402984 20450172    0    0     0   112 2999 1987  4  2 94  0  0  0
 0  0   4132 2183740 402984 20450208    0    0     0   124 3434 2209  9  2 89  0  0  0
 1  0   4132 2180292 402984 20450244    0    0     0   948 4715 3274  6  4 90  0  0  0
 0  0   4132 2180296 402984 20450292    0    0     0    80 3264 2209  5  2 93  0  0  0
 0  0   4132 2180296 402984 20450308    0    0     0   292 3075 2309  4  2 94  0  0  0
 2  0   4132 2180072 402984 20450336    0    0     0   284 3001 2147  5  2 93  0  0  0
 0  0   4132 2180992 402984 20450352    0    0     0   124 4949 4200  6  3 91  0  0  0
 7  0   4132 2178220 402984 20450404    0    0     0   132 3635 2570  5  3 92  0  0  0
 0  0   4132 2182156 402984 20450412    0    0     0  1072 4257 2968  5  3 92  0  0  0
 0  0   4132 2180648 402984 20450464    0    0     0   248 3246 2379  5  2 93  0  0  0
 1  0   4132 2183232 402984 20450508    0    0     0   120 5013 4353  6  3 91  0  0  0
 0  0   4132 2191140 402984 20450512    0    0     0    92 3000 2138  4  2 94  0  0  0
 0  0   4132 2193060 402984 20450556    0    0     0   112 3429 2482  5  3 92  0  0  0
 0  0   4132 2190440 402984 20450592    0    0     0   900 4451 2992 10  4 86  0  0  0
 0  0   4132 2188676 402984 20450600    0    0     0   288 3246 2291  5  2 93  0  0  0
 0  0   4132 2187976 402984 20450636    0    0     0    80 3338 2498  5  2 93  0  0  0
 0  0   4132 2186000 402984 20450636    0    0     0   116 3247 2246  5  2 93  0  0  0
procs -----------memory---------- ---swap-- -----io---- -system-- -------cpu-------
 r  b   swpd   free   buff  cache   si   so    bi    bo   in   cs us sy id wa st gu
 0  0   4132 2185792 402984 20450672    0    0     0    84 2939 1998  5  2 94  0  0  0
 1  0   4132 2183444 402984 20450692    0    0     0   740 4301 3142  6  4 89  0  0  0
 0  0   4132 2185896 402984 20450760    0    0     0   368 3397 2403  5  3 93  0  0  0
 0  0   4132 2186092 402984 20450780    0    0     0   112 5149 5749  6  3 91  0  0  0
 0  0   4132 2193084 402984 20450820    0    0     0   112 3397 2377  4  2 93  0  0  0
 0  0   4132 2191856 402984 20450824    0    0     0   116 3272 2386  5  2 93  0  0  0
 1  0   4132 2190712 402984 20450912    0    0     0  1028 4553 3115  6  4 89  0  0  0
 1  0   4132 2193116 402984 20450928    0    0     0   240 3530 2615  5  3 92  0  0  0
 0  0   4132 2191788 402984 20450956    0    0     0   136 3570 2321  9  3 88  0  0  0
 0  0   4132 2193304 402984 20450984    0    0     0   148 4234 3937  6  3 91  0  0  0
 7  0   4132 2192724 402984 20450992    0    0     0    76 4913 4922  5  3 92  0  0  0
 2  0   4132 2191724 402984 20451040    0    0     0   164 10419 13943  9  5 86  0  0  0
 0  0   4132 2195812 402984 20451044    0    0     0  1208 4428 3034  5  4 91  0  0  0
 1  0   4132 2203408 402984 20451092    0    0     0   276 3213 2203  5  2 93  0  0  0
 1  0   4132 2200944 402984 20451096    0    0     0   112 3134 2204  5  2 93  0  0  0
 0  0   4132 2197444 402984 20451140    0    0     0   144 3337 2243  5  3 93  0  0  0
 2  0   4132 2197444 402984 20451144    0    0     0    88 2768 1935  4  2 94  0  0  0
 1  0   4132 2194028 402984 20451212    0    0     0  1076 4689 3251  6  4 89  0  0  0
 0  0   4132 2192264 402984 20451220    0    0     0    80 3076 2142  4  3 93  0  0  0
 1  0   4132 2190248 402984 20451268    0    0     0   128 5183 4576 11  3 87  0  0  0
 1  0   4132 2189240 402984 20451280    0    0     0    80 3054 2142  5  2 93  0  0  0
procs -----------memory---------- ---swap-- -----io---- -system-- -------cpu-------
 r  b   swpd   free   buff  cache   si   so    bi    bo   in   cs us sy id wa st gu
 1  0   4132 2190768 402984 20451308    0    0     0   112 3159 2324  5  2 93  0  0  0
 0  0   4132 2184260 402984 20451440    0    0     0   144 4171 2991  6  4 90  0  0  0
 0  0   4132 2195856 402984 20451504    0    0     0   416 5432 4804  6  3 91  0  0  0
 0  0   4132 2194848 402984 20451512    0    0     0    92 3336 2389  5  2 93  0  0  0
 0  0   4132 2196480 402984 20451560    0    0     0   116 3581 2606  5  3 92  0  0  0
 1  0   4132 2197392 402984 20451572    0    0     0    80 3074 2123  4  2 94  0  0  0
