Linux 6.8.0-55-generic (ubuntu) 	18/06/26 	_x86_64_	(8 CPU)

12:11:02      runq-sz  plist-sz   ldavg-1   ldavg-5  ldavg-15   blocked
12:11:03            0       709      0,77      0,66      0,60         0
12:11:04            0       711      0,77      0,66      0,60         0
12:11:05            0       713      0,77      0,66      0,60         0
12:11:06            0       713      0,77      0,66      0,60         0
12:11:07            1       712      0,77      0,66      0,60         0
12:11:08            0       711      0,87      0,68      0,60         0
12:11:09            2       714      0,87      0,68      0,60         0
12:11:10            0       714      0,87      0,68      0,60         0
12:11:11            0       715      0,87      0,68      0,60         0
12:11:12            1       712      0,87      0,68      0,60         0
12:11:13            0       713      0,80      0,67      0,60         0
12:11:14            3       713      0,80      0,67      0,60         0
12:11:15            2       747      0,80      0,67      0,60         0
12:11:16            1       714      0,80      0,67      0,60         0
12:11:17            0       714      0,80      0,67      0,60         0
12:11:18            1       711      0,74      0,66      0,60         0
12:11:19            0       711      0,74      0,66      0,60         0
12:11:20            0       712      0,74      0,66      0,60         0
12:11:21            0       713      0,74      0,66      0,60         0
12:11:22            0       712      0,74      0,66      0,60         0
12:11:23            0       710      0,68      0,65      0,59         0
12:11:24            0       710      0,68      0,65      0,59         0
12:11:25            0       713      0,68      0,65      0,59         0
12:11:26            0       712      0,68      0,65      0,59         0
12:11:27            0       713      0,68      0,65      0,59         0
12:11:28            1       709      0,62      0,64      0,59         0
12:11:29            0       713      0,62      0,64      0,59         0
12:11:30            0       711      0,62      0,64      0,59         0
12:11:31            0       712      0,62      0,64      0,59         0
12:11:32            1       710      0,62      0,64      0,59         0
12:11:33            0       708      0,65      0,64      0,59         0
12:11:34            4       707      0,65      0,64      0,59         0
12:11:35            2       709      0,65      0,64      0,59         0
12:11:36            0       709      0,65      0,64      0,59         0
12:11:37            0       709      0,65      0,64      0,59         0
12:11:38            0       708      0,60      0,63      0,59         0
12:11:39            0       707      0,60      0,63      0,59         0
12:11:40            1       707      0,60      0,63      0,59         0
12:11:41            0       709      0,60      0,63      0,59         0
12:11:42            1       708      0,60      0,63      0,59         0
12:11:43            0       710      0,55      0,62      0,59         0
12:11:44            0       707      0,55      0,62      0,59         0
12:11:45            0       707      0,55      0,62      0,59         0
12:11:46            0       710      0,55      0,62      0,59         0
12:11:47            1       710      0,55      0,62      0,59         0
12:11:48            0       709      0,59      0,63      0,59         0
12:11:49            0       709      0,59      0,63      0,59         0
12:11:50            1       708      0,59      0,63      0,59         0
12:11:51            0       711      0,59      0,63      0,59         0
12:11:52            0       711      0,59      0,63      0,59         0
12:11:53            1       711      0,54      0,62      0,58         0
12:11:54            0       708      0,54      0,62      0,58         0
12:11:55            1       708      0,54      0,62      0,58         0
12:11:56            2       708      0,54      0,62      0,58         0
12:11:57            1       710      0,54      0,62      0,58         0
12:11:58            0       711      0,50      0,61      0,58         0
12:11:59            0       710      0,50      0,61      0,58         0
12:12:00            2       709      0,50      0,61      0,58         0
12:12:01            1       708      0,50      0,61      0,58         0
12:12:02            0       711      0,50      0,61      0,58         0
12:12:03            0       712      0,46      0,60      0,58         0
12:12:04            1       712      0,46      0,60      0,58         0
12:12:05            1       710      0,46      0,60      0,58         0
12:12:06            0       708      0,46      0,60      0,58         0
12:12:07            0       711      0,46      0,60      0,58         0
12:12:08            0       712      0,58      0,62      0,59         0
12:12:09            0       711      0,58      0,62      0,59         0
12:12:10            0       708      0,58      0,62      0,59         0
12:12:11            1       708      0,58      0,62      0,59         0
12:12:12            2       711      0,58      0,62      0,59         0
12:12:13            0       711      0,54      0,61      0,58         0
12:12:14            0       712      0,54      0,61      0,58         0
12:12:15            0       709      0,54      0,61      0,58         0
12:12:16            3       713      0,54      0,61      0,58         0
12:12:17            5       714      0,54      0,61      0,58         0
12:12:18            0       711      0,49      0,60      0,58         0
12:12:19            0       712      0,49      0,60      0,58         0
12:12:20            0       711      0,49      0,60      0,58         0
12:12:21            0       709      0,49      0,60      0,58         0
12:12:22            0       713      0,49      0,60      0,58         0
12:12:23            0       712      0,61      0,62      0,59         0
12:12:24            0       713      0,61      0,62      0,59         0
12:12:25            0       713      0,61      0,62      0,59         0
12:12:26            0       709      0,61      0,62      0,59         0
12:12:27            0       711      0,61      0,62      0,59         0
12:12:28            1       712      0,56      0,61      0,58         0
12:12:29            0       711      0,56      0,61      0,58         0
12:12:30            0       711      0,56      0,61      0,58         0
12:12:31            0       709      0,56      0,61      0,58         0
12:12:32            0       710      0,56      0,61      0,58         0
12:12:33            0       711      0,92      0,69      0,61         0
12:12:34            0       712      0,92      0,69      0,61         0
12:12:35            0       711      0,92      0,69      0,61         0
12:12:36            0       711      0,92      0,69      0,61         0
12:12:37            0       710      0,92      0,69      0,61         0
12:12:38            1       711      0,85      0,67      0,60         0
12:12:39            0       711      0,85      0,67      0,60         0
12:12:40            1       712      0,85      0,67      0,60         0
12:12:41            0       712      0,85      0,67      0,60         0
12:12:42            1       709      0,85      0,67      0,60         0
12:12:43            2       708      0,78      0,66      0,60         0
12:12:44            1       711      0,78      0,66      0,60         0
12:12:45            1       712      0,78      0,66      0,60         0
12:12:46            0       712      0,78      0,66      0,60         0
12:12:47            1       711      0,78      0,66      0,60         0
12:12:48            0       708      0,80      0,67      0,60         0
12:12:49            0       712      0,80      0,67      0,60         0
12:12:50            0       709      0,80      0,67      0,60         0
12:12:51            1       710      0,80      0,67      0,60         0
12:12:52            0       708      0,80      0,67      0,60         0
12:12:53            1       708      0,73      0,66      0,60         0
12:12:54            1       711      0,73      0,66      0,60         0
12:12:55            1       711      0,73      0,66      0,60         0
12:12:56            1       726      0,73      0,66      0,60         0
12:12:57            2       709      0,73      0,66      0,60         0
12:12:58            1       709      0,75      0,66      0,60         0
12:12:59            1       710      0,75      0,66      0,60         0
12:13:00            0       710      0,75      0,66      0,60         0
12:13:01            0       711      0,75      0,66      0,60         0
12:13:02            0       709      0,75      0,66      0,60         0
12:13:03            0       707      0,69      0,65      0,60         0
12:13:04            0       709      0,69      0,65      0,60         0
12:13:05            0       711      0,69      0,65      0,60         0
12:13:06            0       709      0,69      0,65      0,60         0
12:13:07            0       711      0,69      0,65      0,60         0
12:13:08            0       707      0,88      0,69      0,61         0
12:13:09            0       707      0,88      0,69      0,61         0
12:13:10            1       709      0,88      0,69      0,61         0
12:13:11            1       709      0,88      0,69      0,61         0
12:13:12            1       708      0,88      0,69      0,61         0
12:13:13            1       705      1,05      0,73      0,62         0
12:13:14            0       706      1,05      0,73      0,62         0
12:13:15            1       708      1,05      0,73      0,62         0
12:13:16            0       708      1,05      0,73      0,62         0
12:13:17            2       708      1,05      0,73      0,62         0
12:13:18            1       705      1,20      0,77      0,64         0
12:13:19            6       705      1,20      0,77      0,64         0
12:13:20            1       707      1,20      0,77      0,64         0
12:13:21            1       710      1,20      0,77      0,64         0
12:13:22            0       709      1,20      0,77      0,64         0
12:13:23            0       709      1,43      0,82      0,66         0
12:13:24            0       707      1,43      0,82      0,66         0
12:13:25            2       707      1,43      0,82      0,66         0
12:13:26            0       708      1,43      0,82      0,66         0
12:13:27            0       710      1,43      0,82      0,66         0
12:13:28            0       709      1,47      0,84      0,66         0
12:13:29            0       708      1,47      0,84      0,66         0
12:13:30            0       707      1,47      0,84      0,66         0
12:13:31            0       709      1,47      0,84      0,66         0
12:13:32            0       709      1,47      0,84      0,66         0
12:13:33            0       710      1,52      0,86      0,67         0
12:13:34            0       707      1,52      0,86      0,67         0
12:13:35            2       707      1,52      0,86      0,67         0
12:13:36            0       709      1,52      0,86      0,67         0
12:13:37            0       709      1,52      0,86      0,67         0
12:13:38            1       708      1,48      0,86      0,67         0
12:13:39            0       707      1,48      0,86      0,67         0
12:13:40            1       706      1,48      0,86      0,67         0
12:13:41            1       708      1,48      0,86      0,67         0
12:13:42            0       710      1,48      0,86      0,67         0
12:13:43            0       710      1,52      0,88      0,68         0
12:13:44            0       709      1,52      0,88      0,68         0
12:13:45            0       707      1,52      0,88      0,68         0
12:13:46            1       707      1,52      0,88      0,68         0
12:13:47            1       710      1,52      0,88      0,68         0
12:13:48            0       709      1,56      0,90      0,69         0
12:13:49            0       709      1,56      0,90      0,69         0
12:13:50            1       706      1,56      0,90      0,69         0
12:13:51            2       708      1,56      0,90      0,69         0
12:13:52            1       710      1,56      0,90      0,69         0
12:13:53            0       709      1,51      0,90      0,69         0
12:13:54            4       710      1,51      0,90      0,69         0
12:13:55            0       708      1,51      0,90      0,69         0
12:13:56            1       708      1,51      0,90      0,69         0
12:13:57            0       710      1,51      0,90      0,69         0
12:13:58            0       709      1,47      0,91      0,69         1
12:13:59            1       709      1,47      0,91      0,69         0
12:14:00            0       707      1,47      0,91      0,69         0
12:14:01            1       707      1,47      0,91      0,69         0
12:14:02            2       709      1,47      0,91      0,69         0
12:14:03            0       708      1,35      0,89      0,69         1
12:14:04            0       708      1,35      0,89      0,69         0
12:14:05            1       708      1,35      0,89      0,69         0
12:14:06            0       706      1,35      0,89      0,69         0
12:14:07            0       707      1,35      0,89      0,69         0
12:14:08            0       708      1,48      0,93      0,70         0
12:14:09            0       709      1,48      0,93      0,70         0
12:14:10            0       709      1,48      0,93      0,70         0
12:14:11            1       706      1,48      0,93      0,70         0
12:14:12            0       706      1,48      0,93      0,70         0
12:14:13            0       708      1,37      0,91      0,70         0
12:14:14            7       709      1,37      0,91      0,70         0
12:14:15            0       709      1,37      0,91      0,70         0
12:14:16            0       706      1,37      0,91      0,70         0
12:14:17            0       706      1,37      0,91      0,70         0
12:14:18            0       710      1,42      0,93      0,70         0
12:14:19            0       710      1,42      0,93      0,70         0
12:14:20            0       711      1,42      0,93      0,70         0
12:14:21            0       709      1,42      0,93      0,70         0
12:14:22            0       708      1,42      0,93      0,70         0
12:14:23            3       710      1,46      0,95      0,71         2
12:14:24            1       725      1,46      0,95      0,71         0
12:14:25            1       710      1,46      0,95      0,71         0
12:14:26            0       710      1,46      0,95      0,71         0
12:14:27            0       709      1,46      0,95      0,71         0
12:14:28            0       709      1,51      0,96      0,72         2
12:14:29            0       711      1,51      0,96      0,72         0
12:14:30            0       711      1,51      0,96      0,72         0
12:14:31            2       711      1,51      0,96      0,72         0
12:14:32            0       708      1,51      0,96      0,72         0
12:14:33            0       709      1,55      0,98      0,73         2
12:14:34            0       712      1,55      0,98      0,73         0
12:14:35            0       712      1,55      0,98      0,73         0
12:14:36            0       712      1,55      0,98      0,73         0
12:14:37            0       710      1,55      0,98      0,73         0
12:14:38            1       710      1,58      1,00      0,73         2
12:14:39            0       711      1,58      1,00      0,73         0
12:14:40            1       712      1,58      1,00      0,73         0
12:14:41            4       711      1,58      1,00      0,73         0
12:14:42            2       709      1,58      1,00      0,73         0
12:14:43            2       709      1,62      1,02      0,74         0
12:14:44            9       711      1,62      1,02      0,74         0
12:14:45            0       711      1,62      1,02      0,74         0
12:14:46            0       711      1,62      1,02      0,74         0
12:14:47            1       712      1,62      1,02      0,74         0
12:14:48            0       710      1,65      1,03      0,75         2
12:14:49            0       710      1,65      1,03      0,75         0
12:14:50            0       711      1,65      1,03      0,75         0
12:14:51            0       711      1,65      1,03      0,75         0
12:14:52            0       711      1,65      1,03      0,75         0
12:14:53            1       708      1,60      1,03      0,75         2
12:14:54            0       709      1,60      1,03      0,75         0
12:14:55            0       710      1,60      1,03      0,75         0
12:14:56            0       710      1,60      1,03      0,75         0
12:14:57            0       712      1,60      1,03      0,75         0
12:14:58            0       709      1,55      1,03      0,75         1
12:14:59            1       709      1,55      1,03      0,75         0
12:15:00            0       711      1,55      1,03      0,75         0
12:15:01            0       712      1,55      1,03      0,75         0
12:15:02            1       713      1,55      1,03      0,75         0
12:15:03            0       709      1,42      1,01      0,75         3
12:15:04            1       708      1,42      1,01      0,75         0
12:15:05            1       710      1,42      1,01      0,75         0
12:15:06            0       710      1,42      1,01      0,75         0
12:15:07            0       711      1,42      1,01      0,75         0
12:15:08            2       712      1,31      1,00      0,74         2
12:15:09            0       709      1,31      1,00      0,74         0
12:15:10            0       708      1,31      1,00      0,74         0
12:15:11            2       711      1,31      1,00      0,74         0
12:15:12            0       711      1,31      1,00      0,74         0
12:15:13            1       710      1,36      1,01      0,75         2
12:15:14            2       724      1,36      1,01      0,75         0
12:15:15            0       709      1,36      1,01      0,75         0
12:15:16            0       711      1,36      1,01      0,75         0
12:15:17            6       711      1,36      1,01      0,75         0
12:15:18            2       711      1,34      1,01      0,75         0
12:15:19            1       709      1,34      1,01      0,75         0
12:15:20            0       709      1,34      1,01      0,75         0
12:15:21            1       710      1,34      1,01      0,75         0
12:15:22            1       710      1,34      1,01      0,75         0
12:15:23            0       712      1,31      1,01      0,75         2
12:15:24            0       708      1,31      1,01      0,75         0
12:15:25            2       709      1,31      1,01      0,75         0
12:15:26           10       711      1,31      1,01      0,75         0
12:15:27            2       710      1,31      1,01      0,75         0
12:15:28            6       711      1,20      0,99      0,75         0
12:15:29            1       710      1,20      0,99      0,75         0
12:15:30            0       708      1,20      0,99      0,75         0
12:15:31            2       708      1,20      0,99      0,75         0
12:15:32            2       710      1,20      0,99      0,75         0
12:15:33            2       709      1,19      1,00      0,75         0
12:15:34            3       711      1,19      1,00      0,75         0
12:15:35            1       709      1,19      1,00      0,75         0
12:15:36            1       708      1,19      1,00      0,75         0
12:15:37            2       710      1,19      1,00      0,75         0
12:15:38            4       711      1,17      1,00      0,75         0
12:15:39            0       710      1,17      1,00      0,75         0
12:15:40            3       709      1,17      1,00      0,75         0
12:15:41            2       708      1,17      1,00      0,75         0
12:15:42            3       711      1,17      1,00      0,75         0
12:15:43            1       711      1,16      1,00      0,75         0
12:15:44            1       710      1,16      1,00      0,75         0
12:15:45            0       708      1,16      1,00      0,75         0
12:15:46            1       708      1,16      1,00      0,75         0
12:15:47           12       711      1,16      1,00      0,75         0
12:15:48            3       709      1,06      0,98      0,75         0
12:15:49            2       710      1,06      0,98      0,75         0
12:15:50            0       710      1,06      0,98      0,75         0
12:15:51            1       708      1,06      0,98      0,75         0
12:15:52            0       708      1,06      0,98      0,75         0
12:15:53            1       711      0,98      0,96      0,74         0
12:15:54            0       711      0,98      0,96      0,74         0
12:15:55            0       711      0,98      0,96      0,74         0
12:15:56            0       709      0,98      0,96      0,74         0
12:15:57            2       709      0,98      0,96      0,74         0
12:15:58            4       712      0,90      0,95      0,74         0
12:15:59            1       712      0,90      0,95      0,74         0
12:16:00            1       712      0,90      0,95      0,74         0
12:16:01            1       710      0,90      0,95      0,74         0
12:16:02            3       709      0,90      0,95      0,74         0
Average:            1       710      1,07      0,81      0,66         0
