procs -----------memory---------- ---swap-- -----io---- -system-- -------cpu-------
 r  b   swpd   free   buff  cache   si   so    bi    bo   in   cs us sy id wa st gu
 4  0   4132 1422996 406876 21068924    0    0    57   224 1692    1  2  1 97  0  0  0
 1  0   4132 1396920 406880 21069120    0    0     0   376 5496 4517  7  6 87  0  0  0
 1  0   4132 1397860 406880 21069152    0    0     0  1096 3917 3072  6  4 91  0  0  0
 0  0   4132 1402160 406880 21069184    0    0     0   116 4025 2917  9  3 87  0  0  0
 0  0   4132 1401184 406880 21069216    0    0     0    80 2849 2156  4  3 93  0  0  0
 0  0   4132 1399168 406884 21069248    0    0     0   444 2855 2239  4  2 93  0  0  0
 0  0   4132 1401240 406884 21069268    0    0     0   236 2570 2116  4  2 94  0  0  0
 0  0   4132 1400960 406884 21069304    0    0     0  1140 3624 2876  6  4 91  0  0  0
 0  0   4132 1408800 406884 21069320    0    0     0    84 3198 2630  5  3 93  0  0  0
 0  0   4132 1408300 406884 21069344    0    0     0   116 2670 2143  4  2 93  0  0  0
 2  0   4132 1408072 406884 21069380    0    0     0   312 2904 2245  4  2 93  0  0  0
 0  0   4132 1407316 406884 21069404    0    0     0   292 2782 2212  5  2 93  0  0  0
 1  0   4132 1405372 406884 21069432    0    0     0   256 4271 4223  5  3 91  0  0  0
 3  0   4132 1394888 406884 21069492    0    0     0   776 5339 4995  7  5 89  0  0  0
 0  0   4132 1408316 406884 21069504    0    0     0    96 4476 3913  9  3 88  0  0  0
 1  0   4132 1407592 406884 21069536    0    0     0   292 2668 2157  4  2 93  0  0  0
 0  0   4132 1407592 406884 21069556    0    0     0   192 2752 2204  4  2 93  0  0  0
 1  0   4132 1405828 406884 21069568    0    0     0   120 2848 2134  5  2 93  0  0  0
 0  0   4132 1409948 406884 21069612    0    0     0   148 4134 3312  6  4 90  0  0  0
 0  0   4132 1407180 406884 21069632    0    0     0   112 2706 2137  5  2 93  0  0  0
 0  0   4132 1405416 406884 21069656    0    0     0   124 2731 2343  4  2 93  0  0  0
procs -----------memory---------- ---swap-- -----io---- -system-- -------cpu-------
 r  b   swpd   free   buff  cache   si   so    bi    bo   in   cs us sy id wa st gu
 2  0   4132 1403404 406884 21069680    0    0     0   488 2619 2158  4  2 94  0  0  0
 0  0   4132 1398644 406884 21069688    0    0     0   108 4013 4035  5  3 92  0  0  0
 1  0   4132 1397988 406884 21069748    0    0     0   972 3862 3228  6  3 91  0  0  0
 1  0   4132 1400420 406884 21069768    0    0     0    80 4633 4530  6  3 91  0  0  0
 1  0   4132 1394320 406884 21069792    0    0     0   148 3484 2780  8  3 89  0  0  0
 0  0   4132 1392356 406884 21069812    0    0     0   372 2981 2365  4  2 93  0  0  0
 0  0   4132 1392208 406884 21069848    0    0     0   132 2953 2557  5  2 93  0  0  0
 0  0   4132 1418456 406884 21069876    0    0     0  1108 4046 3057  6  4 90  0  0  0
 0  0   4132 1414508 406884 21069900    0    0     0   264 2793 2195  5  2 93  0  0  0
 1  0   4132 1412600 406884 21069912    0    0     0   144 3433 2541  5  3 92  0  0  0
 0  0   4132 1405584 406888 21069936    0    0     0   328 4351 4307  5  3 91  0  0  0
 1  0   4132 1404324 406888 21069964    0    0     0    80 2631 2171  4  2 94  0  0  0
 4  0   4132 1398540 406888 21069992    0    0     0   180 2981 2361  5  3 92  0  0  0
 0  0   4132 1401716 406888 21070024    0    0     0   796 3854 2952  6  4 90  0  0  0
 0  0   4132 1400660 406888 21070040    0    0     0   264 3369 2427  9  2 88  0  0  0
 1  0   4132 1400156 406888 21070076    0    0     0   236 2470 2040  4  2 94  0  0  0
 0  0   4132 1397172 406888 21070084    0    0     0   120 2802 2159  4  2 93  0  0  0
 1  0   4132 1396140 406888 21070116    0    0     0    80 2640 2154  4  2 94  0  0  0
 1  0   4132 1410148 406888 21070144    0    0     0   172 3800 2897  6  4 91  0  0  0
 0  0   4132 1409504 406888 21070168    0    0     0   232 2773 2280  5  2 93  0  0  0
 0  0   4132 1407172 406888 21070188    0    0     0   280 2677 2087  5  2 93  0  0  0
procs -----------memory---------- ---swap-- -----io---- -system-- -------cpu-------
 r  b   swpd   free   buff  cache   si   so    bi    bo   in   cs us sy id wa st gu
 0  0   4132 1408664 406888 21070216    0    0     0   100 3896 3837  5  3 92  0  0  0
 1  0   4132 1408440 406888 21070232    0    0     0   120 2587 2148  4  2 94  0  0  0
 1  0   4132 1406204 406888 21070276    0    0     0   880 6045 6074  7  5 88  0  0  0
 0  0   4132 1404216 406888 21070296    0    0     0   416 3496 2636  8  2 89  0  0  0
 0  0   4132 1416920 406892 21070316    0    0     0   224 3128 2493  5  3 93  0  0  0
 1  0   4132 1409900 406892 21070344    0    0     0   120 2742 2160  5  3 93  0  0  0
 0  0   4132 1424864 406892 21070372    0    0     0    88 2773 2326  5  2 93  0  0  0
 0  0   4132 1420860 406892 21070396    0    0     0  1096 3904 2993  6  4 90  0  0  0
 1  0   4132 1418240 406892 21070420    0    0     0   240 2991 2362  4  3 93  0  0  0
 0  0   4132 1417484 406896 21070436    0    0     0   260 2683 2167  4  2 93  0  0  0
 0  0   4132 1425204 406896 21070468    0    0     0    72 4476 4424  5  3 92  0  0  0
 0  0   4132 1419352 406896 21070484    0    0     0   144 2617 2192  4  2 93  0  0  0
 2  0   4132 1408252 406900 21070512    0    0     0   156 4402 4205  6  4 90  0  0  0
 0  0   4132 1411868 406900 21070672    0    0     0   952 3425 2540  6  3 91  0  0  0
 0  0   4132 1410680 406900 21070712    0    0     0   212 3030 2230  5  3 92  0  0  0
 0  0   4132 1415776 406900 21070752    0    0     0   308 3546 2692  9  2 89  0  0  0
 0  0   4132 1411360 406900 21070776    0    0     0    96 2670 2191  5  2 93  0  0  0
 0  0   4132 1407608 406900 21070796    0    0     0   120 2806 2070  4  2 93  0  0  0
 0  0   4132 1412648 406900 21070824    0    0     0   292 4511 3550  7  5 88  0  0  0
 2  0   4132 1407128 406900 21070860    0    0     0   124 4334 4134  6  3 91  0  0  0
 2  0   4132 1416800 406900 21070872    0    0     0   236 3404 2616  5  3 91  0  0  0
procs -----------memory---------- ---swap-- -----io---- -system-- -------cpu-------
 r  b   swpd   free   buff  cache   si   so    bi    bo   in   cs us sy id wa st gu
 1  0   4132 1405996 406900 21070900    0    0     0   120 2651 2092  4  3 93  0  0  0
 1  0   4132 1415480 406900 21070924    0    0     0    80 2828 2138  5  3 92  0  0  0
 1  0   4132 1410892 406900 21070948    0    0     0  1148 3919 3126  5  4 91  0  0  0
 1  0   4132 1410792 406900 21070976    0    0     0   184 3163 2470  5  3 92  0  0  0
 1  0   4132 1414340 406900 21071028    0    0     0   572 2802 2310  5  3 93  0  0  0
 1  0   4132 1420484 406900 21071040    0    0     0    80 2565 2100  4  2 94  0  0  0
 2  0   4132 1419724 406900 21071080    0    0     0   124 3200 2295  8  2 90  0  0  0
 1  0   4132 1416448 406900 21071100    0    0     0   440 3745 2966  6  4 91  0  0  0
 1  0   4132 1413708 406900 21071132    0    0     0   128 2561 2110  4  2 94  0  0  0
 1  0   4132 1411188 406900 21071156    0    0     0   540 4694 4464  6  3 91  0  0  0
 2  0   4132 1416264 406900 21071168    0    0     0   376 2902 2307  5  2 93  0  0  0
 1  0   4132 1412308 406900 21071208    0    0     0    96 7079 8614  9  5 86  0  0  0
 4  0   4132 1422620 406900 21071228    0    0     0   224 3026 2011  5  3 91  0  0  0
 2  0   4132 1417956 406900 21071248    0    0     0   348 3726 2939  5  3 92  0  0  0
 1  0   4132 1413676 406900 21071280    0    0     0   400 2929 2370  4  2 93  0  0  0
 1  0   4132 1416448 406900 21071300    0    0     0    96 2647 2293  4  2 94  0  0  0
 1  0   4132 1414684 406900 21071324    0    0     0   376 2811 2277  4  2 94  0  0  0
 1  0   4132 1410024 406900 21071340    0    0     0   136 4182 3911 10  3 87  0  0  0
 2  0   4132 1415424 406900 21071384    0    0     0  1360 4274 3004  6  4 90  0  0  0
 1  0   4132 1411180 406900 21071404    0    0     0   524 4493 4674  6  4 90  0  0  0
 1  0   4132 1417080 406900 21071428    0    0     0   360 2855 2260  4  2 93  0  0  0
procs -----------memory---------- ---swap-- -----io---- -system-- -------cpu-------
 r  b   swpd   free   buff  cache   si   so    bi    bo   in   cs us sy id wa st gu
 2  0   4132 1421440 406900 21071452    0    0     0    88 4116 4177  5  3 92  0  0  0
 1  0   4132 1415700 406900 21071488    0    0     0   208 3063 2663  5  3 93  0  0  0
 3  0   4132 1417340 406900 21071504    0    0     0  1148 3806 2883  5  4 91  0  0  0
 3  0   4132 1422704 406900 21071536    0    0     0   288 2733 2201  4  2 93  0  0  0
 1  0   4132 1419740 406900 21071556    0    0     0    80 2728 2216  4  2 94  0  0  0
 1  0   4132 1420960 406900 21071588    0    0     0   368 3087 2395  4  3 93  0  0  0
 1  0   4132 1418188 406900 21071612    0    0     0   104 2555 2141  4  2 94  0  0  0
 1  0   4132 1416380 406900 21071644    0    0     0  1104 6017 5237 11  5 84  0  0  0
 1  0   4132 1414196 406900 21071660    0    0     0   892 3150 2448  5  3 92  0  0  0
 1  0   4132 1416100 406900 21071696    0    0     0   120 2764 2257  4  2 94  0  0  0
 1  0   4132 1413108 406900 21071720    0    0     0    92 2627 2091  4  2 94  0  0  0
 2  0   4132 1406928 406900 21071740    0    0     0   424 2707 2111  4  2 93  0  0  0
 2  0   4132 1410868 406900 21071756    0    0     0   140 3053 2550  5  3 92  0  0  0
 1  0   4132 1411588 406900 21071800    0    0     0   224 2959 2358  5  3 93  0  0  0
 1  0   4132 1409824 406900 21071816    0    0     0   292 2919 2293  5  3 93  0  0  0
 1  0   4132 1409824 406900 21071848    0    0     0   376 2731 2132  4  2 94  0  0  0
 1  0   4132 1413732 406900 21071864    0    0     0    96 2843 2381  4  2 94  0  0  0
 1  0   4132 1418968 406900 21071940    0    0     0   164 2736 2211  4  2 94  0  0  0
 1  0   4132 1413948 406900 21071964    0    0     0  1488 5569 5135  6  5 89  0  0  0
 2  0   4132 1411204 406900 21071996    0    0     0   260 3416 2650  9  2 89  0  0  0
 1  0   4132 1409088 406900 21072020    0    0     0   104 4986 5565  5  3 91  0  0  0
procs -----------memory---------- ---swap-- -----io---- -system-- -------cpu-------
 r  b   swpd   free   buff  cache   si   so    bi    bo   in   cs us sy id wa st gu
 1  0   4132 1409088 406900 21072036    0    0     0   376 2736 2104  5  2 93  0  0  0
 1  0   4132 1411836 406900 21072052    0    0     0   136 2686 2253  4  2 93  0  0  0
 4  0   4132 1406316 406900 21072104    0    0     0   996 3851 3022  6  4 90  0  0  0
 2  0   4132 1404832 406900 21072120    0    0     0   640 3318 2424  5  2 93  0  0  0
 1  0   4132 1403068 406900 21072172    0    0     0   132 2743 2204  4  2 93  0  0  0
 1  0   4132 1401056 406900 21072188    0    0     0    84 2601 2150  4  2 93  0  0  0
 1  0   4132 1400300 406900 21072228    0    0     0   156 2538 2013  4  2 94  0  0  0
 2  0   4132 1396116 406900 21072256    0    0     0   624 5013 4962  7  4 89  0  0  0
 1  0   4132 1397896 406900 21072284    0    0     0   836 2959 2182  5  2 93  0  0  0
 5  0   4132 1401432 406900 21072316    0    0     0    92 4652 4450  8  3 89  0  0  0
 1  0   4132 1410988 406900 21072348    0    0     0   392 3434 2670  7  3 91  0  0  0
 1  0   4132 1409484 406900 21072384    0    0     0   152 2469 1946  4  2 94  0  0  0
 2  0   4132 1416204 406900 21072424    0    0     0   324 3753 3139  6  4 90  0  0  0
 2  0   4132 1415656 406900 21072584    0    0     0   360 3556 2586  5  3 92  0  0  0
 1  0   4132 1410896 406900 21072608    0    0     0   168 2900 2307  5  3 92  0  0  0
 0  0   4132 1419832 406900 21072644    0    0     0    96 2604 2105  4  2 94  0  0  0
 1  0   4132 1409392 406900 21072672    0    0     0   396 4359 4155  5  3 92  0  0  0
 1  0   4132 1406932 406900 21072688    0    0     0   216 2886 2360  5  3 93  0  0  0
 1  0   4132 1409100 406900 21072736    0    0     0  1072 4187 3178  7  4 89  0  0  0
 2  0   4132 1412908 406900 21072760    0    0     0   344 2895 2136  4  3 93  0  0  0
 1  0   4132 1411080 406900 21072788    0    0     0   128 2938 2266  5  3 92  0  0  0
procs -----------memory---------- ---swap-- -----io---- -system-- -------cpu-------
 r  b   swpd   free   buff  cache   si   so    bi    bo   in   cs us sy id wa st gu
 0  0   4132 1425940 406900 21072800    0    0     0   112 3326 2545  9  2 89  0  0  0
 0  0   4132 1420532 406900 21072852    0    0     0   256 2677 2184  4  2 93  0  0  0
 0  0   4132 1418760 406900 21072980    0    0     0  1068 3667 2960  5  4 91  0  0  0
 0  0   4132 1427812 406900 21072988    0    0     0   124 2841 2212  5  2 93  0  0  0
 0  0   4132 1424540 406900 21073028    0    0     0    80 3169 2357  5  3 92  0  0  0
 1  0   4132 1426784 406900 21073048    0    0     0   400 2757 2141  5  2 93  0  0  0
 0  0   4132 1418736 406900 21073060    0    0     0   188 4036 4145  5  3 92  0  0  0
 0  0   4132 1416004 406900 21073096    0    0     0  1356 4099 3101  6  4 90  0  0  0
 0  0   4132 1414056 406900 21073136    0    0     0   328 5617 6077  6  4 90  0  0  0
 1  0   4132 1412040 406900 21073156    0    0     0   124 2627 2233  4  2 94  0  0  0
 1  0   4132 1410276 406900 21073196    0    0     0   112 2660 2174  4  2 94  0  0  0
 0  0   4132 1408512 406900 21073212    0    0     0   524 3279 2372  8  2 89  0  0  0
 2  0   4132 1402980 406904 21073228    0    0     0   756 3457 2849  5  4 91  0  0  0
 0  0   4132 1402252 406904 21073280    0    0     0   120 2878 2279  5  3 92  0  0  0
 0  0   4132 1411972 406904 21073292    0    0     0   344 3051 2429  4  2 93  0  0  0
 0  0   4132 1409732 406904 21073320    0    0     0   172 2660 2008  4  2 94  0  0  0
 0  0   4132 1411116 406904 21073336    0    0     0   200 4144 4010  5  3 92  0  0  0
 1  0   4132 1408152 406904 21073380    0    0     0   256 2845 2301  4  2 94  0  0  0
 1  0   4132 1404844 406904 21073400    0    0     0  1616 4890 4191  7  4 89  0  0  0
 1  0   4132 1401068 406904 21073440    0    0     0   132 3759 3256  6  3 91  0  0  0
 1  0   4132 1400620 406904 21073452    0    0     0   116 2713 2219  4  2 93  0  0  0
procs -----------memory---------- ---swap-- -----io---- -system-- -------cpu-------
 r  b   swpd   free   buff  cache   si   so    bi    bo   in   cs us sy id wa st gu
 0  0   4132 1403152 406904 21073476    0    0     0   540 3026 2512  4  2 93  0  0  0
 0  0   4132 1410044 406904 21073500    0    0     0   128 2576 2115  4  2 94  0  0  0
 1  0   4132 1403496 406904 21073536    0    0     0  3132 4678 3286 10  4 86  0  0  0
 0  0   4132 1403032 406904 21073544    0    0     0   332 3171 2488  5  3 93  0  0  0
 0  0   4132 1404600 406904 21073580    0    0     0   168 4186 4233  6  3 92  0  0  0
 2  0   4132 1410720 406904 21073596    0    0     0   216 2626 2143  4  2 94  0  0  0
 0  0   4132 1411724 406904 21073624    0    0     0   504 2707 2120  4  2 93  0  0  0
 0  0   4132 1411220 406904 21073664    0    0     0   136 3806 2972  6  4 90  0  0  0
 0  0   4132 1410068 406904 21073684    0    0     0   864 2781 2103  4  2 94  0  0  0
 0  0   4132 1417308 406904 21073708    0    0     0   352 3044 2445  5  3 93  0  0  0
 0  0   4132 1414628 406904 21073728    0    0     0   392 2949 2431  4  2 93  0  0  0
 1  0   4132 1418084 406904 21073768    0    0     0    80 2633 2215  4  2 94  0  0  0
 2  0   4132 1408368 406904 21073796    0    0     0   180 3894 3185  5  4 91  0  0  0
 0  0   4132 1409116 406904 21073924    0    0     0    88 3854 2874  9  3 88  0  0  0
 1  0   4132 1406348 406904 21073944    0    0     0   152 2503 2057  4  2 94  0  0  0
 0  0   4132 1412076 406904 21073952    0    0     0   344 4347 4311  5  3 92  0  0  0
 0  0   4132 1408816 406904 21073988    0    0     0   112 2958 2382  4  2 93  0  0  0
 0  0   4132 1400048 406904 21074016    0    0     0    88 4922 5262  6  3 91  0  0  0
 1  0   4132 1410504 406904 21074308    0    0     0   908 4385 3093  6  5 89  0  0  0
 0  0   4132 1414924 406904 21074316    0    0     0   108 3092 2541  5  2 93  0  0  0
 0  0   4132 1413944 406904 21074360    0    0     0   236 2663 2190  4  2 94  0  0  0
procs -----------memory---------- ---swap-- -----io---- -system-- -------cpu-------
 r  b   swpd   free   buff  cache   si   so    bi    bo   in   cs us sy id wa st gu
 0  0   4132 1416412 406904 21074372    0    0     0    88 2834 2391  4  2 94  0  0  0
 0  0   4132 1412408 406904 21074408    0    0     0   124 2845 2196  5  2 93  0  0  0
 1  0   4132 1406396 406904 21074428    0    0     0   884 4132 3250  6  4 90  0  0  0
 0  0   4132 1419092 406904 21074468    0    0     0   140 3528 2680  9  3 89  0  0  0
 0  0   4132 1410808 406904 21074480    0    0     0   196 4024 4197  5  3 92  0  0  0
 0  0   4132 1409336 406904 21074516    0    0     0   212 2704 2255  4  2 94  0  0  0
 0  0   4132 1415476 406904 21074532    0    0     0    84 2828 2340  5  2 93  0  0  0
 1  0   4132 1408220 406904 21074576    0    0     0  1160 5628 5016  7  5 88  0  0  0
 0  0   4132 1406232 406904 21074600    0    0     0   100 2939 2338  5  2 93  0  0  0
 0  0   4132 1405476 406904 21074628    0    0     0   244 2676 2275  4  2 94  0  0  0
 0  0   4132 1412156 406904 21074636    0    0     0    80 2721 2242  4  2 94  0  0  0
 1  0   4132 1409412 406904 21074676    0    0     0   536 2830 2248  5  3 93  0  0  0
 1  0   4132 1405248 406904 21074676    0    0     0   180 3821 3201  6  4 90  0  0  0
 0  0   4132 1414072 406904 21074856    0    0     0   828 4199 3925  5  3 92  0  0  0
 2  0   4132 1411696 406904 21074868    0    0     0   340 3416 2501  8  2 89  0  0  0
 1  0   4132 1409468 406904 21074912    0    0     0   108 2557 2156  4  2 94  0  0  0
 0  0   4132 1412852 406908 21074912    0    0     0   544 2679 2182  4  2 93  0  0  0
 0  0   4132 1409500 406908 21074944    0    0     0   120 3084 2356  4  2 93  0  0  0
 0  0   4132 1414168 406908 21074968    0    0     0   196 4323 3248  6  5 89  0  0  0
 0  0   4132 1412404 406908 21075008    0    0     0   172 2849 2258  5  2 93  0  0  0
 1  0   4132 1411904 406908 21075020    0    0     0   188 2731 2155  4  2 94  0  0  0
procs -----------memory---------- ---swap-- -----io---- -system-- -------cpu-------
 r  b   swpd   free   buff  cache   si   so    bi    bo   in   cs us sy id wa st gu
 1  0   4132 1418384 406908 21075064    0    0     0   112 2714 2097  5  2 93  0  0  0
 1  0   4132 1416376 406908 21075092    0    0     0    96 2451 2010  4  2 94  0  0  0
 0  0   4132 1413604 406908 21075128    0    0     0   948 3867 3106  5  4 91  0  0  0
 3  0   4132 1416128 406908 21075128    0    0     0    80 5075 4731 10  3 87  0  0  0
 1  0   4132 1413860 406908 21075172    0    0     0   252 2805 2244  5  2 93  0  0  0
 0  0   4132 1410420 406908 21075200    0    0     0   208 5503 5942  7  4 89  0  0  0
 0  0   4132 1407680 406908 21075220    0    0     0   476 2688 2161  5  2 93  0  0  0
 1  0   4132 1420172 406908 21075236    0    0     0  1152 4008 3049  6  4 91  0  0  0
 1  0   4132 1417044 406908 21075276    0    0     0   140 2565 2080  4  2 94  0  0  0
 0  0   4132 1414808 406908 21075284    0    0     0   220 3268 2770  5  3 92  0  0  0
 1  0   4132 1413788 406908 21075328    0    0     0   112 2768 2254  4  2 94  0  0  0
 0  0   4132 1411272 406908 21075356    0    0     0   244 2932 2306  5  2 93  0  0  0
 0  0   4132 1405452 406908 21075364    0    0     0   220 3575 2842  5  4 91  0  0  0
 1  0   4132 1403524 406908 21075412    0    0     0   712 4301 4289  5  3 92  0  0  0
 0  0   4132 1401508 406908 21075420    0    0     0   368 3178 2365  8  2 90  0  0  0
 1  0   4132 1401284 406908 21075452    0    0     0    72 2621 2378  4  2 94  0  0  0
 0  0   4132 1406076 406908 21075476    0    0     0   256 4304 4291  5  3 92  0  0  0
 0  0   4132 1403332 406908 21075496    0    0     0   172 2691 2077  4  2 94  0  0  0
 0  0   4132 1402072 406908 21075532    0    0     0   156 4045 3238  6  4 90  0  0  0
 0  0   4132 1400308 406908 21075556    0    0     0   196 2965 2310  4  3 93  0  0  0
 0  0   4132 1398292 406908 21075584    0    0     0   100 2643 2009  4  2 94  0  0  0
procs -----------memory---------- ---swap-- -----io---- -system-- -------cpu-------
 r  b   swpd   free   buff  cache   si   so    bi    bo   in   cs us sy id wa st gu
 1  0   4132 1403236 406912 21075596    0    0     0   240 2615 2100  4  2 94  0  0  0
 0  0   4132 1402128 406912 21075648    0    0     0   196 4013 3901  5  3 92  0  0  0
 0  0   4132 1404156 406912 21075672    0    0     0   928 4389 3299  6  5 89  0  0  0
 0  0   4132 1406640 406912 21075692    0    0     0   256 2667 2096  5  2 93  0  0  0
 0  0   4132 1413104 406912 21075708    0    0     0   204 3415 2448  8  2 89  0  0  0
 0  0   4132 1410140 406912 21075744    0    0     0   280 2842 2287  5  2 93  0  0  0
 2  0   4132 1407624 406912 21075756    0    0     0   144 2522 2053  4  2 94  0  0  0
 0  0   4132 1411868 406912 21075792    0    0     0  1180 4383 3279  7  4 90  0  0  0
 0  0   4132 1409128 406912 21075808    0    0     0   192 3046 2453  5  2 93  0  0  0
 2  0   4132 1409128 406912 21075836    0    0     0   120 2809 2194  5  2 93  0  0  0
 0  0   4132 1413208 406912 21075852    0    0     0   236 2647 2112  4  2 94  0  0  0
 0  0   4132 1410376 406912 21075896    0    0     0   164 2744 2131  4  2 93  0  0  0
 0  0   4132 1405608 406912 21075924    0    0     0   136 4669 4597  6  4 90  0  0  0
 0  0   4132 1403620 406912 21075960    0    0     0   800 2774 2202  4  2 93  0  0  0
 0  0   4132 1411232 406912 21075988    0    0     0   184 5221 5630  6  4 90  0  0  0
 0  0   4132 1411360 406912 21076008    0    0     0   128 3546 2554  9  2 89  0  0  0
 0  0   4132 1413152 406912 21076024    0    0     0   132 2897 2390  5  3 92  0  0  0
 0  0   4132 1411388 406912 21076064    0    0     0   136 2544 1978  4  2 93  0  0  0
 0  0   4132 1409864 406912 21076104    0    0     0   140 4516 3594  7  5 89  0  0  0
 1  0   4132 1408948 406912 21076124    0    0     0   236 2654 2284  4  2 94  0  0  0
 0  0   4132 1406960 406912 21076148    0    0     0    88 2934 2290  5  2 93  0  0  0
procs -----------memory---------- ---swap-- -----io---- -system-- -------cpu-------
 r  b   swpd   free   buff  cache   si   so    bi    bo   in   cs us sy id wa st gu
 0  0   4132 1412992 406916 21076176    0    0     0   468 2812 2287  4  2 94  0  0  0
 0  0   4132 1405004 406916 21076196    0    0     0    80 4100 4320  5  3 92  0  0  0
 1  0   4132 1406104 406916 21076236    0    0     0   960 3900 3002  6  4 90  0  0  0
 0  0   4132 1404844 406916 21076268    0    0     0   348 3616 2719  9  3 88  0  0  0
 0  0   4132 1406344 406916 21076288    0    0     0   120 4526 4651  6  3 91  0  0  0
 1  0   4132 1416276 406920 21076296    0    0     0   284 2707 2125  4  2 94  0  0  0
 1  0   4132 1412104 406920 21076344    0    0     0   176 2751 2091  5  2 93  0  0  0
 1  0   4132 1417364 406920 21076344    0    0     0  1052 4072 3129  6  4 90  0  0  0
 0  0   4132 1414340 406920 21076396    0    0     0   248 2944 2267  5  3 92  0  0  0
 0  0   4132 1416172 406920 21076424    0    0     0    88 3198 2448  6  3 91  0  0  0
 1  0   4132 1416480 406920 21076440    0    0     0   344 4214 3960  5  3 91  0  0  0
 1  0   4132 1418456 406920 21076476    0    0     0    80 2551 2129  4  2 94  0  0  0
 1  0   4132 1413768 406920 21076620    0    0     0   208 3865 3151  6  4 90  0  0  0
 0  0   4132 1412068 406920 21076652    0    0     0   316 3669 2566  8  3 88  0  0  0
 1  0   4132 1411088 406920 21076672    0    0     0   112 2808 2206  4  2 93  0  0  0
 0  0   4132 1408820 406920 21076704    0    0     0   148 2703 2170  4  2 93  0  0  0
 1  0   4132 1418008 406920 21076720    0    0     0   112 2754 2096  4  2 94  0  0  0
 0  0   4132 1421048 406920 21076748    0    0     0   960 2740 2116  4  2 94  0  0  0
 0  0   4132 1419352 406920 21076780    0    0     0   280 4032 3079  6  4 89  0  0  0
 1  0   4132 1418376 406920 21076808    0    0     0    88 3072 2376  4  2 93  0  0  0
 0  0   4132 1421284 406920 21076832    0    0     0   448 2829 2228  4  2 94  0  0  0
procs -----------memory---------- ---swap-- -----io---- -system-- -------cpu-------
 r  b   swpd   free   buff  cache   si   so    bi    bo   in   cs us sy id wa st gu
 0  0   4132 1414268 406920 21076864    0    0     0    80 3797 3869  5  3 92  0  0  0
 0  0   4132 1414020 406920 21076876    0    0     0   120 2773 2479  4  2 94  0  0  0
 0  0   4132 1401792 406920 21076920    0    0     0   992 5941 6277  7  5 89  0  0  0
 0  0   4132 1406548 406920 21076948    0    0     0   216 3484 2673  9  2 89  0  0  0
 0  0   4132 1406704 406920 21076960    0    0     0   296 2792 2211  4  2 93  0  0  0
 0  0   4132 1404836 406920 21076992    0    0     0   152 2742 2143  4  2 93  0  0  0
 0  0   4132 1403072 406920 21077000    0    0     0    84 2574 2294  4  2 95  0  0  0
 0  0   4132 1398580 406920 21077060    0    0     0  1200 3937 2925  5  3 91  0  0  0
 0  0   4132 1398580 406920 21077076    0    0     0    88 2790 2330  4  2 94  0  0  0
 0  0   4132 1398884 406920 21077108    0    0     0   160 2996 2272  5  2 93  0  0  0
 1  0   4132 1408352 406920 21077128    0    0     0    80 3290 3029  5  2 93  0  0  0
 0  0   4132 1405872 406920 21077160    0    0     0   112 3785 3605  5  3 92  0  0  0
 0  0   4132 1403100 406920 21077184    0    0     0   224 3685 3147  5  3 91  0  0  0
 0  0   4132 1400328 406920 21077220    0    0     0   160 4747 4225  9  3 88  0  0  0
 0  0   4132 1399572 406920 21077224    0    0     0   408 2875 2416  4  2 94  0  0  0
 0  0   4132 1406640 406920 21077268    0    0     0   116 2826 2280  5  2 93  0  0  0
 0  0   4132 1404652 406920 21077272    0    0     0   104 2493 2067  4  2 94  0  0  0
 0  0   4132 1407528 406920 21077316    0    0     0   256 2770 2198  4  3 93  0  0  0
 0  0   4132 1402780 406920 21077332    0    0     0  1080 4321 3165  6  4 90  0  0  0
 2  0   4132 1406028 406920 21077376    0    0     0   344 4062 3929  5  3 92  0  0  0
 1  0   4132 1403268 406920 21077384    0    0     0    80 2728 2290  5  3 93  0  0  0
procs -----------memory---------- ---swap-- -----io---- -system-- -------cpu-------
 r  b   swpd   free   buff  cache   si   so    bi    bo   in   cs us sy id wa st gu
 0  0   4132 1412872 406920 21077416    0    0     0   132 2817 2235  5  3 93  0  0  0
 0  0   4132 1410228 406920 21077444    0    0     0   256 2721 2212  4  2 94  0  0  0
 0  0   4132 1404184 406920 21077576    0    0     0   948 4350 3172  9  4 87  0  0  0
 0  0   4132 1401160 406920 21077584    0    0     0   136 3042 2352  5  2 93  0  0  0
 1  0   4132 1400912 406920 21077620    0    0     0   160 2631 2081  4  2 93  0  0  0
 0  0   4132 1399908 406920 21077628    0    0     0    80 2638 2083  4  2 93  0  0  0
 0  0   4132 1404648 406920 21077668    0    0     0   224 2574 2052  4  2 94  0  0  0
 0  0   4132 1400684 406920 21077680    0    0     0   132 3980 3153  6  4 90  0  0  0
 0  0   4132 1396400 406920 21077732    0    0     0   860 2713 2010  4  2 93  0  0  0
 0  0   4132 1401752 406920 21077740    0    0     0   372 3998 4111  5  3 92  0  0  0
 0  0   4132 1399736 406920 21077776    0    0     0   120 2847 2264  4  2 93  0  0  0
 0  0   4132 1407200 406920 21077796    0    0     0    80 5083 5697  6  4 91  0  0  0
 1  0   4132 1408772 406920 21077816    0    0     0   300 4025 3236 10  4 86  0  0  0
 0  0   4132 1420844 406920 21077856    0    0     0   144 3071 2467  4  2 93  0  0  0
 1  0   4132 1415584 406920 21077888    0    0     0   332 2787 2210  4  2 93  0  0  0
 0  0   4132 1409608 406920 21077916    0    0     0    80 2707 2290  4  2 93  0  0  0
 0  0   4132 1417788 406920 21077940    0    0     0   120 2693 2119  4  2 93  0  0  0
 1  0   4132 1415288 406920 21077956    0    0     0  1060 2973 2158  5  2 93  0  0  0
 0  0   4132 1409784 406920 21078116    0    0     0   220 3963 3262  6  4 90  0  0  0
 1  0   4132 1406004 406920 21078152    0    0     0   224 2987 2340  5  2 93  0  0  0
 1  0   4132 1406444 406920 21078180    0    0     0   112 4061 4147  5  3 93  0  0  0
procs -----------memory---------- ---swap-- -----io---- -system-- -------cpu-------
 r  b   swpd   free   buff  cache   si   so    bi    bo   in   cs us sy id wa st gu
 0  0   4132 1405464 406920 21078184    0    0     0    84 2765 2405  4  2 94  0  0  0
 0  0   4132 1407140 406920 21078224    0    0     0   220 4228 4205  5  3 92  0  0  0
 0  0   4132 1406288 406920 21078272    0    0     0  1112 4840 3461 11  5 84  0  0  0
 0  0   4132 1405028 406920 21078276    0    0     0   308 2714 2275  4  2 93  0  0  0
 3  0   4132 1402512 406920 21078324    0    0     0    96 2626 2186  4  2 94  0  0  0
 1  0   4132 1405312 406920 21078344    0    0     0   136 3067 2321  5  3 92  0  0  0
