procs -----------memory---------- ---swap-- -----io---- -system-- -------cpu-------
 r  b   swpd   free   buff  cache   si   so    bi    bo   in   cs us sy id wa st gu
 1  0   2328 1412840 402104 20410200    0    0    67   184 1221    1  1  1 98  0  0  0
 0  0   2328 1344000 402104 20410412    0    0   100  1160 5679 3635  7  7 86  0  0  0
 0  0   2328 1358088 402104 20410496    0    0     0    80 2239 1702  2  2 96  0  0  0
 0  0   2328 1357428 402104 20410528    0    0     0   104 3098 2303  3  3 94  0  0  0
 0  0   2328 1359624 402104 20410552    0    0     0   228 2230 1789  1  2 97  0  0  0
 0  0   2328 1357960 402104 20410584    0    0     0   368 2424 2120  2  2 96  0  0  0
 0  0   2328 1375468 402112 20410620    0    0     0   280 3497 2766  3  4 93  0  0  0
 0  0   2328 1370684 402112 20410644    0    0     0  1028 2953 2213  3  2 95  0  0  0
 0  0   2328 1369928 402112 20410672    0    0     0   192 2207 1682  2  2 97  0  0  0
 1  0   2328 1368416 402112 20410704    0    0     0   388 2360 1979  2  2 96  0  0  0
 0  0   2328 1374460 402112 20410724    0    0     0   152 2335 1783  2  2 96  0  0  0
 0  0   2328 1372448 402112 20410760    0    0     0    88 2227 1926  2  1 97  0  0  0
 1  0   2328 1372768 402112 20410936    0    0     0   952 3589 2841  3  3 94  0  0  0
 0  0   2328 1372544 402112 20410956    0    0     0    96 2651 2258  2  2 96  0  0  0
 0  0   2328 1377536 402112 20410968    0    0     0   224 2319 1812  2  2 96  0  0  0
 0  0   2328 1376332 402112 20411012    0    0     0   136 2322 1812  2  2 96  0  0  0
 0  0   2328 1377676 402112 20411044    0    0     0    88 2227 1785  2  2 97  0  0  0
 0  0   2328 1377956 402112 20411084    0    0     0   156 3304 2619  3  3 93  0  0  0
 0  0   2328 1380808 402112 20411124    0    0     0    92 4553 5172  3  3 94  0  0  0
 5  0   2328 1377344 402112 20411140    0    0     0   312 3022 2450  4  2 94  0  0  0
 2  0   2328 1386916 402112 20411160    0    0     0   120 4093 3280  4  2 93  0  0  0
procs -----------memory---------- ---swap-- -----io---- -system-- -------cpu-------
 r  b   swpd   free   buff  cache   si   so    bi    bo   in   cs us sy id wa st gu
 0  0   2328 1382140 402112 20411188    0    0     0   104 4117 4163  3  3 94  0  0  0
 0  0   2328 1390072 402112 20411212    0    0     0   896 3713 2857  4  4 93  0  0  0
 0  0   2328 1386320 402112 20411244    0    0     0   112 4138 4325  3  3 95  0  0  0
 0  0   2328 1385060 402112 20411272    0    0     0   212 2317 1882  2  2 97  0  0  0
 0  0   2328 1382792 402112 20411292    0    0     0   120 2301 1957  2  2 97  0  0  0
 0  0   2328 1380528 402112 20411312    0    0     0    92 2327 1943  2  2 96  0  0  0
 1  0   2328 1381664 402112 20411356    0    0     0   180 3595 2927  4  3 93  0  0  0
 0  0   2328 1375124 402112 20411380    0    0     0   980 4156 4006  3  3 95  0  0  0
 0  0   2328 1381220 402112 20411404    0    0     0   336 2621 2177  2  2 95  0  0  0
 0  0   2328 1384008 402112 20411412    0    0     0   104 2722 2163  2  2 96  0  0  0
 0  0   2328 1383508 402112 20411416    0    0     0    96 2135 1658  2  1 97  0  0  0
 0  0   2328 1382304 402112 20411452    0    0     0    92 2277 1908  2  2 96  0  0  0
 0  0   2328 1379040 402112 20411484    0    0     0   940 3703 2973  4  4 92  0  0  0
 0  0   2328 1378764 402112 20411504    0    0     0   196 2345 1847  2  2 96  0  0  0
 0  0   2328 1378764 402112 20411528    0    0     0   112 2340 1896  2  2 96  0  0  0
 0  0   2328 1380580 402112 20411552    0    0     0   776 2416 2068  2  2 96  0  0  0
 0  0   2328 1377808 402112 20411568    0    0     0    96 2170 1796  2  2 97  0  0  0
 0  0   2328 1376576 402112 20411600    0    0     0   224 3189 2618  3  3 94  0  0  0
 0  0   2328 1379640 402112 20411604    0    0     0   416 2758 2351  3  2 95  0  0  0
 0  0   2328 1378884 402112 20411644    0    0     0   108 2285 1797  2  2 96  0  0  0
 1  0   2328 1377624 402112 20411684    0    0     0   104 2752 2102  4  2 94  0  0  0
procs -----------memory---------- ---swap-- -----io---- -system-- -------cpu-------
 r  b   swpd   free   buff  cache   si   so    bi    bo   in   cs us sy id wa st gu
 0  0   2328 1377120 402112 20411704    0    0     0    80 2405 1887  2  2 96  0  0  0
 0  0   2328 1377580 402112 20411740    0    0     0   836 3921 3080  4  4 91  0  0  0
 1  0   2328 1393324 402112 20411768    0    0     0   184 2321 1835  2  1 97  0  0  0
 0  0   2328 1389304 402112 20411792    0    0     0   140 2686 2130  2  3 95  0  0  0
 0  0   2328 1389964 402112 20411808    0    0     0    80 2762 2185  6  2 92  0  0  0
 0  0   2328 1387952 402112 20411844    0    0     0   104 2190 1870  2  1 97  0  0  0
 0  0   2328 1388068 402112 20411876    0    0     0   144 4847 5516  4  4 92  0  0  0
 0  0   2328 1386304 402112 20411900    0    0     0  1176 3063 2406  3  2 95  0  0  0
 0  0   2328 1394052 402112 20411916    0    0     0   208 2163 1716  2  2 97  0  0  0
 0  0   2328 1387848 402112 20411944    0    0     0    96 5585 6905  5  3 92  0  0  0
 0  0   2328 1393676 402112 20411976    0    0     0    88 2507 2037  2  2 96  0  0  0
 0  0   2328 1385372 402112 20412008    0    0     0   104 4042 4355  3  2 95  0  0  0
 1  0   2328 1388588 402112 20412044    0    0     0  1132 3521 2809  3  3 94  0  0  0
 0  0   2328 1388084 402112 20412060    0    0     0   116 2672 2243  2  2 96  0  0  0
 1  0   2328 1397136 402112 20412100    0    0     0    88 2495 2133  2  2 97  0  0  0
 0  0   2328 1393360 402112 20412116    0    0     0   112 2488 2021  2  2 95  0  0  0
 0  0   2328 1392584 402112 20412160    0    0     0   400 3917 4060  3  3 94  0  0  0
 0  0   2328 1387320 402112 20412184    0    0     0   192 3700 3060  4  4 92  0  0  0
 1  0   2328 1392836 402112 20412208    0    0     0   436 2460 1949  2  2 96  0  0  0
 0  0   2328 1390344 402112 20412232    0    0     0   200 2565 2175  2  2 96  0  0  0
 0  0   2328 1389588 402112 20412260    0    0     0    88 2222 1880  2  2 97  0  0  0
procs -----------memory---------- ---swap-- -----io---- -system-- -------cpu-------
 r  b   swpd   free   buff  cache   si   so    bi    bo   in   cs us sy id wa st gu
 0  0   2328 1386564 402112 20412276    0    0     0   276 2432 2054  2  2 96  0  0  0
 0  0   2328 1392592 402112 20412312    0    0     0  1136 3653 2820  3  4 93  0  0  0
 0  0   2328 1390832 402112 20412336    0    0     0   120 2865 2280  3  2 95  0  0  0
 0  0   2328 1394792 402112 20412360    0    0     0   556 2379 2075  2  2 96  0  0  0
 0  0   2328 1391044 402112 20412380    0    0     0   352 2314 1851  2  2 96  0  0  0
 0  0   2328 1384748 402112 20412412    0    0     0   348 2223 1847  2  1 97  0  0  0
 0  0   2328 1381148 402112 20412436    0    0     0   176 3485 2932  4  4 92  0  0  0
 0  0   2328 1385324 402112 20412460    0    0     0  1332 2591 1908  2  2 96  0  0  0
 0  0   2328 1383884 402112 20412476    0    0     0   104 2643 2215  2  3 95  0  0  0
 0  0   2328 1378592 402112 20412500    0    0     0   376 2385 1912  2  2 96  0  0  0
 0  0   2328 1380800 402112 20412520    0    0     0   224 2275 1871  2  2 96  0  0  0
 0  0   2328 1379792 402112 20412548    0    0     0   344 2258 1882  2  1 97  0  0  0
 1  0   2328 1374036 402112 20412700    0    0     0   916 3888 3035  7  4 89  0  0  0
 1  0   2328 1382908 402112 20412728    0    0     0    92 2345 1892  2  2 96  0  0  0
 1  0   2328 1380672 402112 20412756    0    0     0   360 2447 2037  2  2 95  0  0  0
 1  0   2328 1387436 402112 20412772    0    0     0   300 4362 4875  3  3 94  0  0  0
 2  0   2328 1386752 402112 20412784    0    0     0    88 2403 1968  3  2 95  0  0  0
 1  0   2328 1385608 402112 20412816    0    0     0   644 3698 2903  4  4 92  0  0  0
 1  0   2328 1384392 402112 20412856    0    0     0   108 4660 4693  4  3 93  0  0  0
 1  0   2328 1386724 402112 20412884    0    0     0    88 2293 1880  2  2 96  0  0  0
 1  0   2328 1380744 402112 20412904    0    0     0   112 4010 4158  3  3 94  0  0  0
procs -----------memory---------- ---swap-- -----io---- -system-- -------cpu-------
 r  b   swpd   free   buff  cache   si   so    bi    bo   in   cs us sy id wa st gu
 1  0   2328 1385196 402112 20412940    0    0     0    92 2604 2024  2  2 95  0  0  0
 1  0   2328 1382120 402112 20412964    0    0     0  1132 3560 2690  4  3 93  0  0  0
 1  0   2328 1378088 402112 20412988    0    0     0    96 2379 1971  2  2 96  0  0  0
 1  0   2328 1377332 402112 20413036    0    0     0   104 2516 2164  2  2 96  0  0  0
 1  1   2328 1371588 402112 20413052    0    0     0    44 5049 6142  4  3 90  3  0  0
 1  0   2328 1382880 402112 20413096    0    0     0   132 2355 1891  2  2 96  1  0  0
 1  0   2328 1383000 402112 20413112    0    0     0   232 3403 2783  3  3 93  0  0  0
 1  0   2328 1382496 402112 20413148    0    0     0  1068 2852 2248  2  2 96  0  0  0
 1  0   2328 1381992 402112 20413168    0    0     0    92 2264 1910  2  1 97  0  0  0
 1  0   2328 1388276 402112 20413188    0    0     0   100 2469 2040  3  2 96  0  0  0
 1  0   2328 1391560 402112 20413216    0    0     0    88 2368 1932  2  2 96  0  0  0
 2  0   2328 1390832 402112 20413240    0    0     0   256 2402 2025  2  2 97  0  0  0
 1  0   2328 1389828 402112 20413272    0    0     0   232 3220 2852  3  3 94  0  0  0
 1  0   2328 1386328 402112 20413292    0    0     0   560 2797 2285  3  3 95  0  0  0
 2  0   2328 1384312 402112 20413324    0    0     0    88 2157 1804  2  1 97  0  0  0
 1  0   2328 1381540 402112 20413344    0    0     0    96 2556 2122  3  2 95  0  0  0
 1  0   2328 1380028 402112 20413368    0    0     0   208 2526 1898  2  2 96  0  0  0
 1  0   2328 1376492 402112 20413396    0    0     0  1160 4030 2933  4  3 93  0  0  0
 1  0   2328 1381528 402112 20413432    0    0     0    84 2450 1901  2  2 96  0  0  0
 1  0   2328 1380776 402112 20413448    0    0     0   104 2518 2202  2  2 96  0  0  0
 1  0   2328 1391600 402112 20413472    0    0     0    80 6466 2129  6  2 92  0  0  0
procs -----------memory---------- ---swap-- -----io---- -system-- -------cpu-------
 r  b   swpd   free   buff  cache   si   so    bi    bo   in   cs us sy id wa st gu
 1  0   2328 1388592 402112 20413484    0    0     0   208 2393 1888  2  2 96  0  0  0
 1  0   2328 1391664 402112 20413516    0    0     0   220 3627 2858  3  4 93  0  0  0
 1  0   2328 1389172 402116 20413536    0    0     0   384 2713 2120  2  2 95  0  0  0
 3  0   2328 1383416 402116 20413568    0    0     0    84 3476 3768  2  2 95  0  0  0
 1  0   2328 1381676 402116 20413596    0    0     0   104 3350 3176  3  2 95  0  0  0
 1  0   2328 1386364 402116 20413624    0    0     0   196 2317 1952  1  1 97  0  0  0
 1  0   2328 1375308 402116 20413656    0    0     0  1208 5374 5075  5  5 90  0  0  0
 1  0   2328 1374904 402116 20413688    0    0     0    88 2352 1953  2  2 96  0  0  0
 1  0   2328 1371152 402116 20413724    0    0     0   104 4100 4252  3  3 95  0  0  0
 1  0   2328 1377200 402116 20413752    0    0     0    88 2390 2001  2  2 96  0  0  0
 1  0   2328 1375940 402116 20413788    0    0     0   236 2482 2030  2  2 96  0  0  0
 1  0   2328 1375688 402116 20413828    0    0     0   180 2358 1960  2  2 96  0  0  0
 1  0   2328 1384856 402116 20413872    0    0     0   956 3636 2688  4  4 93  0  0  0
 1  0   2328 1390244 402116 20413900    0    0     0    88 3529 3449  3  2 95  0  0  0
 2  0   2328 1394008 402116 20413952    0    0     0    96 2907 2673  3  3 94  0  0  0
 1  0   2328 1401952 402116 20413972    0    0     0   232 2244 1531  2  2 96  0  0  0
 1  0   2328 1398736 402116 20414004    0    0     0   156 2078 1422  2  2 96  0  0  0
 1  0   2328 1391692 402116 20414036    0    0     0   184 3059 2154  3  3 93  0  0  0
 2  0   2328 1388948 402120 20414076    0    0     0   700 2728 2210  3  2 95  0  0  0
 1  0   2328 1393028 402120 20414108    0    0     0    96 2299 1868  2  2 96  0  0  0
 1  0   2328 1391520 402120 20414132    0    0     0   248 2302 1917  2  2 97  0  0  0
procs -----------memory---------- ---swap-- -----io---- -system-- -------cpu-------
 r  b   swpd   free   buff  cache   si   so    bi    bo   in   cs us sy id wa st gu
 2  0   2328 1389532 402120 20414160    0    0     0   280 2391 1993  2  2 97  0  0  0
 2  0   2328 1385260 402120 20414212    0    0     0   864 5691 4597  5  5 90  0  0  0
 2  0   2328 1386296 402120 20414252    0    0     0    92 2827 2059  2  2 95  0  0  0
 0  0   2328 1383528 402120 20414272    0    0     0    96 2671 2343  2  2 96  0  0  0
 0  0   2328 1382772 402120 20414300    0    0     0   212 2210 1807  1  2 97  0  0  0
 2  0   2328 1383876 402120 20414312    0    0     0   128 2273 1978  2  1 97  0  0  0
 1  0   2328 1377784 402120 20414364    0    0     0  1068 9080 3199  7  4 88  0  0  0
 3  0   2328 1377784 402120 20414372    0    0     0   416 2803 2139  3  2 95  0  0  0
 1  0   2328 1381936 402120 20414392    0    0     0    80 2182 1703  2  2 96  0  0  0
 0  0   2328 1381196 402120 20414420    0    0     0   200 2164 1828  2  2 97  0  0  0
 1  0   2328 1379432 402120 20414440    0    0     0   200 2268 1925  2  2 96  0  0  0
 1  0   2328 1384392 402120 20414472    0    0     0   132 2421 1960  2  2 96  0  0  0
 1  0   2328 1393944 402120 20414492    0    0     0   340 3093 2650  3  3 93  0  0  0
 1  0   2328 1385460 402120 20414524    0    0     0   104 5018 5728  4  4 92  0  0  0
 1  0   2328 1392596 402120 20414532    0    0     0   228 2452 1969  2  2 96  0  0  0
 1  0   2328 1383312 402120 20414580    0    0     0   148 4292 4478  4  3 94  0  0  0
 1  0   2328 1383312 402120 20414592    0    0     0    88 2436 2059  2  2 96  0  0  0
 1  0   2328 1380408 402120 20414756    0    0     0  1128 5616 5318  6  5 89  0  0  0
 0  0   2328 1380156 402120 20414776    0    0     0   100 2187 1825  2  1 97  0  0  0
 1  0   2328 1378144 402120 20414800    0    0     0   216 2898 2756  3  3 95  0  0  0
 1  0   2328 1381208 402120 20414824    0    0     0   236 2422 1924  2  2 96  0  0  0
procs -----------memory---------- ---swap-- -----io---- -system-- -------cpu-------
 r  b   swpd   free   buff  cache   si   so    bi    bo   in   cs us sy id wa st gu
 0  0   2328 1379224 402120 20414852    0    0     0   116 2163 1818  2  2 97  0  0  0
 1  0   2328 1382944 402120 20414888    0    0     0   152 5263 4931  5  4 91  0  0  0
 0  0   2328 1378916 402120 20414916    0    0     0    96 2309 2020  2  2 96  0  0  0
 0  0   2328 1378664 402120 20414948    0    0     0   224 2083 1787  2  1 97  0  0  0
 0  0   2328 1375668 402120 20414984    0    0     0   116 2317 1960  2  2 97  0  0  0
 0  0   2328 1377804 402120 20415016    0    0     0   108 2333 1893  2  2 96  0  0  0
 1  0   2328 1374024 402120 20415068    0    0     0  1508 3962 3041  4  4 92  0  0  0
 0  0   2328 1382500 402120 20415096    0    0     0    88 2239 1901  2  2 96  0  0  0
 0  0   2328 1378108 402120 20415124    0    0     0   124 3534 3392  4  3 94  0  0  0
 0  0   2328 1389484 402120 20415136    0    0     0   244 2324 1951  2  2 96  0  0  0
 5  0   2328 1383468 402120 20415172    0    0     0   104 2790 2061  6  2 92  0  0  0
 0  0   2328 1389516 402120 20415184    0    0     0    80 2186 1783  2  1 96  0  0  0
 0  0   2328 1392044 402120 20415224    0    0     0   164 3430 2901  3  3 94  0  0  0
 0  0   2328 1391596 402120 20415252    0    0     0   176 2458 1980  2  2 96  0  0  0
 0  0   2328 1390564 402120 20415308    0    0     0   480 2381 1828  2  2 96  0  0  0
 0  0   2328 1388616 402120 20415328    0    0     0    96 2276 1884  2  2 96  0  0  0
 0  0   2328 1395464 402120 20415336    0    0     0   104 2332 1891  2  2 96  0  0  0
 1  0   2328 1389984 402120 20415376    0    0     0  1088 3693 2814  3  3 94  0  0  0
 0  0   2328 1388752 402120 20415396    0    0     0   108 2634 2135  3  2 95  0  0  0
 0  0   2328 1388512 402120 20415424    0    0     0   224 2281 1954  2  2 97  0  0  0
 0  0   2328 1386776 402120 20415440    0    0     0    96 2328 1915  2  2 96  0  0  0
procs -----------memory---------- ---swap-- -----io---- -system-- -------cpu-------
 r  b   swpd   free   buff  cache   si   so    bi    bo   in   cs us sy id wa st gu
 0  0   2328 1384760 402120 20415468    0    0     0    88 2368 1883  2  2 97  0  0  0
 0  0   2328 1374444 402120 20415500    0    0     0   164 5273 5686  5  4 91  0  0  0
 0  0   2328 1374444 402120 20415536    0    0     0    92 2391 1996  2  2 96  0  0  0
 0  0   2328 1371712 402120 20415564    0    0     0   320 4150 4360  3  3 94  0  0  0
 0  0   2328 1376196 402120 20415572    0    0     0    88 2318 1855  2  2 96  0  0  0
 0  0   2328 1372672 402120 20415604    0    0     0   104 3910 4049  3  3 94  0  0  0
 0  0   2328 1382148 402120 20415636    0    0     0  1080 3683 2706  3  4 93  0  0  0
 0  0   2328 1380448 402128 20415668    0    0     0   132 2698 2198  3  2 95  0  0  0
 0  0   2328 1386524 402128 20415676    0    0     0   200 2315 1921  2  1 97  0  0  0
 0  0   2328 1385040 402128 20415704    0    0     0   104 2368 1861  3  2 96  0  0  0
 0  0   2328 1377732 402128 20415736    0    0     0    80 3901 3929  3  2 95  0  0  0
 0  0   2328 1376976 402128 20415752    0    0     0   104 2624 2213  3  2 95  0  0  0
 0  0   2328 1381376 402128 20415760    0    0     0   904 3593 2802  3  3 93  0  0  0
 0  0   2328 1379360 402128 20415812    0    0     0   312 2447 2093  2  2 95  0  0  0
 0  0   2328 1384772 402128 20415836    0    0     0    88 2044 1786  2  2 97  0  0  0
 5  0   2328 1381780 402128 20415888    0    0     0   104 2575 2052  3  2 95  0  0  0
 0  0   2328 1378828 402136 20415916    0    0     0   812 8486 2044  4  2 93  0  0  0
 1  0   2328 1375000 402136 20415940    0    0     0   164 3736 2855  4  4 92  0  0  0
 0  0   2328 1379860 402136 20415960    0    0     0   304 2471 2118  2  2 96  0  0  0
 0  0   2328 1378856 402136 20415988    0    0     0   132 2346 1931  2  2 97  0  0  0
 0  0   2328 1378632 402136 20416016    0    0     0    88 1964 1562  2  2 97  0  0  0
procs -----------memory---------- ---swap-- -----io---- -system-- -------cpu-------
 r  b   swpd   free   buff  cache   si   so    bi    bo   in   cs us sy id wa st gu
 0  0   2328 1378632 402136 20416048    0    0     0   148 2536 2147  2  2 96  0  0  0
 0  0   2328 1380968 402136 20416096    0    0     0   836 3606 2777  3  4 93  0  0  0
 0  0   2328 1378448 402136 20416124    0    0     0   260 2714 2251  3  2 95  0  0  0
 0  0   2328 1383060 402136 20416140    0    0     0   148 2370 1926  2  2 97  0  0  0
 0  0   2328 1380376 402136 20416168    0    0     0    96 2368 1960  2  2 96  0  0  0
 0  0   2328 1386628 402144 20416180    0    0     0   340 2160 1752  2  2 97  0  0  0
 0  0   2328 1375588 402144 20416260    0    0     0  1104 6525 7740  5  5 90  0  0  0
 0  0   2328 1391188 402144 20416292    0    0     0   344 2580 1882  2  2 96  0  0  0
 0  0   2328 1386184 402144 20416316    0    0     0   152 2305 1973  2  2 96  0  0  0
 0  0   2328 1390664 402144 20416340    0    0     0    80 2287 1824  2  2 96  0  0  0
 0  0   2328 1376332 402144 20416368    0    0     0   268 4210 4560  3  3 94  0  0  0
 2  0   2328 1382548 402144 20416384    0    0     0   136 2415 1936  2  2 96  0  0  0
 0  0   2328 1378276 402144 20416420    0    0     0   228 5390 5455  5  4 91  0  0  0
 1  0   2328 1371280 402144 20416432    0    0     0   232 2509 2050  3  2 96  0  0  0
 0  0   2328 1368788 402144 20416468    0    0     0   112 3636 3718  3  2 95  0  0  0
 0  0   2328 1373056 402144 20416492    0    0     0    80 2184 1791  2  2 96  0  0  0
 0  0   2328 1372304 402144 20416512    0    0     0   256 2240 1846  2  2 97  0  0  0
 0  0   2328 1372964 402144 20416680    0    0     0  1280 3867 3028  3  4 93  0  0  0
 0  0   2328 1367676 402144 20416696    0    0     0   304 2712 2164  3  2 95  0  0  0
 0  0   2328 1371156 402144 20416736    0    0     0    88 3581 3878  3  2 95  0  0  0
 5  0   2328 1370536 402144 20416744    0    0     0    96 2667 1982  5  2 92  0  0  0
procs -----------memory---------- ---swap-- -----io---- -system-- -------cpu-------
 r  b   swpd   free   buff  cache   si   so    bi    bo   in   cs us sy id wa st gu
 0  0   2328 1370032 402144 20416776    0    0     0   240 2275 1774  2  2 96  0  0  0
 1  0   2328 1366768 402144 20416800    0    0     0   272 3781 3149  4  4 92  0  0  0
 0  0   2328 1367368 402144 20416832    0    0     0   168 2138 1695  2  2 96  0  0  0
 0  0   2328 1366612 402144 20416840    0    0     0   116 2285 1832  2  2 96  0  0  0
 1  0   2328 1374692 402144 20416880    0    0     0    88 2310 1850  2  2 96  0  0  0
 0  0   2328 1373452 402144 20416916    0    0     0   280 2201 1852  2  1 97  0  0  0
 0  0   2328 1372020 402144 20416944    0    0     0  1248 3888 2900  3  4 93  0  0  0
 1  0   2328 1371544 402144 20416984    0    0     0   268 2414 1971  2  2 96  0  0  0
 0  0   2328 1371544 402144 20416992    0    0     0    80 2053 1659  2  2 96  0  0  0
 0  0   2328 1369780 402144 20417024    0    0     0   136 2203 1927  2  2 96  0  0  0
 0  0   2328 1368520 402144 20417044    0    0     0   240 2821 2088  2  3 95  0  0  0
 0  0   2328 1368520 402144 20417076    0    0     0   268 2477 2075  2  2 96  0  0  0
 0  0   2328 1370184 402144 20417096    0    0     0   120 3203 2792  3  3 94  0  0  0
 0  0   2328 1369960 402144 20417116    0    0     0   132 2688 2272  2  2 96  0  0  0
 0  0   2328 1376256 402144 20417136    0    0     0    80 2401 1974  2  2 96  0  0  0
 0  0   2328 1373488 402144 20417196    0    0     0   260 2527 1956  2  3 95  0  0  0
 0  0   2328 1380044 402144 20417204    0    0     0   200 2121 1721  2  1 97  0  0  0
 0  0   2328 1375268 402144 20417268    0    0     0  1296 4283 3218  4  4 92  0  0  0
 0  0   2328 1386308 402144 20417280    0    0     0    92 2291 1838  2  2 96  0  0  0
 0  0   2328 1377600 402144 20417332    0    0     0   112 4417 5224  3  3 94  0  0  0
 0  0   2328 1375840 402148 20417344    0    0     0   236 2083 1775  1  2 97  0  0  0
procs -----------memory---------- ---swap-- -----io---- -system-- -------cpu-------
 r  b   swpd   free   buff  cache   si   so    bi    bo   in   cs us sy id wa st gu
 6  0   2328 1372396 402148 20417388    0    0     0   104 4256 4299  6  3 91  0  0  0
 0  0   2328 1367120 402148 20417404    0    0     0   256 4324 2933  4  3 92  0  0  0
 0  0   2328 1370652 402148 20417448    0    0     0   188 3834 4076  3  2 95  0  0  0
 0  0   2328 1370400 402148 20417460    0    0     0    80 2561 2195  2  2 96  0  0  0
 0  0   2328 1368636 402152 20417484    0    0     0   260 2357 2012  2  2 97  0  0  0
 1  0   2328 1367656 402152 20417496    0    0     0    80 2281 1931  2  2 97  0  0  0
 1  0   2328 1365640 402152 20417552    0    0     0  1028 3702 2621  5  4 91  0  0  0
 3  0   2328 1362632 402152 20417576    0    0     0    80 3299 3342  2  3 95  0  0  0
 0  0   2328 1359740 402152 20417620    0    0     0   104 2514 1878  3  2 95  0  0  0
 0  0   2328 1365164 402152 20417628    0    0     0   340 2255 1558  2  2 96  0  0  0
 0  0   2328 1364372 402152 20417664    0    0     0    96 2792 2088  3  2 95  0  0  0
 1  0   2328 1366200 402152 20417680    0    0     0  1152 3557 2552  3  2 95  0  0  0
 1  0   2328 1363720 402152 20417716    0    0     0   100 3356 2852  4  4 92  0  0  0
 0  0   2328 1367128 402152 20417728    0    0     0    88 2083 1679  2  2 97  0  0  0
 0  0   2328 1372108 402152 20417760    0    0     0   100 2426 1938  2  2 95  0  0  0
 0  0   2328 1379668 402152 20417772    0    0     0   240 2308 2079  2  2 97  0  0  0
 0  0   2328 1378916 402152 20417812    0    0     0   272 2128 1735  2  2 97  0  0  0
 0  0   2328 1375908 402152 20417860    0    0     0   308 3371 2814  3  3 94  0  0  0
 0  0   2328 1375908 402152 20417928    0    0     0   120 2473 2194  2  2 96  0  0  0
 0  0   2328 1375908 402152 20417944    0    0     0    84 2168 1839  2  2 97  0  0  0
 0  0   2328 1373920 402152 20417976    0    0     0   256 2227 1979  2  2 96  0  0  0
procs -----------memory---------- ---swap-- -----io---- -system-- -------cpu-------
 r  b   swpd   free   buff  cache   si   so    bi    bo   in   cs us sy id wa st gu
 0  0   2328 1376180 402152 20417988    0    0     0   236 2066 1760  2  1 97  0  0  0
 5  0   2328 1373240 402152 20418028    0    0     0  1144 4350 3387  7  4 89  0  0  0
 0  0   2328 1372736 402152 20418044    0    0     0    84 3199 2021  3  2 95  0  0  0
 0  0   2328 1370496 402152 20418072    0    0     0   108 2232 1804  2  2 96  0  0  0
 0  0   2328 1377300 402152 20418100    0    0     0   300 2332 1949  2  2 96  0  0  0
 0  0   2328 1376068 402152 20418116    0    0     0   132 2587 2254  3  2 95  0  0  0
 0  0   2328 1373456 402152 20418152    0    0     0   464 3559 2786  3  4 93  0  0  0
 0  0   2328 1366248 402152 20418172    0    0     0    96 5026 5555  4  3 94  0  0  0
 0  0   2328 1364488 402152 20418212    0    0     0    92 2232 1869  2  2 96  0  0  0
 3  0   2328 1361384 402152 20418228    0    0     0   248 3409 3703  2  2 96  0  0  0
 0  0   2328 1373768 402152 20418268    0    0     0   184 2961 2457  3  2 95  0  0  0
 1  0   2328 1369936 402152 20418304    0    0     0  1252 4347 4218  3  3 93  0  0  0
 2  0   2328 1374704 402152 20418328    0    0     0    88 3326 2923  3  3 93  0  0  0
 0  0   2328 1373444 402152 20418368    0    0     0   116 2494 2042  2  2 95  0  0  0
 0  0   2328 1372688 402152 20418412    0    0     0   236 2278 1750  2  2 96  0  0  0
 0  0   2328 1370924 402152 20418432    0    0     0   140 2419 1943  2  2 96  0  0  0
 1  0   2328 1368180 402152 20418456    0    0     0   468 2826 2638  2  2 96  0  0  0
 0  0   2328 1375060 402152 20418612    0    0     0   904 4703 4218  4  4 92  0  0  0
 0  0   2328 1373048 402152 20418636    0    0     0    88 2446 2121  2  1 97  0  0  0
 0  0   2328 1373364 402152 20418672    0    0     0   260 2116 1856  2  2 97  0  0  0
 0  0   2328 1373364 402152 20418692    0    0     0   124 2290 1885  2  2 96  0  0  0
procs -----------memory---------- ---swap-- -----io---- -system-- -------cpu-------
 r  b   swpd   free   buff  cache   si   so    bi    bo   in   cs us sy id wa st gu
 0  0   2328 1371656 402152 20418712    0    0     0   272 2470 2070  2  2 95  0  0  0
 1  0   2328 1372844 402152 20418752    0    0     0  1060 3737 2702  4  4 93  0  0  0
 0  0   2328 1371332 402152 20418768    0    0     0   100 3417 2554  6  2 91  0  0  0
 0  0   2328 1378236 402152 20418804    0    0     0   244 2291 1876  2  2 96  0  0  0
 0  0   2328 1375232 402152 20418816    0    0     0   144 2632 1986  2  2 96  1  0  0
 0  0   2328 1373976 402152 20418844    0    0     0   340 2221 1882  2  2 97  0  0  0
 0  0   2328 1372284 402152 20418880    0    0     0   180 3689 2910  4  4 92  0  0  0
 0  0   2328 1371780 402152 20418892    0    0     0    92 2289 1724  2  2 96  0  0  0
 0  0   2328 1370772 402152 20418928    0    0     0   252 2239 1869  2  2 96  0  0  0
 0  0   2328 1372056 402152 20418936    0    0     0   156 2250 1927  2  2 96  0  0  0
 0  0   2328 1371592 402152 20418984    0    0     0   216 2282 1895  2  2 96  0  0  0
 5  0   2328 1372004 402152 20419008    0    0     0   152 2519 2097  2  2 95  0  0  0
 0  0   2328 1369940 402152 20419044    0    0     0  1084 3473 2790  3  4 94  0  0  0
 0  0   2328 1369940 402152 20419064    0    0     0    80 2241 1910  2  1 97  0  0  0
 0  0   2328 1369940 402152 20419092    0    0     0   116 2315 1997  2  2 96  0  0  0
 0  0   2328 1369688 402152 20419112    0    0     0   312 2365 1905  2  2 97  0  0  0
 0  0   2328 1372668 402152 20419136    0    0     0   104 4545 5325  4  3 94  0  0  0
 0  0   2328 1368876 402152 20419164    0    0     0   144 3472 2780  3  4 93  0  0  0
 0  0   2328 1367616 402152 20419196    0    0     0   108 2698 2467  2  2 96  0  0  0
 1  0   2328 1370908 402152 20419212    0    0     0   388 3508 3653  3  2 95  0  0  0
 0  0   2328 1363612 402152 20419248    0    0     0   212 3821 3890  4  3 94  0  0  0
procs -----------memory---------- ---swap-- -----io---- -system-- -------cpu-------
 r  b   swpd   free   buff  cache   si   so    bi    bo   in   cs us sy id wa st gu
 2  0   2328 1371168 402152 20419268    0    0     0   120 2325 1825  2  2 96  0  0  0
 0  0   2328 1367420 402152 20419316    0    0     0  1112 3978 3001  4  4 91  0  0  0
 0  0   2328 1366348 402152 20419332    0    0     0    88 2356 1830  2  2 96  0  0  0
 0  0   2328 1368868 402152 20419364    0    0     0   112 2321 1903  2  2 96  0  0  0
 0  0   2328 1368616 402152 20419376    0    0     0   380 2383 2065  2  2 96  0  0  0
 0  0   2328 1367228 402152 20419408    0    0     0    96 4093 4520  3  3 94  0  0  0
 0  0   2328 1376992 402152 20419444    0    0     0   172 3958 2973  4  4 92  0  0  0
 0  0   2328 1377972 402152 20419476    0    0     0   756 3940 3510  7  3 90  0  0  0
 0  0   2328 1385200 402152 20419504    0    0     0   100 2256 1721  2  2 96  0  0  0
 0  0   2328 1382944 402152 20419540    0    0     0   244 2413 1971  2  2 96  0  0  0
 0  0   2328 1387328 402152 20419564    0    0     0    96 2565 2130  2  2 96  0  0  0
 3  0   2328 1381068 402152 20419600    0    0     0   168 2958 2312  3  3 94  0  0  0
 0  0   2328 1386016 402152 20419636    0    0     0   136 3188 2615  3  3 95  0  0  0
 1  0   2328 1382740 402152 20419664    0    0     0   116 2709 2172  3  3 95  0  0  0
 0  0   2328 1390272 402152 20419692    0    0     0   412 2164 1687  2  2 96  0  0  0
 0  0   2328 1385768 402152 20419716    0    0     0   104 2723 2192  2  3 95  0  0  0
 0  0   2328 1385520 402152 20419724    0    0     0   116 2353 1832  2  2 96  0  0  0
 0  0   2328 1383528 402152 20419772    0    0     0   928 4155 3314  4  4 92  0  0  0
 1  0   2328 1382772 402152 20419784    0    0     0    96 2367 1937  2  2 96  0  0  0
 0  0   2328 1380028 402152 20419812    0    0     0   104 2341 1942  2  2 96  0  0  0
 0  0   2328 1383656 402152 20419824    0    0     0   192 2284 1894  2  2 96  0  0  0
procs -----------memory---------- ---swap-- -----io---- -system-- -------cpu-------
 r  b   swpd   free   buff  cache   si   so    bi    bo   in   cs us sy id wa st gu
 0  0   2328 1382912 402152 20419848    0    0     0   108 2572 2071  2  2 96  0  0  0
 0  0   2328 1376152 402152 20419888    0    0     0  1104 3775 2841  4  4 93  0  0  0
 0  0   2328 1372120 402152 20419908    0    0     0   116 3000 2877  3  2 94  0  0  0
 0  0   2328 1377748 402152 20419940    0    0     0    88 2267 1862  2  2 96  0  0  0
 0  0   2328 1374216 402152 20419952    0    0     0   328 4870 5177  4  3 92  0  0  0
 0  0   2328 1371980 402152 20419988    0    0     0    92 2478 1900  2  2 96  0  0  0
 0  0   2328 1366636 402152 20420020    0    0     0   148 3893 3346  4  4 92  0  0  0
 0  0   2328 1365000 402152 20420052    0    0     0  1376 3818 3831  3  2 94  0  0  0
 0  0   2328 1365000 402152 20420080    0    0     0   104 3565 3730  3  2 95  0  0  0
 0  0   2328 1365000 402152 20420112    0    0     0   224 2262 1917  2  2 96  0  0  0
 0  0   2328 1364524 402152 20420136    0    0     0   100 2724 2269  3  2 95  0  0  0
 2  0   2328 1362320 402152 20420164    0    0     0   152 2932 2328  3  3 94  0  0  0
 0  0   2328 1359736 402152 20420200    0    0     0   432 3219 2521  7  2 91  0  0  0
 0  0   2328 1367296 402152 20420224    0    0     0   120 2404 1969  2  2 96  0  0  0
 0  0   2328 1357764 402152 20420248    0    0     0   392 3909 4109  3  3 95  0  0  0
 0  0   2328 1363596 402152 20420288    0    0     0    92 2377 1989  2  2 96  0  0  0
 0  0   2328 1374636 402152 20420300    0    0     0    96 2332 1869  3  2 95  0  0  0
 0  0   2328 1370172 402152 20420464    0    0     0   928 3723 2951  4  4 92  0  0  0
 0  0   2328 1370172 402152 20420476    0    0     0   240 2539 2077  2  2 96  0  0  0
 0  0   2328 1368408 402152 20420516    0    0     0   212 3170 2515  2  2 96  0  0  0
 0  0   2328 1367428 402152 20420536    0    0     0   108 2587 2064  2  2 96  0  0  0
procs -----------memory---------- ---swap-- -----io---- -system-- -------cpu-------
 r  b   swpd   free   buff  cache   si   so    bi    bo   in   cs us sy id wa st gu
 1  0   2328 1367428 402152 20420580    0    0     0    80 2279 1916  2  2 96  0  0  0
 2  0   2328 1369612 402152 20420608    0    0     0  1156 4196 3277  4  5 91  0  0  0
 0  0   2328 1382560 402152 20420648    0    0     0   284 2523 1968  2  2 96  0  0  0
 0  0   2328 1379040 402152 20420660    0    0     0   364 2517 2139  2  2 96  0  0  0
 0  0   2328 1378872 402152 20420696    0    0     0    88 2404 1856  2  2 96  0  0  0
 0  0   2328 1379368 402152 20420716    0    0     0   104 2968 2511  3  2 95  0  0  0
 1  0   2328 1378568 402152 20420760    0    0     0   208 3783 3012  4  4 93  0  0  0
 0  0   2328 1374908 402152 20420780    0    0     0   924 3163 2424  3  3 94  0  0  0
 0  0   2328 1379900 402152 20420812    0    0     0   224 2474 1902  2  2 96  0  0  0
 0  0   2328 1374760 402152 20420836    0    0     0   124 3112 2667  4  3 93  0  0  0
 0  0   2328 1378096 402152 20420864    0    0     0    80 2514 1974  2  2 96  0  0  0
 3  0   2328 1372032 402152 20420888    0    0     0   260 3670 3100  4  4 92  0  0  0
 0  0   2328 1389348 402152 20420936    0    0     0   236 3065 2481  3  2 95  0  0  0
 3  0   2328 1373376 402152 20420956    0    0     0   372 4612 4985  4  3 92  0  0  0
 0  0   2328 1376108 402152 20420980    0    0     0    92 2362 1820  2  2 96  0  0  0
 0  0   2328 1373844 402152 20421016    0    0     0   104 2902 2436  6  2 92  0  0  0
 0  0   2328 1380128 402152 20421032    0    0     0   904 3757 3603  3  3 94  0  0  0
 0  0   2328 1365808 402152 20421072    0    0     0   308 6697 8163  5  4 90  0  0  0
 0  0   2328 1378808 402152 20421088    0    0     0   212 2918 2221  3  2 95  0  0  0
 0  0   2328 1384188 402152 20421116    0    0     0   100 2633 2246  2  2 96  0  0  0
 6  0   2328 1386048 402152 20421148    0    0     0   120 2421 1963  2  2 96  0  0  0
procs -----------memory---------- ---swap-- -----io---- -system-- -------cpu-------
 r  b   swpd   free   buff  cache   si   so    bi    bo   in   cs us sy id wa st gu
 0  0   2328 1383536 402152 20421184    0    0     0   384 3051 2697  3  3 94  0  0  0
 0  0   2328 1382176 402152 20421228    0    0     0  1360 4159 2987  4  4 92  0  0  0
 0  0   2328 1377400 402152 20421244    0    0     0   112 3736 3890  3  2 95  0  0  0
 0  0   2328 1375636 402152 20421276    0    0     0   420 2468 1986  2  2 95  0  0  0
 0  0   2328 1374656 402152 20421300    0    0     0    96 2472 2128  2  2 96  0  0  0
 0  0   2328 1379440 402152 20421328    0    0     0   268 2336 1867  2  2 96  0  0  0
 2  0   2328 1373372 402152 20421344    0    0     0   560 3389 2851  4  4 92  0  0  0
 0  0   2328 1378168 402152 20421376    0    0     0   696 2442 1875  2  2 96  0  0  0
 1  0   2328 1376908 402152 20421400    0    0     0   108 2460 2076  2  2 95  0  0  0
 0  0   2328 1377872 402152 20421432    0    0     0    80 2332 2042  2  2 97  0  0  0
 0  0   2328 1377540 402152 20421456    0    0     0   668 2447 1902  2  2 96  0  0  0
 1  0   2328 1372644 402152 20421480    0    0     0   296 3214 2569  3  3 94  0  0  0
 0  0   2328 1371636 402152 20421520    0    0     0   104 2466 2187  2  2 96  0  0  0
 0  0   2328 1375488 402152 20421528    0    0     0   340 2601 2068  3  2 95  0  0  0
 0  0   2328 1373496 402152 20421560    0    0     0   104 2539 2122  3  2 95  0  0  0
 0  0   2328 1374548 402152 20421580    0    0     0  1068 2797 2021  2  2 95  0  0  0
 0  0   2328 1373568 402152 20421600    0    0     0   548 2584 1962  6  2 92  0  0  0
 0  0   2328 1369816 402152 20421624    0    0     0   140 3405 2717  4  4 92  0  0  0
 0  0   2328 1368076 402152 20421676    0    0     0   100 2320 1921  2  2 96  0  0  0
 0  0   2328 1366572 402152 20421696    0    0     0   648 2667 2228  3  2 95  0  0  0
 0  0   2328 1372912 402152 20421724    0    0     0   136 2723 2090  3  2 95  0  0  0
procs -----------memory---------- ---swap-- -----io---- -system-- -------cpu-------
 r  b   swpd   free   buff  cache   si   so    bi    bo   in   cs us sy id wa st gu
 0  0   2328 1371932 402152 20421740    0    0     0   276 2145 1721  2  2 96  0  0  0
 0  0   2328 1361532 402152 20421812    0    0     0  1284 5549 6016  5  5 91  0  0  0
 0  0   2328 1360024 402152 20421828    0    0     0    96 2653 2105  2  2 96  0  0  0
 0  0   2328 1359432 402152 20421876    0    0     0   220 2691 2544  3  2 95  0  0  0
 0  0   2328 1359192 402152 20421896    0    0     0   132 3948 4002  3  2 95  0  0  0
 0  0   2328 1364924 402152 20421916    0    0     0   124 4407 4372  4  3 93  0  0  0
 0  0   2328 1370420 402152 20421948    0    0     0   292 3624 2816  3  4 93  0  0  0
 0  0   2328 1366924 402152 20421980    0    0     0   772 2909 2426  3  2 95  0  0  0
 0  0   2328 1365160 402152 20421996    0    0     0   304 2590 2153  2  2 96  0  0  0
 0  0   2328 1364020 402152 20422024    0    0     0   136 2960 2713  3  2 94  0  0  0
 0  0   2328 1372432 402152 20422048    0    0     0   132 2391 1923  2  2 96  0  0  0
 1  0   2328 1360644 402152 20422084    0    0     0   296 4925 4769  4  4 92  0  0  0
 1  0   2328 1362288 402152 20422104    0    0     0    92 2716 2164  3  2 95  0  0  0
 0  0   2328 1362508 402152 20422128    0    0     0   200 3301 3529  3  2 94  0  0  0
 0  0   2328 1365580 402152 20422136    0    0     0   276 2372 1870  2  2 96  0  0  0
 0  0   2328 1364320 402152 20422188    0    0     0   104 2676 2091  3  2 95  0  0  0
 0  0   2328 1362308 402152 20422204    0    0     0   964 2421 1802  2  2 96  0  0  0
 0  0   2328 1359276 402152 20422376    0    0     0   160 3345 2809  3  3 93  0  0  0
 0  0   2328 1359528 402152 20422384    0    0     0   204 2554 2231  2  2 96  0  0  0
 0  0   2328 1366080 402152 20422424    0    0     0   144 2619 1976  6  2 92  0  0  0
 0  0   2328 1365072 402152 20422440    0    0     0   116 2425 2040  2  2 95  0  0  0
procs -----------memory---------- ---swap-- -----io---- -system-- -------cpu-------
 r  b   swpd   free   buff  cache   si   so    bi    bo   in   cs us sy id wa st gu
 0  0   2328 1369032 402152 20422472    0    0     0   268 2653 2228  2  2 96  0  0  0
 0  0   2328 1376264 402152 20422496    0    0     0  1072 4209 3001  4  4 91  0  0  0
 0  0   2328 1374500 402152 20422552    0    0     0   108 2176 1869  2  2 97  0  0  0
 0  0   2328 1372484 402152 20422568    0    0     0   360 2595 2297  2  2 96  0  0  0
 0  0   2328 1372484 402152 20422596    0    0     0   104 2283 2010  2  2 96  0  0  0
 0  0   2328 1383008 402152 20422620    0    0     0   264 2286 1848  2  2 96  0  0  0
 0  0   2328 1378072 402152 20422656    0    0     0   152 3524 2770  4  4 92  0  0  0
 0  0   2328 1379904 402152 20422672    0    0     0   716 2628 2065  2  2 96  0  0  0
 0  0   2328 1377164 402152 20422696    0    0     0   264 2572 2086  3  2 95  0  0  0
 0  0   2328 1376156 402152 20422724    0    0     0   172 2331 1915  2  2 96  0  0  0
 0  0   2328 1366188 402152 20422756    0    0     0   244 4433 5012  3  2 94  0  0  0
 2  0   2328 1369172 402152 20422788    0    0     0   156 3332 2746  3  3 94  0  0  0
 0  0   2328 1364664 402152 20422820    0    0     0    96 2658 2363  3  2 95  0  0  0
 0  0   2328 1371100 402152 20422856    0    0     0   396 4246 3992  4  3 93  0  0  0
 0  0   2328 1368640 402152 20422884    0    0     0   120 3811 3917  3  3 94  0  0  0
 0  0   2328 1386676 402152 20422892    0    0     0   284 2493 1951  2  2 96  0  0  0
 0  0   2328 1380416 402152 20422928    0    0     0   836 2593 2053  2  2 96  0  0  0
 0  0   2328 1378476 402152 20422952    0    0     0   132 3657 2834  4  4 92  0  0  0
 0  0   2328 1378988 402152 20422988    0    0     0   340 3236 3395  3  2 95  0  0  0
 0  0   2328 1385388 402152 20423000    0    0     0    80 2750 2350  2  2 96  0  0  0
 0  0   2328 1377612 402152 20423044    0    0     0   104 3914 3939  3  3 94  0  0  0
procs -----------memory---------- ---swap-- -----io---- -system-- -------cpu-------
 r  b   swpd   free   buff  cache   si   so    bi    bo   in   cs us sy id wa st gu
 0  0   2328 1382960 402152 20423060    0    0     0   232 2505 2065  2  2 96  0  0  0
 0  0   2328 1377740 402152 20423096    0    0     0  1112 3424 2633  3  3 93  0  0  0
 0  0   2328 1376984 402152 20423108    0    0     0   400 2831 2242  2  2 95  0  0  0
 0  0   2328 1375724 402152 20423156    0    0     0    96 2614 2036  6  2 92  0  0  0
 0  0   2328 1381032 402152 20423168    0    0     0    88 2202 1840  2  2 97  0  0  0
 0  0   2328 1376756 402152 20423196    0    0     0   248 2352 1982  2  2 96  0  0  0
 0  0   2328 1379196 402152 20423212    0    0     0   140 3776 2999  3  4 92  0  0  0
 0  0   2328 1376548 402152 20423256    0    0     0   904 2511 1895  2  2 96  0  0  0
 0  0   2328 1379524 402152 20423272    0    0     0   116 2547 2027  2  2 95  0  0  0
 0  0   2328 1375748 402152 20423300    0    0     0   112 2469 2175  2  2 97  0  0  0
 0  0   2328 1377180 402152 20423328    0    0     0   248 2384 2062  2  2 97  0  0  0
 0  0   2328 1368592 402152 20423376    0    0     0   168 3506 2817  4  4 92  0  0  0
 0  0   2328 1368656 402152 20423388    0    0     0   384 2587 2166  2  2 96  0  0  0
 0  0   2328 1368404 402152 20423432    0    0     0   100 2179 1902  2  2 96  0  0  0
 2  0   2328 1368404 402152 20423452    0    0     0    72 2178 1810  2  1 97  0  0  0
 1  0   2328 1367700 402152 20423492    0    0     0   248 2410 1937  2  2 96  0  0  0
 0  0   2328 1373168 402152 20423504    0    0     0   876 3172 2456  2  2 96  0  0  0
 0  0   2328 1364688 402152 20423556    0    0     0   356 3605 2938  4  3 93  0  0  0
 0  0   2328 1374108 402152 20423572    0    0     0    88 2582 1949  2  2 95  0  0  0
 0  0   2328 1369756 402152 20423620    0    0     0    96 4309 4849  3  2 95  0  0  0
 0  0   2328 1369196 402152 20423632    0    0     0    84 2401 1905  2  2 96  0  0  0
procs -----------memory---------- ---swap-- -----io---- -system-- -------cpu-------
 r  b   swpd   free   buff  cache   si   so    bi    bo   in   cs us sy id wa st gu
 1  0   2328 1366960 402152 20423668    0    0     0   104 2633 2324  2  2 96  0  0  0
 0  0   2328 1357776 402152 20423684    0    0     0  1204 5192 4773  5  4 90  0  0  0
 1  0   2328 1360544 402152 20423744    0    0     0   116 3179 3185  2  2 96  0  0  0
 0  0   2328 1356524 402152 20423752    0    0     0    80 2935 2706  2  2 96  0  0  0
 0  0   2328 1356272 402152 20423792    0    0     0   108 2170 1810  2  2 96  0  0  0
 0  0   2328 1355012 402152 20423800    0    0     0    88 2182 1778  2  2 96  0  0  0
 0  0   2328 1356956 402152 20423856    0    0     0   296 3316 2766  3  3 93  0  0  0
 0  0   2328 1362628 402152 20423864    0    0     0   708 2865 2125  3  2 95  0  0  0
 0  0   2328 1360460 402152 20423908    0    0     0   108 3963 4058  3  2 94  0  0  0
 0  0   2328 1358096 402152 20423920    0    0     0    84 2588 1965  6  2 92  0  0  0
 1  0   2328 1356968 402152 20423956    0    0     0   104 2266 2035  2  2 97  0  0  0
 1  0   2328 1352560 402152 20423972    0    0     0   280 3113 2585  3  3 93  0  0  0
 0  0   2328 1353204 402152 20424020    0    0     0    96 2327 1933  2  1 97  0  0  0
 0  0   2328 1355624 402152 20424032    0    0     0    88 2451 2041  2  2 96  0  0  0
 0  0   2328 1354368 402152 20424076    0    0     0   620 2205 1917  2  2 96  0  0  0
 0  0   2328 1352660 402152 20424092    0    0     0    88 2168 1840  2  2 97  0  0  0
 0  0   2328 1361872 402152 20424140    0    0     0  1008 2547 1955  2  2 95  0  0  0
 0  0   2328 1358348 402152 20424156    0    0     0   144 3518 2751  4  3 93  0  0  0
 0  0   2328 1359112 402152 20424184    0    0     0    96 2318 1978  2  2 96  0  0  0
 0  0   2328 1359616 402152 20424208    0    0     0    92 2660 2018  3  2 95  0  0  0
 0  0   2328 1362376 402152 20424228    0    0     0   248 2210 1722  2  2 97  0  0  0
procs -----------memory---------- ---swap-- -----io---- -system-- -------cpu-------
 r  b   swpd   free   buff  cache   si   so    bi    bo   in   cs us sy id wa st gu
 0  0   2328 1361624 402152 20424248    0    0     0   492 2350 1958  2  2 96  0  0  0
 0  0   2328 1359196 402152 20424420    0    0     0  1140 3630 2769  3  4 93  0  0  0
 0  0   2328 1359196 402152 20424432    0    0     0    80 2570 2069  2  2 96  0  0  0
 0  0   2328 1356688 402152 20424472    0    0     0   100 2476 1985  3  2 95  0  0  0
 1  0   2328 1359068 402152 20424480    0    0     0   348 2446 1916  2  2 96  0  0  0
 0  0   2328 1356864 402152 20424512    0    0     0   260 2550 2094  3  2 95  0  0  0
 0  0   2328 1350828 402152 20424544    0    0     0   168 3551 2657  3  4 93  0  0  0
 0  0   2328 1356324 402152 20424576    0    0     0   752 4668 4995  4  3 93  0  0  0
 0  0   2328 1363472 402152 20424600    0    0     0    84 2384 1967  2  2 96  0  0  0
 0  0   2328 1359380 402152 20424620    0    0     0   104 2932 2709  3  2 95  0  0  0
 0  0   2328 1374304 402152 20424652    0    0     0   228 3907 3827  4  3 94  0  0  0
 0  0   2328 1365976 402152 20424688    0    0     0   304 3627 3062  4  3 93  0  0  0
 0  0   2328 1375392 402152 20424732    0    0     0    88 4220 4365  3  3 93  0  0  0
 0  0   2328 1374412 402152 20424764    0    0     0   104 2484 2173  2  2 96  0  0  0
 2  0   2328 1374412 402152 20424796    0    0     0    88 2227 1846  2  2 96  0  0  0
 0  0   2328 1374412 402152 20424820    0    0     0   180 2413 1591  6  2 92  0  0  0
 0  0   2328 1373664 402152 20424836    0    0     0  1000 2565 1946  2  2 96  0  0  0
 0  0   2328 1363372 402152 20424876    0    0     0   156 5072 4943  4  4 91  0  0  0
 0  0   2328 1363120 402152 20424884    0    0     0    92 2691 2217  2  2 96  0  0  0
 1  0   2328 1359340 402152 20424928    0    0     0   104 2820 2338  3  2 94  0  0  0
 0  0   2328 1361280 402152 20424940    0    0     0    84 2478 2009  3  2 95  0  0  0
procs -----------memory---------- ---swap-- -----io---- -system-- -------cpu-------
 r  b   swpd   free   buff  cache   si   so    bi    bo   in   cs us sy id wa st gu
 0  0   2328 1358512 402152 20424976    0    0     0   364 2346 1878  2  2 96  0  0  0
 0  0   2328 1355820 402152 20424988    0    0     0  1036 3725 2804  4  4 92  0  0  0
 0  0   2328 1358540 402152 20425020    0    0     0   108 2358 1946  3  2 95  0  0  0
 0  0   2328 1356024 402152 20425032    0    0     0    80 2440 2212  2  2 96  0  0  0
 0  0   2328 1353756 402152 20425076    0    0     0   108 2333 1953  2  2 96  0  0  0
 0  0   2328 1361092 402152 20425084    0    0     0   204 2135 1743  2  2 97  0  0  0
 0  0   2328 1359848 402152 20425120    0    0     0   168 4230 3443  4  4 92  0  0  0
 0  0   2328 1365508 402152 20425132    0    0     0   768 2919 2322  2  2 95  0  0  0
 0  0   2328 1364500 402152 20425180    0    0     0   104 2295 2024  2  2 96  0  0  0
 0  0   2328 1361728 402152 20425196    0    0     0   100 2230 1796  2  2 96  0  0  0
 0  0   2328 1368088 402152 20425240    0    0     0   332 2755 2149  2  2 95  0  0  0
 0  0   2328 1365284 402152 20425268    0    0     0   148 3167 2409  3  3 93  0  0  0
 0  0   2328 1363584 402152 20425440    0    0     0   104 1962 1310  2  2 97  0  0  0
 0  0   2328 1361568 402152 20425448    0    0     0   628 2240 1564  2  2 96  0  0  0
 0  0   2328 1360084 402152 20425480    0    0     0   144 2248 1541  2  2 95  0  0  0
 0  0   2328 1368472 402152 20425496    0    0     0   216 2068 1378  2  2 96  0  0  0
 0  0   2328 1358376 402152 20425524    0    0     0   868 4422 4699  3  3 94  0  0  0
