## size=1200
PING PRIVATE_IP_022 (PRIVATE_IP_022) 1200(1228) bytes of data.
1208 bytes from PRIVATE_IP_022: icmp_seq=1 ttl=63 time=6.80 ms
1208 bytes from PRIVATE_IP_022: icmp_seq=2 ttl=63 time=21.2 ms
1208 bytes from PRIVATE_IP_022: icmp_seq=3 ttl=63 time=7.73 ms

--- PRIVATE_IP_022 ping statistics ---
3 packets transmitted, 3 received, 0% packet loss, time 2003ms
rtt min/avg/max/mdev = 6.797/11.903/21.189/6.576 ms

## size=1280
PING PRIVATE_IP_022 (PRIVATE_IP_022) 1280(1308) bytes of data.
1288 bytes from PRIVATE_IP_022: icmp_seq=1 ttl=63 time=7.68 ms
1288 bytes from PRIVATE_IP_022: icmp_seq=2 ttl=63 time=7.72 ms
1288 bytes from PRIVATE_IP_022: icmp_seq=3 ttl=63 time=7.87 ms

--- PRIVATE_IP_022 ping statistics ---
3 packets transmitted, 3 received, 0% packet loss, time 2003ms
rtt min/avg/max/mdev = 7.681/7.755/7.870/0.082 ms

## size=1320
PING PRIVATE_IP_022 (PRIVATE_IP_022) 1320(1348) bytes of data.
1328 bytes from PRIVATE_IP_022: icmp_seq=1 ttl=63 time=8.36 ms
1328 bytes from PRIVATE_IP_022: icmp_seq=2 ttl=63 time=8.15 ms
1328 bytes from PRIVATE_IP_022: icmp_seq=3 ttl=63 time=7.72 ms

--- PRIVATE_IP_022 ping statistics ---
3 packets transmitted, 3 received, 0% packet loss, time 2002ms
rtt min/avg/max/mdev = 7.716/8.073/8.357/0.266 ms

## size=1360
PING PRIVATE_IP_022 (PRIVATE_IP_022) 1360(1388) bytes of data.
1368 bytes from PRIVATE_IP_022: icmp_seq=1 ttl=63 time=7.78 ms
1368 bytes from PRIVATE_IP_022: icmp_seq=2 ttl=63 time=7.78 ms
1368 bytes from PRIVATE_IP_022: icmp_seq=3 ttl=63 time=7.72 ms

--- PRIVATE_IP_022 ping statistics ---
3 packets transmitted, 3 received, 0% packet loss, time 2003ms
rtt min/avg/max/mdev = 7.724/7.762/7.783/0.027 ms

## size=1380
PING PRIVATE_IP_022 (PRIVATE_IP_022) 1380(1408) bytes of data.
1388 bytes from PRIVATE_IP_022: icmp_seq=1 ttl=63 time=7.98 ms
1388 bytes from PRIVATE_IP_022: icmp_seq=2 ttl=63 time=12.0 ms
1388 bytes from PRIVATE_IP_022: icmp_seq=3 ttl=63 time=8.22 ms

--- PRIVATE_IP_022 ping statistics ---
3 packets transmitted, 3 received, 0% packet loss, time 2003ms
rtt min/avg/max/mdev = 7.982/9.408/12.019/1.848 ms

## size=1400
PING PRIVATE_IP_022 (PRIVATE_IP_022) 1400(1428) bytes of data.
1408 bytes from PRIVATE_IP_022: icmp_seq=1 ttl=63 time=8.09 ms
1408 bytes from PRIVATE_IP_022: icmp_seq=2 ttl=63 time=7.95 ms
1408 bytes from PRIVATE_IP_022: icmp_seq=3 ttl=63 time=7.80 ms

--- PRIVATE_IP_022 ping statistics ---
3 packets transmitted, 3 received, 0% packet loss, time 2002ms
rtt min/avg/max/mdev = 7.800/7.949/8.093/0.119 ms

## size=1420
PING PRIVATE_IP_022 (PRIVATE_IP_022) 1420(1448) bytes of data.
1428 bytes from PRIVATE_IP_022: icmp_seq=1 ttl=63 time=8.00 ms
1428 bytes from PRIVATE_IP_022: icmp_seq=2 ttl=63 time=8.14 ms
1428 bytes from PRIVATE_IP_022: icmp_seq=3 ttl=63 time=8.38 ms

--- PRIVATE_IP_022 ping statistics ---
3 packets transmitted, 3 received, 0% packet loss, time 2003ms
rtt min/avg/max/mdev = 8.004/8.172/8.375/0.153 ms

## size=1440
PING PRIVATE_IP_022 (PRIVATE_IP_022) 1440(1468) bytes of data.
1448 bytes from PRIVATE_IP_022: icmp_seq=1 ttl=63 time=8.53 ms
1448 bytes from PRIVATE_IP_022: icmp_seq=2 ttl=63 time=9.08 ms
1448 bytes from PRIVATE_IP_022: icmp_seq=3 ttl=63 time=8.59 ms

--- PRIVATE_IP_022 ping statistics ---
3 packets transmitted, 3 received, 0% packet loss, time 2003ms
rtt min/avg/max/mdev = 8.526/8.729/9.078/0.247 ms

## size=1460
PING PRIVATE_IP_022 (PRIVATE_IP_022) 1460(1488) bytes of data.
1468 bytes from PRIVATE_IP_022: icmp_seq=1 ttl=63 time=8.29 ms
1468 bytes from PRIVATE_IP_022: icmp_seq=2 ttl=63 time=9.77 ms
1468 bytes from PRIVATE_IP_022: icmp_seq=3 ttl=63 time=8.20 ms

--- PRIVATE_IP_022 ping statistics ---
3 packets transmitted, 3 received, 0% packet loss, time 2003ms
rtt min/avg/max/mdev = 8.203/8.753/9.766/0.716 ms

## size=1472
PING PRIVATE_IP_022 (PRIVATE_IP_022) 1472(1500) bytes of data.
1480 bytes from PRIVATE_IP_022: icmp_seq=1 ttl=63 time=10.0 ms
1480 bytes from PRIVATE_IP_022: icmp_seq=2 ttl=63 time=15.5 ms
1480 bytes from PRIVATE_IP_022: icmp_seq=3 ttl=63 time=8.79 ms

--- PRIVATE_IP_022 ping statistics ---
3 packets transmitted, 3 received, 0% packet loss, time 2003ms
rtt min/avg/max/mdev = 8.785/11.421/15.463/2.901 ms

