File name:           LOCAL_PATH_REDACTEDl/Res_Bridge/scada_probe_1h/bridge_1h_PRIVATE_IP_022_20260624_230631/pcap/bridge_1h_PRIVATE_IP_022_502_tun0.pcapng
File type:           Wireshark/... - pcapng
File encapsulation:  Raw IP
File timestamp precision:  nanoseconds (9)
Packet size limit:   file hdr: (not set)
Number of packets:   437 k
File size:           44 MB
Data size:           30 MB
Capture duration:    3599,254345531 seconds
First packet time:   2026-06-24 23:06:33,294320612
Last packet time:    2026-06-25 00:06:32,548666143
Data byte rate:      8.524 bytes/s
Data bit rate:       68 kbps
Average packet size: 70,12 bytes
Average packet rate: 121 packets/s
SHA256:              REDACTED_LONG_HEX
SHA1:                7c0b72d311d036e692adb250f7d2ea606043bbe8
Strict time order:   False
Capture hardware:    Intel(R) Xeon(R) Silver 4216 CPU @ 2.10GHz (with SSE4.2)
Capture oper-sys:    Linux 6.8.0-55-generic
Capture application: Dumpcap (Wireshark) 4.2.2 (Git v4.2.2 packaged as 4.2.2-1.1build3)
Number of interfaces in file: 1
Interface #0 info:
                     Name = tun0
                     Encapsulation = Raw IP (7 - rawip)
                     Capture length = 262144
                     Time precision = nanoseconds (9)
                     Time ticks per second = 1000000000
                     Time resolution = 0x09
                     Filter string = host PRIVATE_IP_022 or tcp port 502 or udp port 502 or icmp
                     Operating system = Linux 6.8.0-55-generic
                     Number of stat entries = 1
                     Number of packets = 437518
[exit_code=0]
