#kernel
SctpCurrEstab                   0                  0.0
SctpActiveEstabs                0                  0.0
SctpPassiveEstabs               0                  0.0
SctpAborteds                    0                  0.0
SctpShutdowns                   0                  0.0
SctpOutOfBlues                  0                  0.0
SctpChecksumErrors              0                  0.0
SctpOutCtrlChunks               0                  0.0
SctpOutOrderChunks              0                  0.0
SctpOutUnorderChunks            0                  0.0
SctpInCtrlChunks                0                  0.0
SctpInOrderChunks               0                  0.0
SctpInUnorderChunks             0                  0.0
SctpFragUsrMsgs                 0                  0.0
SctpReasmUsrMsgs                0                  0.0
SctpOutSCTPPacks                0                  0.0
SctpInSCTPPacks                 0                  0.0
SctpT1InitExpireds              0                  0.0
SctpT1CookieExpireds            0                  0.0
SctpT2ShutdownExpireds          0                  0.0
SctpT3RtxExpireds               0                  0.0
SctpT4RtoExpireds               0                  0.0
SctpT5ShutdownGuardExpireds     0                  0.0
SctpDelaySackExpireds           0                  0.0
SctpAutocloseExpireds           0                  0.0
SctpT3Retransmits               0                  0.0
SctpPmtudRetransmits            0                  0.0
SctpFastRetransmits             0                  0.0
SctpInPktSoftirq                0                  0.0
SctpInPktBacklog                0                  0.0
SctpInPktDiscards               0                  0.0
SctpInDataChunkDiscards         0                  0.0
IpInReceives                    2291699344         0.0
IpInHdrErrors                   0                  0.0
IpInAddrErrors                  1441               0.0
IpForwDatagrams                 2016633460         0.0
IpInUnknownProtos               0                  0.0
IpInDiscards                    0                  0.0
IpInDelivers                    274014422          0.0
IpOutRequests                   331977501          0.0
IpOutDiscards                   266                0.0
IpOutNoRoutes                   0                  0.0
IpReasmTimeout                  0                  0.0
IpReasmReqds                    152                0.0
IpReasmOKs                      76                 0.0
IpReasmFails                    0                  0.0
IpFragOKs                       110                0.0
IpFragFails                     0                  0.0
IpFragCreates                   220                0.0
IpOutTransmits                  2348611912         0.0
IcmpInMsgs                      36535              0.0
IcmpInErrors                    8                  0.0
IcmpInCsumErrors                0                  0.0
IcmpInDestUnreachs              2926               0.0
IcmpInTimeExcds                 782                0.0
IcmpInParmProbs                 0                  0.0
IcmpInSrcQuenchs                0                  0.0
IcmpInRedirects                 16                 0.0
IcmpInEchos                     238                0.0
IcmpInEchoReps                  32573              0.0
IcmpInTimestamps                0                  0.0
IcmpInTimestampReps             0                  0.0
IcmpInAddrMasks                 0                  0.0
IcmpInAddrMaskReps              0                  0.0
IcmpOutMsgs                     42517              0.0
IcmpOutErrors                   0                  0.0
IcmpOutRateLimitGlobal          0                  0.0
IcmpOutRateLimitHost            0                  0.0
IcmpOutDestUnreachs             1116               0.0
IcmpOutTimeExcds                0                  0.0
IcmpOutParmProbs                0                  0.0
IcmpOutSrcQuenchs               0                  0.0
IcmpOutRedirects                0                  0.0
IcmpOutEchos                    41163              0.0
IcmpOutEchoReps                 238                0.0
IcmpOutTimestamps               0                  0.0
IcmpOutTimestampReps            0                  0.0
IcmpOutAddrMasks                0                  0.0
IcmpOutAddrMaskReps             0                  0.0
IcmpMsgInType0                  32573              0.0
IcmpMsgInType3                  2926               0.0
IcmpMsgInType5                  16                 0.0
IcmpMsgInType8                  238                0.0
IcmpMsgInType11                 782                0.0
IcmpMsgOutType0                 238                0.0
IcmpMsgOutType3                 1116               0.0
IcmpMsgOutType8                 41163              0.0
TcpActiveOpens                  64441              0.0
TcpPassiveOpens                 2112               0.0
TcpAttemptFails                 1610               0.0
TcpEstabResets                  3277               0.0
TcpInSegs                       93118449           0.0
TcpOutSegs                      79983270           0.0
TcpRetransSegs                  61813              0.0
TcpInErrs                       0                  0.0
TcpOutRsts                      5063               0.0
TcpInCsumErrors                 0                  0.0
UdpInDatagrams                  180432680          0.0
UdpNoPorts                      1048               0.0
UdpInErrors                     0                  0.0
UdpOutDatagrams                 256379447          0.0
UdpRcvbufErrors                 0                  0.0
UdpSndbufErrors                 0                  0.0
UdpInCsumErrors                 0                  0.0
UdpIgnoredMulti                 426642             0.0
UdpMemErrors                    0                  0.0
UdpLiteInDatagrams              0                  0.0
UdpLiteNoPorts                  0                  0.0
UdpLiteInErrors                 0                  0.0
UdpLiteOutDatagrams             0                  0.0
UdpLiteRcvbufErrors             0                  0.0
UdpLiteSndbufErrors             0                  0.0
UdpLiteInCsumErrors             0                  0.0
UdpLiteIgnoredMulti             0                  0.0
UdpLiteMemErrors                0                  0.0
Ip6InReceives                   951                0.0
Ip6InHdrErrors                  0                  0.0
Ip6InTooBigErrors               0                  0.0
Ip6InNoRoutes                   0                  0.0
Ip6InAddrErrors                 0                  0.0
Ip6InUnknownProtos              0                  0.0
Ip6InTruncatedPkts              0                  0.0
Ip6InDiscards                   0                  0.0
Ip6InDelivers                   951                0.0
Ip6OutForwDatagrams             0                  0.0
Ip6OutRequests                  30241              0.0
Ip6OutDiscards                  659                0.0
Ip6OutNoRoutes                  954871             0.0
Ip6ReasmTimeout                 0                  0.0
Ip6ReasmReqds                   0                  0.0
Ip6ReasmOKs                     0                  0.0
Ip6ReasmFails                   0                  0.0
Ip6FragOKs                      0                  0.0
Ip6FragFails                    0                  0.0
Ip6FragCreates                  0                  0.0
Ip6InMcastPkts                  0                  0.0
Ip6OutMcastPkts                 29290              0.0
Ip6InOctets                     589573             0.0
Ip6OutOctets                    2797761            0.0
Ip6InMcastOctets                0                  0.0
Ip6OutMcastOctets               2208188            0.0
Ip6InBcastOctets                0                  0.0
Ip6OutBcastOctets               0                  0.0
Ip6InNoECTPkts                  951                0.0
Ip6InECT1Pkts                   0                  0.0
Ip6InECT0Pkts                   0                  0.0
Ip6InCEPkts                     0                  0.0
Ip6OutTransmits                 30241              0.0
Icmp6InMsgs                     0                  0.0
Icmp6InErrors                   0                  0.0
Icmp6OutMsgs                    28231              0.0
Icmp6OutErrors                  0                  0.0
Icmp6InCsumErrors               0                  0.0
Icmp6OutRateLimitHost           0                  0.0
Icmp6InDestUnreachs             0                  0.0
Icmp6InPktTooBigs               0                  0.0
Icmp6InTimeExcds                0                  0.0
Icmp6InParmProblems             0                  0.0
Icmp6InEchos                    0                  0.0
Icmp6InEchoReplies              0                  0.0
Icmp6InGroupMembQueries         0                  0.0
Icmp6InGroupMembResponses       0                  0.0
Icmp6InGroupMembReductions      0                  0.0
Icmp6InRouterSolicits           0                  0.0
Icmp6InRouterAdvertisements     0                  0.0
Icmp6InNeighborSolicits         0                  0.0
Icmp6InNeighborAdvertisements   0                  0.0
Icmp6InRedirects                0                  0.0
Icmp6InMLDv2Reports             0                  0.0
Icmp6OutDestUnreachs            0                  0.0
Icmp6OutPktTooBigs              0                  0.0
Icmp6OutTimeExcds               0                  0.0
Icmp6OutParmProblems            0                  0.0
Icmp6OutEchos                   0                  0.0
Icmp6OutEchoReplies             0                  0.0
Icmp6OutGroupMembQueries        0                  0.0
Icmp6OutGroupMembResponses      0                  0.0
Icmp6OutGroupMembReductions     0                  0.0
Icmp6OutRouterSolicits          2279               0.0
Icmp6OutRouterAdvertisements    0                  0.0
Icmp6OutNeighborSolicits        5288               0.0
Icmp6OutNeighborAdvertisements  0                  0.0
Icmp6OutRedirects               0                  0.0
Icmp6OutMLDv2Reports            20664              0.0
Icmp6OutType133                 2279               0.0
Icmp6OutType135                 5288               0.0
Icmp6OutType143                 20664              0.0
Udp6InDatagrams                 0                  0.0
Udp6NoPorts                     0                  0.0
Udp6InErrors                    0                  0.0
Udp6OutDatagrams                0                  0.0
Udp6RcvbufErrors                0                  0.0
Udp6SndbufErrors                0                  0.0
Udp6InCsumErrors                0                  0.0
Udp6IgnoredMulti                0                  0.0
Udp6MemErrors                   0                  0.0
UdpLite6InDatagrams             0                  0.0
UdpLite6NoPorts                 0                  0.0
UdpLite6InErrors                0                  0.0
UdpLite6OutDatagrams            0                  0.0
UdpLite6RcvbufErrors            0                  0.0
UdpLite6SndbufErrors            0                  0.0
UdpLite6InCsumErrors            0                  0.0
UdpLite6MemErrors               0                  0.0
TcpExtSyncookiesSent            0                  0.0
TcpExtSyncookiesRecv            0                  0.0
TcpExtSyncookiesFailed          0                  0.0
TcpExtEmbryonicRsts             7                  0.0
TcpExtPruneCalled               2                  0.0
TcpExtRcvPruned                 0                  0.0
TcpExtOfoPruned                 0                  0.0
TcpExtOutOfWindowIcmps          0                  0.0
TcpExtLockDroppedIcmps          0                  0.0
TcpExtArpFilter                 0                  0.0
TcpExtTW                        38564              0.0
TcpExtTWRecycled                0                  0.0
TcpExtTWKilled                  0                  0.0
TcpExtPAWSActive                0                  0.0
TcpExtPAWSEstab                 3                  0.0
TcpExtDelayedACKs               527458             0.0
TcpExtDelayedACKLocked          689                0.0
TcpExtDelayedACKLost            12083              0.0
TcpExtListenOverflows           0                  0.0
TcpExtListenDrops               0                  0.0
TcpExtTCPHPHits                 26667833           0.0
TcpExtTCPPureAcks               2439292            0.0
TcpExtTCPHPAcks                 47501234           0.0
TcpExtTCPRenoRecovery           0                  0.0
TcpExtTCPSackRecovery           507                0.0
TcpExtTCPSACKReneging           0                  0.0
TcpExtTCPSACKReorder            30708              0.0
TcpExtTCPRenoReorder            0                  0.0
TcpExtTCPTSReorder              225                0.0
TcpExtTCPFullUndo               9                  0.0
TcpExtTCPPartialUndo            170                0.0
TcpExtTCPDSACKUndo              99                 0.0
TcpExtTCPLossUndo               606                0.0
TcpExtTCPLostRetransmit         38071              0.0
TcpExtTCPRenoFailures           0                  0.0
TcpExtTCPSackFailures           10                 0.0
TcpExtTCPLossFailures           2                  0.0
TcpExtTCPFastRetrans            549                0.0
TcpExtTCPSlowStartRetrans       440                0.0
TcpExtTCPTimeouts               46849              0.0
TcpExtTCPLossProbes             17015              0.0
TcpExtTCPLossProbeRecovery      9                  0.0
TcpExtTCPRenoRecoveryFail       0                  0.0
TcpExtTCPSackRecoveryFail       2                  0.0
TcpExtTCPRcvCollapsed           0                  0.0
TcpExtTCPBacklogCoalesce        215459             0.0
TcpExtTCPDSACKOldSent           12099              0.0
TcpExtTCPDSACKOfoSent           0                  0.0
TcpExtTCPDSACKRecv              16363              0.0
TcpExtTCPDSACKOfoRecv           1                  0.0
TcpExtTCPAbortOnData            1744               0.0
TcpExtTCPAbortOnClose           220                0.0
TcpExtTCPAbortOnMemory          0                  0.0
TcpExtTCPAbortOnTimeout         1191               0.0
TcpExtTCPAbortOnLinger          0                  0.0
TcpExtTCPAbortFailed            0                  0.0
TcpExtTCPMemoryPressures        0                  0.0
TcpExtTCPMemoryPressuresChrono  0                  0.0
TcpExtTCPSACKDiscard            115                0.0
TcpExtTCPDSACKIgnoredOld        85                 0.0
TcpExtTCPDSACKIgnoredNoUndo     7382               0.0
TcpExtTCPSpuriousRTOs           84                 0.0
TcpExtTCPMD5NotFound            0                  0.0
TcpExtTCPMD5Unexpected          0                  0.0
TcpExtTCPMD5Failure             0                  0.0
TcpExtTCPSackShifted            4003               0.0
TcpExtTCPSackMerged             1089               0.0
TcpExtTCPSackShiftFallback      36727              0.0
TcpExtTCPBacklogDrop            0                  0.0
TcpExtPFMemallocDrop            0                  0.0
TcpExtTCPMinTTLDrop             0                  0.0
TcpExtTCPDeferAcceptDrop        2                  0.0
TcpExtIPReversePathFilter       65                 0.0
TcpExtTCPTimeWaitOverflow       0                  0.0
TcpExtTCPReqQFullDoCookies      0                  0.0
TcpExtTCPReqQFullDrop           0                  0.0
TcpExtTCPRetransFail            0                  0.0
TcpExtTCPRcvCoalesce            2101233            0.0
TcpExtTCPOFOQueue               209200             0.0
TcpExtTCPOFODrop                0                  0.0
TcpExtTCPOFOMerge               0                  0.0
TcpExtTCPChallengeACK           1                  0.0
TcpExtTCPSYNChallenge           0                  0.0
TcpExtTCPFastOpenActive         1                  0.0
TcpExtTCPFastOpenActiveFail     5594               0.0
TcpExtTCPFastOpenPassive        0                  0.0
TcpExtTCPFastOpenPassiveFail    0                  0.0
TcpExtTCPFastOpenListenOverflow 0                  0.0
TcpExtTCPFastOpenCookieReqd     0                  0.0
TcpExtTCPFastOpenBlackhole      0                  0.0
TcpExtTCPSpuriousRtxHostQueues  15                 0.0
TcpExtBusyPollRxPackets         0                  0.0
TcpExtTCPAutoCorking            58172              0.0
TcpExtTCPFromZeroWindowAdv      118                0.0
TcpExtTCPToZeroWindowAdv        119                0.0
TcpExtTCPWantZeroWindowAdv      5797               0.0
TcpExtTCPSynRetrans             34982              0.0
TcpExtTCPOrigDataSent           54799639           0.0
TcpExtTCPHystartTrainDetect     689                0.0
TcpExtTCPHystartTrainCwnd       55649              0.0
TcpExtTCPHystartDelayDetect     99                 0.0
TcpExtTCPHystartDelayCwnd       10231              0.0
TcpExtTCPACKSkippedSynRecv      13                 0.0
TcpExtTCPACKSkippedPAWS         0                  0.0
TcpExtTCPACKSkippedSeq          34                 0.0
TcpExtTCPACKSkippedFinWait2     0                  0.0
TcpExtTCPACKSkippedTimeWait     0                  0.0
TcpExtTCPACKSkippedChallenge    0                  0.0
TcpExtTCPWinProbe               0                  0.0
TcpExtTCPKeepAlive              23679              0.0
TcpExtTCPMTUPFail               0                  0.0
TcpExtTCPMTUPSuccess            0                  0.0
TcpExtTCPDelivered              54868154           0.0
TcpExtTCPDeliveredCE            0                  0.0
TcpExtTCPAckCompressed          180796             0.0
TcpExtTCPZeroWindowDrop         0                  0.0
TcpExtTCPRcvQDrop               0                  0.0
TcpExtTCPWqueueTooBig           0                  0.0
TcpExtTCPFastOpenPassiveAltKey  0                  0.0
TcpExtTcpTimeoutRehash          45629              0.0
TcpExtTcpDuplicateDataRehash    0                  0.0
TcpExtTCPDSACKRecvSegs          16204              0.0
TcpExtTCPDSACKIgnoredDubious    163                0.0
TcpExtTCPMigrateReqSuccess      0                  0.0
TcpExtTCPMigrateReqFailure      0                  0.0
TcpExtTCPPLBRehash              0                  0.0
TcpExtTCPAORequired             0                  0.0
TcpExtTCPAOBad                  0                  0.0
TcpExtTCPAOKeyNotFound          0                  0.0
TcpExtTCPAOGood                 0                  0.0
TcpExtTCPAODroppedIcmps         0                  0.0
IpExtInNoRoutes                 0                  0.0
IpExtInTruncatedPkts            0                  0.0
IpExtInMcastPkts                8                  0.0
IpExtOutMcastPkts               30                 0.0
IpExtInBcastPkts                1438889            0.0
IpExtOutBcastPkts               0                  0.0
IpExtInOctets                   375240814294       0.0
IpExtOutOctets                  316820379842       0.0
IpExtInMcastOctets              288                0.0
IpExtOutMcastOctets             1200               0.0
IpExtInBcastOctets              279147878          0.0
IpExtOutBcastOctets             0                  0.0
IpExtInCsumErrors               0                  0.0
IpExtInNoECTPkts                2325589314         0.0
IpExtInECT1Pkts                 0                  0.0
IpExtInECT0Pkts                 11                 0.0
IpExtInCEPkts                   0                  0.0
IpExtReasmOverlaps              0                  0.0
MPTcpExtMPCapableSYNRX          0                  0.0
MPTcpExtMPCapableSYNTX          0                  0.0
MPTcpExtMPCapableSYNACKRX       0                  0.0
MPTcpExtMPCapableACKRX          0                  0.0
MPTcpExtMPCapableFallbackACK    0                  0.0
MPTcpExtMPCapableFallbackSYNACK 0                  0.0
MPTcpExtMPFallbackTokenInit     0                  0.0
MPTcpExtMPTCPRetrans            0                  0.0
MPTcpExtMPJoinNoTokenFound      0                  0.0
MPTcpExtMPJoinSynRx             0                  0.0
MPTcpExtMPJoinSynBackupRx       0                  0.0
MPTcpExtMPJoinSynAckRx          0                  0.0
MPTcpExtMPJoinSynAckBackupRx    0                  0.0
MPTcpExtMPJoinSynAckHMacFailure 0                  0.0
MPTcpExtMPJoinAckRx             0                  0.0
MPTcpExtMPJoinAckHMacFailure    0                  0.0
MPTcpExtDSSNotMatching          0                  0.0
MPTcpExtInfiniteMapTx           0                  0.0
MPTcpExtInfiniteMapRx           0                  0.0
MPTcpExtDSSNoMatchTCP           0                  0.0
MPTcpExtDataCsumErr             0                  0.0
MPTcpExtOFOQueueTail            0                  0.0
MPTcpExtOFOQueue                0                  0.0
MPTcpExtOFOMerge                0                  0.0
MPTcpExtNoDSSInWindow           0                  0.0
MPTcpExtDuplicateData           0                  0.0
MPTcpExtAddAddr                 0                  0.0
MPTcpExtAddAddrTx               0                  0.0
MPTcpExtAddAddrTxDrop           0                  0.0
MPTcpExtEchoAdd                 0                  0.0
MPTcpExtEchoAddTx               0                  0.0
MPTcpExtEchoAddTxDrop           0                  0.0
MPTcpExtPortAdd                 0                  0.0
MPTcpExtAddAddrDrop             0                  0.0
MPTcpExtMPJoinPortSynRx         0                  0.0
MPTcpExtMPJoinPortSynAckRx      0                  0.0
MPTcpExtMPJoinPortAckRx         0                  0.0
MPTcpExtMismatchPortSynRx       0                  0.0
MPTcpExtMismatchPortAckRx       0                  0.0
MPTcpExtRmAddr                  0                  0.0
MPTcpExtRmAddrDrop              0                  0.0
MPTcpExtRmAddrTx                0                  0.0
MPTcpExtRmAddrTxDrop            0                  0.0
MPTcpExtRmSubflow               0                  0.0
MPTcpExtMPPrioTx                0                  0.0
MPTcpExtMPPrioRx                0                  0.0
MPTcpExtMPFailTx                0                  0.0
MPTcpExtMPFailRx                0                  0.0
MPTcpExtMPFastcloseTx           0                  0.0
MPTcpExtMPFastcloseRx           0                  0.0
MPTcpExtMPRstTx                 0                  0.0
MPTcpExtMPRstRx                 0                  0.0
MPTcpExtRcvPruned               0                  0.0
MPTcpExtSubflowStale            0                  0.0
MPTcpExtSubflowRecover          0                  0.0
MPTcpExtSndWndShared            0                  0.0
MPTcpExtRcvWndShared            0                  0.0
MPTcpExtRcvWndConflictUpdate    0                  0.0
MPTcpExtRcvWndConflict          0                  0.0
MPTcpExtMPCurrEstab             0                  0.0
[exit_code=0]
