## size=1200
PING PRIVATE_IP_022 (PRIVATE_IP_022) 1200(1228) bytes of data.
1208 bytes from PRIVATE_IP_022: icmp_seq=1 ttl=63 time=7.85 ms
1208 bytes from PRIVATE_IP_022: icmp_seq=2 ttl=63 time=7.93 ms
1208 bytes from PRIVATE_IP_022: icmp_seq=3 ttl=63 time=7.47 ms

--- PRIVATE_IP_022 ping statistics ---
3 packets transmitted, 3 received, 0% packet loss, time 2002ms
rtt min/avg/max/mdev = 7.470/7.748/7.926/0.199 ms

## size=1280
PING PRIVATE_IP_022 (PRIVATE_IP_022) 1280(1308) bytes of data.
1288 bytes from PRIVATE_IP_022: icmp_seq=1 ttl=63 time=7.62 ms
1288 bytes from PRIVATE_IP_022: icmp_seq=2 ttl=63 time=8.05 ms
1288 bytes from PRIVATE_IP_022: icmp_seq=3 ttl=63 time=7.78 ms

--- PRIVATE_IP_022 ping statistics ---
3 packets transmitted, 3 received, 0% packet loss, time 2002ms
rtt min/avg/max/mdev = 7.621/7.817/8.054/0.179 ms

## size=1320
PING PRIVATE_IP_022 (PRIVATE_IP_022) 1320(1348) bytes of data.
1328 bytes from PRIVATE_IP_022: icmp_seq=1 ttl=63 time=8.86 ms
1328 bytes from PRIVATE_IP_022: icmp_seq=2 ttl=63 time=9.03 ms
1328 bytes from PRIVATE_IP_022: icmp_seq=3 ttl=63 time=7.77 ms

--- PRIVATE_IP_022 ping statistics ---
3 packets transmitted, 3 received, 0% packet loss, time 2003ms
rtt min/avg/max/mdev = 7.766/8.552/9.026/0.559 ms

## size=1360
PING PRIVATE_IP_022 (PRIVATE_IP_022) 1360(1388) bytes of data.
1368 bytes from PRIVATE_IP_022: icmp_seq=1 ttl=63 time=8.44 ms
1368 bytes from PRIVATE_IP_022: icmp_seq=2 ttl=63 time=9.03 ms
1368 bytes from PRIVATE_IP_022: icmp_seq=3 ttl=63 time=8.76 ms

--- PRIVATE_IP_022 ping statistics ---
3 packets transmitted, 3 received, 0% packet loss, time 2003ms
rtt min/avg/max/mdev = 8.435/8.742/9.029/0.242 ms

## size=1380
PING PRIVATE_IP_022 (PRIVATE_IP_022) 1380(1408) bytes of data.
1388 bytes from PRIVATE_IP_022: icmp_seq=1 ttl=63 time=10.9 ms
1388 bytes from PRIVATE_IP_022: icmp_seq=2 ttl=63 time=9.97 ms
1388 bytes from PRIVATE_IP_022: icmp_seq=3 ttl=63 time=9.16 ms

--- PRIVATE_IP_022 ping statistics ---
3 packets transmitted, 3 received, 0% packet loss, time 2002ms
rtt min/avg/max/mdev = 9.157/10.000/10.879/0.703 ms

## size=1400
PING PRIVATE_IP_022 (PRIVATE_IP_022) 1400(1428) bytes of data.
1408 bytes from PRIVATE_IP_022: icmp_seq=1 ttl=63 time=9.18 ms
1408 bytes from PRIVATE_IP_022: icmp_seq=2 ttl=63 time=11.9 ms
1408 bytes from PRIVATE_IP_022: icmp_seq=3 ttl=63 time=8.62 ms

--- PRIVATE_IP_022 ping statistics ---
3 packets transmitted, 3 received, 0% packet loss, time 2003ms
rtt min/avg/max/mdev = 8.616/9.899/11.899/1.432 ms

## size=1420
PING PRIVATE_IP_022 (PRIVATE_IP_022) 1420(1448) bytes of data.
1428 bytes from PRIVATE_IP_022: icmp_seq=1 ttl=63 time=8.60 ms
1428 bytes from PRIVATE_IP_022: icmp_seq=2 ttl=63 time=8.90 ms
1428 bytes from PRIVATE_IP_022: icmp_seq=3 ttl=63 time=8.55 ms

--- PRIVATE_IP_022 ping statistics ---
3 packets transmitted, 3 received, 0% packet loss, time 2003ms
rtt min/avg/max/mdev = 8.554/8.682/8.897/0.152 ms

## size=1440
PING PRIVATE_IP_022 (PRIVATE_IP_022) 1440(1468) bytes of data.
1448 bytes from PRIVATE_IP_022: icmp_seq=1 ttl=63 time=9.91 ms
1448 bytes from PRIVATE_IP_022: icmp_seq=2 ttl=63 time=9.50 ms
1448 bytes from PRIVATE_IP_022: icmp_seq=3 ttl=63 time=9.89 ms

--- PRIVATE_IP_022 ping statistics ---
3 packets transmitted, 3 received, 0% packet loss, time 2003ms
rtt min/avg/max/mdev = 9.500/9.764/9.907/0.186 ms

## size=1460
PING PRIVATE_IP_022 (PRIVATE_IP_022) 1460(1488) bytes of data.
1468 bytes from PRIVATE_IP_022: icmp_seq=1 ttl=63 time=9.46 ms
1468 bytes from PRIVATE_IP_022: icmp_seq=2 ttl=63 time=9.82 ms
1468 bytes from PRIVATE_IP_022: icmp_seq=3 ttl=63 time=9.65 ms

--- PRIVATE_IP_022 ping statistics ---
3 packets transmitted, 3 received, 0% packet loss, time 2003ms
rtt min/avg/max/mdev = 9.461/9.642/9.816/0.145 ms

## size=1472
PING PRIVATE_IP_022 (PRIVATE_IP_022) 1472(1500) bytes of data.
1480 bytes from PRIVATE_IP_022: icmp_seq=1 ttl=63 time=9.51 ms
1480 bytes from PRIVATE_IP_022: icmp_seq=2 ttl=63 time=10.4 ms
1480 bytes from PRIVATE_IP_022: icmp_seq=3 ttl=63 time=9.20 ms

--- PRIVATE_IP_022 ping statistics ---
3 packets transmitted, 3 received, 0% packet loss, time 2003ms
rtt min/avg/max/mdev = 9.204/9.701/10.390/0.502 ms

