File name:           LOCAL_PATH_REDACTEDl/Res_Bridge/scada_probe_sh/bridge_PRIVATE_IP_021_20260616_172248/pcap/bridge_PRIVATE_IP_021_502_tun0.pcapng
File type:           Wireshark/... - pcapng
File encapsulation:  Raw IP
File timestamp precision:  nanoseconds (9)
Packet size limit:   file hdr: (not set)
Number of packets:   35 k
File size:           3.675 kB
Data size:           2.537 kB
Capture duration:    299,435115829 seconds
First packet time:   2026-06-16 17:22:49,665951644
Last packet time:    2026-06-16 17:27:49,101067473
Data byte rate:      8.473 bytes/s
Data bit rate:       67 kbps
Average packet size: 72,17 bytes
Average packet rate: 117 packets/s
SHA256:              REDACTED_LONG_HEX
SHA1:                20bc3a2ebaac5a7e4fde32e986fc4c9d9e390f6b
Strict time order:   False
Capture hardware:    Intel(R) Xeon(R) Silver 4216 CPU @ 2.10GHz (with SSE4.2)
Capture oper-sys:    Linux 6.8.0-55-generic
Capture application: Dumpcap (Wireshark) 4.2.2 (Git v4.2.2 packaged as 4.2.2-1.1build3)
Number of interfaces in file: 1
Interface #0 info:
                     Name = tun0
                     Encapsulation = Raw IP (7 - rawip)
                     Capture length = 262144
                     Time precision = nanoseconds (9)
                     Time ticks per second = 1000000000
                     Time resolution = 0x09
                     Filter string = host PRIVATE_IP_021 or tcp port 502 or udp port 502 or icmp
                     Operating system = Linux 6.8.0-55-generic
                     Number of stat entries = 1
                     Number of packets = 35154
[exit_code=0]
