Linux 6.8.0-55-generic (ubuntu) 	16/06/26 	_x86_64_	(8 CPU)

17:22:49        CPU      %usr     %nice      %sys   %iowait    %steal      %irq     %soft    %guest    %gnice     %idle
17:22:50        all      8,17      0,00      6,66      0,25      0,00      0,00      0,50      0,00      0,00     84,42
17:22:51        all      5,46      0,00      2,29      0,00      0,00      0,00      0,13      0,00      0,00     92,12
17:22:52        all      5,16      0,00      2,64      0,00      0,00      0,00      0,38      0,00      0,00     91,82
17:22:53        all      4,65      0,00      2,14      0,13      0,00      0,00      0,63      0,00      0,00     92,45
17:22:54        all      5,16      0,00      2,64      0,25      0,00      0,00      0,25      0,00      0,00     91,69
17:22:55        all     10,37      0,00      3,54      0,13      0,00      0,00      0,25      0,00      0,00     85,71
17:22:56        all      4,68      0,00      2,02      0,00      0,00      0,00      0,25      0,00      0,00     93,05
17:22:57        all      4,44      0,00      1,90      0,25      0,00      0,00      0,25      0,00      0,00     93,16
17:22:58        all      4,76      0,00      1,88      0,00      0,00      0,00      0,50      0,00      0,00     92,86
17:22:59        all      4,31      0,00      2,16      0,25      0,00      0,00      0,38      0,00      0,00     92,89
17:23:00        all      4,65      0,00      2,39      0,00      0,00      0,00      0,38      0,00      0,00     92,59
17:23:01        all      7,38      0,00      4,07      0,13      0,00      0,00      0,38      0,00      0,00     88,04
17:23:02        all      7,47      0,00      3,80      0,00      0,00      0,00      0,13      0,00      0,00     88,61
17:23:03        all      4,17      0,00      1,90      0,13      0,00      0,00      0,13      0,00      0,00     93,68
17:23:04        all      4,29      0,00      2,02      0,13      0,00      0,00      0,25      0,00      0,00     93,32
17:23:05        all      4,54      0,00      2,27      0,00      0,00      0,00      0,25      0,00      0,00     92,94
17:23:06        all      8,95      0,00      4,16      0,25      0,00      0,00      0,38      0,00      0,00     86,25
17:23:07        all      6,16      0,00      2,39      0,13      0,00      0,00      0,38      0,00      0,00     90,95
17:23:08        all      4,41      0,00      2,02      0,13      0,00      0,00      0,38      0,00      0,00     93,07
17:23:09        all      4,55      0,00      1,77      0,25      0,00      0,00      0,25      0,00      0,00     93,17
17:23:10        all      4,79      0,00      2,52      0,25      0,00      0,00      0,50      0,00      0,00     91,94
17:23:11        all      6,55      0,00      4,28      0,13      0,00      0,00      0,38      0,00      0,00     88,66
17:23:12        all      4,19      0,00      1,52      0,00      0,00      0,00      0,00      0,00      0,00     94,29
17:23:13        all      4,53      0,00      2,14      0,25      0,00      0,00      0,25      0,00      0,00     92,83
17:23:14        all      5,05      0,00      2,90      0,00      0,00      0,00      0,38      0,00      0,00     91,67
17:23:15        all      4,79      0,00      2,02      0,00      0,00      0,00      0,63      0,00      0,00     92,56
17:23:16        all      5,42      0,00      3,40      0,25      0,00      0,00      0,38      0,00      0,00     90,55
17:23:17        all      4,67      0,00      1,64      0,13      0,00      0,00      0,25      0,00      0,00     93,31
17:23:18        all      8,46      0,00      1,89      0,13      0,00      0,00      0,25      0,00      0,00     89,27
17:23:19        all      4,94      0,00      2,66      0,00      0,00      0,00      0,25      0,00      0,00     92,15
17:23:20        all      4,81      0,00      1,90      0,13      0,00      0,00      0,13      0,00      0,00     93,04
17:23:21        all      5,65      0,00      2,63      0,13      0,00      0,00      0,50      0,00      0,00     91,09
17:23:22        all      6,31      0,00      4,29      0,00      0,00      0,00      0,25      0,00      0,00     89,14
17:23:23        all      5,42      0,00      2,40      0,13      0,00      0,00      0,25      0,00      0,00     91,80
17:23:24        all      4,03      0,00      1,26      0,38      0,00      0,00      0,25      0,00      0,00     94,09
17:23:25        all      4,31      0,00      1,90      0,13      0,00      0,00      0,13      0,00      0,00     93,53
17:23:26        all      4,40      0,00      1,63      0,00      0,00      0,00      0,38      0,00      0,00     93,59
17:23:27        all      6,67      0,00      4,65      0,38      0,00      0,00      0,38      0,00      0,00     87,92
17:23:28        all      4,04      0,00      1,89      0,00      0,00      0,00      0,38      0,00      0,00     93,69
17:23:29        all      9,95      0,00      2,90      0,00      0,00      0,00      0,25      0,00      0,00     86,90
17:23:30        all      4,04      0,00      2,02      0,00      0,00      0,00      0,25      0,00      0,00     93,69
17:23:31        all      4,16      0,00      1,76      0,13      0,00      0,00      0,50      0,00      0,00     93,45
17:23:32        all      7,11      0,00      4,31      0,00      0,00      0,00      0,00      0,00      0,00     88,58
17:23:33        all      5,40      0,00      2,39      0,25      0,00      0,00      0,38      0,00      0,00     91,58
17:23:34        all      3,79      0,00      2,28      0,25      0,00      0,00      0,51      0,00      0,00     93,17
17:23:35        all      4,78      0,00      2,14      0,00      0,00      0,00      0,25      0,00      0,00     92,83
17:23:36        all      4,28      0,00      2,02      0,00      0,00      0,00      0,25      0,00      0,00     93,45
17:23:37        all      6,05      0,00      3,15      0,13      0,00      0,00      0,25      0,00      0,00     90,42
17:23:38        all      4,03      0,00      2,52      0,13      0,00      0,00      0,25      0,00      0,00     93,08
17:23:39        all      4,30      0,00      1,77      0,13      0,00      0,00      0,13      0,00      0,00     93,68
17:23:40        all     10,68      0,00      1,76      0,13      0,00      0,00      0,38      0,00      0,00     87,06
17:23:41        all      4,30      0,00      1,77      0,00      0,00      0,00      0,38      0,00      0,00     93,54
17:23:42        all      4,04      0,00      2,02      0,13      0,00      0,00      0,13      0,00      0,00     93,69
17:23:43        all      6,33      0,00      3,67      0,38      0,00      0,00      0,51      0,00      0,00     89,11
17:23:44        all      4,91      0,00      2,64      0,13      0,00      0,00      0,13      0,00      0,00     92,20
17:23:45        all      4,54      0,00      2,02      0,00      0,00      0,00      0,25      0,00      0,00     93,19
17:23:46        all      4,18      0,00      1,65      0,13      0,00      0,00      0,13      0,00      0,00     93,92
17:23:47        all      4,13      0,00      2,00      0,13      0,00      0,00      0,63      0,00      0,00     93,12
17:23:48        all      6,68      0,00      3,66      0,25      0,00      0,00      0,38      0,00      0,00     89,03
17:23:49        all      4,92      0,00      2,40      0,13      0,00      0,00      0,25      0,00      0,00     92,31
17:23:50        all      4,68      0,00      1,77      0,00      0,00      0,00      0,13      0,00      0,00     93,42
17:23:51        all      9,58      0,00      2,02      0,00      0,00      0,00      0,38      0,00      0,00     88,02
17:23:52        all      4,67      0,00      2,02      0,13      0,00      0,00      0,25      0,00      0,00     92,94
17:23:53        all      6,42      0,00      4,03      0,25      0,00      0,00      0,38      0,00      0,00     88,92
17:23:54        all      4,80      0,00      2,40      0,13      0,00      0,00      0,25      0,00      0,00     92,41
17:23:55        all      4,53      0,00      2,26      0,25      0,00      0,00      0,50      0,00      0,00     92,45
17:23:56        all      4,56      0,00      1,90      0,13      0,00      0,00      0,51      0,00      0,00     92,91
17:23:57        all      4,54      0,00      1,89      0,00      0,00      0,00      0,13      0,00      0,00     93,44
17:23:58        all      5,55      0,00      3,53      0,13      0,00      0,00      0,50      0,00      0,00     90,29
17:23:59        all      4,27      0,00      2,38      0,13      0,00      0,00      0,38      0,00      0,00     92,85
17:24:00        all      4,68      0,00      1,90      0,13      0,00      0,00      0,25      0,00      0,00     93,05
17:24:01        all      4,27      0,00      2,01      0,13      0,00      0,00      0,25      0,00      0,00     93,34
17:24:02        all      6,84      0,00      3,42      0,00      0,00      0,00      0,38      0,00      0,00     89,35
17:24:03        all      4,55      0,00      2,02      0,00      0,00      0,00      0,25      0,00      0,00     93,18
17:24:04        all      9,54      0,00      3,31      0,13      0,00      0,00      0,13      0,00      0,00     86,90
17:24:05        all      5,00      0,00      2,00      0,25      0,00      0,00      0,25      0,00      0,00     92,50
17:24:06        all      4,40      0,00      1,89      0,25      0,00      0,00      0,63      0,00      0,00     92,83
17:24:07        all      4,57      0,00      2,03      0,00      0,00      0,00      0,13      0,00      0,00     93,27
17:24:08        all      4,79      0,00      2,40      0,13      0,00      0,00      0,38      0,00      0,00     92,31
17:24:09        all      6,04      0,00      4,53      0,00      0,00      0,00      0,50      0,00      0,00     88,93
17:24:10        all      6,19      0,00      3,03      0,25      0,00      0,00      0,25      0,00      0,00     90,27
17:24:11        all      5,06      0,00      2,28      0,00      0,00      0,00      0,38      0,00      0,00     92,29
17:24:12        all      4,96      0,00      2,29      0,00      0,00      0,00      0,13      0,00      0,00     92,63
17:24:13        all      4,65      0,00      1,89      0,13      0,00      0,00      0,25      0,00      0,00     93,08
17:24:14        all      7,86      0,00      5,58      0,13      0,00      0,00      0,51      0,00      0,00     85,93
17:24:15        all      9,94      0,00      3,14      0,00      0,00      0,00      0,13      0,00      0,00     86,79
17:24:16        all      5,81      0,00      3,16      0,25      0,00      0,00      0,25      0,00      0,00     90,53
17:24:17        all      4,82      0,00      2,03      0,00      0,00      0,00      0,38      0,00      0,00     92,78
17:24:18        all      5,02      0,00      2,38      0,25      0,00      0,00      0,38      0,00      0,00     91,97
17:24:19        all      5,83      0,00      3,80      0,00      0,00      0,00      0,25      0,00      0,00     90,11
17:24:20        all      4,55      0,00      1,77      0,13      0,00      0,00      0,25      0,00      0,00     93,30
17:24:21        all      4,29      0,00      1,77      0,13      0,00      0,00      0,25      0,00      0,00     93,57
17:24:22        all      4,53      0,00      2,27      0,13      0,00      0,00      0,25      0,00      0,00     92,82
17:24:23        all      4,57      0,00      1,52      0,00      0,00      0,00      0,13      0,00      0,00     93,78
17:24:24        all      4,40      0,00      2,14      0,25      0,00      0,00      0,50      0,00      0,00     92,71
17:24:25        all      6,10      0,00      3,81      0,13      0,00      0,00      0,13      0,00      0,00     89,83
17:24:26        all      6,66      0,00      1,76      0,13      0,00      0,00      0,38      0,00      0,00     91,08
17:24:27        all      6,31      0,00      1,51      0,00      0,00      0,00      0,38      0,00      0,00     91,80
17:24:28        all      3,91      0,00      1,64      0,00      0,00      0,00      0,13      0,00      0,00     94,32
17:24:29        all      5,04      0,00      2,02      0,13      0,00      0,00      0,13      0,00      0,00     92,69
17:24:30        all      6,32      0,00      4,05      0,13      0,00      0,00      0,25      0,00      0,00     89,25
17:24:31        all      5,04      0,00      1,89      0,25      0,00      0,00      0,50      0,00      0,00     92,31
17:24:32        all      6,80      0,00      3,78      0,13      0,00      0,00      0,25      0,00      0,00     89,04
17:24:33        all      5,30      0,00      2,65      0,00      0,00      0,00      0,50      0,00      0,00     91,55
17:24:34        all      4,16      0,00      1,51      0,13      0,00      0,00      0,50      0,00      0,00     93,70
17:24:35        all      5,95      0,00      3,92      0,13      0,00      0,00      0,25      0,00      0,00     89,75
17:24:36        all      5,17      0,00      1,77      0,00      0,00      0,00      0,38      0,00      0,00     92,69
17:24:37        all      4,79      0,00      2,02      0,13      0,00      0,00      0,50      0,00      0,00     92,57
17:24:38        all      8,72      0,00      2,15      0,00      0,00      0,00      0,25      0,00      0,00     88,87
17:24:39        all      4,14      0,00      1,76      0,50      0,00      0,00      0,50      0,00      0,00     93,10
17:24:40        all      7,25      0,00      3,94      0,00      0,00      0,00      0,13      0,00      0,00     88,68
17:24:41        all      5,16      0,00      2,64      0,13      0,00      0,00      0,38      0,00      0,00     91,70
17:24:42        all      4,92      0,00      2,53      0,00      0,00      0,00      0,25      0,00      0,00     92,30
17:24:43        all      4,66      0,00      2,02      0,13      0,00      0,00      0,25      0,00      0,00     92,95
17:24:44        all      4,95      0,00      2,54      0,13      0,00      0,00      0,13      0,00      0,00     92,26
17:24:45        all      4,55      0,00      2,53      0,00      0,00      0,00      0,25      0,00      0,00     92,68
17:24:46        all      5,46      0,00      3,55      0,13      0,00      0,00      0,38      0,00      0,00     90,48
17:24:47        all      4,76      0,00      2,13      0,13      0,00      0,00      0,38      0,00      0,00     92,61
17:24:48        all      9,64      0,00      2,00      0,00      0,00      0,00      0,50      0,00      0,00     87,86
17:24:49        all      4,06      0,00      1,78      0,25      0,00      0,00      0,13      0,00      0,00     93,78
17:24:50        all      4,55      0,00      1,77      0,00      0,00      0,00      0,25      0,00      0,00     93,43
17:24:51        all      6,46      0,00      3,54      0,51      0,00      0,00      0,25      0,00      0,00     89,24
17:24:52        all      4,65      0,00      2,14      0,25      0,00      0,00      0,25      0,00      0,00     92,70
17:24:53        all      3,53      0,00      1,89      0,00      0,00      0,00      0,38      0,00      0,00     94,21
17:24:54        all      5,57      0,00      2,78      0,00      0,00      0,00      0,13      0,00      0,00     91,52
17:24:55        all      4,53      0,00      2,39      0,13      0,00      0,00      0,50      0,00      0,00     92,44
17:24:56        all      5,69      0,00      3,54      0,00      0,00      0,00      0,25      0,00      0,00     90,52
17:24:57        all      5,04      0,00      2,27      0,00      0,00      0,00      0,25      0,00      0,00     92,44
17:24:58        all      4,66      0,00      2,02      0,13      0,00      0,00      0,50      0,00      0,00     92,70
17:24:59        all      8,56      0,00      2,02      0,13      0,00      0,00      0,13      0,00      0,00     89,17
17:25:00        all      4,40      0,00      1,89      0,13      0,00      0,00      0,25      0,00      0,00     93,33
17:25:01        all      5,54      0,00      3,90      0,25      0,00      0,00      0,25      0,00      0,00     90,05
17:25:02        all      6,24      0,00      2,93      0,00      0,00      0,00      0,38      0,00      0,00     90,45
17:25:03        all      5,92      0,00      2,64      0,13      0,00      0,00      0,25      0,00      0,00     91,06
17:25:04        all      4,41      0,00      1,77      0,00      0,00      0,00      0,38      0,00      0,00     93,44
17:25:05        all      4,04      0,00      2,02      0,13      0,00      0,00      0,25      0,00      0,00     93,57
17:25:06        all      4,04      0,00      1,64      0,13      0,00      0,00      0,38      0,00      0,00     93,82
17:25:07        all      5,93      0,00      3,40      0,13      0,00      0,00      0,38      0,00      0,00     90,16
17:25:08        all      4,17      0,00      2,15      0,00      0,00      0,00      0,13      0,00      0,00     93,55
17:25:09        all      8,83      0,00      2,02      0,13      0,00      0,00      0,25      0,00      0,00     88,78
17:25:10        all      5,32      0,00      2,53      0,00      0,00      0,00      0,00      0,00      0,00     92,14
17:25:11        all      4,40      0,00      2,01      0,25      0,00      0,00      0,50      0,00      0,00     92,83
17:25:12        all      5,42      0,00      3,02      0,00      0,00      0,00      0,38      0,00      0,00     91,18
17:25:13        all      4,42      0,00      1,52      0,00      0,00      0,00      0,25      0,00      0,00     93,81
17:25:14        all      4,42      0,00      2,65      0,13      0,00      0,00      0,25      0,00      0,00     92,55
17:25:15        all      5,16      0,00      2,77      0,25      0,00      0,00      0,38      0,00      0,00     91,45
17:25:16        all      4,04      0,00      1,77      0,13      0,00      0,00      0,25      0,00      0,00     93,81
17:25:17        all      5,44      0,00      3,80      0,00      0,00      0,00      0,13      0,00      0,00     90,63
17:25:18        all      5,28      0,00      2,64      0,25      0,00      0,00      0,50      0,00      0,00     91,33
17:25:19        all      8,70      0,00      1,64      0,00      0,00      0,00      0,13      0,00      0,00     89,53
17:25:20        all      4,92      0,00      2,14      0,25      0,00      0,00      0,38      0,00      0,00     92,31
17:25:21        all      4,16      0,00      1,64      0,00      0,00      0,00      0,25      0,00      0,00     93,95
17:25:22        all      5,30      0,00      3,28      0,00      0,00      0,00      0,25      0,00      0,00     91,17
17:25:23        all      4,80      0,00      1,77      0,00      0,00      0,00      0,51      0,00      0,00     92,93
17:25:24        all      4,94      0,00      2,03      0,13      0,00      0,00      0,00      0,00      0,00     92,91
17:25:25        all      4,17      0,00      2,02      0,13      0,00      0,00      0,38      0,00      0,00     93,31
17:25:26        all      5,57      0,00      2,28      0,13      0,00      0,00      0,38      0,00      0,00     91,65
17:25:27        all      4,18      0,00      1,90      0,25      0,00      0,00      0,25      0,00      0,00     93,42
17:25:28        all      6,05      0,00      3,65      0,00      0,00      0,00      0,38      0,00      0,00     89,92
17:25:29        all      9,07      0,00      2,14      0,00      0,00      0,00      0,38      0,00      0,00     88,41
17:25:30        all      4,45      0,00      2,41      0,00      0,00      0,00      0,13      0,00      0,00     93,01
17:25:31        all      4,40      0,00      1,88      0,25      0,00      0,00      0,38      0,00      0,00     93,09
17:25:32        all      6,73      0,00      3,18      0,00      0,00      0,00      0,25      0,00      0,00     89,83
17:25:33        all      7,09      0,00      4,56      0,13      0,00      0,00      0,13      0,00      0,00     88,10
17:25:34        all      5,30      0,00      2,14      0,25      0,00      0,00      0,25      0,00      0,00     92,06
17:25:35        all      3,91      0,00      1,77      0,00      0,00      0,00      0,38      0,00      0,00     93,95
17:25:36        all      4,67      0,00      1,77      0,13      0,00      0,00      0,38      0,00      0,00     93,06
17:25:37        all      4,30      0,00      1,52      0,00      0,00      0,00      0,25      0,00      0,00     93,92
17:25:38        all      6,04      0,00      3,77      0,38      0,00      0,00      0,25      0,00      0,00     89,56
17:25:39        all      4,67      0,00      1,77      0,00      0,00      0,00      0,25      0,00      0,00     93,32
17:25:40        all     10,09      0,00      2,65      0,25      0,00      0,00      0,25      0,00      0,00     86,76
17:25:41        all      4,04      0,00      1,51      0,00      0,00      0,00      0,25      0,00      0,00     94,20
17:25:42        all      4,53      0,00      2,14      0,13      0,00      0,00      0,38      0,00      0,00     92,83
17:25:43        all      5,80      0,00      3,03      0,00      0,00      0,00      0,38      0,00      0,00     90,79
17:25:44        all      4,67      0,00      2,40      0,13      0,00      0,00      0,13      0,00      0,00     92,69
17:25:45        all      5,46      0,00      2,28      0,00      0,00      0,00      0,38      0,00      0,00     91,88
17:25:46        all      4,51      0,00      2,26      0,13      0,00      0,00      0,38      0,00      0,00     92,73
17:25:47        all      4,31      0,00      2,03      0,13      0,00      0,00      0,13      0,00      0,00     93,40
17:25:48        all      4,28      0,00      2,14      0,00      0,00      0,00      0,25      0,00      0,00     93,33
17:25:49        all      5,31      0,00      2,91      0,00      0,00      0,00      0,13      0,00      0,00     91,66
17:25:50        all      4,53      0,00      2,26      0,13      0,00      0,00      0,25      0,00      0,00     92,83
17:25:51        all      8,10      0,00      1,77      0,13      0,00      0,00      0,38      0,00      0,00     89,62
17:25:52        all      5,17      0,00      2,77      0,00      0,00      0,00      0,50      0,00      0,00     91,55
17:25:53        all      4,64      0,00      2,38      0,25      0,00      0,00      0,38      0,00      0,00     92,35
17:25:54        all      6,19      0,00      3,92      0,00      0,00      0,00      0,51      0,00      0,00     89,38
17:25:55        all      4,30      0,00      1,77      0,13      0,00      0,00      0,25      0,00      0,00     93,55
17:25:56        all      4,91      0,00      2,26      0,00      0,00      0,00      0,25      0,00      0,00     92,58
17:25:57        all      4,18      0,00      1,65      0,25      0,00      0,00      0,25      0,00      0,00     93,67
17:25:58        all      5,04      0,00      2,27      0,13      0,00      0,00      0,25      0,00      0,00     92,31
17:25:59        all      6,19      0,00      3,79      0,00      0,00      0,00      0,25      0,00      0,00     89,77
17:26:00        all      5,16      0,00      2,77      0,13      0,00      0,00      0,63      0,00      0,00     91,31
17:26:01        all      4,42      0,00      1,64      0,13      0,00      0,00      0,00      0,00      0,00     93,81
17:26:02        all     19,70      0,00     15,91      0,00      0,00      0,00      0,38      0,00      0,00     64,02
17:26:03        all     26,63      0,00     29,90      0,13      0,00      0,00      0,63      0,00      0,00     42,71
17:26:04        all     27,07      0,00     31,20      0,13      0,00      0,00      0,38      0,00      0,00     41,23
17:26:05        all     26,88      0,00     28,89      0,13      0,00      0,00      0,25      0,00      0,00     43,84
17:26:06        all     81,12      0,00     15,88      0,00      0,00      0,00      0,25      0,00      0,00      2,75
17:26:07        all     91,61      0,00      8,14      0,00      0,00      0,00      0,13      0,00      0,00      0,13
17:26:08        all     87,12      0,00     12,38      0,00      0,00      0,00      0,25      0,00      0,00      0,25
17:26:09        all     79,00      0,00     19,75      0,00      0,00      0,00      0,12      0,00      0,00      1,12
17:26:10        all     75,13      0,00     19,47      0,00      0,00      0,00      0,13      0,00      0,00      5,28
17:26:11        all     31,35      0,00      8,85      0,00      0,00      0,00      0,13      0,00      0,00     59,67
17:26:12        all     19,75      0,00      5,00      0,25      0,00      0,00      0,38      0,00      0,00     74,62
17:26:13        all     14,32      0,00      4,77      0,13      0,00      0,00      0,25      0,00      0,00     80,53
17:26:14        all     14,50      0,00      4,29      0,00      0,00      0,00      0,13      0,00      0,00     81,08
17:26:15        all     16,56      0,00      7,59      0,13      0,00      0,00      0,25      0,00      0,00     75,47
17:26:16        all     14,48      0,00      4,79      0,13      0,00      0,00      0,38      0,00      0,00     80,23
17:26:17        all      7,17      0,00      2,64      0,25      0,00      0,00      0,13      0,00      0,00     89,81
17:26:18        all      4,80      0,00      2,40      0,00      0,00      0,00      0,25      0,00      0,00     92,54
17:26:19        all      4,53      0,00      2,64      0,13      0,00      0,00      0,50      0,00      0,00     92,20
17:26:20        all      6,35      0,00      3,81      0,13      0,00      0,00      0,25      0,00      0,00     89,47
17:26:21        all      4,52      0,00      2,14      0,13      0,00      0,00      0,38      0,00      0,00     92,84
17:26:22        all      4,65      0,00      2,39      0,13      0,00      0,00      0,25      0,00      0,00     92,58
17:26:23        all      4,17      0,00      2,02      0,51      0,00      0,00      0,13      0,00      0,00     93,17
17:26:24        all      8,95      0,00      1,39      0,13      0,00      0,00      0,38      0,00      0,00     89,16
17:26:25        all      5,19      0,00      3,92      0,00      0,00      0,00      0,00      0,00      0,00     90,89
17:26:26        all      5,31      0,00      2,02      0,00      0,00      0,00      0,76      0,00      0,00     91,91
17:26:27        all      4,04      0,00      1,52      0,13      0,00      0,00      0,13      0,00      0,00     94,19
17:26:28        all      4,18      0,00      1,52      0,13      0,00      0,00      0,25      0,00      0,00     93,92
17:26:29        all      4,27      0,00      1,76      0,13      0,00      0,00      0,25      0,00      0,00     93,60
17:26:30        all      3,79      0,00      1,52      0,13      0,00      0,00      0,25      0,00      0,00     94,31
17:26:31        all      5,56      0,00      3,28      0,00      0,00      0,00      0,51      0,00      0,00     90,66
17:26:32        all      5,03      0,00      2,39      0,00      0,00      0,00      0,25      0,00      0,00     92,33
17:26:33        all      6,46      0,00      3,04      0,25      0,00      0,00      0,38      0,00      0,00     89,86
17:26:34        all      9,45      0,00      2,39      0,13      0,00      0,00      0,38      0,00      0,00     87,66
17:26:35        all      4,77      0,00      1,63      0,13      0,00      0,00      0,13      0,00      0,00     93,35
17:26:36        all      6,98      0,00      4,44      0,00      0,00      0,00      0,25      0,00      0,00     88,32
17:26:37        all      4,29      0,00      1,89      0,13      0,00      0,00      0,25      0,00      0,00     93,44
17:26:38        all      4,67      0,00      2,27      0,00      0,00      0,00      0,38      0,00      0,00     92,69
17:26:39        all      3,91      0,00      1,89      0,00      0,00      0,00      0,13      0,00      0,00     94,07
17:26:40        all      4,79      0,00      1,89      0,25      0,00      0,00      0,13      0,00      0,00     92,95
17:26:41        all      6,81      0,00      3,78      0,13      0,00      0,00      0,50      0,00      0,00     88,78
17:26:42        all      4,28      0,00      2,14      0,13      0,00      0,00      0,25      0,00      0,00     93,20
17:26:43        all      4,28      0,00      1,64      0,13      0,00      0,00      0,25      0,00      0,00     93,70
17:26:44        all      8,94      0,25      1,76      0,00      0,00      0,00      0,25      0,00      0,00     88,79
17:26:45        all      5,06      0,00      2,15      0,13      0,00      0,00      0,13      0,00      0,00     92,53
17:26:46        all      6,42      0,00      4,16      0,00      0,00      0,00      0,63      0,00      0,00     88,79
17:26:47        all      4,17      0,00      1,90      0,00      0,00      0,00      0,13      0,00      0,00     93,81
17:26:48        all      6,07      0,00      2,65      0,13      0,00      0,00      0,25      0,00      0,00     90,90
17:26:49        all      4,52      0,00      1,88      0,13      0,00      0,00      0,38      0,00      0,00     93,09
17:26:50        all      4,55      0,00      1,77      0,13      0,00      0,00      0,00      0,00      0,00     93,55
17:26:51        all      4,28      0,00      1,89      0,25      0,00      0,00      0,38      0,00      0,00     93,20
17:26:52        all      6,33      0,00      4,05      0,00      0,00      0,00      0,25      0,00      0,00     89,37
17:26:53        all      4,30      0,00      2,03      0,00      0,00      0,00      0,25      0,00      0,00     93,42
17:26:54        all      4,65      0,00      2,39      0,13      0,00      0,00      0,50      0,00      0,00     92,33
17:26:55        all      9,19      0,00      1,89      0,13      0,00      0,00      0,13      0,00      0,00     88,66
17:26:56        all      4,94      0,00      2,28      0,13      0,00      0,00      0,51      0,00      0,00     92,15
17:26:57        all      6,42      0,00      3,90      0,13      0,00      0,00      0,25      0,00      0,00     89,31
17:26:58        all      5,92      0,00      2,64      0,00      0,00      0,00      0,63      0,00      0,00     90,81
17:26:59        all      4,53      0,00      2,52      0,25      0,00      0,00      0,13      0,00      0,00     92,57
17:27:00        all      4,44      0,00      1,65      0,00      0,00      0,00      0,38      0,00      0,00     93,53
17:27:01        all      4,17      0,00      1,77      0,00      0,00      0,00      0,13      0,00      0,00     93,93
17:27:02        all      6,04      0,00      3,40      0,25      0,00      0,00      0,13      0,00      0,00     90,19
17:27:03        all      7,49      0,00      3,81      0,00      0,00      0,00      0,38      0,00      0,00     88,32
17:27:04        all      5,16      0,00      2,14      0,13      0,00      0,00      0,25      0,00      0,00     92,32
17:27:05        all      4,28      0,00      1,64      0,13      0,00      0,00      0,25      0,00      0,00     93,70
17:27:06        all      8,73      0,00      1,90      0,00      0,00      0,00      0,25      0,00      0,00     89,11
17:27:07        all      5,78      0,00      3,77      0,13      0,00      0,00      0,38      0,00      0,00     89,95
17:27:08        all      4,80      0,00      2,02      0,13      0,00      0,00      0,38      0,00      0,00     92,68
17:27:09        all      4,29      0,00      1,89      0,13      0,00      0,00      0,13      0,00      0,00     93,56
17:27:10        all      4,29      0,00      1,64      0,00      0,00      0,00      0,38      0,00      0,00     93,69
17:27:11        all      5,93      0,00      2,53      0,13      0,00      0,00      0,25      0,00      0,00     91,16
17:27:12        all      4,42      0,00      1,77      0,00      0,00      0,00      0,25      0,00      0,00     93,56
17:27:13        all      5,67      0,00      3,40      0,13      0,00      0,00      0,38      0,00      0,00     90,42
17:27:14        all      5,07      0,00      2,28      0,00      0,00      0,00      0,13      0,00      0,00     92,52
17:27:15        all      5,02      0,00      2,38      0,13      0,00      0,00      0,63      0,00      0,00     91,84
17:27:16        all      5,06      0,00      2,53      0,25      0,00      0,00      0,13      0,00      0,00     92,03
17:27:17        all      4,18      0,00      1,65      0,00      0,00      0,00      0,38      0,00      0,00     93,80
17:27:18        all     10,97      0,00      3,53      0,00      0,00      0,00      0,38      0,00      0,00     85,12
17:27:19        all      4,30      0,00      1,77      0,25      0,00      0,00      0,25      0,00      0,00     93,43
17:27:20        all      4,79      0,00      2,27      0,13      0,00      0,00      0,25      0,00      0,00     92,57
17:27:21        all      4,28      0,00      1,89      0,13      0,00      0,00      0,38      0,00      0,00     93,32
17:27:22        all      4,80      0,00      1,77      0,25      0,00      0,00      0,00      0,00      0,00     93,18
17:27:23        all      5,45      0,00      3,30      0,00      0,00      0,00      0,38      0,00      0,00     90,87
17:27:24        all      5,32      0,00      3,04      0,00      0,00      0,00      0,25      0,00      0,00     91,39
17:27:25        all      4,28      0,00      2,02      0,00      0,00      0,00      0,25      0,00      0,00     93,45
17:27:26        all      5,70      0,00      2,53      0,13      0,00      0,00      0,38      0,00      0,00     91,25
17:27:27        all      4,41      0,00      1,89      0,13      0,00      0,00      0,38      0,00      0,00     93,19
17:27:28        all      6,41      0,00      3,89      0,13      0,00      0,00      0,25      0,00      0,00     89,32
17:27:29        all      4,56      0,00      2,03      0,00      0,00      0,00      0,13      0,00      0,00     93,28
17:27:30        all      9,09      0,00      2,40      0,25      0,00      0,00      0,51      0,00      0,00     87,75
17:27:31        all      4,56      0,00      1,77      0,00      0,00      0,00      0,25      0,00      0,00     93,42
17:27:32        all      5,40      0,00      2,76      0,25      0,00      0,00      0,63      0,00      0,00     90,97
17:27:33        all      6,88      0,00      3,69      0,00      0,00      0,00      0,00      0,00      0,00     89,43
17:27:34        all      8,08      0,00      5,30      0,13      0,00      0,00      0,38      0,00      0,00     86,11
17:27:35        all      4,06      0,00      1,78      0,13      0,00      0,00      0,25      0,00      0,00     93,78
17:27:36        all      4,92      0,00      2,15      0,13      0,00      0,00      0,25      0,00      0,00     92,55
17:27:37        all      4,64      0,00      2,01      0,00      0,00      0,00      0,25      0,00      0,00     93,10
17:27:38        all      4,41      0,00      2,14      0,13      0,00      0,00      0,25      0,00      0,00     93,06
17:27:39        all      5,73      0,00      3,94      0,00      0,00      0,00      0,13      0,00      0,00     90,20
17:27:40        all      4,42      0,00      1,90      0,13      0,00      0,00      0,38      0,00      0,00     93,17
17:27:41        all     10,20      0,00      2,52      0,00      0,00      0,00      0,50      0,00      0,00     86,78
17:27:42        all      4,90      0,00      1,88      0,13      0,00      0,00      0,25      0,00      0,00     92,84
17:27:43        all      4,52      0,00      2,01      0,13      0,00      0,00      0,38      0,00      0,00     92,97
17:27:44        all      5,70      0,00      3,80      0,00      0,00      0,00      0,25      0,00      0,00     90,24
17:27:45        all      5,70      0,00      2,66      0,13      0,00      0,00      0,13      0,00      0,00     91,39
17:27:46        all      5,06      0,00      2,28      0,00      0,00      0,00      0,25      0,00      0,00     92,41
17:27:47        all      4,41      0,00      1,77      0,00      0,00      0,00      0,50      0,00      0,00     93,32
17:27:48        all      5,14      0,00      2,38      0,38      0,00      0,00      0,25      0,00      0,00     91,85
17:27:49        all      5,70      0,00      3,68      0,13      0,00      0,00      0,51      0,00      0,00     89,99
Average:        all      7,24      0,00      3,08      0,10      0,00      0,00      0,30      0,00      0,00     89,28
