Linux 6.8.0-55-generic (ubuntu) 	16/06/26 	_x86_64_	(8 CPU)

17:22:49      runq-sz  plist-sz   ldavg-1   ldavg-5  ldavg-15   blocked
17:22:50            1       707      2,06      0,97      0,65         0
17:22:51            5       709      2,06      0,97      0,65         0
17:22:52            1       709      2,05      0,99      0,65         0
17:22:53            2       707      2,05      0,99      0,65         0
17:22:54            1       707      2,05      0,99      0,65         0
17:22:55            0       710      2,05      0,99      0,65         0
17:22:56            0       709      2,05      0,99      0,65         0
17:22:57            1       709      2,05      1,00      0,66         0
17:22:58            0       709      2,05      1,00      0,66         0
17:22:59            3       708      2,05      1,00      0,66         0
17:23:00            1       707      2,05      1,00      0,66         0
17:23:01            2       710      2,05      1,00      0,66         0
17:23:02            4       709      1,88      0,99      0,66         0
17:23:03            0       709      1,88      0,99      0,66         0
17:23:04            0       707      1,88      0,99      0,66         0
17:23:05            1       706      1,88      0,99      0,66         0
17:23:06            4       708      1,88      0,99      0,66         0
17:23:07            2       710      1,73      0,97      0,65         0
17:23:08            0       708      1,73      0,97      0,65         0
17:23:09            0       706      1,73      0,97      0,65         0
17:23:10            1       705      1,73      0,97      0,65         0
17:23:11            0       708      1,73      0,97      0,65         0
17:23:12            2       707      1,67      0,97      0,66         0
17:23:13            3       708      1,67      0,97      0,66         0
17:23:14            0       706      1,67      0,97      0,66         0
17:23:15            1       706      1,67      0,97      0,66         1
17:23:16            2       707      1,67      0,97      0,66         0
17:23:17            0       707      1,70      0,99      0,66         0
17:23:18            0       706      1,70      0,99      0,66         0
17:23:19            3       706      1,70      0,99      0,66         0
17:23:20            1       703      1,70      0,99      0,66         0
17:23:21            2       704      1,70      0,99      0,66         0
17:23:22            1       705      1,64      0,99      0,67         0
17:23:23            0       705      1,64      0,99      0,67         0
17:23:24            0       705      1,64      0,99      0,67         0
17:23:25            0       703      1,64      0,99      0,67         0
17:23:26            1       703      1,64      0,99      0,67         0
17:23:27            0       705      1,67      1,01      0,67         0
17:23:28            0       705      1,67      1,01      0,67         0
17:23:29            1       705      1,67      1,01      0,67         0
17:23:30            0       702      1,67      1,01      0,67         0
17:23:31            2       703      1,67      1,01      0,67         0
17:23:32            1       705      1,78      1,04      0,69         0
17:23:33            3       706      1,78      1,04      0,69         0
17:23:34            0       704      1,78      1,04      0,69         0
17:23:35            2       704      1,78      1,04      0,69         0
17:23:36            0       702      1,78      1,04      0,69         0
17:23:37            1       706      1,88      1,07      0,70         0
17:23:38            0       704      1,88      1,07      0,70         0
17:23:39            0       704      1,88      1,07      0,70         0
17:23:40            0       704      1,88      1,07      0,70         0
17:23:41            1       703      1,88      1,07      0,70         0
17:23:42            1       702      1,73      1,05      0,69         0
17:23:43            2       706      1,73      1,05      0,69         0
17:23:44            1       704      1,73      1,05      0,69         1
17:23:45            1       705      1,73      1,05      0,69         0
17:23:46            1       703      1,73      1,05      0,69         0
17:23:47            0       702      1,59      1,04      0,69         0
17:23:48            1       704      1,59      1,04      0,69         0
17:23:49            2       706      1,59      1,04      0,69         0
17:23:50            1       704      1,59      1,04      0,69         0
17:23:51            3       704      1,59      1,04      0,69         0
17:23:52            0       703      1,62      1,05      0,70         0
17:23:53            3       706      1,62      1,05      0,70         0
17:23:54            0       705      1,62      1,05      0,70         0
17:23:55            3       705      1,62      1,05      0,70         0
17:23:56            0       703      1,62      1,05      0,70         0
17:23:57            2       703      1,65      1,07      0,70         0
17:23:58            3       705      1,65      1,07      0,70         0
17:23:59            1       704      1,65      1,07      0,70         0
17:24:00            0       704      1,65      1,07      0,70         0
17:24:01            1       705      1,65      1,07      0,70         0
17:24:02            1       718      1,68      1,08      0,71         0
17:24:03            2       703      1,68      1,08      0,71         0
17:24:04            0       705      1,68      1,08      0,71         0
17:24:05            2       705      1,68      1,08      0,71         0
17:24:06            0       704      1,68      1,08      0,71         0
17:24:07            2       704      1,79      1,12      0,72         0
17:24:08            1       702      1,79      1,12      0,72         0
17:24:09            2       706      1,79      1,12      0,72         0
17:24:10            3       706      1,79      1,12      0,72         0
17:24:11            4       706      1,79      1,12      0,72         0
17:24:12            4       704      1,72      1,11      0,73         0
17:24:13            2       702      1,72      1,11      0,73         0
17:24:14            1       707      1,72      1,11      0,73         0
17:24:15            3       707      1,72      1,11      0,73         0
17:24:16            5       705      1,72      1,11      0,73         0
17:24:17            3       704      1,75      1,13      0,73         0
17:24:18            4       704      1,75      1,13      0,73         0
17:24:19            1       704      1,75      1,13      0,73         0
17:24:20            1       704      1,75      1,13      0,73         0
17:24:21            1       705      1,75      1,13      0,73         0
17:24:22            0       705      1,77      1,14      0,74         0
17:24:23            0       703      1,77      1,14      0,74         1
17:24:24            0       702      1,77      1,14      0,74         0
17:24:25            0       704      1,77      1,14      0,74         0
17:24:26            5       704      1,77      1,14      0,74         0
17:24:27            0       704      1,62      1,12      0,74         0
17:24:28            0       702      1,62      1,12      0,74         0
17:24:29            2       704      1,62      1,12      0,74         0
17:24:30            2       706      1,62      1,12      0,74         0
17:24:31            2       706      1,62      1,12      0,74         0
17:24:32            1       704      1,57      1,12      0,74         0
17:24:33            2       703      1,57      1,12      0,74         1
17:24:34            0       703      1,57      1,12      0,74         0
17:24:35            1       705      1,57      1,12      0,74         0
17:24:36            0       705      1,57      1,12      0,74         0
17:24:37            0       702      1,61      1,14      0,75         0
17:24:38            0       700      1,61      1,14      0,75         0
17:24:39            2       700      1,61      1,14      0,75         0
17:24:40            5       704      1,61      1,14      0,75         0
17:24:41            5       705      1,61      1,14      0,75         0
17:24:42            4       703      1,56      1,13      0,75         0
17:24:43            1       703      1,56      1,13      0,75         0
17:24:44            6       702      1,56      1,13      0,75         0
17:24:45            3       701      1,56      1,13      0,75         0
17:24:46            0       703      1,56      1,13      0,75         0
17:24:47            1       703      1,51      1,13      0,75         0
17:24:48            0       703      1,51      1,13      0,75         0
17:24:49            1       701      1,51      1,13      0,75         0
17:24:50            0       701      1,51      1,13      0,75         0
17:24:51            3       703      1,51      1,13      0,75         0
17:24:52            1       702      1,47      1,13      0,75         0
17:24:53            2       703      1,47      1,13      0,75         0
17:24:54            0       704      1,47      1,13      0,75         0
17:24:55            1       700      1,47      1,13      0,75         0
17:24:56            0       703      1,47      1,13      0,75         0
17:24:57            5       701      1,43      1,13      0,75         0
17:24:58            1       702      1,43      1,13      0,75         0
17:24:59            3       701      1,43      1,13      0,75         0
17:25:00            1       701      1,43      1,13      0,75         1
17:25:01            3       702      1,43      1,13      0,75         0
17:25:02            1       702      1,40      1,12      0,75         0
17:25:03            2       701      1,40      1,12      0,75         0
17:25:04            3       702      1,40      1,12      0,75         0
17:25:05            3       700      1,40      1,12      0,75         1
17:25:06            1       700      1,40      1,12      0,75         0
17:25:07            1       702      1,45      1,14      0,76         1
17:25:08            2       702      1,45      1,14      0,76         0
17:25:09            1       701      1,45      1,14      0,76         0
17:25:10            2       700      1,45      1,14      0,76         1
17:25:11            0       700      1,45      1,14      0,76         0
17:25:12            6       702      1,33      1,12      0,75         0
17:25:13            0       701      1,33      1,12      0,75         0
17:25:14            3       702      1,33      1,12      0,75         0
17:25:15            3       700      1,33      1,12      0,75         0
17:25:16            0       700      1,33      1,12      0,75         0
17:25:17            1       701      1,30      1,12      0,76         0
17:25:18            0       703      1,30      1,12      0,76         0
17:25:19            1       701      1,30      1,12      0,76         0
17:25:20            2       700      1,30      1,12      0,76         1
17:25:21            1       698      1,30      1,12      0,76         0
17:25:22            1       701      1,28      1,12      0,76         0
17:25:23            1       701      1,28      1,12      0,76         0
17:25:24            0       701      1,28      1,12      0,76         0
17:25:25            3       701      1,28      1,12      0,76         0
17:25:26            0       700      1,28      1,12      0,76         0
17:25:27            0       699      1,26      1,11      0,76         0
17:25:28            2       701      1,26      1,11      0,76         0
17:25:29            1       700      1,26      1,11      0,76         0
17:25:30            1       701      1,26      1,11      0,76         0
17:25:31            1       699      1,26      1,11      0,76         0
17:25:32            2       700      1,32      1,13      0,77         0
17:25:33            0       700      1,32      1,13      0,77         0
17:25:34            1       701      1,32      1,13      0,77         0
17:25:35            0       700      1,32      1,13      0,77         1
17:25:36            0       698      1,32      1,13      0,77         0
17:25:37            1       698      1,53      1,18      0,78         0
17:25:38            2       699      1,53      1,18      0,78         0
17:25:39            2       700      1,53      1,18      0,78         0
17:25:40            1       700      1,53      1,18      0,78         1
17:25:41            1       697      1,53      1,18      0,78         0
17:25:42            0       698      1,49      1,17      0,79         0
17:25:43            1       700      1,49      1,17      0,79         0
17:25:44            8       699      1,49      1,17      0,79         1
17:25:45            1       700      1,49      1,17      0,79         1
17:25:46            1       700      1,49      1,17      0,79         0
17:25:47            0       698      1,45      1,17      0,79         0
17:25:48            1       698      1,45      1,17      0,79         0
17:25:49            5       700      1,45      1,17      0,79         0
17:25:50            4       700      1,45      1,17      0,79         0
17:25:51            2       700      1,45      1,17      0,79         0
17:25:52            4       699      1,41      1,17      0,79         0
17:25:53            1       697      1,41      1,17      0,79         0
17:25:54            1       700      1,41      1,17      0,79         0
17:25:55            1       699      1,41      1,17      0,79         1
17:25:56            2       700      1,41      1,17      0,79         0
17:25:57            2       697      1,46      1,18      0,79         0
17:25:58            2       699      1,46      1,18      0,79         0
17:25:59            5       700      1,46      1,18      0,79         0
17:26:00            6       701      1,46      1,18      0,79         1
17:26:01            2       706      1,46      1,18      0,79         0
17:26:02            7       703      2,39      1,38      0,86         0
17:26:03            7       701      2,39      1,38      0,86         0
17:26:04            6       704      2,39      1,38      0,86         0
17:26:05            5       703      2,39      1,38      0,86         0
17:26:06           12       709      2,39      1,38      0,86         0
17:26:07           12       708      3,00      1,52      0,91         0
17:26:08           11       709      3,00      1,52      0,91         1
17:26:09           11       706      3,00      1,52      0,91         1
17:26:10            8       722      3,00      1,52      0,91         0
17:26:11            4       702      3,00      1,52      0,91         1
17:26:12            3       702      2,91      1,53      0,92         1
17:26:13            3       704      2,91      1,53      0,92         0
17:26:14            2       704      2,91      1,53      0,92         0
17:26:15            2       701      2,91      1,53      0,92         0
17:26:16            2       700      2,91      1,53      0,92         0
17:26:17            2       706      2,76      1,52      0,92         0
17:26:18            1       704      2,76      1,52      0,92         0
17:26:19            1       698      2,76      1,52      0,92         0
17:26:20            1       707      2,76      1,52      0,92         0
17:26:21            2       705      2,76      1,52      0,92         0
17:26:22            2       701      2,62      1,51      0,92         0
17:26:23            2       697      2,62      1,51      0,92         1
17:26:24            2       698      2,62      1,51      0,92         0
17:26:25            2       706      2,62      1,51      0,92         0
17:26:26            4       707      2,62      1,51      0,92         0
17:26:27            2       706      2,49      1,50      0,92         0
17:26:28            1       700      2,49      1,50      0,92         0
17:26:29            3       704      2,49      1,50      0,92         0
17:26:30            2       704      2,49      1,50      0,92         0
17:26:31            2       705      2,49      1,50      0,92         0
17:26:32            6       723      2,37      1,49      0,92         0
17:26:33            2       706      2,37      1,49      0,92         0
17:26:34            1       705      2,37      1,49      0,92         0
17:26:35            2       704      2,37      1,49      0,92         0
17:26:36            1       709      2,37      1,49      0,92         0
17:26:37            2       705      2,18      1,47      0,91         0
17:26:38            1       701      2,18      1,47      0,91         0
17:26:39            1       704      2,18      1,47      0,91         0
17:26:40            1       705      2,18      1,47      0,91         0
17:26:41            1       705      2,18      1,47      0,91         0
17:26:42            1       706      2,09      1,46      0,91         0
17:26:43            2       705      2,09      1,46      0,91         0
17:26:44            2       699      2,09      1,46      0,91         0
17:26:45            2       704      2,09      1,46      0,91         0
17:26:46            1       708      2,09      1,46      0,91         0
17:26:47            4       707      1,92      1,44      0,91         0
17:26:48            2       709      1,92      1,44      0,91         0
17:26:49            2       706      1,92      1,44      0,91         0
17:26:50            2       703      1,92      1,44      0,91         0
17:26:51            1       703      1,92      1,44      0,91         0
17:26:52            1       707      1,76      1,41      0,90         0
17:26:53            1       705      1,76      1,41      0,90         0
17:26:54            1       706      1,76      1,41      0,90         0
17:26:55            4       703      1,76      1,41      0,90         0
17:26:56            1       705      1,76      1,41      0,90         0
17:26:57            1       705      1,62      1,39      0,90         0
17:26:58            3       707      1,62      1,39      0,90         0
17:26:59            1       705      1,62      1,39      0,90         0
17:27:00            4       704      1,62      1,39      0,90         0
17:27:01            2       702      1,62      1,39      0,90         0
17:27:02            2       704      1,49      1,37      0,89         0
17:27:03            2       704      1,49      1,37      0,89         0
17:27:04            3       705      1,49      1,37      0,89         0
17:27:05            3       703      1,49      1,37      0,89         0
17:27:06            1       702      1,49      1,37      0,89         0
17:27:07            2       705      1,45      1,36      0,89         0
17:27:08            1       701      1,45      1,36      0,89         0
17:27:09            2       702      1,45      1,36      0,89         0
17:27:10            2       702      1,45      1,36      0,89         0
17:27:11            2       701      1,45      1,36      0,89         0
17:27:12            1       700      1,42      1,35      0,89         0
17:27:13            1       702      1,42      1,35      0,89         0
17:27:14            2       704      1,42      1,35      0,89         0
17:27:15            1       702      1,42      1,35      0,89         0
17:27:16            1       703      1,42      1,35      0,89         0
17:27:17            2       700      1,46      1,36      0,90         0
17:27:18            1       705      1,46      1,36      0,90         0
17:27:19            1       703      1,46      1,36      0,90         0
17:27:20            3       703      1,46      1,36      0,90         0
17:27:21            2       700      1,46      1,36      0,90         0
17:27:22            1       700      1,51      1,37      0,91         0
17:27:23            3       702      1,51      1,37      0,91         0
17:27:24            2       705      1,51      1,37      0,91         0
17:27:25            1       705      1,51      1,37      0,91         0
17:27:26            1       705      1,51      1,37      0,91         0
17:27:27            6       702      1,39      1,35      0,90         0
17:27:28            2       703      1,39      1,35      0,90         0
17:27:29            1       703      1,39      1,35      0,90         0
17:27:30            1       703      1,39      1,35      0,90         0
17:27:31            1       702      1,39      1,35      0,90         0
17:27:32            2       702      1,35      1,35      0,90         0
17:27:33            1       700      1,35      1,35      0,90         0
17:27:34            2       706      1,35      1,35      0,90         0
17:27:35            2       701      1,35      1,35      0,90         0
17:27:36            1       703      1,35      1,35      0,90         0
17:27:37            4       700      1,33      1,34      0,90         0
17:27:38            2       701      1,33      1,34      0,90         0
17:27:39            2       706      1,33      1,34      0,90         0
17:27:40            2       702      1,33      1,34      0,90         0
17:27:41            1       702      1,33      1,34      0,90         0
17:27:42            2       702      1,30      1,33      0,91         0
17:27:43            1       701      1,30      1,33      0,91         0
17:27:44            3       704      1,30      1,33      0,91         0
17:27:45            8       704      1,30      1,33      0,91         0
17:27:46            2       704      1,30      1,33      0,91         0
17:27:47            1       702      1,27      1,33      0,91         0
17:27:48            1       703      1,27      1,33      0,91         0
17:27:49            4       697      1,27      1,33      0,91         0
Average:            2       703      1,72      1,21      0,79         0
